TN:
SF:C:/Users/akmoi/Desktop/VRproject/VRAssemblyApp/Assets/Scripts/ApplicationQuit.cs
FN:8,QuitApplication()
FNDA:1,QuitApplication()
FNF:1
FNH:1
BRF:0
BRH:0
DA:8,1
DA:11,1
DA:16,1
LH:3
LF:3
end_of_record
SF:C:/Users/akmoi/Desktop/VRproject/VRAssemblyApp/Assets/Scripts/AudioManager.cs
FN:7,Instance()
FN:7,Instance(AudioManager)
FN:14,Awake()
FN:40,PlayScrewSound()
FN:51,PlayPopSound()
FN:63,StopSound()
FN:71,SetPitch(System.Single)
FNDA:36,Instance()
FNDA:36,Instance(AudioManager)
FNDA:14,Awake()
FNDA:3,PlayScrewSound()
FNDA:2,PlayPopSound()
FNDA:8,StopSound()
FNDA:7,SetPitch(System.Single)
FNF:7
FNH:7
BRF:0
BRH:0
DA:7,36
DA:14,14
DA:16,14
DA:17,6
DA:18,6
DA:19,6
DA:20,6
DA:22,8
DA:23,8
DA:24,8
DA:28,6
DA:29,6
DA:30,6
DA:31,6
DA:33,6
DA:34,6
DA:35,6
DA:36,6
DA:37,14
DA:40,3
DA:41,3
DA:42,1
DA:43,1
DA:44,1
DA:45,1
DA:46,1
DA:47,1
DA:48,3
DA:51,2
DA:52,2
DA:53,1
DA:54,1
DA:55,1
DA:56,1
DA:57,1
DA:58,1
DA:59,2
DA:63,8
DA:64,8
DA:65,1
DA:66,1
DA:67,1
DA:68,8
DA:71,7
DA:72,7
DA:73,7
DA:74,7
DA:75,7
DA:76,7
LH:49
LF:49
end_of_record
SF:C:/Users/akmoi/Desktop/VRproject/VRAssemblyApp/Assets/Scripts/AutomaticPlacementManager.cs
FN:12,TimeForFirstPlacement()
FN:12,TimeForFirstPlacement(System.Single)
FN:13,InstantiatedComponents()
FN:13,InstantiatedComponents(System.Collections.Generic.Dictionary[String,GameObject])
FN:16,PlaceInitialComponent(System.Collections.Generic.List[ComponentData], System.Collections.Generic.List[Transform], SnapToPosition)
FN:39,PlaceAllComponentsGradually(System.Single, SnapToPosition, System.Collections.Generic.List[ComponentData], System.Collections.Generic.List[Transform], ToolManager)
FN:133,CleanupPreviousClones()
FN:7,AutomaticPlacementManager()
FN:73,PlaceAllComponentsGraduallyCoroutine()
FN:154,SmoothMoveComponent()
FNDA:1,TimeForFirstPlacement()
FNDA:1,TimeForFirstPlacement(System.Single)
FNDA:3,InstantiatedComponents()
FNDA:3,InstantiatedComponents(System.Collections.Generic.Dictionary[String,GameObject])
FNDA:1,PlaceInitialComponent(System.Collections.Generic.List[ComponentData], System.Collections.Generic.List[Transform], SnapToPosition)
FNDA:1,PlaceAllComponentsGradually(System.Single, SnapToPosition, System.Collections.Generic.List[ComponentData], System.Collections.Generic.List[Transform], ToolManager)
FNDA:3,CleanupPreviousClones()
FNDA:21,AutomaticPlacementManager()
FNDA:2,PlaceAllComponentsGraduallyCoroutine()
FNDA:3,SmoothMoveComponent()
FNF:10
FNH:10
BRF:0
BRH:0
DA:7,21
DA:10,21
DA:12,1
DA:13,3
DA:16,1
DA:17,1
DA:18,1
DA:20,1
DA:23,2
DA:24,1
DA:25,1
DA:27,1
DA:29,1
DA:30,1
DA:32,1
DA:33,1
DA:34,1
DA:35,1
DA:36,1
DA:39,1
DA:41,1
DA:44,1
DA:45,1
DA:46,1
DA:49,7
DA:50,2
DA:51,2
DA:52,2
DA:55,2
DA:56,2
DA:57,0
DA:58,0
DA:59,0
DA:62,6
DA:63,0
DA:64,0
DA:65,0
DA:66,2
DA:69,1
DA:70,1
DA:73,2
DA:74,2
DA:75,0
DA:77,2
DA:79,12
DA:80,3
DA:81,7
DA:82,3
DA:83,3
DA:86,3
DA:87,0
DA:88,0
DA:89,0
DA:91,3
DA:92,3
DA:93,3
DA:94,3
DA:96,3
DA:98,3
DA:99,3
DA:101,3
DA:103,3
DA:104,2
DA:105,2
DA:106,2
DA:107,2
DA:108,2
DA:110,1
DA:111,1
DA:112,1
DA:113,1
DA:115,3
DA:116,0
DA:117,0
DA:118,0
DA:119,0
DA:120,3
DA:121,3
DA:122,3
DA:124,2
DA:127,1
DA:129,1
DA:130,1
DA:133,3
DA:135,3
DA:136,0
DA:137,0
DA:138,0
DA:141,13
DA:142,2
DA:143,2
DA:144,2
DA:145,2
DA:146,2
DA:147,2
DA:150,3
DA:151,3
DA:154,3
DA:155,3
DA:156,3
DA:157,3
DA:159,1307
DA:160,1305
DA:162,1305
DA:165,1305
DA:166,1305
DA:169,1305
DA:172,1305
DA:173,1304
DA:176,2
DA:177,2
DA:178,2
LH:95
LF:112
end_of_record
SF:C:/Users/akmoi/Desktop/VRproject/VRAssemblyApp/Assets/Scripts/BaseHammer.cs
FN:13,GetImpactForce()
FN:5,BaseHammer()
FNDA:5,GetImpactForce()
FNDA:17,BaseHammer()
FNF:2
FNH:2
BRF:0
BRH:0
DA:5,17
DA:9,17
DA:10,17
DA:13,5
DA:14,5
DA:15,5
LH:6
LF:6
end_of_record
SF:C:/Users/akmoi/Desktop/VRproject/VRAssemblyApp/Assets/Scripts/BaseScrewDriver.cs
FN:9,SpeedMultiplier()
FN:9,SpeedMultiplier(System.Single)
FN:14,GetRotationSpeed()
FN:6,BaseScrewDriver()
FNDA:1,SpeedMultiplier()
FNDA:1,SpeedMultiplier(System.Single)
FNDA:5,GetRotationSpeed()
FNDA:9,BaseScrewDriver()
FNF:4
FNH:4
BRF:0
BRH:0
DA:6,9
DA:9,1
DA:14,5
DA:15,5
DA:16,5
LH:5
LF:5
end_of_record
SF:C:/Users/akmoi/Desktop/VRproject/VRAssemblyApp/Assets/Scripts/ComponentObject.cs
FN:31,IsReleased()
FN:31,IsReleased(System.Boolean)
FN:34,GetIsPlaced()
FN:39,SetIsPlaced(System.Boolean)
FN:44,GetComponentType()
FN:49,GetGroup()
FN:54,SetGroup(ComponentObject/Group)
FN:58,SetComponentType(ComponentObject/ComponentType)
FN:5,ComponentObject()
FNDA:9,IsReleased()
FNDA:9,IsReleased(System.Boolean)
FNDA:4,GetIsPlaced()
FNDA:2,SetIsPlaced(System.Boolean)
FNDA:14,GetComponentType()
FNDA:12,GetGroup()
FNDA:21,SetGroup(ComponentObject/Group)
FNDA:12,SetComponentType(ComponentObject/ComponentType)
FNDA:90,ComponentObject()
FNF:9
FNH:9
BRF:0
BRH:0
DA:5,90
DA:6,90
DA:26,90
DA:27,90
DA:31,9
DA:34,4
DA:35,4
DA:36,4
DA:39,2
DA:40,2
DA:41,2
DA:44,14
DA:45,14
DA:46,14
DA:49,12
DA:50,12
DA:51,12
DA:54,21
DA:55,21
DA:56,21
DA:58,12
DA:59,12
DA:60,12
LH:23
LF:23
end_of_record
SF:C:/Users/akmoi/Desktop/VRproject/VRAssemblyApp/Assets/Scripts/ComponentPositioner.cs
FN:38,ButtonRightPressed()
FN:38,ButtonRightPressed(System.Boolean)
FN:39,ButtonLeftPressed()
FN:39,ButtonLeftPressed(System.Boolean)
FN:40,Parent()
FN:40,Parent(UnityEngine.GameObject)
FN:41,TableRoll()
FN:41,TableRoll(UnityEngine.GameObject)
FN:42,AudioSource()
FN:42,AudioSource(UnityEngine.AudioSource)
FN:43,StartScrollClip()
FN:43,StartScrollClip(UnityEngine.AudioClip)
FN:44,LoopScrollClip()
FN:44,LoopScrollClip(UnityEngine.AudioClip)
FN:45,ScrollSpeed()
FN:45,ScrollSpeed(System.Single)
FN:46,IsScrolling()
FN:46,IsScrolling(System.Boolean)
FN:49,Start()
FN:68,Update()
FN:98,SpawnComponents()
FN:165,ScrollLeft()
FN:227,ScrollRight()
FN:289,StartScrolling()
FN:303,StopScrolling()
FN:312,StartLoopingSound()
FN:12,ComponentPositioner()
FNDA:6,ButtonRightPressed()
FNDA:6,ButtonRightPressed(System.Boolean)
FNDA:6,ButtonLeftPressed()
FNDA:6,ButtonLeftPressed(System.Boolean)
FNDA:2,Parent()
FNDA:2,Parent(UnityEngine.GameObject)
FNDA:21,TableRoll()
FNDA:21,TableRoll(UnityEngine.GameObject)
FNDA:20,AudioSource()
FNDA:20,AudioSource(UnityEngine.AudioSource)
FNDA:2,StartScrollClip()
FNDA:2,StartScrollClip(UnityEngine.AudioClip)
FNDA:3,LoopScrollClip()
FNDA:3,LoopScrollClip(UnityEngine.AudioClip)
FNDA:2,ScrollSpeed()
FNDA:2,ScrollSpeed(System.Single)
FNDA:7,IsScrolling()
FNDA:7,IsScrolling(System.Boolean)
FNDA:6,Start()
FNDA:6,Update()
FNDA:1,SpawnComponents()
FNDA:1,ScrollLeft()
FNDA:1,ScrollRight()
FNDA:3,StartScrolling()
FNDA:4,StopScrolling()
FNDA:1,StartLoopingSound()
FNDA:7,ComponentPositioner()
FNF:27
FNH:27
BRF:0
BRH:0
DA:12,7
DA:16,7
DA:21,7
DA:31,7
DA:32,7
DA:34,7
DA:35,7
DA:38,6
DA:39,6
DA:40,2
DA:41,21
DA:42,20
DA:43,2
DA:44,3
DA:45,2
DA:46,7
DA:49,6
DA:50,6
DA:51,6
DA:52,6
DA:54,6
DA:56,6
DA:57,5
DA:58,5
DA:59,5
DA:61,6
DA:62,6
DA:63,6
DA:64,6
DA:65,6
DA:68,6
DA:69,6
DA:70,1
DA:71,1
DA:72,1
DA:73,1
DA:74,5
DA:75,1
DA:76,1
DA:77,1
DA:78,1
DA:80,4
DA:81,4
DA:82,4
DA:84,6
DA:85,2
DA:86,2
DA:87,1
DA:88,1
DA:89,1
DA:91,1
DA:92,1
DA:93,1
DA:94,2
DA:95,6
DA:98,1
DA:99,1
DA:100,0
DA:101,0
DA:102,0
DA:105,1
DA:107,1
DA:108,1
DA:109,1
DA:113,1
DA:114,1
DA:115,1
DA:118,6
DA:119,2
DA:120,2
DA:121,2
DA:122,2
DA:123,2
DA:124,2
DA:125,2
DA:126,2
DA:128,2
DA:129,2
DA:130,2
DA:132,2
DA:134,2
DA:135,2
DA:137,2
DA:138,2
DA:139,2
DA:140,2
DA:143,2
DA:144,2
DA:145,2
DA:146,2
DA:148,0
DA:149,0
DA:150,0
DA:151,2
DA:152,2
DA:154,1
DA:156,6
DA:157,2
DA:158,2
DA:159,2
DA:160,1
DA:161,1
DA:162,1
DA:165,1
DA:166,1
DA:167,1
DA:170,3
DA:171,0
DA:172,0
DA:173,0
DA:174,0
DA:177,0
DA:178,0
DA:179,0
DA:180,0
DA:181,0
DA:182,0
DA:183,0
DA:186,1
DA:187,0
DA:188,0
DA:189,0
DA:190,0
DA:192,0
DA:193,0
DA:194,0
DA:195,0
DA:196,0
DA:197,0
DA:198,0
DA:199,0
DA:201,0
DA:202,0
DA:203,0
DA:205,0
DA:206,0
DA:207,0
DA:208,0
DA:209,0
DA:210,0
DA:213,3
DA:214,0
DA:215,0
DA:216,0
DA:217,0
DA:218,0
DA:220,0
DA:221,0
DA:222,0
DA:223,0
DA:224,1
DA:227,1
DA:228,1
DA:229,1
DA:232,3
DA:233,0
DA:234,0
DA:235,0
DA:236,0
DA:239,0
DA:240,0
DA:241,0
DA:242,0
DA:243,0
DA:244,0
DA:245,0
DA:248,1
DA:249,0
DA:250,0
DA:251,0
DA:252,0
DA:254,0
DA:255,0
DA:256,0
DA:257,0
DA:258,0
DA:259,0
DA:260,0
DA:261,0
DA:263,0
DA:264,0
DA:265,0
DA:267,0
DA:268,0
DA:269,0
DA:270,0
DA:271,0
DA:272,0
DA:275,3
DA:276,0
DA:277,0
DA:278,0
DA:279,0
DA:280,0
DA:282,0
DA:283,0
DA:284,0
DA:285,0
DA:286,1
DA:289,3
DA:290,3
DA:291,0
DA:292,0
DA:293,0
DA:296,0
DA:297,0
DA:299,3
DA:300,3
DA:303,4
DA:304,4
DA:305,4
DA:306,4
DA:307,4
DA:308,4
DA:309,4
DA:312,1
DA:313,1
DA:314,1
DA:315,1
DA:316,1
DA:317,1
DA:318,1
LH:129
LF:222
end_of_record
SF:C:/Users/akmoi/Desktop/VRproject/VRAssemblyApp/Assets/Scripts/ConveyerLights.cs
FN:13,BlinkInterval()
FN:13,BlinkInterval(System.Single)
FN:16,OnToggleLightsStarted()
FN:24,OnToggleLightsCanceled()
FN:50,ToggleEmission(UnityEngine.Material, System.Boolean)
FN:63,TurnOffEmission(UnityEngine.Material)
FN:9,ConveyerLights()
FN:35,BlinkMaterials()
FNDA:5,BlinkInterval()
FNDA:5,BlinkInterval(System.Single)
FNDA:2,OnToggleLightsStarted()
FNDA:1,OnToggleLightsCanceled()
FNDA:8,ToggleEmission(UnityEngine.Material, System.Boolean)
FNDA:2,TurnOffEmission(UnityEngine.Material)
FNDA:3,ConveyerLights()
FNDA:2,BlinkMaterials()
FNF:8
FNH:8
BRF:0
BRH:0
DA:9,3
DA:13,5
DA:16,2
DA:17,2
DA:18,2
DA:19,2
DA:20,2
DA:21,2
DA:24,1
DA:25,1
DA:26,1
DA:27,1
DA:28,1
DA:29,1
DA:30,1
DA:31,1
DA:32,1
DA:35,2
DA:36,3
DA:37,3
DA:38,3
DA:39,3
DA:41,2
DA:42,2
DA:44,2
DA:45,1
DA:46,1
DA:50,8
DA:51,8
DA:52,5
DA:53,5
DA:54,5
DA:55,5
DA:57,3
DA:58,3
DA:59,3
DA:60,8
DA:63,2
DA:64,2
DA:65,2
LH:40
LF:40
end_of_record
SF:C:/Users/akmoi/Desktop/VRproject/VRAssemblyApp/Assets/Scripts/DropDownManager.cs
FN:11,Start()
FN:18,LoadModelsIntoDropdown(System.Collections.Generic.List[String])
FN:30,OnDropdownValueChanged(System.Int32)
FNDA:0,Start()
FNDA:1,LoadModelsIntoDropdown(System.Collections.Generic.List[String])
FNDA:1,OnDropdownValueChanged(System.Int32)
FNF:3
FNH:2
BRF:0
BRH:0
DA:11,0
DA:12,0
DA:13,0
DA:14,0
DA:15,0
DA:18,1
DA:19,1
DA:20,9
DA:21,3
DA:22,3
DA:23,3
DA:24,1
DA:26,1
DA:27,1
DA:30,1
DA:31,1
DA:32,0
DA:33,0
DA:34,0
DA:37,1
DA:38,1
DA:39,1
LH:14
LF:22
end_of_record
SF:C:/Users/akmoi/Desktop/VRproject/VRAssemblyApp/Assets/Scripts/EletricScrewDriver.cs
FN:9,AudioSource()
FN:9,AudioSource(UnityEngine.AudioSource)
FN:10,IsPlayingSound()
FN:10,IsPlayingSound(System.Boolean)
FN:13,Start()
FN:24,ProcessInteractable(UnityEngine.XR.Interaction.Toolkit.XRInteractionUpdateOrder/UpdatePhase)
FN:68,RotateScrewDriver()
FN:78,StopScrewDriverSound()
FN:7,ElectricScrewDriver()
FNDA:4,AudioSource()
FNDA:4,AudioSource(UnityEngine.AudioSource)
FNDA:2,IsPlayingSound()
FNDA:2,IsPlayingSound(System.Boolean)
FNDA:6,Start()
FNDA:829,ProcessInteractable(UnityEngine.XR.Interaction.Toolkit.XRInteractionUpdateOrder/UpdatePhase)
FNDA:0,RotateScrewDriver()
FNDA:200,StopScrewDriverSound()
FNDA:8,ElectricScrewDriver()
FNF:9
FNH:8
BRF:0
BRH:0
DA:7,8
DA:9,4
DA:10,2
DA:13,6
DA:14,6
DA:15,6
DA:16,2
DA:17,2
DA:18,2
DA:19,2
DA:20,2
DA:21,6
DA:24,829
DA:25,829
DA:27,829
DA:28,199
DA:29,199
DA:30,0
DA:31,0
DA:33,0
DA:34,0
DA:35,0
DA:38,0
DA:39,0
DA:40,0
DA:41,0
DA:42,0
DA:43,0
DA:44,0
DA:45,0
DA:46,0
DA:48,0
DA:51,0
DA:52,0
DA:53,0
DA:54,0
DA:55,0
DA:56,0
DA:57,0
DA:58,0
DA:59,0
DA:61,199
DA:62,199
DA:63,199
DA:64,199
DA:65,829
DA:68,0
DA:69,0
DA:70,0
DA:71,0
DA:72,0
DA:73,0
DA:74,0
DA:75,0
DA:78,200
DA:79,200
DA:80,1
DA:81,1
DA:82,1
DA:83,1
DA:84,1
DA:85,1
DA:86,200
LH:31
LF:63
end_of_record
SF:C:/Users/akmoi/Desktop/VRproject/VRAssemblyApp/Assets/Scripts/Extensions.cs
FN:8,CopyPropertiesAndFields(System.Object, System.Object)
FNDA:6,CopyPropertiesAndFields(System.Object, System.Object)
FNF:1
FNH:1
BRF:0
BRH:0
DA:8,6
DA:9,6
DA:10,177
DA:11,81
DA:12,81
DA:13,45
DA:15,45
DA:16,45
DA:17,44
DA:18,1
DA:19,1
DA:20,1
DA:21,1
DA:22,45
DA:23,81
DA:25,5
DA:26,31
DA:27,8
DA:29,8
DA:30,8
DA:31,7
DA:32,1
DA:33,1
DA:34,1
DA:35,1
DA:36,8
DA:37,5
LH:27
LF:27
end_of_record
SF:C:/Users/akmoi/Desktop/VRproject/VRAssemblyApp/Assets/Scripts/Fastener.cs
FN:38,IsAligned()
FN:38,IsAligned(System.Boolean)
FN:39,IsStopped()
FN:39,IsStopped(System.Boolean)
FN:40,CanStop()
FN:40,CanStop(System.Boolean)
FN:41,CorrectToolName()
FN:41,CorrectToolName(System.String)
FN:42,Tool()
FN:42,Tool(UnityEngine.GameObject)
FN:43,FastenerRenderer()
FN:43,FastenerRenderer(UnityEngine.Renderer)
FN:46,getTool()
FN:51,Start()
FN:61,FixedUpdate()
FN:75,OnTriggerEnter(UnityEngine.Collider)
FN:95,OnTriggerExit(UnityEngine.Collider)
FN:115,PerformComponentRaycast()
FN:158,AlignWithComponent(UnityEngine.Vector3, UnityEngine.Vector3)
FN:198,SetSocketTransform(UnityEngine.Transform)
FN:205,getSocketTransform()
FN:5,Fastener()
FNDA:89,IsAligned()
FNDA:89,IsAligned(System.Boolean)
FNDA:1,IsStopped()
FNDA:1,IsStopped(System.Boolean)
FNDA:1,CanStop()
FNDA:1,CanStop(System.Boolean)
FNDA:11,CorrectToolName()
FNDA:11,CorrectToolName(System.String)
FNDA:18,Tool()
FNDA:18,Tool(UnityEngine.GameObject)
FNDA:10,FastenerRenderer()
FNDA:10,FastenerRenderer(UnityEngine.Renderer)
FNDA:3,getTool()
FNDA:10,Start()
FNDA:87,FixedUpdate()
FNDA:2,OnTriggerEnter(UnityEngine.Collider)
FNDA:2,OnTriggerExit(UnityEngine.Collider)
FNDA:1,PerformComponentRaycast()
FNDA:1,AlignWithComponent(UnityEngine.Vector3, UnityEngine.Vector3)
FNDA:2,SetSocketTransform(UnityEngine.Transform)
FNDA:2,getSocketTransform()
FNDA:29,Fastener()
FNF:22
FNH:22
BRF:0
BRH:0
DA:5,29
DA:6,29
DA:8,29
DA:9,29
DA:11,29
DA:12,29
DA:13,29
DA:14,29
DA:20,29
DA:21,29
DA:23,29
DA:30,29
DA:35,29
DA:38,89
DA:39,1
DA:40,1
DA:41,11
DA:42,18
DA:43,10
DA:46,3
DA:47,3
DA:48,3
DA:51,10
DA:52,10
DA:53,10
DA:56,10
DA:57,10
DA:58,10
DA:61,87
DA:62,87
DA:63,0
DA:64,0
DA:65,0
DA:67,87
DA:68,0
DA:70,87
DA:75,2
DA:76,2
DA:77,2
DA:78,2
DA:79,2
DA:80,2
DA:81,2
DA:83,2
DA:84,1
DA:85,1
DA:86,1
DA:87,1
DA:88,1
DA:89,1
DA:90,1
DA:91,2
DA:92,2
DA:95,2
DA:96,2
DA:97,2
DA:98,2
DA:99,2
DA:101,2
DA:102,1
DA:103,1
DA:104,1
DA:105,1
DA:106,1
DA:107,1
DA:108,2
DA:109,2
DA:115,1
DA:116,1
DA:119,1
DA:120,1
DA:122,1
DA:123,0
DA:124,0
DA:125,0
DA:126,0
DA:129,0
DA:130,0
DA:131,0
DA:132,0
DA:133,0
DA:134,0
DA:135,0
DA:136,0
DA:137,0
DA:139,0
DA:140,0
DA:141,0
DA:142,0
DA:143,0
DA:144,0
DA:145,0
DA:147,0
DA:149,1
DA:150,1
DA:151,1
DA:152,1
DA:153,1
DA:154,1
DA:155,1
DA:156,1
DA:158,1
DA:159,1
DA:160,1
DA:162,1
DA:164,1
DA:168,1
DA:170,1
DA:172,1
DA:173,0
DA:174,0
DA:175,0
DA:176,1
DA:177,0
DA:178,0
DA:181,0
DA:183,1
DA:184,1
DA:185,1
DA:188,1
DA:191,1
DA:193,1
DA:194,1
DA:198,2
DA:199,2
DA:200,2
DA:201,2
DA:202,2
DA:205,2
DA:206,2
DA:207,2
LH:100
LF:131
end_of_record
SF:C:/Users/akmoi/Desktop/VRproject/VRAssemblyApp/Assets/Scripts/FileBrowserManager.cs
FN:10,Start()
FN:15,ShowDialog(System.String, System.String)
FN:35,OnFilesSelected(System.String[], System.String)
FNDA:2,Start()
FNDA:2,ShowDialog(System.String, System.String)
FNDA:3,OnFilesSelected(System.String[], System.String)
FNF:3
FNH:3
BRF:0
BRH:0
DA:10,2
DA:11,2
DA:12,2
DA:15,2
DA:16,2
DA:19,2
DA:22,2
DA:25,2
DA:28,2
DA:29,2
DA:30,2
DA:31,2
DA:35,3
DA:36,3
DA:39,3
DA:42,3
DA:43,2
DA:44,2
DA:45,2
DA:48,3
DA:51,3
DA:52,0
DA:54,0
DA:55,0
DA:58,3
DA:61,3
DA:62,1
DA:64,1
DA:65,1
DA:68,1
DA:69,0
DA:71,0
DA:72,0
DA:75,1
DA:77,1
DA:78,3
LH:30
LF:36
end_of_record
SF:C:/Users/akmoi/Desktop/VRproject/VRAssemblyApp/Assets/Scripts/FileChecker.cs
FN:8,DoesJsonFileExist(System.String, System.String)
FNDA:7,DoesJsonFileExist(System.String, System.String)
FNF:1
FNH:1
BRF:0
BRH:0
DA:8,7
DA:9,7
DA:10,2
DA:11,2
DA:12,2
DA:15,5
DA:17,5
DA:18,7
LH:8
LF:8
end_of_record
SF:C:/Users/akmoi/Desktop/VRproject/VRAssemblyApp/Assets/Scripts/FileMonitor.cs
FN:27,PersistentDataPath()
FN:27,PersistentDataPath(System.String)
FN:30,Awake()
FN:37,StartMonitoring()
FN:42,InitializePersistentDataPath()
FN:47,EnsureModelDirectoryExists()
FN:65,ForceCheckForFileChanges()
FN:20,FileMonitor()
FN:55,CheckForFileChanges()
FNDA:3,PersistentDataPath()
FNDA:3,PersistentDataPath(System.String)
FNDA:2,Awake()
FNDA:4,StartMonitoring()
FNDA:2,InitializePersistentDataPath()
FNDA:3,EnsureModelDirectoryExists()
FNDA:32,ForceCheckForFileChanges()
FNDA:2,FileMonitor()
FNDA:4,CheckForFileChanges()
FNF:9
FNH:9
BRF:0
BRH:0
DA:20,2
DA:22,2
DA:27,3
DA:30,2
DA:31,2
DA:32,2
DA:33,2
DA:34,2
DA:37,4
DA:38,4
DA:39,4
DA:42,2
DA:43,2
DA:44,2
DA:47,3
DA:48,3
DA:49,1
DA:50,1
DA:51,1
DA:52,3
DA:55,4
DA:56,32
DA:57,32
DA:58,32
DA:60,32
DA:61,28
DA:65,32
DA:68,32
DA:69,32
DA:71,18
DA:72,14
DA:73,14
DA:74,14
DA:76,18
DA:77,0
DA:78,18
DA:80,18
DA:81,4
DA:82,4
DA:83,4
DA:84,4
DA:85,32
LH:41
LF:42
end_of_record
SF:C:/Users/akmoi/Desktop/VRproject/VRAssemblyApp/Assets/Scripts/FinishManager.cs
FN:14,Awake()
FN:20,Update()
FN:25,OnDestroy()
FN:31,SetPanelActive(State)
FN:41,OnFinishClicked()
FNDA:0,Awake()
FNDA:0,Update()
FNDA:0,OnDestroy()
FNDA:0,SetPanelActive(State)
FNDA:0,OnFinishClicked()
FNF:5
FNH:0
BRF:0
BRH:0
DA:14,0
DA:15,0
DA:16,0
DA:17,0
DA:20,0
DA:21,0
DA:22,0
DA:23,0
DA:25,0
DA:26,0
DA:27,0
DA:28,0
DA:31,0
DA:32,0
DA:33,0
DA:34,0
DA:35,0
DA:36,0
DA:37,0
DA:38,0
DA:41,0
DA:42,0
DA:43,0
LH:0
LF:23
end_of_record
SF:C:/Users/akmoi/Desktop/VRproject/VRAssemblyApp/Assets/Scripts/HandMenuController.cs
FN:13,Awake()
FN:19,OnDestroy()
FN:24,Toggle(UnityEngine.InputSystem.InputAction/CallbackContext)
FNDA:0,Awake()
FNDA:0,OnDestroy()
FNDA:0,Toggle(UnityEngine.InputSystem.InputAction/CallbackContext)
FNF:3
FNH:0
BRF:0
BRH:0
DA:13,0
DA:14,0
DA:15,0
DA:16,0
DA:19,0
DA:20,0
DA:21,0
DA:24,0
DA:25,0
DA:26,0
DA:27,0
DA:28,0
DA:29,0
DA:31,0
LH:0
LF:14
end_of_record
SF:C:/Users/akmoi/Desktop/VRproject/VRAssemblyApp/Assets/Scripts/HandMenuManager.cs
FN:64,Start()
FN:113,Update()
FN:181,Modifying()
FN:186,NewStep()
FN:191,SetTransformsButtonsActive(System.Boolean)
FN:200,AddToPosition(UnityEngine.Vector3)
FN:208,AddToRotation(UnityEngine.Vector3)
FN:216,ModifyComponent()
FN:242,RemoveComponent()
FN:248,SaveComponent()
FN:299,GroupSelection()
FN:410,UpdateIncrement(System.Int32)
FN:10,HandMenuManager()
FN:407,HandMenuManager()
FNDA:0,Start()
FNDA:0,Update()
FNDA:0,Modifying()
FNDA:0,NewStep()
FNDA:0,SetTransformsButtonsActive(System.Boolean)
FNDA:0,AddToPosition(UnityEngine.Vector3)
FNDA:0,AddToRotation(UnityEngine.Vector3)
FNDA:0,ModifyComponent()
FNDA:0,RemoveComponent()
FNDA:0,SaveComponent()
FNDA:0,GroupSelection()
FNDA:0,UpdateIncrement(System.Int32)
FNDA:0,HandMenuManager()
FNDA:0,HandMenuManager()
FNF:14
FNH:0
BRF:0
BRH:0
DA:10,0
DA:50,0
DA:51,0
DA:52,0
DA:61,0
DA:64,0
DA:65,0
DA:66,0
DA:67,0
DA:69,0
DA:79,0
DA:80,0
DA:81,0
DA:82,0
DA:83,0
DA:84,0
DA:86,0
DA:87,0
DA:88,0
DA:89,0
DA:90,0
DA:91,0
DA:93,0
DA:94,0
DA:95,0
DA:96,0
DA:97,0
DA:99,0
DA:101,0
DA:103,0
DA:106,0
DA:107,0
DA:109,0
DA:110,0
DA:113,0
DA:114,0
DA:115,0
DA:116,0
DA:117,0
DA:118,0
DA:120,0
DA:121,0
DA:122,0
DA:123,0
DA:124,0
DA:125,0
DA:126,0
DA:128,0
DA:129,0
DA:131,0
DA:133,0
DA:134,0
DA:135,0
DA:136,0
DA:137,0
DA:138,0
DA:139,0
DA:141,0
DA:142,0
DA:144,0
DA:145,0
DA:146,0
DA:147,0
DA:149,0
DA:150,0
DA:151,0
DA:152,0
DA:154,0
DA:156,0
DA:157,0
DA:158,0
DA:159,0
DA:160,0
DA:161,0
DA:162,0
DA:164,0
DA:165,0
DA:166,0
DA:167,0
DA:168,0
DA:170,0
DA:171,0
DA:172,0
DA:173,0
DA:175,0
DA:176,0
DA:177,0
DA:178,0
DA:181,0
DA:182,0
DA:183,0
DA:186,0
DA:187,0
DA:188,0
DA:191,0
DA:192,0
DA:193,0
DA:194,0
DA:195,0
DA:196,0
DA:200,0
DA:201,0
DA:202,0
DA:203,0
DA:204,0
DA:205,0
DA:208,0
DA:209,0
DA:210,0
DA:211,0
DA:212,0
DA:213,0
DA:216,0
DA:217,0
DA:219,0
DA:220,0
DA:221,0
DA:222,0
DA:223,0
DA:225,0
DA:226,0
DA:227,0
DA:228,0
DA:230,0
DA:231,0
DA:232,0
DA:233,0
DA:235,0
DA:236,0
DA:237,0
DA:238,0
DA:239,0
DA:242,0
DA:243,0
DA:244,0
DA:245,0
DA:248,0
DA:249,0
DA:251,0
DA:252,0
DA:253,0
DA:254,0
DA:256,0
DA:257,0
DA:258,0
DA:259,0
DA:261,0
DA:262,0
DA:263,0
DA:264,0
DA:266,0
DA:268,0
DA:269,0
DA:270,0
DA:271,0
DA:272,0
DA:273,0
DA:276,0
DA:277,0
DA:278,0
DA:280,0
DA:281,0
DA:282,0
DA:283,0
DA:284,0
DA:285,0
DA:286,0
DA:287,0
DA:288,0
DA:289,0
DA:291,0
DA:292,0
DA:294,0
DA:295,0
DA:296,0
DA:299,0
DA:300,0
DA:301,0
DA:302,0
DA:304,0
DA:305,0
DA:307,0
DA:308,0
DA:311,0
DA:312,0
DA:313,0
DA:315,0
DA:316,0
DA:317,0
DA:318,0
DA:319,0
DA:321,0
DA:322,0
DA:323,0
DA:326,0
DA:327,0
DA:328,0
DA:329,0
DA:330,0
DA:331,0
DA:332,0
DA:333,0
DA:334,0
DA:338,0
DA:339,0
DA:340,0
DA:341,0
DA:342,0
DA:343,0
DA:346,0
DA:347,0
DA:348,0
DA:349,0
DA:350,0
DA:351,0
DA:352,0
DA:353,0
DA:354,0
DA:355,0
DA:356,0
DA:357,0
DA:360,0
DA:361,0
DA:364,0
DA:366,0
DA:368,0
DA:370,0
DA:371,0
DA:372,0
DA:373,0
DA:374,0
DA:375,0
DA:377,0
DA:378,0
DA:379,0
DA:380,0
DA:381,0
DA:384,0
DA:385,0
DA:386,0
DA:387,0
DA:388,0
DA:389,0
DA:390,0
DA:391,0
DA:393,0
DA:394,0
DA:395,0
DA:397,0
DA:398,0
DA:399,0
DA:400,0
DA:401,0
DA:402,0
DA:403,0
DA:404,0
DA:405,0
DA:407,0
DA:410,0
DA:411,0
DA:412,0
DA:413,0
DA:414,0
DA:416,0
DA:417,0
DA:418,0
DA:419,0
LH:0
LF:267
end_of_record
SF:C:/Users/akmoi/Desktop/VRproject/VRAssemblyApp/Assets/Scripts/HintManager.cs
FN:19,ShowHint(System.Collections.Generic.List[ComponentData], System.Int32, System.Collections.Generic.List[Transform], SnapToPosition)
FN:41,ShowSnapPoint(SnapToPosition, System.Int32)
FN:52,HighlightComponentToPlace(System.Collections.Generic.List[ComponentData], System.Int32, System.Collections.Generic.List[Transform])
FN:109,HintCount()
FN:109,HintCount(System.Int32)
FN:8,HintManager()
FN:83,ChangeColorTemporarily()
FN:70,HandleHintCooldown()
FNDA:0,ShowHint(System.Collections.Generic.List[ComponentData], System.Int32, System.Collections.Generic.List[Transform], SnapToPosition)
FNDA:0,ShowSnapPoint(SnapToPosition, System.Int32)
FNDA:0,HighlightComponentToPlace(System.Collections.Generic.List[ComponentData], System.Int32, System.Collections.Generic.List[Transform])
FNDA:0,HintCount()
FNDA:0,HintCount(System.Int32)
FNDA:15,HintManager()
FNDA:0,ChangeColorTemporarily()
FNDA:0,HandleHintCooldown()
FNF:8
FNH:1
BRF:0
BRH:0
DA:8,15
DA:12,15
DA:13,15
DA:14,15
DA:19,0
DA:20,0
DA:23,0
DA:24,0
DA:25,0
DA:29,0
DA:30,0
DA:31,0
DA:33,0
DA:34,0
DA:36,0
DA:37,0
DA:38,0
DA:41,0
DA:43,0
DA:45,0
DA:46,0
DA:47,0
DA:48,0
DA:49,0
DA:52,0
DA:53,0
DA:54,0
DA:56,0
DA:57,0
DA:59,0
DA:60,0
DA:61,0
DA:62,0
DA:63,0
DA:64,0
DA:65,0
DA:66,0
DA:67,0
DA:70,0
DA:71,0
DA:74,0
DA:76,0
DA:79,0
DA:80,0
DA:83,0
DA:84,0
DA:85,0
DA:86,0
DA:88,0
DA:91,0
DA:92,0
DA:93,0
DA:94,0
DA:95,0
DA:98,0
DA:100,0
DA:103,0
DA:106,0
DA:107,0
DA:109,0
LH:4
LF:60
end_of_record
SF:C:/Users/akmoi/Desktop/VRproject/VRAssemblyApp/Assets/Scripts/InitializeComponetManager.cs
FN:18,Awake()
FN:25,OpenFileBrowser()
FN:30,OnFinishedButtonClick()
FN:35,OnDestroy()
FN:43,SetPanelActive(State)
FN:48,Start()
FN:62,Update()
FN:72,PopulateComponentDropdown()
FN:88,PopulateGroupDropdown()
FN:104,OnComponentDropdownValueChanged(System.Int32)
FN:121,OnGroupDropdownValueChanged(System.Int32)
FN:138,UpdateDropdownsForSelectedComponent()
FNDA:0,Awake()
FNDA:0,OpenFileBrowser()
FNDA:0,OnFinishedButtonClick()
FNDA:0,OnDestroy()
FNDA:0,SetPanelActive(State)
FNDA:0,Start()
FNDA:0,Update()
FNDA:0,PopulateComponentDropdown()
FNDA:0,PopulateGroupDropdown()
FNDA:0,OnComponentDropdownValueChanged(System.Int32)
FNDA:0,OnGroupDropdownValueChanged(System.Int32)
FNDA:0,UpdateDropdownsForSelectedComponent()
FNF:12
FNH:0
BRF:0
BRH:0
DA:18,0
DA:19,0
DA:20,0
DA:21,0
DA:22,0
DA:25,0
DA:26,0
DA:27,0
DA:30,0
DA:31,0
DA:32,0
DA:35,0
DA:36,0
DA:37,0
DA:38,0
DA:40,0
DA:43,0
DA:44,0
DA:45,0
DA:48,0
DA:50,0
DA:51,0
DA:54,0
DA:55,0
DA:58,0
DA:59,0
DA:62,0
DA:63,0
DA:64,0
DA:65,0
DA:66,0
DA:67,0
DA:68,0
DA:69,0
DA:72,0
DA:74,0
DA:77,0
DA:78,0
DA:79,0
DA:80,0
DA:81,0
DA:84,0
DA:85,0
DA:88,0
DA:90,0
DA:93,0
DA:94,0
DA:95,0
DA:96,0
DA:97,0
DA:100,0
DA:101,0
DA:104,0
DA:106,0
DA:108,0
DA:109,0
DA:110,0
DA:111,0
DA:113,0
DA:114,0
DA:115,0
DA:116,0
DA:117,0
DA:118,0
DA:121,0
DA:123,0
DA:125,0
DA:126,0
DA:127,0
DA:128,0
DA:130,0
DA:131,0
DA:132,0
DA:133,0
DA:134,0
DA:135,0
DA:138,0
DA:139,0
DA:141,0
DA:142,0
DA:143,0
DA:145,0
DA:146,0
DA:148,0
DA:149,0
DA:150,0
DA:151,0
DA:152,0
LH:0
LF:88
end_of_record
SF:C:/Users/akmoi/Desktop/VRproject/VRAssemblyApp/Assets/Scripts/InitializedDataManager.cs
FN:28,Start()
FN:37,SaveComponentsData()
FN:70,LoadComponentsData()
FN:100,FindChildByName(System.Collections.Generic.List[Transform], System.String)
FN:24,InitializedDataManager()
FNDA:2,Start()
FNDA:3,SaveComponentsData()
FNDA:3,LoadComponentsData()
FNDA:5,FindChildByName(System.Collections.Generic.List[Transform], System.String)
FNDA:9,InitializedDataManager()
FNF:5
FNH:5
BRF:0
BRH:0
DA:24,9
DA:28,2
DA:29,2
DA:30,2
DA:31,0
DA:32,0
DA:33,0
DA:34,2
DA:37,3
DA:38,3
DA:39,4
DA:41,2
DA:42,2
DA:44,2
DA:46,2
DA:48,14
DA:49,4
DA:50,4
DA:52,4
DA:53,2
DA:54,2
DA:61,2
DA:62,2
DA:63,4
DA:65,2
DA:66,2
DA:67,3
DA:70,3
DA:71,3
DA:72,3
DA:74,3
DA:75,3
DA:77,3
DA:78,4
DA:80,2
DA:81,2
DA:83,10
DA:84,2
DA:85,2
DA:86,2
DA:87,2
DA:88,2
DA:89,2
DA:90,1
DA:91,1
DA:92,1
DA:93,2
DA:94,2
DA:95,2
DA:96,2
DA:97,3
DA:100,5
DA:101,26
DA:102,7
DA:103,7
DA:104,3
DA:105,3
DA:108,4
DA:109,2
DA:110,5
LH:57
LF:60
end_of_record
SF:C:/Users/akmoi/Desktop/VRproject/VRAssemblyApp/Assets/Scripts/InteractionManager.cs
FN:14,OnSelectEnter(UnityEngine.XR.Interaction.Toolkit.SelectEnterEventArgs)
FN:33,OnSelectExit(UnityEngine.XR.Interaction.Toolkit.SelectExitEventArgs)
FN:47,ResetParentIfNotGroup(UnityEngine.GameObject)
FN:56,SetComponentReleasedState(UnityEngine.GameObject, System.Boolean)
FN:66,ConfigureOutline(UnityEngine.GameObject, System.Boolean)
FN:78,OnHoverEnter(UnityEngine.XR.Interaction.Toolkit.HoverEnterEventArgs)
FN:84,OnHoverExit(UnityEngine.XR.Interaction.Toolkit.HoverExitEventArgs)
FN:91,GetCurrentSelectedComponent()
FN:96,SetCurrentSelectedComponent(UnityEngine.GameObject)
FN:7,InteractionManager()
FNDA:0,OnSelectEnter(UnityEngine.XR.Interaction.Toolkit.SelectEnterEventArgs)
FNDA:0,OnSelectExit(UnityEngine.XR.Interaction.Toolkit.SelectExitEventArgs)
FNDA:2,ResetParentIfNotGroup(UnityEngine.GameObject)
FNDA:3,SetComponentReleasedState(UnityEngine.GameObject, System.Boolean)
FNDA:2,ConfigureOutline(UnityEngine.GameObject, System.Boolean)
FNDA:1,OnHoverEnter(UnityEngine.XR.Interaction.Toolkit.HoverEnterEventArgs)
FNDA:1,OnHoverExit(UnityEngine.XR.Interaction.Toolkit.HoverExitEventArgs)
FNDA:7,GetCurrentSelectedComponent()
FNDA:17,SetCurrentSelectedComponent(UnityEngine.GameObject)
FNDA:25,InteractionManager()
FNF:10
FNH:8
BRF:0
BRH:0
DA:7,25
DA:9,25
DA:10,25
DA:14,0
DA:15,0
DA:16,0
DA:17,0
DA:18,0
DA:19,0
DA:20,0
DA:21,0
DA:23,0
DA:24,0
DA:25,0
DA:26,0
DA:27,0
DA:28,0
DA:29,0
DA:30,0
DA:33,0
DA:34,0
DA:35,0
DA:36,0
DA:37,0
DA:38,0
DA:39,0
DA:43,0
DA:44,0
DA:47,2
DA:48,2
DA:49,2
DA:50,1
DA:51,1
DA:52,1
DA:53,2
DA:56,3
DA:57,3
DA:58,3
DA:59,2
DA:60,2
DA:61,2
DA:62,3
DA:66,2
DA:67,2
DA:68,2
DA:69,2
DA:70,2
DA:71,2
DA:72,2
DA:73,2
DA:74,2
DA:75,2
DA:78,1
DA:79,1
DA:80,1
DA:81,1
DA:84,1
DA:85,1
DA:86,1
DA:91,7
DA:92,7
DA:93,7
DA:96,17
DA:97,17
DA:98,17
LH:40
LF:65
end_of_record
SF:C:/Users/akmoi/Desktop/VRproject/VRAssemblyApp/Assets/Scripts/InitializedDataManager.cs
FN:16,JsonData()
FNDA:4,JsonData()
FNF:1
FNH:1
BRF:0
BRH:0
DA:16,4
LH:1
LF:1
end_of_record
SF:C:/Users/akmoi/Desktop/VRproject/VRAssemblyApp/Assets/Scripts/MakeGrabbable.cs
FN:18,ThrowOnDetach()
FN:18,ThrowOnDetach(System.Boolean)
FN:19,MovementType()
FN:19,MovementType(UnityEngine.XR.Interaction.Toolkit.XRBaseInteractable/MovementType)
FN:20,UseDynamicAttach()
FN:20,UseDynamicAttach(System.Boolean)
FN:21,SelectMode()
FN:21,SelectMode(UnityEngine.XR.Interaction.Toolkit.InteractableSelectMode)
FN:24,Awake()
FN:31,Start()
FN:35,ComponentInizialization()
FN:56,SaveOriginalCollidersAndInteractables()
FN:65,MakeObjectGrabbable()
FN:98,DestroyClonedColliders()
FN:111,GetClonedColliders()
FN:123,DestroyInteractables()
FN:133,MakeObjectNonGrabbable()
FN:165,OnSelectEnter(UnityEngine.XR.Interaction.Toolkit.SelectEnterEventArgs)
FN:170,OnSelectExit(UnityEngine.XR.Interaction.Toolkit.SelectExitEventArgs)
FN:175,OnHoverEnter(UnityEngine.XR.Interaction.Toolkit.HoverEnterEventArgs)
FN:180,OnHoverExit(UnityEngine.XR.Interaction.Toolkit.HoverExitEventArgs)
FN:7,MakeGrabbable()
FNDA:1,ThrowOnDetach()
FNDA:1,ThrowOnDetach(System.Boolean)
FNDA:1,MovementType()
FNDA:1,MovementType(UnityEngine.XR.Interaction.Toolkit.XRBaseInteractable/MovementType)
FNDA:1,UseDynamicAttach()
FNDA:1,UseDynamicAttach(System.Boolean)
FNDA:2,SelectMode()
FNDA:2,SelectMode(UnityEngine.XR.Interaction.Toolkit.InteractableSelectMode)
FNDA:20,Awake()
FNDA:2,Start()
FNDA:20,ComponentInizialization()
FNDA:2,SaveOriginalCollidersAndInteractables()
FNDA:1,MakeObjectGrabbable()
FNDA:2,DestroyClonedColliders()
FNDA:2,GetClonedColliders()
FNDA:2,DestroyInteractables()
FNDA:1,MakeObjectNonGrabbable()
FNDA:0,OnSelectEnter(UnityEngine.XR.Interaction.Toolkit.SelectEnterEventArgs)
FNDA:0,OnSelectExit(UnityEngine.XR.Interaction.Toolkit.SelectExitEventArgs)
FNDA:0,OnHoverEnter(UnityEngine.XR.Interaction.Toolkit.HoverEnterEventArgs)
FNDA:0,OnHoverExit(UnityEngine.XR.Interaction.Toolkit.HoverExitEventArgs)
FNDA:20,MakeGrabbable()
FNF:22
FNH:18
BRF:0
BRH:0
DA:7,20
DA:8,20
DA:13,20
DA:14,20
DA:15,20
DA:16,20
DA:18,1
DA:19,1
DA:20,1
DA:21,2
DA:24,20
DA:25,20
DA:27,20
DA:28,20
DA:31,2
DA:32,2
DA:33,2
DA:35,20
DA:36,20
DA:37,20
DA:38,20
DA:39,20
DA:40,20
DA:41,20
DA:43,20
DA:44,0
DA:46,20
DA:47,0
DA:49,20
DA:50,20
DA:51,20
DA:52,20
DA:53,20
DA:54,20
DA:56,2
DA:58,2
DA:59,2
DA:61,2
DA:62,2
DA:63,2
DA:65,1
DA:66,1
DA:67,0
DA:68,1
DA:69,1
DA:71,1
DA:74,1
DA:76,1
DA:77,1
DA:80,1
DA:81,1
DA:82,1
DA:83,1
DA:84,1
DA:85,1
DA:86,1
DA:87,1
DA:90,1
DA:91,1
DA:94,1
DA:95,1
DA:98,2
DA:100,2
DA:101,10
DA:102,2
DA:103,2
DA:104,2
DA:105,2
DA:106,2
DA:107,2
DA:108,2
DA:111,2
DA:112,2
DA:113,10
DA:114,2
DA:115,2
DA:116,2
DA:117,2
DA:118,2
DA:119,2
DA:120,2
DA:121,2
DA:123,2
DA:126,6
DA:127,0
DA:128,0
DA:129,0
DA:130,0
DA:131,2
DA:133,1
DA:134,1
DA:135,0
DA:136,1
DA:137,1
DA:139,1
DA:143,1
DA:146,1
DA:147,1
DA:150,1
DA:151,1
DA:152,1
DA:153,1
DA:154,1
DA:157,1
DA:158,1
DA:161,1
DA:162,1
DA:165,0
DA:166,0
DA:167,0
DA:170,0
DA:171,0
DA:172,0
DA:175,0
DA:176,0
DA:177,0
DA:180,0
DA:181,0
DA:182,0
LH:99
LF:119
end_of_record
SF:C:/Users/akmoi/Desktop/VRproject/VRAssemblyApp/Assets/Scripts/Manager.cs
FN:27,Instance()
FN:27,Instance(Manager)
FN:30,Model()
FN:30,Model(UnityEngine.GameObject)
FN:31,Components()
FN:31,Components(System.Collections.Generic.List[Transform])
FN:33,AssemblySequence()
FN:33,AssemblySequence(System.Collections.Generic.List[ComponentData])
FN:34,CurrentStep()
FN:34,CurrentStep(System.Int32)
FN:35,FinishTime()
FN:35,FinishTime(System.String)
FN:36,HintCount()
FN:36,HintCount(System.Int32)
FN:38,ErrorCount()
FN:38,ErrorCount(System.Int32)
FN:39,CurrentSelectedComponent()
FN:39,CurrentSelectedComponent(UnityEngine.GameObject)
FN:42,Awake()
FN:59,OnDestroy()
FN:65,Start()
FN:72,Update()
FN:117,IncrementCurrentStep()
FN:124,IncrementCurrentError()
FN:131,OnSelectEnter(UnityEngine.XR.Interaction.Toolkit.SelectEnterEventArgs)
FN:138,OnSelectExit(UnityEngine.XR.Interaction.Toolkit.SelectExitEventArgs)
FN:145,OnHoverEnter(UnityEngine.XR.Interaction.Toolkit.HoverEnterEventArgs)
FN:150,OnHoverExit(UnityEngine.XR.Interaction.Toolkit.HoverExitEventArgs)
FN:155,InitializeSequence(System.Collections.Generic.List[ComponentData])
FN:161,SaveBuildingSequence()
FN:167,ModifyBuildingSequence()
FN:173,RemoveComponentFromSequence()
FN:179,HandleStateChange(State)
FN:211,LoadPDF()
FN:216,MakeComponentsGrabbable()
FN:226,MakeComponentsNonGrabbable()
FN:235,InitializeComponentsType()
FN:265,CopyComponentObjectToInteractor()
FN:303,RemoveExistingScripts[T](UnityEngine.GameObject)
FN:312,ValidateComponent(UnityEngine.GameObject)
FN:317,PlaceInitialComponent()
FN:323,PlaceAllComponentsGradually(System.Single)
FN:328,RemoveAllComponentsExceptTransform(UnityEngine.GameObject)
FN:343,ShowHint()
FN:348,CloseApp()
FN:20,Manager()
FNDA:160,Instance()
FNDA:160,Instance(Manager)
FNDA:48,Model()
FNDA:48,Model(UnityEngine.GameObject)
FNDA:41,Components()
FNDA:41,Components(System.Collections.Generic.List[Transform])
FNDA:2,AssemblySequence()
FNDA:2,AssemblySequence(System.Collections.Generic.List[ComponentData])
FNDA:1,CurrentStep()
FNDA:1,CurrentStep(System.Int32)
FNDA:0,FinishTime()
FNDA:0,FinishTime(System.String)
FNDA:0,HintCount()
FNDA:0,HintCount(System.Int32)
FNDA:0,ErrorCount()
FNDA:0,ErrorCount(System.Int32)
FNDA:19,CurrentSelectedComponent()
FNDA:19,CurrentSelectedComponent(UnityEngine.GameObject)
FNDA:50,Awake()
FNDA:50,OnDestroy()
FNDA:10,Start()
FNDA:29,Update()
FNDA:1,IncrementCurrentStep()
FNDA:2,IncrementCurrentError()
FNDA:1,OnSelectEnter(UnityEngine.XR.Interaction.Toolkit.SelectEnterEventArgs)
FNDA:1,OnSelectExit(UnityEngine.XR.Interaction.Toolkit.SelectExitEventArgs)
FNDA:1,OnHoverEnter(UnityEngine.XR.Interaction.Toolkit.HoverEnterEventArgs)
FNDA:1,OnHoverExit(UnityEngine.XR.Interaction.Toolkit.HoverExitEventArgs)
FNDA:2,InitializeSequence(System.Collections.Generic.List[ComponentData])
FNDA:1,SaveBuildingSequence()
FNDA:1,ModifyBuildingSequence()
FNDA:1,RemoveComponentFromSequence()
FNDA:11,HandleStateChange(State)
FNDA:1,LoadPDF()
FNDA:2,MakeComponentsGrabbable()
FNDA:1,MakeComponentsNonGrabbable()
FNDA:1,InitializeComponentsType()
FNDA:0,CopyComponentObjectToInteractor()
FNDA:3,RemoveExistingScripts[T](UnityEngine.GameObject)
FNDA:1,ValidateComponent(UnityEngine.GameObject)
FNDA:0,PlaceInitialComponent()
FNDA:1,PlaceAllComponentsGradually(System.Single)
FNDA:0,RemoveAllComponentsExceptTransform(UnityEngine.GameObject)
FNDA:1,ShowHint()
FNDA:0,CloseApp()
FNDA:50,Manager()
FNF:46
FNH:36
BRF:0
BRH:0
DA:20,50
DA:27,160
DA:30,48
DA:31,41
DA:33,2
DA:34,1
DA:35,0
DA:36,0
DA:38,0
DA:39,19
DA:42,50
DA:43,50
DA:44,0
DA:45,0
DA:46,0
DA:49,50
DA:50,50
DA:51,50
DA:54,50
DA:55,50
DA:56,50
DA:59,50
DA:60,50
DA:61,50
DA:63,50
DA:65,10
DA:66,10
DA:67,10
DA:68,10
DA:70,50
DA:72,29
DA:73,29
DA:74,0
DA:75,0
DA:77,0
DA:78,0
DA:79,0
DA:80,0
DA:81,0
DA:82,0
DA:83,0
DA:84,0
DA:85,0
DA:86,0
DA:87,0
DA:88,0
DA:89,0
DA:90,0
DA:91,0
DA:92,0
DA:93,0
DA:94,0
DA:95,0
DA:96,0
DA:98,0
DA:100,0
DA:101,0
DA:102,0
DA:103,0
DA:104,0
DA:105,0
DA:106,0
DA:107,0
DA:108,0
DA:109,0
DA:110,0
DA:111,0
DA:112,0
DA:113,29
DA:117,1
DA:118,1
DA:120,1
DA:121,1
DA:124,2
DA:125,2
DA:126,1
DA:127,2
DA:131,1
DA:132,1
DA:133,1
DA:134,1
DA:135,1
DA:138,1
DA:139,1
DA:141,1
DA:145,1
DA:146,1
DA:147,1
DA:150,1
DA:151,1
DA:152,1
DA:155,2
DA:156,2
DA:157,1
DA:158,2
DA:161,1
DA:162,1
DA:163,1
DA:164,1
DA:167,1
DA:168,1
DA:169,1
DA:170,1
DA:173,1
DA:174,1
DA:175,1
DA:179,11
DA:181,11
DA:184,10
DA:186,0
DA:187,0
DA:189,1
DA:190,1
DA:191,1
DA:192,1
DA:194,0
DA:195,0
DA:196,0
DA:197,0
DA:198,0
DA:199,0
DA:200,0
DA:202,0
DA:204,0
DA:206,0
DA:208,11
DA:211,1
DA:212,1
DA:213,1
DA:216,2
DA:217,10
DA:218,2
DA:219,2
DA:220,2
DA:221,2
DA:222,2
DA:226,1
DA:227,5
DA:228,1
DA:229,1
DA:230,1
DA:231,1
DA:232,1
DA:235,1
DA:236,5
DA:237,1
DA:238,1
DA:240,1
DA:241,1
DA:242,1
DA:244,1
DA:246,1
DA:249,0
DA:250,0
DA:252,0
DA:253,0
DA:255,0
DA:256,0
DA:258,1
DA:259,1
DA:261,1
DA:262,1
DA:265,0
DA:266,0
DA:267,0
DA:268,0
DA:269,0
DA:272,0
DA:273,0
DA:275,0
DA:276,0
DA:277,0
DA:279,0
DA:280,0
DA:281,0
DA:282,0
DA:283,0
DA:284,0
DA:285,0
DA:286,0
DA:288,0
DA:289,0
DA:290,0
DA:291,0
DA:292,0
DA:294,0
DA:295,0
DA:296,0
DA:297,0
DA:299,0
DA:300,0
DA:303,3
DA:304,3
DA:305,9
DA:306,0
DA:307,0
DA:308,0
DA:309,3
DA:312,1
DA:313,1
DA:314,1
DA:317,0
DA:318,0
DA:319,0
DA:323,1
DA:324,1
DA:325,1
DA:328,0
DA:330,0
DA:333,0
DA:334,0
DA:335,0
DA:336,0
DA:337,0
DA:338,0
DA:339,0
DA:340,0
DA:343,1
DA:344,1
DA:345,1
DA:348,0
DA:349,0
DA:350,0
DA:351,0
LH:115
LF:224
end_of_record
SF:C:/Users/akmoi/Desktop/VRproject/VRAssemblyApp/Assets/Scripts/ManualScrewDriver.cs
FN:9,Start()
FN:15,ProcessInteractable(UnityEngine.XR.Interaction.Toolkit.XRInteractionUpdateOrder/UpdatePhase)
FN:28,CalculateRotationSpeed()
FN:56,RotateScrewDriver()
FNDA:0,Start()
FNDA:0,ProcessInteractable(UnityEngine.XR.Interaction.Toolkit.XRInteractionUpdateOrder/UpdatePhase)
FNDA:0,CalculateRotationSpeed()
FNDA:0,RotateScrewDriver()
FNF:4
FNH:0
BRF:0
BRH:0
DA:9,0
DA:10,0
DA:11,0
DA:15,0
DA:16,0
DA:18,0
DA:19,0
DA:20,0
DA:21,0
DA:22,0
DA:23,0
DA:24,0
DA:25,0
DA:28,0
DA:29,0
DA:30,0
DA:33,0
DA:35,0
DA:36,0
DA:39,0
DA:41,0
DA:42,0
DA:44,0
DA:45,0
DA:47,0
DA:49,0
DA:50,0
DA:52,0
DA:53,0
DA:56,0
DA:58,0
DA:59,0
LH:0
LF:32
end_of_record
SF:C:/Users/akmoi/Desktop/VRproject/VRAssemblyApp/Assets/Scripts/ModeChooserManager.cs
FN:16,Awake()
FN:26,OnDestroy()
FN:36,SetPanelActive(State)
FN:45,UpdateButtonStates()
FN:55,OnInitializeClicked()
FN:60,OnPlayBackButtonClicked()
FN:65,OnRecordButtonClicked()
FN:70,OnReturnBackClicked()
FNDA:0,Awake()
FNDA:0,OnDestroy()
FNDA:0,SetPanelActive(State)
FNDA:0,UpdateButtonStates()
FNDA:0,OnInitializeClicked()
FNDA:0,OnPlayBackButtonClicked()
FNDA:0,OnRecordButtonClicked()
FNDA:0,OnReturnBackClicked()
FNF:8
FNH:0
BRF:0
BRH:0
DA:16,0
DA:17,0
DA:18,0
DA:19,0
DA:20,0
DA:21,0
DA:23,0
DA:26,0
DA:27,0
DA:28,0
DA:29,0
DA:30,0
DA:31,0
DA:33,0
DA:36,0
DA:37,0
DA:38,0
DA:39,0
DA:40,0
DA:41,0
DA:42,0
DA:45,0
DA:46,0
DA:47,0
DA:48,0
DA:50,0
DA:51,0
DA:52,0
DA:55,0
DA:56,0
DA:57,0
DA:60,0
DA:61,0
DA:62,0
DA:65,0
DA:66,0
DA:67,0
DA:70,0
DA:72,0
DA:73,0
LH:0
LF:40
end_of_record
SF:C:/Users/akmoi/Desktop/VRproject/VRAssemblyApp/Assets/Scripts/ModelLoader.cs
FN:13,LoadFromFile()
FNDA:0,LoadFromFile()
FNF:1
FNH:0
BRF:0
BRH:0
DA:13,0
DA:14,0
DA:17,0
DA:19,0
DA:20,0
DA:21,0
DA:22,0
DA:23,0
DA:24,0
DA:25,0
DA:26,0
DA:27,0
DA:28,0
DA:30,0
DA:33,0
DA:34,0
DA:35,0
DA:37,0
LH:0
LF:18
end_of_record
SF:C:/Users/akmoi/Desktop/VRproject/VRAssemblyApp/Assets/Scripts/ModelSelectionManager.cs
FN:13,Awake()
FN:20,OnConfirmButtonClicked()
FN:25,OnDestroy()
FN:32,SetPanelActive(State)
FN:37,ShowFileBrowser()
FNDA:0,Awake()
FNDA:0,OnConfirmButtonClicked()
FNDA:0,OnDestroy()
FNDA:0,SetPanelActive(State)
FNDA:0,ShowFileBrowser()
FNF:5
FNH:0
BRF:0
BRH:0
DA:13,0
DA:14,0
DA:15,0
DA:16,0
DA:17,0
DA:20,0
DA:21,0
DA:22,0
DA:25,0
DA:26,0
DA:27,0
DA:28,0
DA:30,0
DA:32,0
DA:33,0
DA:34,0
DA:37,0
DA:38,0
DA:39,0
LH:0
LF:19
end_of_record
SF:C:/Users/akmoi/Desktop/VRproject/VRAssemblyApp/Assets/Scripts/Nail.cs
FN:14,HandleInteraction()
FN:31,HandleSocketTransformInteraction()
FN:68,HandleNormalInteraction()
FN:106,OnToolCollisionEnter(UnityEngine.Collider)
FN:112,OnToolCollisionExit(UnityEngine.Collider)
FN:6,Nail()
FNDA:3,HandleInteraction()
FNDA:1,HandleSocketTransformInteraction()
FNDA:1,HandleNormalInteraction()
FNDA:2,OnToolCollisionEnter(UnityEngine.Collider)
FNDA:1,OnToolCollisionExit(UnityEngine.Collider)
FNDA:8,Nail()
FNF:6
FNH:6
BRF:0
BRH:0
DA:6,8
DA:7,8
DA:9,8
DA:11,8
DA:14,3
DA:16,3
DA:17,1
DA:19,2
DA:20,1
DA:21,1
DA:22,1
DA:23,1
DA:24,1
DA:25,1
DA:26,1
DA:27,1
DA:28,3
DA:31,1
DA:32,1
DA:33,1
DA:35,1
DA:36,1
DA:38,1
DA:39,1
DA:40,1
DA:42,1
DA:45,1
DA:46,1
DA:47,1
DA:50,1
DA:52,1
DA:55,1
DA:56,1
DA:57,1
DA:58,1
DA:59,1
DA:61,1
DA:62,1
DA:64,1
DA:65,1
DA:68,1
DA:69,1
DA:70,1
DA:72,1
DA:73,1
DA:76,1
DA:77,1
DA:78,1
DA:80,1
DA:83,1
DA:84,1
DA:85,1
DA:88,1
DA:90,1
DA:93,1
DA:94,1
DA:95,1
DA:96,1
DA:97,1
DA:99,1
DA:100,1
DA:102,1
DA:103,1
DA:106,2
DA:107,2
DA:109,2
DA:112,1
DA:113,1
DA:114,1
LH:69
LF:69
end_of_record
SF:C:/Users/akmoi/Desktop/VRproject/VRAssemblyApp/Assets/Scripts/SaveSequence.cs
FN:22,ObjectData()
FNDA:12,ObjectData()
FNF:1
FNH:1
BRF:0
BRH:0
DA:22,12
LH:1
LF:1
end_of_record
SF:C:/Users/akmoi/Desktop/VRproject/VRAssemblyApp/Assets/Scripts/PdfLoader.cs
FN:24,Pages()
FN:24,Pages(System.Collections.Generic.List[Texture2D])
FN:28,Start()
FN:39,OnDestroy()
FN:47,HandleStateChanged(State)
FN:53,LoadPDF(System.String)
FN:84,RenderPdfToFile(System.String, System.String)
FN:106,LoadFileToTextures(System.String)
FN:124,ExtractPageNumber(System.String)
FN:136,ShowPage(System.Int32)
FN:148,NextPage()
FN:157,PreviousPage()
FN:166,IsPdfAlreadyConverted(System.String, System.String)
FN:13,PdfLoader()
FN:49,HandleStateChanged(State)
FN:55,LoadPDF(System.String)
FN:86,RenderPdfToFile(System.String, System.String)
FN:108,LoadFileToTextures(System.String)
FN:126,ExtractPageNumber(System.String)
FN:138,ShowPage(System.Int32)
FN:150,NextPage()
FN:159,PreviousPage()
FN:168,IsPdfAlreadyConverted(System.String, System.String)
FNDA:8,Pages()
FNDA:8,Pages(System.Collections.Generic.List[Texture2D])
FNDA:2,Start()
FNDA:22,OnDestroy()
FNDA:0,HandleStateChanged(State)
FNDA:0,LoadPDF(System.String)
FNDA:0,RenderPdfToFile(System.String, System.String)
FNDA:0,LoadFileToTextures(System.String)
FNDA:0,ExtractPageNumber(System.String)
FNDA:0,ShowPage(System.Int32)
FNDA:0,NextPage()
FNDA:0,PreviousPage()
FNDA:0,IsPdfAlreadyConverted(System.String, System.String)
FNDA:22,PdfLoader()
FNDA:2,HandleStateChanged(State)
FNDA:2,LoadPDF(System.String)
FNDA:1,RenderPdfToFile(System.String, System.String)
FNDA:1,LoadFileToTextures(System.String)
FNDA:8,ExtractPageNumber(System.String)
FNDA:7,ShowPage(System.Int32)
FNDA:2,NextPage()
FNDA:2,PreviousPage()
FNDA:1,IsPdfAlreadyConverted(System.String, System.String)
FNF:23
FNH:23
BRF:0
BRH:0
DA:13,22
DA:16,22
DA:18,22
DA:20,22
DA:21,22
DA:24,8
DA:28,2
DA:29,2
DA:30,2
DA:32,2
DA:34,2
DA:35,2
DA:39,22
DA:40,22
DA:41,7
DA:42,22
DA:43,7
DA:44,0
DA:45,22
DA:46,22
DA:47,0
DA:48,0
DA:49,2
DA:50,2
DA:51,2
DA:52,2
DA:53,0
DA:55,2
DA:57,2
DA:58,0
DA:59,2
DA:60,2
DA:61,2
DA:62,0
DA:63,0
DA:64,2
DA:65,1
DA:66,1
DA:68,1
DA:69,0
DA:70,1
DA:71,0
DA:72,0
DA:73,0
DA:74,0
DA:76,1
DA:78,0
DA:79,0
DA:80,1
DA:81,1
DA:82,1
DA:83,2
DA:84,0
DA:85,0
DA:86,1
DA:87,1
DA:88,1
DA:89,18
DA:90,8
DA:91,8
DA:92,8
DA:93,8
DA:94,8
DA:95,0
DA:96,8
DA:97,8
DA:98,8
DA:99,8
DA:100,8
DA:101,8
DA:102,8
DA:103,8
DA:104,1
DA:105,1
DA:106,0
DA:107,0
DA:108,1
DA:109,1
DA:110,0
DA:111,0
DA:112,1
DA:113,8
DA:114,0
DA:115,0
DA:116,19
DA:117,8
DA:118,8
DA:119,8
DA:120,8
DA:121,8
DA:122,8
DA:123,1
DA:124,0
DA:126,8
DA:128,8
DA:129,0
DA:130,8
DA:131,8
DA:132,8
DA:133,0
DA:134,0
DA:135,8
DA:136,0
DA:137,0
DA:138,7
DA:139,7
DA:140,3
DA:141,3
DA:142,3
DA:143,0
DA:144,0
DA:145,4
DA:146,1
DA:147,7
DA:148,0
DA:149,0
DA:150,2
DA:151,2
DA:152,1
DA:153,1
DA:154,1
DA:155,1
DA:156,2
DA:157,0
DA:158,0
DA:159,2
DA:160,2
DA:161,2
DA:162,2
DA:163,2
DA:164,2
DA:165,2
DA:166,0
DA:167,0
DA:168,1
DA:169,1
DA:170,1
DA:171,1
DA:172,0
DA:173,0
DA:174,1
DA:175,1
DA:176,1
DA:178,0
DA:179,0
DA:180,0
DA:181,1
LH:105
LF:147
end_of_record
SF:C:/Users/akmoi/Desktop/VRproject/VRAssemblyApp/Assets/Scripts/PlayBackManager.cs
FN:20,Awake()
FN:31,IncrementErrorCount(System.Int32)
FN:36,IncrementHintCount(System.Int32)
FN:40,IncrementStepCount(System.Int32)
FN:45,OnDestroy()
FN:56,Update()
FN:65,SetPanelActive(State)
FN:79,OnFinishClicked()
FN:84,UpdateTimerDisplay()
FN:92,OnShowSolutionClicked()
FN:16,PlayBackManager()
FNDA:0,Awake()
FNDA:0,IncrementErrorCount(System.Int32)
FNDA:0,IncrementHintCount(System.Int32)
FNDA:0,IncrementStepCount(System.Int32)
FNDA:0,OnDestroy()
FNDA:0,Update()
FNDA:0,SetPanelActive(State)
FNDA:0,OnFinishClicked()
FNDA:0,UpdateTimerDisplay()
FNDA:0,OnShowSolutionClicked()
FNDA:0,PlayBackManager()
FNF:11
FNH:0
BRF:0
BRH:0
DA:16,0
DA:17,0
DA:20,0
DA:21,0
DA:22,0
DA:23,0
DA:24,0
DA:26,0
DA:27,0
DA:28,0
DA:31,0
DA:32,0
DA:33,0
DA:36,0
DA:37,0
DA:38,0
DA:40,0
DA:41,0
DA:42,0
DA:43,0
DA:45,0
DA:46,0
DA:47,0
DA:48,0
DA:49,0
DA:51,0
DA:52,0
DA:53,0
DA:56,0
DA:57,0
DA:58,0
DA:59,0
DA:60,0
DA:61,0
DA:62,0
DA:65,0
DA:66,0
DA:67,0
DA:68,0
DA:69,0
DA:70,0
DA:71,0
DA:72,0
DA:73,0
DA:74,0
DA:75,0
DA:76,0
DA:79,0
DA:80,0
DA:81,0
DA:84,0
DA:86,0
DA:87,0
DA:88,0
DA:89,0
DA:92,0
DA:94,0
DA:95,0
LH:0
LF:58
end_of_record
SF:C:/Users/akmoi/Desktop/VRproject/VRAssemblyApp/Assets/Scripts/PrefabManager.cs
FN:16,Awake()
FN:22,Start()
FN:28,LoadModels()
FN:33,OnFilesChanged(System.Collections.Generic.HashSet[String])
FN:102,HideAllPrefabs()
FN:113,DestroyAllPrefabs()
FN:126,OnDestroy()
FN:12,PrefabManager()
FN:43,ShowModel()
FNDA:6,Awake()
FNDA:5,Start()
FNDA:1,LoadModels()
FNDA:1,OnFilesChanged(System.Collections.Generic.HashSet[String])
FNDA:4,HideAllPrefabs()
FNDA:6,DestroyAllPrefabs()
FNDA:5,OnDestroy()
FNDA:6,PrefabManager()
FNDA:3,ShowModel()
FNF:9
FNH:9
BRF:0
BRH:0
DA:12,6
DA:16,6
DA:17,6
DA:18,6
DA:19,6
DA:22,5
DA:23,5
DA:24,5
DA:25,5
DA:28,1
DA:29,1
DA:30,1
DA:33,1
DA:34,1
DA:35,7
DA:36,2
DA:37,2
DA:38,2
DA:39,1
DA:40,1
DA:43,3
DA:44,3
DA:46,3
DA:47,0
DA:48,0
DA:49,0
DA:52,3
DA:53,3
DA:54,3
DA:55,3
DA:56,2
DA:57,2
DA:58,2
DA:59,1
DA:60,1
DA:61,1
DA:62,1
DA:64,1
DA:65,1
DA:67,1
DA:68,0
DA:69,0
DA:70,0
DA:71,1
DA:72,1
DA:73,1
DA:75,1
DA:76,1
DA:77,1
DA:78,2
DA:80,1
DA:81,1
DA:82,1
DA:83,3
DA:85,3
DA:86,1
DA:87,1
DA:88,1
DA:89,1
DA:91,1
DA:92,1
DA:93,1
DA:94,1
DA:95,1
DA:96,1
DA:97,1
DA:98,3
DA:102,4
DA:103,16
DA:104,2
DA:105,2
DA:106,2
DA:107,2
DA:108,2
DA:109,2
DA:110,4
DA:113,6
DA:114,26
DA:115,4
DA:116,4
DA:117,2
DA:118,2
DA:119,2
DA:120,4
DA:121,6
DA:122,6
DA:126,5
DA:127,5
DA:128,5
LH:83
LF:89
end_of_record
SF:C:/Users/akmoi/Desktop/VRproject/VRAssemblyApp/Assets/Scripts/RecordManager.cs
FN:12,Awake()
FN:18,OnFinishClicked()
FN:24,OnDestroy()
FN:30,SetPanelActive(State)
FNDA:0,Awake()
FNDA:0,OnFinishClicked()
FNDA:0,OnDestroy()
FNDA:0,SetPanelActive(State)
FNF:4
FNH:0
BRF:0
BRH:0
DA:12,0
DA:13,0
DA:14,0
DA:15,0
DA:18,0
DA:19,0
DA:20,0
DA:21,0
DA:24,0
DA:25,0
DA:26,0
DA:27,0
DA:30,0
DA:31,0
DA:32,0
LH:0
LF:15
end_of_record
SF:C:/Users/akmoi/Desktop/VRproject/VRAssemblyApp/Assets/Scripts/SaveSequence.cs
FN:32,ObjectData()
FN:32,ObjectData(ObjectData)
FN:35,Start()
FN:43,ModifyComponent(UnityEngine.GameObject)
FN:62,SaveComponent(UnityEngine.GameObject)
FN:90,RemoveComponent(UnityEngine.GameObject)
FN:102,SaveSequenceToJSON(System.String)
FN:27,SaveSequence()
FNDA:2,ObjectData()
FNDA:2,ObjectData(ObjectData)
FNDA:13,Start()
FNDA:1,ModifyComponent(UnityEngine.GameObject)
FNDA:5,SaveComponent(UnityEngine.GameObject)
FNDA:1,RemoveComponent(UnityEngine.GameObject)
FNDA:5,SaveSequenceToJSON(System.String)
FNDA:11,SaveSequence()
FNF:8
FNH:8
BRF:0
BRH:0
DA:27,11
DA:29,11
DA:32,2
DA:35,13
DA:36,13
DA:37,13
DA:38,1
DA:39,1
DA:40,1
DA:41,13
DA:43,1
DA:45,2
DA:47,1
DA:48,1
DA:50,1
DA:51,1
DA:52,1
DA:54,0
DA:56,0
DA:57,0
DA:58,1
DA:62,5
DA:63,5
DA:64,5
DA:65,5
DA:66,2
DA:67,2
DA:68,2
DA:69,1
DA:70,1
DA:71,1
DA:73,2
DA:75,5
DA:85,5
DA:86,5
DA:90,1
DA:92,2
DA:95,1
DA:96,1
DA:97,1
DA:98,1
DA:99,1
DA:102,5
DA:115,5
DA:116,5
DA:123,5
DA:126,5
LH:44
LF:47
end_of_record
SF:C:/Users/akmoi/Desktop/VRproject/VRAssemblyApp/Assets/Scripts/Screw.cs
FN:9,HandleInteraction()
FN:21,HandlePlayBackInteraction()
FN:63,HandleNormalInteraction()
FN:102,OnToolCollisionEnter(UnityEngine.Collider)
FN:107,OnToolCollisionExit(UnityEngine.Collider)
FN:113,StopScrewSound()
FN:6,Screw()
FNDA:4,HandleInteraction()
FNDA:2,HandlePlayBackInteraction()
FNDA:2,HandleNormalInteraction()
FNDA:2,OnToolCollisionEnter(UnityEngine.Collider)
FNDA:1,OnToolCollisionExit(UnityEngine.Collider)
FNDA:7,StopScrewSound()
FNDA:7,Screw()
FNF:7
FNH:7
BRF:0
BRH:0
DA:6,7
DA:7,7
DA:9,4
DA:10,4
DA:11,2
DA:12,2
DA:13,2
DA:14,2
DA:15,2
DA:16,2
DA:17,2
DA:18,4
DA:21,2
DA:22,2
DA:23,2
DA:24,2
DA:25,2
DA:26,2
DA:28,2
DA:29,2
DA:30,2
DA:31,2
DA:33,2
DA:34,1
DA:35,1
DA:36,1
DA:37,1
DA:39,1
DA:40,1
DA:41,1
DA:44,2
DA:45,2
DA:47,2
DA:48,2
DA:50,2
DA:52,2
DA:53,2
DA:54,2
DA:55,2
DA:56,2
DA:57,2
DA:58,2
DA:59,2
DA:60,2
DA:63,2
DA:64,2
DA:65,2
DA:66,2
DA:68,2
DA:69,2
DA:70,2
DA:71,2
DA:73,2
DA:74,1
DA:75,1
DA:76,1
DA:77,1
DA:79,1
DA:80,1
DA:81,1
DA:84,2
DA:85,2
DA:87,2
DA:88,2
DA:90,2
DA:92,2
DA:93,2
DA:94,2
DA:95,2
DA:96,2
DA:97,2
DA:98,2
DA:99,2
DA:102,2
DA:103,2
DA:104,2
DA:107,1
DA:108,1
DA:109,1
DA:110,1
DA:113,7
DA:114,7
DA:115,7
DA:116,7
LH:84
LF:84
end_of_record
SF:C:/Users/akmoi/Desktop/VRproject/VRAssemblyApp/Assets/Scripts/SequenceManager.cs
FN:20,InitializeSequence(System.Collections.Generic.List[ComponentData])
FN:28,IncrementCurrentStep()
FN:35,IncrementCurrentError()
FN:42,SaveBuildingSequence(UnityEngine.GameObject, System.String)
FN:56,ModifyBuildingSequence(UnityEngine.GameObject, System.String)
FN:70,RemoveComponentFromSequence(UnityEngine.GameObject, System.String)
FN:84,ValidateComponent(UnityEngine.GameObject)
FN:99,AssemblySequence()
FN:99,AssemblySequence(System.Collections.Generic.List[ComponentData])
FN:100,CurrentStep()
FN:100,CurrentStep(System.Int32)
FN:101,FinishTime()
FN:101,FinishTime(System.String)
FN:102,ErrorCount()
FN:102,ErrorCount(System.Int32)
FNDA:5,InitializeSequence(System.Collections.Generic.List[ComponentData])
FNDA:1,IncrementCurrentStep()
FNDA:2,IncrementCurrentError()
FNDA:1,SaveBuildingSequence(UnityEngine.GameObject, System.String)
FNDA:1,ModifyBuildingSequence(UnityEngine.GameObject, System.String)
FNDA:1,RemoveComponentFromSequence(UnityEngine.GameObject, System.String)
FNDA:2,ValidateComponent(UnityEngine.GameObject)
FNDA:3,AssemblySequence()
FNDA:3,AssemblySequence(System.Collections.Generic.List[ComponentData])
FNDA:3,CurrentStep()
FNDA:3,CurrentStep(System.Int32)
FNDA:2,FinishTime()
FNDA:2,FinishTime(System.String)
FNDA:4,ErrorCount()
FNDA:4,ErrorCount(System.Int32)
FNF:15
FNH:15
BRF:0
BRH:0
DA:20,5
DA:21,5
DA:22,5
DA:23,5
DA:24,5
DA:28,1
DA:29,1
DA:30,1
DA:31,1
DA:35,2
DA:36,2
DA:37,2
DA:38,2
DA:42,1
DA:43,1
DA:44,1
DA:45,1
DA:46,1
DA:47,1
DA:49,0
DA:50,0
DA:51,0
DA:52,1
DA:56,1
DA:57,1
DA:58,1
DA:59,1
DA:60,1
DA:61,1
DA:63,0
DA:64,0
DA:65,0
DA:66,1
DA:70,1
DA:71,1
DA:72,1
DA:73,1
DA:74,1
DA:75,1
DA:77,0
DA:78,0
DA:79,0
DA:80,1
DA:84,2
DA:85,2
DA:86,2
DA:87,1
DA:88,1
DA:89,1
DA:91,2
DA:92,2
DA:93,2
DA:94,2
DA:95,2
DA:97,2
DA:99,3
DA:100,3
DA:101,2
DA:102,4
LH:50
LF:59
end_of_record
SF:C:/Users/akmoi/Desktop/VRproject/VRAssemblyApp/Assets/Scripts/SequenceReader.cs
FN:28,CreateSnapObjectFromJSON()
FN:67,ReadJson(System.String, System.String)
FN:73,DeserializeJson(System.String)
FN:78,CreateSnapParentObject(UnityEngine.GameObject, RootObject)
FN:117,CalculateCenter(System.Collections.Generic.List[Vector3])
FN:129,SetTransform(UnityEngine.GameObject, ComponentData)
FN:142,CopyMeshAndMaterial(UnityEngine.GameObject, UnityEngine.GameObject)
FN:164,InitializeSnapParent(UnityEngine.GameObject)
FNDA:2,CreateSnapObjectFromJSON()
FNDA:1,ReadJson(System.String, System.String)
FNDA:1,DeserializeJson(System.String)
FNDA:1,CreateSnapParentObject(UnityEngine.GameObject, RootObject)
FNDA:1,CalculateCenter(System.Collections.Generic.List[Vector3])
FNDA:1,SetTransform(UnityEngine.GameObject, ComponentData)
FNDA:1,CopyMeshAndMaterial(UnityEngine.GameObject, UnityEngine.GameObject)
FNDA:1,InitializeSnapParent(UnityEngine.GameObject)
FNF:8
FNH:8
BRF:0
BRH:0
DA:28,2
DA:29,2
DA:30,2
DA:31,0
DA:32,0
DA:33,0
DA:36,2
DA:37,2
DA:39,2
DA:40,1
DA:41,1
DA:42,1
DA:44,1
DA:45,0
DA:46,0
DA:47,0
DA:50,1
DA:51,1
DA:52,0
DA:53,0
DA:54,0
DA:57,1
DA:58,1
DA:59,1
DA:62,1
DA:63,1
DA:64,2
DA:67,1
DA:68,1
DA:69,1
DA:70,1
DA:73,1
DA:74,1
DA:75,1
DA:78,1
DA:79,1
DA:80,1
DA:83,1
DA:85,5
DA:86,1
DA:87,1
DA:88,0
DA:89,0
DA:90,0
DA:93,1
DA:94,1
DA:95,1
DA:97,1
DA:98,1
DA:101,1
DA:102,1
DA:105,1
DA:108,5
DA:109,1
DA:110,1
DA:111,1
DA:113,1
DA:114,1
DA:117,1
DA:118,1
DA:120,1
DA:121,5
DA:122,1
DA:123,1
DA:124,1
DA:125,1
DA:126,1
DA:129,1
DA:130,1
DA:131,1
DA:132,1
DA:133,1
DA:135,1
DA:136,1
DA:137,1
DA:138,1
DA:139,1
DA:142,1
DA:143,1
DA:144,1
DA:145,1
DA:146,1
DA:148,1
DA:149,1
DA:150,1
DA:151,1
DA:152,1
DA:154,1
DA:155,1
DA:156,1
DA:157,1
DA:158,1
DA:159,1
DA:160,1
DA:161,1
DA:164,1
DA:165,1
DA:166,1
DA:167,1
DA:168,1
DA:169,1
DA:170,1
DA:171,1
DA:172,1
LH:92
LF:104
end_of_record
SF:C:/Users/akmoi/Desktop/VRproject/VRAssemblyApp/Assets/Scripts/SimpleHammer.cs
FN:11,Start()
FN:17,ProcessInteractable(UnityEngine.XR.Interaction.Toolkit.XRInteractionUpdateOrder/UpdatePhase)
FN:30,CalculateImpactForce()
FN:51,GetImpactDirection()
FN:56,PlayHammerSound()
FNDA:11,Start()
FNDA:66,ProcessInteractable(UnityEngine.XR.Interaction.Toolkit.XRInteractionUpdateOrder/UpdatePhase)
FNDA:1,CalculateImpactForce()
FNDA:5,GetImpactDirection()
FNDA:6,PlayHammerSound()
FNF:5
FNH:5
BRF:0
BRH:0
DA:11,11
DA:12,11
DA:13,11
DA:14,11
DA:17,66
DA:18,66
DA:20,66
DA:21,18
DA:22,18
DA:23,0
DA:24,0
DA:25,0
DA:26,18
DA:27,66
DA:30,1
DA:31,1
DA:32,1
DA:35,1
DA:38,1
DA:41,1
DA:44,1
DA:46,1
DA:47,1
DA:51,5
DA:52,5
DA:53,5
DA:56,6
DA:57,6
DA:58,1
DA:59,1
DA:60,1
DA:61,6
LH:29
LF:32
end_of_record
SF:C:/Users/akmoi/Desktop/VRproject/VRAssemblyApp/Assets/Scripts/SnapToPosition.cs
FN:25,SnapDistance()
FN:25,SnapDistance(System.Single)
FN:26,SnapAngle()
FN:26,SnapAngle(System.Single)
FN:29,Awake()
FN:34,Start()
FN:62,OnTriggerStay(UnityEngine.Collider)
FN:75,CheckSnap(UnityEngine.Collider)
FN:135,AddGrabbable(UnityEngine.Collider)
FN:18,SnapToPosition()
FNDA:0,SnapDistance()
FNDA:0,SnapDistance(System.Single)
FNDA:0,SnapAngle()
FNDA:0,SnapAngle(System.Single)
FNDA:8,Awake()
FNDA:6,Start()
FNDA:9,OnTriggerStay(UnityEngine.Collider)
FNDA:2,CheckSnap(UnityEngine.Collider)
FNDA:3,AddGrabbable(UnityEngine.Collider)
FNDA:6,SnapToPosition()
FNF:10
FNH:6
BRF:0
BRH:0
DA:18,6
DA:19,6
DA:21,6
DA:25,0
DA:26,0
DA:29,8
DA:30,8
DA:32,8
DA:34,6
DA:35,6
DA:37,32
DA:38,7
DA:40,7
DA:41,7
DA:43,7
DA:44,5
DA:45,5
DA:46,5
DA:48,7
DA:56,7
DA:57,7
DA:59,6
DA:62,9
DA:65,9
DA:66,0
DA:68,9
DA:69,1
DA:70,1
DA:71,1
DA:72,9
DA:75,2
DA:76,2
DA:77,0
DA:78,9
DA:79,2
DA:80,2
DA:81,2
DA:82,1
DA:84,1
DA:85,1
DA:87,1
DA:88,1
DA:90,1
DA:92,1
DA:93,1
DA:94,1
DA:95,1
DA:97,1
DA:98,1
DA:99,1
DA:101,1
DA:103,1
DA:105,1
DA:106,1
DA:107,1
DA:108,0
DA:109,0
DA:110,0
DA:111,0
DA:114,1
DA:116,1
DA:118,1
DA:120,1
DA:122,1
DA:124,1
DA:127,1
DA:129,0
DA:130,0
DA:131,1
DA:132,2
DA:135,3
DA:136,3
DA:138,3
DA:139,1
DA:141,1
DA:144,1
DA:145,1
DA:146,1
DA:147,1
DA:148,1
DA:150,1
DA:151,1
DA:153,2
DA:155,2
DA:156,2
DA:157,2
DA:158,2
DA:159,2
DA:162,2
DA:163,2
DA:165,3
DA:166,3
LH:82
LF:92
end_of_record
SF:C:/Users/akmoi/Desktop/VRproject/VRAssemblyApp/Assets/Scripts/StateManager.cs
FN:8,Instance()
FN:8,Instance(StateManager)
FN:9,CurrentState()
FN:9,CurrentState(State)
FN:13,Awake()
FN:25,UpdateState(State)
FNDA:318,Instance()
FNDA:318,Instance(StateManager)
FNDA:160,CurrentState()
FNDA:160,CurrentState(State)
FNDA:97,Awake()
FNDA:13,UpdateState(State)
FNF:6
FNH:6
BRF:0
BRH:0
DA:8,318
DA:9,160
DA:13,97
DA:14,97
DA:15,95
DA:16,95
DA:17,95
DA:19,2
DA:20,2
DA:21,2
DA:22,97
DA:25,13
DA:26,13
DA:27,13
DA:28,13
LH:15
LF:15
end_of_record
SF:C:/Users/akmoi/Desktop/VRproject/VRAssemblyApp/Assets/Scripts/Tool.cs
FN:8,SetManager(Manager)
FN:12,OnHoverEntered(UnityEngine.XR.Interaction.Toolkit.HoverEnterEventArgs)
FN:21,OnHoverExited(UnityEngine.XR.Interaction.Toolkit.HoverExitEventArgs)
FN:5,Tool()
FNDA:2,SetManager(Manager)
FNDA:1,OnHoverEntered(UnityEngine.XR.Interaction.Toolkit.HoverEnterEventArgs)
FNDA:1,OnHoverExited(UnityEngine.XR.Interaction.Toolkit.HoverExitEventArgs)
FNDA:28,Tool()
FNF:4
FNH:4
BRF:0
BRH:0
DA:5,28
DA:8,2
DA:9,2
DA:10,2
DA:12,1
DA:13,1
DA:14,1
DA:15,1
DA:16,1
DA:17,1
DA:18,1
DA:21,1
DA:22,1
DA:23,1
DA:24,1
DA:25,1
DA:26,1
DA:27,1
LH:18
LF:18
end_of_record
SF:C:/Users/akmoi/Desktop/VRproject/VRAssemblyApp/Assets/Scripts/ToolManager.cs
FN:13,HammerPrefab()
FN:13,HammerPrefab(UnityEngine.GameObject)
FN:14,DrillPrefab()
FN:14,DrillPrefab(UnityEngine.GameObject)
FN:15,ScrewDriverPrefab()
FN:15,ScrewDriverPrefab(UnityEngine.GameObject)
FN:16,ToolInstances()
FN:16,ToolInstances(System.Collections.Generic.Dictionary[GameObject,GameObject])
FN:19,Start()
FN:30,AttachToolToComponent(UnityEngine.GameObject, System.String)
FN:52,HideToolOnComponent(UnityEngine.GameObject)
FN:61,HideAllTools()
FN:11,ToolManager()
FNDA:18,HammerPrefab()
FNDA:18,HammerPrefab(UnityEngine.GameObject)
FNDA:18,DrillPrefab()
FNDA:18,DrillPrefab(UnityEngine.GameObject)
FNDA:18,ScrewDriverPrefab()
FNDA:18,ScrewDriverPrefab(UnityEngine.GameObject)
FNDA:8,ToolInstances()
FNDA:8,ToolInstances(System.Collections.Generic.Dictionary[GameObject,GameObject])
FNDA:17,Start()
FNDA:11,AttachToolToComponent(UnityEngine.GameObject, System.String)
FNDA:12,HideToolOnComponent(UnityEngine.GameObject)
FNDA:2,HideAllTools()
FNDA:12,ToolManager()
FNF:13
FNH:13
BRF:0
BRH:0
DA:11,12
DA:13,18
DA:14,18
DA:15,18
DA:16,8
DA:19,17
DA:20,17
DA:27,17
DA:30,11
DA:32,11
DA:34,11
DA:35,7
DA:36,7
DA:37,7
DA:38,7
DA:39,7
DA:40,7
DA:41,7
DA:44,7
DA:45,7
DA:48,4
DA:49,11
DA:52,12
DA:53,12
DA:54,2
DA:55,2
DA:56,2
DA:57,2
DA:58,12
DA:61,2
DA:62,10
DA:63,2
DA:64,2
DA:65,2
DA:66,2
DA:67,2
DA:68,2
DA:69,2
DA:70,2
LH:39
LF:39
end_of_record
SF:C:/Users/akmoi/Desktop/VRproject/VRAssemblyApp/Assets/Scripts/WoodenPin.cs
FN:14,HandleInteraction()
FN:31,HandleSocketTransformInteraction()
FN:68,HandleNormalInteraction()
FN:106,OnToolCollisionEnter(UnityEngine.Collider)
FN:112,OnToolCollisionExit(UnityEngine.Collider)
FN:6,WoodenPin()
FNDA:3,HandleInteraction()
FNDA:1,HandleSocketTransformInteraction()
FNDA:1,HandleNormalInteraction()
FNDA:2,OnToolCollisionEnter(UnityEngine.Collider)
FNDA:1,OnToolCollisionExit(UnityEngine.Collider)
FNDA:5,WoodenPin()
FNF:6
FNH:6
BRF:0
BRH:0
DA:6,5
DA:7,5
DA:9,5
DA:11,5
DA:14,3
DA:16,3
DA:17,1
DA:19,2
DA:20,1
DA:21,1
DA:22,1
DA:23,1
DA:24,1
DA:25,1
DA:26,1
DA:27,1
DA:28,3
DA:31,1
DA:32,1
DA:33,1
DA:35,1
DA:36,1
DA:38,1
DA:39,1
DA:40,1
DA:42,1
DA:45,1
DA:46,1
DA:47,1
DA:50,1
DA:52,1
DA:55,1
DA:56,1
DA:57,1
DA:58,1
DA:59,1
DA:61,1
DA:62,1
DA:64,1
DA:65,1
DA:68,1
DA:69,1
DA:70,1
DA:72,1
DA:73,1
DA:76,1
DA:77,1
DA:78,1
DA:80,1
DA:83,1
DA:84,1
DA:85,1
DA:88,1
DA:90,1
DA:93,1
DA:94,1
DA:95,1
DA:96,1
DA:97,1
DA:99,1
DA:100,1
DA:102,1
DA:103,1
DA:106,2
DA:107,2
DA:109,2
DA:112,1
DA:113,1
DA:114,1
LH:69
LF:69
end_of_record
