TN:
SF:C:/Users/akmoi/Desktop/VRproject/VRAssemblyApp/Assets/Test/EditModeTests/AppQuitTests.cs
FN:11,QuitApplication_InEditorMode_ShouldStopPlaying()
FN:28,QuitApplication_InBuild_ShouldQuitApplication()
FNDA:1,QuitApplication_InEditorMode_ShouldStopPlaying()
FNDA:1,QuitApplication_InBuild_ShouldQuitApplication()
FNF:2
FNH:2
BRF:0
BRH:0
DA:11,1
DA:14,1
DA:15,1
DA:18,1
DA:21,1
DA:22,1
DA:24,1
DA:28,1
DA:36,1
LH:9
LF:9
end_of_record
SF:C:/Users/akmoi/Desktop/VRproject/VRAssemblyApp/Assets/Test/EditModeTests/ComponentObjectTests.cs
FN:14,SetUp()
FN:21,TearDown()
FN:27,TestInitialValues()
FN:35,TestSetIsPlaced()
FN:42,TestSetIsReleased()
FN:49,TestSetComponentType()
FNDA:4,SetUp()
FNDA:4,TearDown()
FNDA:1,TestInitialValues()
FNDA:1,TestSetIsPlaced()
FNDA:1,TestSetIsReleased()
FNDA:1,TestSetComponentType()
FNF:6
FNH:6
BRF:0
BRH:0
DA:14,4
DA:15,4
DA:16,4
DA:17,4
DA:21,4
DA:22,4
DA:23,4
DA:27,1
DA:28,1
DA:29,1
DA:30,1
DA:31,1
DA:35,1
DA:36,1
DA:37,1
DA:38,1
DA:42,1
DA:43,1
DA:44,1
DA:45,1
DA:49,1
DA:50,1
DA:51,1
DA:52,1
LH:24
LF:24
end_of_record
SF:C:/Users/akmoi/Desktop/VRproject/VRAssemblyApp/Assets/Test/EditModeTests/ExtensionsTests.cs
FN:22,CopyPropertiesAndFields()
FN:39,CopyPropertiesAndFields_HandlesReadOnlyFields()
FN:53,CopyPropertiesAndFields_NullReferenceThrows()
FN:64,CopyPropertiesAndFields_NotCompatibleTypes()
FN:10,Name()
FN:10,Name(System.String)
FN:11,Age()
FN:11,Age(System.Int32)
FN:12,TestSource()
FN:16,Job()
FN:16,Job(System.String)
FNDA:1,CopyPropertiesAndFields()
FNDA:1,CopyPropertiesAndFields_HandlesReadOnlyFields()
FNDA:1,CopyPropertiesAndFields_NullReferenceThrows()
FNDA:1,CopyPropertiesAndFields_NotCompatibleTypes()
FNDA:12,Name()
FNDA:12,Name(System.String)
FNDA:12,Age()
FNDA:12,Age(System.Int32)
FNDA:7,TestSource()
FNDA:2,Job()
FNDA:2,Job(System.String)
FNF:11
FNH:11
BRF:0
BRH:0
DA:10,12
DA:11,12
DA:12,7
DA:16,2
DA:22,1
DA:24,1
DA:25,1
DA:26,1
DA:27,1
DA:30,1
DA:33,1
DA:34,1
DA:35,1
DA:39,1
DA:41,1
DA:42,1
DA:45,1
DA:48,1
DA:49,1
DA:53,1
DA:55,1
DA:56,1
DA:59,2
DA:60,1
DA:64,1
DA:66,1
DA:67,1
DA:68,1
DA:69,1
DA:70,1
DA:73,1
DA:75,1
DA:78,1
DA:79,1
DA:81,1
LH:35
LF:35
end_of_record
SF:C:/Users/akmoi/Desktop/VRproject/VRAssemblyApp/Assets/Test/EditModeTests/FileCheckerTests.cs
FN:15,SetUp()
FN:27,TearDown()
FN:42,DoesJsonFileExist_FileExists_ReturnsTrue()
FN:53,DoesJsonFileExist_FileDoesNotExist_ReturnsFalse()
FN:85,DoesJsonFileExist_InvalidDirectory_ReturnsFalse()
FN:61,DoesJsonFileExist_EmptyFileName_ReturnsFalse()
FN:73,DoesJsonFileExist_NullFileName_ReturnsFalse()
FNDA:5,SetUp()
FNDA:5,TearDown()
FNDA:1,DoesJsonFileExist_FileExists_ReturnsTrue()
FNDA:1,DoesJsonFileExist_FileDoesNotExist_ReturnsFalse()
FNDA:1,DoesJsonFileExist_InvalidDirectory_ReturnsFalse()
FNDA:1,DoesJsonFileExist_EmptyFileName_ReturnsFalse()
FNDA:1,DoesJsonFileExist_NullFileName_ReturnsFalse()
FNF:7
FNH:7
BRF:0
BRH:0
DA:15,5
DA:16,5
DA:17,5
DA:18,5
DA:19,5
DA:20,5
DA:22,5
DA:23,5
DA:27,5
DA:28,5
DA:29,5
DA:30,1
DA:31,1
DA:32,1
DA:34,5
DA:35,5
DA:36,5
DA:37,5
DA:38,5
DA:42,1
DA:43,1
DA:44,1
DA:46,1
DA:48,1
DA:49,1
DA:53,1
DA:54,1
DA:56,1
DA:57,1
DA:61,1
DA:62,1
DA:64,1
DA:66,1
DA:68,1
DA:69,1
DA:73,1
DA:74,1
DA:76,1
DA:78,1
DA:80,1
DA:81,1
DA:85,1
DA:86,1
DA:88,1
DA:89,1
LH:45
LF:45
end_of_record
SF:C:/Users/akmoi/Desktop/VRproject/VRAssemblyApp/Assets/Test/PlayModeTests/AudioManagerTests.cs
FN:13,Setup()
FN:28,Teardown()
FN:35,SingletonPattern_IsImplementedCorrectly()
FN:51,PlayScrewSound_SetsCorrectAudioClipAndPlays()
FN:69,PlayPopSound_SetsCorrectAudioClipAndPlays()
FN:87,StopSound_StopsPlayingAudio()
FN:101,SetPitch_AdjustsPitchCorrectly()
FNDA:5,Setup()
FNDA:5,Teardown()
FNDA:1,SingletonPattern_IsImplementedCorrectly()
FNDA:1,PlayScrewSound_SetsCorrectAudioClipAndPlays()
FNDA:1,PlayPopSound_SetsCorrectAudioClipAndPlays()
FNDA:1,StopSound_StopsPlayingAudio()
FNDA:1,SetPitch_AdjustsPitchCorrectly()
FNF:7
FNH:7
BRF:0
BRH:0
DA:13,5
DA:15,5
DA:16,5
DA:19,5
DA:22,5
DA:24,5
DA:28,5
DA:30,5
DA:31,5
DA:35,1
DA:37,1
DA:38,1
DA:41,1
DA:42,1
DA:45,1
DA:46,1
DA:51,1
DA:53,1
DA:54,1
DA:58,1
DA:61,1
DA:62,1
DA:63,1
DA:64,1
DA:65,1
DA:69,1
DA:71,1
DA:72,1
DA:76,1
DA:79,1
DA:80,1
DA:81,1
DA:82,1
DA:83,1
DA:87,1
DA:89,1
DA:90,1
DA:93,1
DA:96,1
DA:97,1
DA:101,1
DA:103,1
DA:106,1
DA:109,1
DA:110,1
DA:113,1
DA:114,1
DA:115,1
LH:48
LF:48
end_of_record
SF:C:/Users/akmoi/Desktop/VRproject/VRAssemblyApp/Assets/Test/PlayModeTests/BaseHammerTests.cs
FN:23,SetUp()
FN:42,GetImpactForce_ShouldReturnCurrentImpactForce()
FNDA:1,SetUp()
FNDA:1,GetImpactForce_ShouldReturnCurrentImpactForce()
FNF:2
FNH:2
BRF:0
BRH:0
DA:23,1
DA:25,1
DA:26,1
DA:29,1
DA:32,1
DA:35,1
DA:38,1
DA:42,1
DA:44,1
DA:47,1
DA:50,1
DA:51,1
LH:12
LF:12
end_of_record
SF:C:/Users/akmoi/Desktop/VRproject/VRAssemblyApp/Assets/Test/PlayModeTests/BaseScrewDriverTests.cs
FN:23,SetUp()
FN:35,GetRotationSpeed_ShouldReturnCurrentRotationSpeed()
FNDA:1,SetUp()
FNDA:1,GetRotationSpeed_ShouldReturnCurrentRotationSpeed()
FNF:2
FNH:2
BRF:0
BRH:0
DA:23,1
DA:24,1
DA:25,1
DA:28,1
DA:31,1
DA:35,1
DA:37,1
DA:40,1
DA:43,1
DA:44,1
LH:10
LF:10
end_of_record
SF:C:/Users/akmoi/Desktop/VRproject/VRAssemblyApp/Assets/Test/PlayModeTests/ComponentObjectTests.cs
FN:11,SetUp()
FN:19,TearDown()
FN:26,GetIsPlaced_ReturnsFalseByDefault()
FN:32,SetIsPlaced_SetsIsPlacedCorrectly()
FN:40,GetComponentType_ReturnsDefaultNone()
FN:46,SetComponentType_SetsComponentTypeCorrectly()
FN:54,GetGroup_ReturnsDefaultNone()
FN:60,SetGroup_SetsGroupCorrectly()
FN:68,IsReleased_PropertyWorksCorrectly()
FNDA:7,SetUp()
FNDA:7,TearDown()
FNDA:1,GetIsPlaced_ReturnsFalseByDefault()
FNDA:1,SetIsPlaced_SetsIsPlacedCorrectly()
FNDA:1,GetComponentType_ReturnsDefaultNone()
FNDA:1,SetComponentType_SetsComponentTypeCorrectly()
FNDA:1,GetGroup_ReturnsDefaultNone()
FNDA:1,SetGroup_SetsGroupCorrectly()
FNDA:1,IsReleased_PropertyWorksCorrectly()
FNF:9
FNH:9
BRF:0
BRH:0
DA:11,7
DA:13,7
DA:14,7
DA:15,7
DA:19,7
DA:21,7
DA:22,7
DA:26,1
DA:27,1
DA:28,1
DA:32,1
DA:33,1
DA:35,1
DA:36,1
DA:40,1
DA:41,1
DA:42,1
DA:46,1
DA:47,1
DA:49,1
DA:50,1
DA:54,1
DA:55,1
DA:56,1
DA:60,1
DA:61,1
DA:63,1
DA:64,1
DA:68,1
DA:69,1
DA:71,1
DA:72,1
LH:32
LF:32
end_of_record
SF:C:/Users/akmoi/Desktop/VRproject/VRAssemblyApp/Assets/Test/PlayModeTests/ComponentPositionerTests.cs
FN:16,Setup()
FN:30,Teardown()
FN:36,TestInitialization()
FN:84,TestProperties()
FN:135,TestScrollingLeft()
FN:148,TestScrollingRight()
FN:161,TestStopScrolling()
FN:173,TestScrollSounds()
FN:47,SpawnComponents_AddComponentsToTheParentObject()
FNDA:7,Setup()
FNDA:7,Teardown()
FNDA:1,TestInitialization()
FNDA:1,TestProperties()
FNDA:1,TestScrollingLeft()
FNDA:1,TestScrollingRight()
FNDA:1,TestStopScrolling()
FNDA:1,TestScrollSounds()
FNDA:1,SpawnComponents_AddComponentsToTheParentObject()
FNF:9
FNH:9
BRF:0
BRH:0
DA:16,7
DA:17,7
DA:18,7
DA:19,7
DA:20,7
DA:21,7
DA:24,7
DA:25,7
DA:26,7
DA:30,7
DA:31,7
DA:32,7
DA:36,1
DA:38,1
DA:40,1
DA:41,1
DA:42,1
DA:43,1
DA:47,1
DA:49,1
DA:50,1
DA:51,1
DA:52,1
DA:53,1
DA:54,1
DA:55,1
DA:56,1
DA:58,1
DA:59,1
DA:60,1
DA:62,1
DA:63,1
DA:65,1
DA:66,1
DA:68,1
DA:70,1
DA:71,1
DA:72,1
DA:74,1
DA:76,1
DA:77,1
DA:80,1
DA:84,1
DA:86,1
DA:87,1
DA:88,1
DA:89,1
DA:92,1
DA:93,1
DA:94,1
DA:95,1
DA:98,1
DA:99,1
DA:100,1
DA:103,1
DA:104,1
DA:105,1
DA:108,1
DA:109,1
DA:110,1
DA:113,1
DA:114,1
DA:115,1
DA:118,1
DA:119,1
DA:120,1
DA:123,1
DA:124,1
DA:127,1
DA:128,1
DA:129,1
DA:130,1
DA:131,1
DA:135,1
DA:136,1
DA:137,1
DA:139,1
DA:140,1
DA:142,1
DA:143,1
DA:144,1
DA:148,1
DA:149,1
DA:150,1
DA:152,1
DA:153,1
DA:155,1
DA:156,1
DA:157,1
DA:161,1
DA:162,1
DA:163,1
DA:164,1
DA:165,1
DA:167,1
DA:168,1
DA:169,1
DA:173,1
DA:174,1
DA:175,1
DA:177,1
DA:178,1
DA:179,1
LH:103
LF:103
end_of_record
SF:C:/Users/akmoi/Desktop/VRproject/VRAssemblyApp/Assets/Test/PlayModeTests/ConveyerLightsTests.cs
FN:15,SetUp()
FN:38,TearDown()
FN:79,BlinkInterval_SetterAndGetter_ShouldWorkCorrectly()
FN:63,OnToggleLightsCanceled_ShouldStopBlinkingAndTurnOffEmission()
FN:45,OnToggleLightsStarted_ShouldStartBlinking()
FNDA:3,SetUp()
FNDA:3,TearDown()
FNDA:1,BlinkInterval_SetterAndGetter_ShouldWorkCorrectly()
FNDA:1,OnToggleLightsCanceled_ShouldStopBlinkingAndTurnOffEmission()
FNDA:1,OnToggleLightsStarted_ShouldStartBlinking()
FNF:5
FNH:5
BRF:0
BRH:0
DA:15,3
DA:17,3
DA:18,3
DA:21,3
DA:22,3
DA:25,3
DA:28,3
DA:33,3
DA:34,3
DA:38,3
DA:40,3
DA:41,3
DA:45,1
DA:47,1
DA:50,1
DA:52,1
DA:53,1
DA:55,1
DA:57,1
DA:58,1
DA:59,1
DA:63,1
DA:65,1
DA:66,1
DA:68,1
DA:71,1
DA:73,1
DA:74,1
DA:75,1
DA:79,1
DA:81,1
DA:84,1
DA:87,1
DA:88,1
LH:34
LF:34
end_of_record
SF:C:/Users/akmoi/Desktop/VRproject/VRAssemblyApp/Assets/Test/PlayModeTests/DropDownManagerTests.cs
FN:18,SetUp()
FN:50,TearDown()
FN:57,LoadModelsIntoDropdown_ShouldPopulateDropdownOptions()
FN:17,SetUp()
FN:49,TearDown()
FN:56,LoadModelsIntoDropdown_ShouldPopulateDropdownOptions()
FNDA:0,SetUp()
FNDA:1,TearDown()
FNDA:0,LoadModelsIntoDropdown_ShouldPopulateDropdownOptions()
FNDA:1,SetUp()
FNDA:1,TearDown()
FNDA:1,LoadModelsIntoDropdown_ShouldPopulateDropdownOptions()
FNF:6
FNH:6
BRF:0
BRH:0
DA:17,1
DA:18,0
DA:19,1
DA:20,1
DA:21,0
DA:23,1
DA:24,1
DA:25,0
DA:29,1
DA:30,1
DA:31,0
DA:33,1
DA:34,1
DA:35,0
DA:37,1
DA:38,0
DA:42,1
DA:43,0
DA:45,1
DA:46,0
DA:49,1
DA:50,1
DA:51,1
DA:52,1
DA:53,0
DA:56,1
DA:57,0
DA:58,1
DA:59,0
DA:61,1
DA:62,0
DA:66,1
DA:67,1
DA:68,1
DA:69,1
DA:70,0
DA:71,1
DA:72,0
LH:24
LF:38
end_of_record
SF:C:/Users/akmoi/Desktop/VRproject/VRAssemblyApp/Assets/Test/PlayModeTests/FastenerTests.cs
FN:64,SetUp()
FN:94,TestFastenerInitialization()
FN:104,TestOnTriggerExit()
FN:123,TestOnTriggerExit_StateManagerCheck()
FN:147,TestOnTriggerEnter()
FN:172,TestOnTriggerEnter_StateManagerCheck()
FN:195,TestAlignWithComponent()
FN:215,TestHandleInteractionMethodCalled()
FN:226,TestSetSocketTransformMethodCalled()
FN:241,TearDown()
FN:253,TestPerformComponentRaycast_NoHit()
FNDA:9,SetUp()
FNDA:1,TestFastenerInitialization()
FNDA:1,TestOnTriggerExit()
FNDA:1,TestOnTriggerExit_StateManagerCheck()
FNDA:1,TestOnTriggerEnter()
FNDA:1,TestOnTriggerEnter_StateManagerCheck()
FNDA:1,TestAlignWithComponent()
FNDA:1,TestHandleInteractionMethodCalled()
FNDA:1,TestSetSocketTransformMethodCalled()
FNDA:9,TearDown()
FNDA:1,TestPerformComponentRaycast_NoHit()
FNF:11
FNH:11
BRF:0
BRH:0
DA:64,9
DA:65,9
DA:66,9
DA:68,9
DA:69,9
DA:72,9
DA:75,9
DA:76,9
DA:79,9
DA:82,9
DA:83,9
DA:85,9
DA:86,9
DA:87,9
DA:89,9
DA:90,9
DA:94,1
DA:96,1
DA:97,1
DA:98,1
DA:99,1
DA:104,1
DA:106,1
DA:109,1
DA:112,1
DA:115,1
DA:118,1
DA:119,1
DA:123,1
DA:125,1
DA:128,1
DA:131,1
DA:132,1
DA:135,1
DA:138,1
DA:141,1
DA:142,1
DA:147,1
DA:149,1
DA:153,1
DA:156,1
DA:157,1
DA:158,1
DA:161,1
DA:164,1
DA:167,1
DA:168,1
DA:172,1
DA:174,1
DA:177,1
DA:179,1
DA:183,1
DA:186,1
DA:189,1
DA:190,1
DA:195,1
DA:197,1
DA:198,1
DA:201,1
DA:204,1
DA:205,1
DA:208,1
DA:209,1
DA:210,1
DA:211,1
DA:215,1
DA:217,1
DA:220,1
DA:221,1
DA:226,1
DA:228,1
DA:231,1
DA:234,1
DA:235,1
DA:237,1
DA:241,9
DA:243,9
DA:244,9
DA:245,9
DA:246,9
DA:249,9
DA:253,1
DA:255,1
DA:256,1
DA:259,1
DA:263,1
DA:264,1
DA:265,1
DA:268,1
DA:274,1
DA:275,1
LH:91
LF:91
end_of_record
SF:C:/Users/akmoi/Desktop/VRproject/VRAssemblyApp/Assets/Test/PlayModeTests/FileBrowserTests.cs
FN:21,SetUp()
FN:47,TearDown()
FN:67,Start_FileBrowserCanvasIsHidden()
FN:77,ShowDialog_FileSelection_CopiesFileToModelsDirectory()
FN:105,OnFilesSelected_DirectoryCreation()
FN:131,OnFilesSelected_CopiesAndRenamesPdfFile()
FNDA:4,SetUp()
FNDA:4,TearDown()
FNDA:1,Start_FileBrowserCanvasIsHidden()
FNDA:1,ShowDialog_FileSelection_CopiesFileToModelsDirectory()
FNDA:1,OnFilesSelected_DirectoryCreation()
FNDA:1,OnFilesSelected_CopiesAndRenamesPdfFile()
FNF:6
FNH:6
BRF:0
BRH:0
DA:21,4
DA:22,4
DA:23,4
DA:25,4
DA:26,4
DA:28,4
DA:29,4
DA:30,0
DA:31,0
DA:32,0
DA:35,4
DA:36,4
DA:39,4
DA:40,4
DA:42,4
DA:43,4
DA:47,4
DA:48,4
DA:49,4
DA:51,4
DA:52,4
DA:53,4
DA:54,4
DA:56,4
DA:57,1
DA:59,4
DA:60,1
DA:61,1
DA:62,1
DA:63,4
DA:67,1
DA:68,1
DA:69,1
DA:72,1
DA:73,1
DA:77,1
DA:79,1
DA:80,1
DA:83,1
DA:84,1
DA:87,1
DA:88,1
DA:92,1
DA:93,1
DA:94,1
DA:97,1
DA:98,1
DA:99,1
DA:100,1
DA:105,1
DA:106,1
DA:107,1
DA:110,1
DA:111,0
DA:112,0
DA:113,0
DA:116,1
DA:119,1
DA:120,1
DA:121,1
DA:122,1
DA:126,1
DA:127,1
DA:131,1
DA:133,1
DA:134,1
DA:135,1
DA:139,1
DA:140,1
DA:141,0
DA:142,0
DA:143,0
DA:147,1
DA:148,1
DA:149,1
DA:150,1
DA:154,1
DA:157,1
DA:158,1
DA:161,1
DA:162,0
DA:163,0
DA:164,0
DA:165,1
DA:166,1
DA:167,1
DA:168,1
DA:171,1
LH:76
LF:88
end_of_record
SF:C:/Users/akmoi/Desktop/VRproject/VRAssemblyApp/Assets/Test/PlayModeTests/FileMonitorTests.cs
FN:18,SetUp()
FN:38,OnFilesChanged_ShouldInvokeEvent()
FN:61,EnsureModelDirectoryExists_ShouldCreateDirectory_WhenDirectoryDoesNotExist()
FN:85,TearDown()
FNDA:2,SetUp()
FNDA:1,OnFilesChanged_ShouldInvokeEvent()
FNDA:1,EnsureModelDirectoryExists_ShouldCreateDirectory_WhenDirectoryDoesNotExist()
FNDA:2,TearDown()
FNF:4
FNH:4
BRF:0
BRH:0
DA:18,2
DA:20,2
DA:21,2
DA:24,2
DA:25,2
DA:26,2
DA:29,2
DA:30,2
DA:33,2
DA:34,2
DA:38,1
DA:40,1
DA:46,1
DA:47,0
DA:48,0
DA:49,0
DA:50,0
DA:51,0
DA:54,1
DA:55,1
DA:57,1
DA:61,1
DA:63,1
DA:64,1
DA:67,1
DA:68,1
DA:69,1
DA:70,1
DA:73,1
DA:76,1
DA:79,1
DA:80,1
DA:85,2
DA:87,2
DA:88,2
DA:89,2
DA:90,2
DA:91,2
LH:33
LF:38
end_of_record
SF:C:/Users/akmoi/Desktop/VRproject/VRAssemblyApp/Assets/Test/PlayModeTests/InitializedDataManagerTests.cs
FN:20,Setup()
FN:55,Teardown()
FN:79,Start_InitializesDirectory()
FN:89,SaveComponentsData_CreatesJsonFile()
FN:105,SaveComponentsData_NoComponents_DoesNotCreateFile()
FN:122,LoadComponentsData_LoadsDataCorrectly()
FN:151,LoadComponentsData_NoFile_DoesNotThrowException()
FN:168,FindChildByName_ReturnsCorrectChild()
FN:182,FindChildByName_ReturnsNullIfNotFound()
FN:196,FindChildByName_EmptyName_ReturnsNull()
FN:207,LoadComponentsData_AddsComponentObjectIfNull()
FNDA:9,Setup()
FNDA:9,Teardown()
FNDA:1,Start_InitializesDirectory()
FNDA:1,SaveComponentsData_CreatesJsonFile()
FNDA:1,SaveComponentsData_NoComponents_DoesNotCreateFile()
FNDA:1,LoadComponentsData_LoadsDataCorrectly()
FNDA:1,LoadComponentsData_NoFile_DoesNotThrowException()
FNDA:1,FindChildByName_ReturnsCorrectChild()
FNDA:1,FindChildByName_ReturnsNullIfNotFound()
FNDA:1,FindChildByName_EmptyName_ReturnsNull()
FNDA:1,LoadComponentsData_AddsComponentObjectIfNull()
FNF:11
FNH:11
BRF:0
BRH:0
DA:20,9
DA:21,9
DA:22,9
DA:25,9
DA:26,9
DA:28,9
DA:29,9
DA:30,9
DA:32,9
DA:35,9
DA:36,9
DA:39,9
DA:40,9
DA:41,9
DA:42,9
DA:45,9
DA:46,9
DA:47,9
DA:49,9
DA:50,9
DA:55,9
DA:57,9
DA:58,9
DA:59,9
DA:60,33
DA:61,3
DA:62,3
DA:63,3
DA:66,9
DA:67,9
DA:70,9
DA:71,9
DA:72,9
DA:73,9
DA:79,1
DA:81,1
DA:84,1
DA:85,1
DA:89,1
DA:90,1
DA:92,1
DA:95,1
DA:96,1
DA:99,1
DA:100,1
DA:101,1
DA:105,1
DA:106,1
DA:109,1
DA:112,1
DA:115,1
DA:116,1
DA:117,1
DA:122,1
DA:123,1
DA:126,1
DA:129,1
DA:130,1
DA:132,1
DA:134,1
DA:135,1
DA:140,1
DA:143,1
DA:144,1
DA:146,1
DA:147,1
DA:151,1
DA:153,1
DA:155,1
DA:156,1
DA:157,0
DA:158,0
DA:159,0
DA:162,2
DA:163,1
DA:168,1
DA:170,1
DA:173,1
DA:177,1
DA:178,1
DA:182,1
DA:184,1
DA:187,1
DA:191,1
DA:192,1
DA:196,1
DA:198,1
DA:202,1
DA:203,1
DA:207,1
DA:209,1
DA:210,1
DA:214,1
DA:225,1
DA:227,1
DA:230,1
DA:231,1
DA:234,1
DA:236,1
DA:238,1
DA:239,1
DA:240,1
DA:241,1
DA:244,1
LH:101
LF:104
end_of_record
SF:C:/Users/akmoi/Desktop/VRproject/VRAssemblyApp/Assets/Test/PlayModeTests/ModelLoaderTests.cs
FN:13,SetUp()
FN:19,LoadFromFile_ShouldReturnGameObject()
FNDA:1,SetUp()
FNDA:1,LoadFromFile_ShouldReturnGameObject()
FNF:2
FNH:2
BRF:0
BRH:0
DA:13,1
DA:14,1
DA:15,1
DA:19,1
DA:20,1
DA:21,1
DA:22,1
DA:24,1
DA:26,1
DA:27,1
DA:28,1
LH:11
LF:11
end_of_record
SF:C:/Users/akmoi/Desktop/VRproject/VRAssemblyApp/Assets/Test/PlayModeTests/PdfLoaderTests.cs
FN:24,SetUp()
FN:46,TearDown()
FN:59,LoadPDF_FileDoesNotExist_CanActivePanelIsFalse()
FN:70,LoadPDF_ValidFileFromResources_CanActivePanelIsTrue()
FN:98,NextPage_UpdatesCurrentPageIndex_CreatesCorrectNumberOfImages()
FN:121,PreviousPage_UpdatesCurrentPageIndex()
FN:23,SetUp()
FN:45,TearDown()
FN:58,LoadPDF_FileDoesNotExist_CanActivePanelIsFalse()
FN:69,LoadPDF_ValidFileFromResources_CanActivePanelIsTrue()
FN:141,NextPage_UpdatesCurrentPageIndex_MethodInvoke()
FN:163,PreviousPage_UpdatesCurrentPageIndex_MethodInvoke()
FN:185,ShowPage_InvalidIndex_ShouldLogWarning()
FN:96,NextPage_UpdatesCurrentPageIndex_CreatesCorrectNumberOfImages()
FN:119,PreviousPage_UpdatesCurrentPageIndex()
FNDA:7,SetUp()
FNDA:0,TearDown()
FNDA:1,LoadPDF_FileDoesNotExist_CanActivePanelIsFalse()
FNDA:1,LoadPDF_ValidFileFromResources_CanActivePanelIsTrue()
FNDA:1,NextPage_UpdatesCurrentPageIndex_CreatesCorrectNumberOfImages()
FNDA:1,PreviousPage_UpdatesCurrentPageIndex()
FNDA:7,SetUp()
FNDA:7,TearDown()
FNDA:1,LoadPDF_FileDoesNotExist_CanActivePanelIsFalse()
FNDA:1,LoadPDF_ValidFileFromResources_CanActivePanelIsTrue()
FNDA:1,NextPage_UpdatesCurrentPageIndex_MethodInvoke()
FNDA:1,PreviousPage_UpdatesCurrentPageIndex_MethodInvoke()
FNDA:1,ShowPage_InvalidIndex_ShouldLogWarning()
FNDA:1,NextPage_UpdatesCurrentPageIndex_CreatesCorrectNumberOfImages()
FNDA:1,PreviousPage_UpdatesCurrentPageIndex()
FNF:15
FNH:15
BRF:0
BRH:0
DA:23,7
DA:24,7
DA:25,7
DA:26,0
DA:27,7
DA:28,7
DA:29,7
DA:30,7
DA:31,7
DA:32,7
DA:33,0
DA:34,7
DA:35,7
DA:36,7
DA:37,7
DA:38,7
DA:39,0
DA:40,7
DA:41,7
DA:42,0
DA:45,7
DA:46,0
DA:47,7
DA:48,7
DA:49,7
DA:50,7
DA:51,7
DA:52,7
DA:53,7
DA:54,7
DA:55,0
DA:58,1
DA:59,1
DA:60,0
DA:61,1
DA:62,0
DA:63,1
DA:64,1
DA:65,1
DA:66,0
DA:69,1
DA:70,1
DA:71,1
DA:72,0
DA:73,1
DA:74,1
DA:75,0
DA:76,1
DA:77,0
DA:79,1
DA:80,1
DA:81,1
DA:82,0
DA:83,1
DA:85,0
DA:87,18
DA:88,8
DA:89,8
DA:90,8
DA:91,8
DA:92,1
DA:93,0
DA:94,0
DA:96,1
DA:97,1
DA:98,1
DA:99,1
DA:100,0
DA:101,1
DA:103,1
DA:105,1
DA:107,1
DA:109,1
DA:111,1
DA:113,1
DA:114,1
DA:115,0
DA:116,0
DA:119,1
DA:120,1
DA:121,1
DA:122,1
DA:123,0
DA:124,1
DA:126,1
DA:128,1
DA:130,1
DA:132,1
DA:133,1
DA:134,0
DA:136,1
DA:137,1
DA:139,0
DA:140,0
DA:141,1
DA:142,1
DA:143,1
DA:144,1
DA:146,1
DA:148,1
DA:150,1
DA:152,1
DA:153,1
DA:156,1
DA:158,1
DA:159,1
DA:163,1
DA:164,1
DA:165,1
DA:166,1
DA:168,1
DA:170,1
DA:172,1
DA:174,1
DA:175,1
DA:178,1
DA:180,1
DA:181,1
DA:185,1
DA:188,1
DA:191,1
DA:192,1
DA:195,1
DA:196,1
DA:199,1
DA:200,1
DA:201,1
LH:104
LF:127
end_of_record
SF:C:/Users/akmoi/Desktop/VRproject/VRAssemblyApp/Assets/Test/PlayModeTests/PrefabManagerTests.cs
FN:20,SetUp()
FN:36,TearDown()
FN:125,DestroyAllPrefabs_ClearsThePrefabInstances()
FN:139,HideAllPrefabs_DisablesAllActivePrefabs()
FN:43,LoadModels_InvokesOnModelsLoadedEvent()
FN:94,ShowModel_DisplaysFailedToInstantiateModel()
FN:66,ShowModel_DisplaysTheCorrectModel()
FN:37,TearDown()
FN:127,DestroyAllPrefabs_ClearsThePrefabInstances()
FN:141,HideAllPrefabs_DisablesAllActivePrefabs()
FN:45,LoadModels_InvokesOnModelsLoadedEvent()
FN:96,ShowModel_DisplaysFailedToInstantiateModel()
FN:68,ShowModel_DisplaysTheCorrectModel()
FNDA:5,SetUp()
FNDA:0,TearDown()
FNDA:0,DestroyAllPrefabs_ClearsThePrefabInstances()
FNDA:0,HideAllPrefabs_DisablesAllActivePrefabs()
FNDA:0,LoadModels_InvokesOnModelsLoadedEvent()
FNDA:0,ShowModel_DisplaysFailedToInstantiateModel()
FNDA:0,ShowModel_DisplaysTheCorrectModel()
FNDA:5,TearDown()
FNDA:1,DestroyAllPrefabs_ClearsThePrefabInstances()
FNDA:1,HideAllPrefabs_DisablesAllActivePrefabs()
FNDA:1,LoadModels_InvokesOnModelsLoadedEvent()
FNDA:1,ShowModel_DisplaysFailedToInstantiateModel()
FNDA:1,ShowModel_DisplaysTheCorrectModel()
FNF:13
FNH:13
BRF:0
BRH:0
DA:20,5
DA:21,5
DA:22,5
DA:23,5
DA:24,0
DA:25,5
DA:26,5
DA:27,5
DA:28,0
DA:29,5
DA:30,5
DA:31,0
DA:32,5
DA:33,5
DA:36,0
DA:37,5
DA:38,5
DA:39,5
DA:40,5
DA:41,5
DA:43,0
DA:44,0
DA:45,1
DA:46,1
DA:47,2
DA:48,0
DA:49,1
DA:50,1
DA:51,1
DA:52,1
DA:53,1
DA:55,1
DA:57,1
DA:58,0
DA:59,1
DA:60,1
DA:61,1
DA:62,0
DA:63,1
DA:64,1
DA:66,0
DA:67,0
DA:68,1
DA:69,1
DA:70,1
DA:71,0
DA:73,1
DA:74,0
DA:76,1
DA:77,0
DA:78,0
DA:79,1
DA:80,1
DA:81,0
DA:83,1
DA:85,1
DA:86,0
DA:88,1
DA:89,0
DA:90,0
DA:91,1
DA:92,1
DA:94,0
DA:96,1
DA:97,0
DA:98,1
DA:99,1
DA:100,0
DA:102,1
DA:103,0
DA:105,1
DA:106,0
DA:107,0
DA:108,1
DA:109,1
DA:110,0
DA:112,1
DA:113,0
DA:115,1
DA:117,1
DA:119,0
DA:120,0
DA:121,1
DA:122,1
DA:125,0
DA:126,0
DA:127,1
DA:128,1
DA:129,1
DA:130,1
DA:132,1
DA:134,1
DA:135,0
DA:136,1
DA:137,1
DA:139,0
DA:141,1
DA:142,0
DA:143,1
DA:144,1
DA:145,0
DA:146,1
DA:147,1
DA:148,0
DA:149,0
DA:150,1
DA:151,1
DA:152,0
DA:154,1
DA:159,0
DA:161,1
DA:162,0
DA:163,0
DA:164,1
DA:165,1
DA:167,1
DA:168,0
DA:169,0
DA:170,1
DA:171,1
DA:172,0
DA:173,0
DA:174,1
DA:175,1
DA:176,1
LH:80
LF:125
end_of_record
SF:C:/Users/akmoi/Desktop/VRproject/VRAssemblyApp/Assets/Test/PlayModeTests/FastenerTests.cs
FN:283,SetField(System.Object, System.String, System.Object)
FN:292,GetField(System.Object, System.String)
FNDA:1,SetField(System.Object, System.String, System.Object)
FNDA:3,GetField(System.Object, System.String)
FNF:2
FNH:2
BRF:0
BRH:0
DA:283,1
DA:284,1
DA:285,1
DA:286,1
DA:287,1
DA:288,1
DA:289,1
DA:292,3
DA:293,3
DA:294,3
DA:295,3
DA:296,3
DA:298,0
DA:299,3
LH:13
LF:14
end_of_record
SF:C:/Users/akmoi/Desktop/VRproject/VRAssemblyApp/Assets/Test/PlayModeTests/SequenceManagerTests.cs
FN:196,ModifyComponentCalled()
FN:196,ModifyComponentCalled(System.Boolean)
FN:197,RemoveComponentCalled()
FN:197,RemoveComponentCalled(System.Boolean)
FN:198,SaveComponentCalled()
FN:198,SaveComponentCalled(System.Boolean)
FN:199,SaveSequenceToJSONCalled()
FN:199,SaveSequenceToJSONCalled(System.Boolean)
FN:202,ModifyComponent(UnityEngine.GameObject)
FN:207,RemoveComponent(UnityEngine.GameObject)
FN:212,SaveComponent(UnityEngine.GameObject)
FN:217,SaveSequenceToJSON(System.String)
FN:196,SaveSequenceMock()
FNDA:5,ModifyComponentCalled()
FNDA:5,ModifyComponentCalled(System.Boolean)
FNDA:5,RemoveComponentCalled()
FNDA:5,RemoveComponentCalled(System.Boolean)
FNDA:5,SaveComponentCalled()
FNDA:5,SaveComponentCalled(System.Boolean)
FNDA:9,SaveSequenceToJSONCalled()
FNDA:9,SaveSequenceToJSONCalled(System.Boolean)
FNDA:1,ModifyComponent(UnityEngine.GameObject)
FNDA:1,RemoveComponent(UnityEngine.GameObject)
FNDA:1,SaveComponent(UnityEngine.GameObject)
FNDA:3,SaveSequenceToJSON(System.String)
FNDA:5,SaveSequenceMock()
FNF:13
FNH:13
BRF:0
BRH:0
DA:196,5
DA:197,5
DA:198,5
DA:199,9
DA:202,1
DA:203,1
DA:204,1
DA:207,1
DA:208,1
DA:209,1
DA:212,1
DA:213,1
DA:214,1
DA:217,3
DA:218,3
DA:219,3
LH:16
LF:16
end_of_record
SF:C:/Users/akmoi/Desktop/VRproject/VRAssemblyApp/Assets/Test/PlayModeTests/SaveSequenceTests.cs
FN:18,SetUp()
FN:40,TearDown()
FN:51,NormalizeJson(System.String)
FN:57,CreateComponentObject(UnityEngine.GameObject, ComponentObject/Group, ComponentObject/ComponentType)
FN:189,ObjectDataProperty_GetsAndSetsCorrectly()
FN:211,StartMethod_InitializesDirectoryPathCorrectly()
FN:109,ModifyComponent_UpdatesJsonFileCorrectly()
FN:162,RemoveComponent_ResultsInEmptyJsonFile()
FN:66,SaveComponent_CreatesExpectedJsonFile()
FN:287,SaveComponent_DoesNotSetToolNameWhenToolIsNull()
FN:221,SaveComponent_SetsToolNameWhenFastenerAndToolArePresent()
FN:335,Start_CreatesDirectoryIfNotExists()
FN:337,Start_CreatesDirectoryIfNotExists()
FNDA:8,SetUp()
FNDA:8,TearDown()
FNDA:10,NormalizeJson(System.String)
FNDA:5,CreateComponentObject(UnityEngine.GameObject, ComponentObject/Group, ComponentObject/ComponentType)
FNDA:1,ObjectDataProperty_GetsAndSetsCorrectly()
FNDA:1,StartMethod_InitializesDirectoryPathCorrectly()
FNDA:1,ModifyComponent_UpdatesJsonFileCorrectly()
FNDA:1,RemoveComponent_ResultsInEmptyJsonFile()
FNDA:1,SaveComponent_CreatesExpectedJsonFile()
FNDA:1,SaveComponent_DoesNotSetToolNameWhenToolIsNull()
FNDA:1,SaveComponent_SetsToolNameWhenFastenerAndToolArePresent()
FNDA:0,Start_CreatesDirectoryIfNotExists()
FNDA:1,Start_CreatesDirectoryIfNotExists()
FNF:13
FNH:13
BRF:0
BRH:0
DA:18,8
DA:19,8
DA:21,8
DA:22,8
DA:25,8
DA:28,8
DA:29,8
DA:32,8
DA:33,0
DA:34,0
DA:35,0
DA:36,8
DA:40,8
DA:41,8
DA:42,5
DA:43,5
DA:44,5
DA:45,8
DA:46,8
DA:48,8
DA:51,10
DA:53,10
DA:54,10
DA:57,5
DA:58,5
DA:59,5
DA:60,5
DA:61,5
DA:62,5
DA:66,1
DA:67,1
DA:68,1
DA:70,1
DA:71,1
DA:74,1
DA:77,1
DA:80,1
DA:104,1
DA:105,1
DA:109,1
DA:111,1
DA:112,1
DA:114,1
DA:117,1
DA:118,1
DA:121,1
DA:124,1
DA:127,1
DA:130,1
DA:133,1
DA:157,1
DA:158,1
DA:162,1
DA:163,1
DA:164,1
DA:166,1
DA:167,1
DA:169,1
DA:172,1
DA:175,1
DA:178,1
DA:184,1
DA:185,1
DA:189,1
DA:191,1
DA:192,1
DA:203,1
DA:206,1
DA:207,1
DA:211,1
DA:213,1
DA:216,1
DA:217,1
DA:221,1
DA:223,1
DA:226,1
DA:227,1
DA:231,1
DA:234,1
DA:235,1
DA:238,1
DA:240,1
DA:242,1
DA:244,1
DA:247,1
DA:248,1
DA:251,1
DA:254,1
DA:257,1
DA:281,1
DA:282,1
DA:287,1
DA:289,1
DA:290,1
DA:291,1
DA:293,0
DA:295,1
DA:296,0
DA:297,0
DA:298,1
DA:299,1
DA:300,0
DA:302,1
DA:303,0
DA:305,1
DA:306,0
DA:308,1
DA:330,0
DA:331,0
DA:332,1
DA:333,1
DA:335,0
DA:337,1
DA:338,0
DA:339,1
DA:340,1
DA:341,1
DA:342,1
DA:343,0
DA:345,1
DA:347,1
DA:348,0
DA:349,1
DA:350,1
LH:109
LF:124
end_of_record
SF:C:/Users/akmoi/Desktop/VRproject/VRAssemblyApp/Assets/Test/PlayModeTests/SequenceManagerTests.cs
FN:17,SetUp()
FN:36,TearDown()
FN:44,InitializeSequence_ShouldInitializeProperly()
FN:54,IncrementCurrentStep_ShouldIncrementStepAndInvokeEvent()
FN:69,IncrementCurrentError_ShouldIncrementErrorAndInvokeEvent()
FN:84,SaveBuildingSequence_ShouldInvokeSaveMethods()
FN:107,ValidateComponent_ShouldIncrementErrorOnInvalidComponent()
FN:128,ModifyBuildingSequence_ShouldInvokeModifyComponentAndSaveSequenceToJSON()
FN:150,RemoveComponentFromSequence_ShouldInvokeRemoveComponentAndSaveSequenceToJSON()
FN:173,ValidateComponent_ShouldNotIncrementErrorOnValidComponent()
FN:183,FinishTime_ShouldSetAndGetCorrectly()
FNDA:9,SetUp()
FNDA:9,TearDown()
FNDA:1,InitializeSequence_ShouldInitializeProperly()
FNDA:1,IncrementCurrentStep_ShouldIncrementStepAndInvokeEvent()
FNDA:1,IncrementCurrentError_ShouldIncrementErrorAndInvokeEvent()
FNDA:1,SaveBuildingSequence_ShouldInvokeSaveMethods()
FNDA:1,ValidateComponent_ShouldIncrementErrorOnInvalidComponent()
FNDA:1,ModifyBuildingSequence_ShouldInvokeModifyComponentAndSaveSequenceToJSON()
FNDA:1,RemoveComponentFromSequence_ShouldInvokeRemoveComponentAndSaveSequenceToJSON()
FNDA:1,ValidateComponent_ShouldNotIncrementErrorOnValidComponent()
FNDA:1,FinishTime_ShouldSetAndGetCorrectly()
FNF:11
FNH:11
BRF:0
BRH:0
DA:17,9
DA:18,9
DA:20,9
DA:21,9
DA:24,9
DA:25,9
DA:27,9
DA:32,9
DA:36,9
DA:37,9
DA:38,9
DA:39,9
DA:40,9
DA:44,1
DA:45,1
DA:47,1
DA:48,1
DA:49,1
DA:50,1
DA:54,1
DA:55,1
DA:56,2
DA:58,1
DA:59,1
DA:61,1
DA:62,1
DA:64,1
DA:65,1
DA:69,1
DA:70,1
DA:71,3
DA:73,1
DA:74,1
DA:76,1
DA:77,1
DA:79,1
DA:80,1
DA:84,1
DA:86,1
DA:87,1
DA:90,1
DA:94,1
DA:97,1
DA:98,1
DA:101,1
DA:102,1
DA:107,1
DA:109,1
DA:112,1
DA:113,1
DA:114,1
DA:117,1
DA:120,1
DA:123,1
DA:124,1
DA:128,1
DA:130,1
DA:131,1
DA:134,1
DA:138,1
DA:141,1
DA:142,1
DA:145,1
DA:146,1
DA:150,1
DA:152,1
DA:153,1
DA:156,1
DA:160,1
DA:163,1
DA:164,1
DA:167,1
DA:168,1
DA:173,1
DA:174,1
DA:176,1
DA:178,1
DA:179,1
DA:183,1
DA:184,1
DA:186,1
DA:187,1
DA:189,1
DA:190,1
LH:84
LF:84
end_of_record
SF:C:/Users/akmoi/Desktop/VRproject/VRAssemblyApp/Assets/Test/PlayModeTests/SequenceReaderTests.cs
FN:23,SetUp()
FN:53,TearDown()
FN:135,CreateTestPrefab()
FN:73,TestCreateSnapObjectFromJSON_FileNotExist()
FN:95,TestCreateSnapObjectFromJSON_ValidFile()
FNDA:2,SetUp()
FNDA:2,TearDown()
FNDA:2,CreateTestPrefab()
FNDA:1,TestCreateSnapObjectFromJSON_FileNotExist()
FNDA:1,TestCreateSnapObjectFromJSON_ValidFile()
FNF:5
FNH:5
BRF:0
BRH:0
DA:23,2
DA:24,2
DA:25,2
DA:26,2
DA:28,2
DA:29,2
DA:30,2
DA:32,2
DA:34,2
DA:35,0
DA:36,0
DA:37,0
DA:39,2
DA:40,2
DA:42,2
DA:44,2
DA:45,2
DA:46,2
DA:47,2
DA:48,2
DA:49,2
DA:53,2
DA:54,2
DA:55,2
DA:56,2
DA:57,2
DA:58,2
DA:59,2
DA:60,2
DA:61,2
DA:62,2
DA:65,2
DA:66,1
DA:67,1
DA:68,1
DA:69,2
DA:73,1
DA:74,1
DA:75,1
DA:77,1
DA:78,0
DA:79,0
DA:80,0
DA:82,1
DA:84,1
DA:87,1
DA:88,1
DA:90,1
DA:91,1
DA:95,1
DA:96,1
DA:97,1
DA:119,1
DA:121,1
DA:123,1
DA:125,1
DA:127,1
DA:128,1
DA:132,1
DA:135,2
DA:136,2
DA:137,2
DA:138,2
DA:139,2
DA:140,2
DA:142,2
DA:143,2
LH:61
LF:67
end_of_record
SF:C:/Users/akmoi/Desktop/VRproject/VRAssemblyApp/Assets/Test/PlayModeTests/SimpleHammerTest.cs
FN:17,SetUp()
FN:42,TearDown()
FN:48,ProcessInteractable_WithDynamicPhaseAndSelected_UpdatesImpactForce()
FN:62,Start_SetsLastPosition()
FN:69,CalculateImpactForce_UpdatesImpactForceAndDirection()
FN:81,PlayHammerSound_AudioSourceIsNotNull_PlaysAudio()
FN:92,PlayHammerSound_AudioSourceIsNull_DoesNotThrowException()
FN:104,ProcessInteractable_WhenSelectedAndNoMovement_ImpactForceRemainsZero()
FN:117,SetPrivateField(System.Object, System.String, System.Object)
FNDA:6,SetUp()
FNDA:6,TearDown()
FNDA:1,ProcessInteractable_WithDynamicPhaseAndSelected_UpdatesImpactForce()
FNDA:1,Start_SetsLastPosition()
FNDA:1,CalculateImpactForce_UpdatesImpactForceAndDirection()
FNDA:1,PlayHammerSound_AudioSourceIsNotNull_PlaysAudio()
FNDA:1,PlayHammerSound_AudioSourceIsNull_DoesNotThrowException()
FNDA:1,ProcessInteractable_WhenSelectedAndNoMovement_ImpactForceRemainsZero()
FNDA:31,SetPrivateField(System.Object, System.String, System.Object)
FNF:9
FNH:9
BRF:0
BRH:0
DA:17,6
DA:18,6
DA:19,6
DA:20,6
DA:23,6
DA:24,6
DA:25,6
DA:26,6
DA:27,6
DA:30,6
DA:31,6
DA:32,6
DA:33,6
DA:34,6
DA:37,6
DA:38,6
DA:42,6
DA:43,6
DA:44,6
DA:48,1
DA:50,1
DA:53,1
DA:54,1
DA:56,1
DA:57,1
DA:58,1
DA:62,1
DA:63,1
DA:64,1
DA:65,1
DA:69,1
DA:70,1
DA:71,1
DA:73,1
DA:74,1
DA:75,1
DA:76,1
DA:77,1
DA:81,1
DA:82,1
DA:83,1
DA:85,1
DA:87,1
DA:88,1
DA:92,1
DA:93,1
DA:94,1
DA:96,2
DA:97,1
DA:104,1
DA:106,1
DA:109,1
DA:112,1
DA:114,1
DA:117,31
DA:118,31
DA:119,31
DA:120,24
DA:121,24
DA:122,24
DA:123,31
LH:61
LF:61
end_of_record
SF:C:/Users/akmoi/Desktop/VRproject/VRAssemblyApp/Assets/Test/PlayModeTests/StateManagerTests.cs
FN:15,SetUp()
FN:23,TearDown()
FN:30,TestSingletonInstance()
FN:48,TestUpdateState()
FN:78,TestAwakeDestroysDuplicateInstances()
FNDA:3,SetUp()
FNDA:3,TearDown()
FNDA:1,TestSingletonInstance()
FNDA:1,TestUpdateState()
FNDA:1,TestAwakeDestroysDuplicateInstances()
FNF:5
FNH:5
BRF:0
BRH:0
DA:15,3
DA:17,3
DA:18,3
DA:19,3
DA:23,3
DA:25,3
DA:26,3
DA:30,1
DA:32,1
DA:33,1
DA:36,1
DA:37,1
DA:40,1
DA:43,1
DA:44,1
DA:48,1
DA:50,1
DA:51,1
DA:54,1
DA:55,1
DA:56,1
DA:57,1
DA:58,1
DA:61,1
DA:62,1
DA:65,1
DA:66,1
DA:69,1
DA:70,0
DA:71,0
DA:72,0
DA:73,0
DA:74,1
DA:78,1
DA:80,1
DA:81,1
DA:84,1
DA:86,1
DA:89,1
DA:93,1
DA:96,1
DA:97,1
LH:38
LF:42
end_of_record
SF:C:/Users/akmoi/Desktop/VRproject/VRAssemblyApp/Assets/Test/PlayModeTests/FastenerTests.cs
FN:33,TestAlignWithComponent(UnityEngine.Vector3, UnityEngine.Vector3)
FN:38,TestHandleInteraction()
FN:43,TestOnToolCollisionEnter(UnityEngine.Collider)
FN:47,TestOnToolCollisionExit(UnityEngine.Collider)
FNDA:1,TestAlignWithComponent(UnityEngine.Vector3, UnityEngine.Vector3)
FNDA:1,TestHandleInteraction()
FNDA:0,TestOnToolCollisionEnter(UnityEngine.Collider)
FNDA:0,TestOnToolCollisionExit(UnityEngine.Collider)
FNF:4
FNH:2
BRF:0
BRH:0
DA:33,1
DA:34,1
DA:35,1
DA:38,1
DA:39,1
DA:40,1
DA:43,0
DA:44,0
DA:45,0
DA:47,0
DA:48,0
DA:49,0
LH:6
LF:12
end_of_record
SF:C:/Users/akmoi/Desktop/VRproject/VRAssemblyApp/Assets/Test/PlayModeTests/FastenerTests.cs
FN:7,HandleInteractionCalled()
FN:7,HandleInteractionCalled(System.Boolean)
FN:8,OnToolCollisionEnterCalled()
FN:8,OnToolCollisionEnterCalled(System.Boolean)
FN:9,OnToolCollisionExitCalled()
FN:9,OnToolCollisionExitCalled(System.Boolean)
FN:10,AlignWithComponentCalled()
FN:10,AlignWithComponentCalled(System.Boolean)
FN:13,HandleInteraction()
FN:18,OnToolCollisionEnter(UnityEngine.Collider)
FN:23,OnToolCollisionExit(UnityEngine.Collider)
FNDA:2,HandleInteractionCalled()
FNDA:2,HandleInteractionCalled(System.Boolean)
FNDA:2,OnToolCollisionEnterCalled()
FNDA:2,OnToolCollisionEnterCalled(System.Boolean)
FNDA:2,OnToolCollisionExitCalled()
FNDA:2,OnToolCollisionExitCalled(System.Boolean)
FNDA:0,AlignWithComponentCalled()
FNDA:0,AlignWithComponentCalled(System.Boolean)
FNDA:1,HandleInteraction()
FNDA:2,OnToolCollisionEnter(UnityEngine.Collider)
FNDA:2,OnToolCollisionExit(UnityEngine.Collider)
FNF:11
FNH:9
BRF:0
BRH:0
DA:7,2
DA:8,2
DA:9,2
DA:10,0
DA:13,1
DA:14,1
DA:15,1
DA:18,2
DA:19,2
DA:20,2
DA:23,2
DA:24,2
DA:25,2
LH:12
LF:13
end_of_record
SF:C:/Users/akmoi/Desktop/VRproject/VRAssemblyApp/Assets/Test/PlayModeTests/BaseHammerTests.cs
FN:11,ApplyForce()
FNDA:1,ApplyForce()
FNF:1
FNH:1
BRF:0
BRH:0
DA:11,1
DA:13,1
DA:14,1
LH:3
LF:3
end_of_record
SF:C:/Users/akmoi/Desktop/VRproject/VRAssemblyApp/Assets/Test/PlayModeTests/ToolTests.cs
FN:15,HoverEnterCalled()
FN:15,HoverEnterCalled(System.Boolean)
FN:16,HoverExitCalled()
FN:16,HoverExitCalled(System.Boolean)
FN:19,OnHoverEnter(UnityEngine.XR.Interaction.Toolkit.HoverEnterEventArgs)
FN:24,OnHoverExit(UnityEngine.XR.Interaction.Toolkit.HoverExitEventArgs)
FN:15,TestManager()
FNDA:4,HoverEnterCalled()
FNDA:4,HoverEnterCalled(System.Boolean)
FNDA:4,HoverExitCalled()
FNDA:4,HoverExitCalled(System.Boolean)
FNDA:1,OnHoverEnter(UnityEngine.XR.Interaction.Toolkit.HoverEnterEventArgs)
FNDA:1,OnHoverExit(UnityEngine.XR.Interaction.Toolkit.HoverExitEventArgs)
FNDA:4,TestManager()
FNF:7
FNH:7
BRF:0
BRH:0
DA:15,4
DA:16,4
DA:19,1
DA:20,1
DA:21,1
DA:24,1
DA:25,1
DA:26,1
LH:8
LF:8
end_of_record
SF:C:/Users/akmoi/Desktop/VRproject/VRAssemblyApp/Assets/Test/PlayModeTests/BaseScrewDriverTests.cs
FN:11,RotateScrewDriver()
FNDA:1,RotateScrewDriver()
FNF:1
FNH:1
BRF:0
BRH:0
DA:11,1
DA:13,1
DA:14,1
LH:3
LF:3
end_of_record
SF:C:/Users/akmoi/Desktop/VRproject/VRAssemblyApp/Assets/Test/PlayModeTests/ToolManagerTests.cs
FN:17,SetUp()
FN:47,TearDown()
FN:58,AttachToolToComponent_AttachesHammer()
FN:70,AttachToolToComponent_AttachesDrill()
FN:82,AttachToolToComponent_AttachesNull()
FN:90,AttachToolToComponent_ReplacesExistingTool()
FN:102,HideToolOnComponent_RemovesTool()
FN:112,HideAllTools_RemovesAllTools()
FNDA:6,SetUp()
FNDA:6,TearDown()
FNDA:1,AttachToolToComponent_AttachesHammer()
FNDA:1,AttachToolToComponent_AttachesDrill()
FNDA:1,AttachToolToComponent_AttachesNull()
FNDA:1,AttachToolToComponent_ReplacesExistingTool()
FNDA:1,HideToolOnComponent_RemovesTool()
FNDA:1,HideAllTools_RemovesAllTools()
FNF:8
FNH:8
BRF:0
BRH:0
DA:17,6
DA:19,6
DA:20,6
DA:23,6
DA:24,6
DA:25,6
DA:28,6
DA:29,6
DA:30,6
DA:33,6
DA:34,6
DA:35,6
DA:38,6
DA:41,6
DA:42,6
DA:47,6
DA:49,6
DA:50,6
DA:51,6
DA:52,6
DA:53,6
DA:54,6
DA:58,1
DA:59,1
DA:61,1
DA:62,1
DA:63,1
DA:64,1
DA:65,1
DA:66,1
DA:70,1
DA:71,1
DA:73,1
DA:74,1
DA:75,1
DA:76,1
DA:77,1
DA:78,1
DA:82,1
DA:83,1
DA:85,1
DA:86,1
DA:90,1
DA:91,1
DA:93,1
DA:95,1
DA:96,1
DA:97,1
DA:98,1
DA:102,1
DA:103,1
DA:105,1
DA:107,1
DA:108,1
DA:112,1
DA:113,1
DA:114,1
DA:115,1
DA:117,1
DA:119,1
DA:120,1
DA:121,1
LH:62
LF:62
end_of_record
SF:C:/Users/akmoi/Desktop/VRproject/VRAssemblyApp/Assets/Test/PlayModeTests/ToolTests.cs
FN:38,SetUp()
FN:53,TearDown()
FN:63,OnHoverEntered_CallsManagerOnHoverEnter()
FN:77,OnHoverExited_CallsManagerOnHoverExit()
FNDA:2,SetUp()
FNDA:2,TearDown()
FNDA:1,OnHoverEntered_CallsManagerOnHoverEnter()
FNDA:1,OnHoverExited_CallsManagerOnHoverExit()
FNF:4
FNH:4
BRF:0
BRH:0
DA:38,2
DA:39,2
DA:41,2
DA:42,2
DA:45,2
DA:48,2
DA:49,2
DA:53,2
DA:55,2
DA:56,2
DA:57,2
DA:59,2
DA:63,1
DA:65,1
DA:68,1
DA:69,1
DA:72,1
DA:73,1
DA:77,1
DA:79,1
DA:82,1
DA:83,1
DA:86,1
DA:87,1
LH:24
LF:24
end_of_record
SF:C:/Users/akmoi/Desktop/VRproject/VRAssemblyApp/Assets/Test/PlayModeTests/WoodenPinTests.cs
FN:18,Setup()
FN:40,TestHandleInteraction_CooldownNotElapsed()
FN:101,TestOnToolCollisionEnter()
FN:108,TestOnToolCollisionExit()
FN:116,TearDown()
FN:125,SetPrivateField(System.Object, System.String, System.Object)
FN:131,GetPrivateField(System.Object, System.String)
FN:137,InvokeProtectedMethod(System.Object, System.String, System.Object[])
FN:48,TestHandleInteraction_StatePlayBack()
FN:77,TestHandleInteraction_SufficientForce()
FNDA:5,Setup()
FNDA:1,TestHandleInteraction_CooldownNotElapsed()
FNDA:1,TestOnToolCollisionEnter()
FNDA:1,TestOnToolCollisionExit()
FNDA:5,TearDown()
FNDA:23,SetPrivateField(System.Object, System.String, System.Object)
FNDA:2,GetPrivateField(System.Object, System.String)
FNDA:6,InvokeProtectedMethod(System.Object, System.String, System.Object[])
FNDA:1,TestHandleInteraction_StatePlayBack()
FNDA:1,TestHandleInteraction_SufficientForce()
FNF:10
FNH:10
BRF:0
BRH:0
DA:18,5
DA:19,5
DA:20,5
DA:21,5
DA:22,5
DA:24,5
DA:25,5
DA:26,5
DA:28,5
DA:29,5
DA:31,5
DA:32,5
DA:33,5
DA:34,5
DA:35,5
DA:36,5
DA:40,1
DA:41,1
DA:42,1
DA:43,1
DA:44,1
DA:48,1
DA:49,1
DA:50,1
DA:53,1
DA:57,1
DA:60,1
DA:62,1
DA:64,1
DA:66,1
DA:67,1
DA:69,1
DA:72,1
DA:73,1
DA:77,1
DA:78,1
DA:79,1
DA:81,1
DA:83,1
DA:86,1
DA:87,1
DA:89,1
DA:90,1
DA:92,1
DA:93,1
DA:95,1
DA:96,1
DA:101,1
DA:102,1
DA:103,1
DA:104,1
DA:108,1
DA:109,1
DA:110,1
DA:111,1
DA:112,1
DA:116,5
DA:117,5
DA:118,5
DA:119,5
DA:120,5
DA:122,5
DA:125,23
DA:126,23
DA:127,23
DA:128,23
DA:131,2
DA:132,2
DA:133,2
DA:134,2
DA:137,6
DA:138,6
DA:139,6
DA:140,6
LH:74
LF:74
end_of_record
SF:C:/Users/akmoi/Desktop/VRproject/VRAssemblyApp/Assets/Scripts/ApplicationQuit.cs
FN:8,QuitApplication()
FNDA:1,QuitApplication()
FNF:1
FNH:1
BRF:0
BRH:0
DA:8,1
DA:11,1
DA:16,1
LH:3
LF:3
end_of_record
SF:C:/Users/akmoi/Desktop/VRproject/VRAssemblyApp/Assets/Scripts/AudioManager.cs
FN:7,Instance()
FN:7,Instance(AudioManager)
FN:14,Awake()
FN:40,PlayScrewSound()
FN:51,PlayPopSound()
FN:63,StopSound()
FN:71,SetPitch(System.Single)
FNDA:13,Instance()
FNDA:13,Instance(AudioManager)
FNDA:6,Awake()
FNDA:1,PlayScrewSound()
FNDA:1,PlayPopSound()
FNDA:1,StopSound()
FNDA:3,SetPitch(System.Single)
FNF:7
FNH:7
BRF:0
BRH:0
DA:7,13
DA:14,6
DA:16,6
DA:17,5
DA:18,5
DA:19,5
DA:20,5
DA:22,1
DA:23,1
DA:24,1
DA:28,5
DA:29,5
DA:30,5
DA:31,5
DA:33,5
DA:34,5
DA:35,5
DA:36,5
DA:37,6
DA:40,1
DA:41,1
DA:42,1
DA:43,1
DA:44,1
DA:45,1
DA:46,1
DA:47,1
DA:48,1
DA:51,1
DA:52,1
DA:53,1
DA:54,1
DA:55,1
DA:56,1
DA:57,1
DA:58,1
DA:59,1
DA:63,1
DA:64,1
DA:65,1
DA:66,1
DA:67,1
DA:68,1
DA:71,3
DA:72,3
DA:73,3
DA:74,3
DA:75,3
DA:76,3
LH:49
LF:49
end_of_record
SF:C:/Users/akmoi/Desktop/VRproject/VRAssemblyApp/Assets/Scripts/AutomaticPlacementManager.cs
FN:13,PlaceInitialComponent(System.Collections.Generic.List[ComponentData], System.Collections.Generic.List[Transform], SnapToPosition)
FN:36,PlaceAllComponentsGradually(System.Single, SnapToPosition, System.Collections.Generic.List[ComponentData], System.Collections.Generic.List[Transform], ToolManager)
FN:130,CleanupPreviousClones()
FN:7,AutomaticPlacementManager()
FN:70,PlaceAllComponentsGraduallyCoroutine()
FN:151,SmoothMoveComponent()
FNDA:0,PlaceInitialComponent(System.Collections.Generic.List[ComponentData], System.Collections.Generic.List[Transform], SnapToPosition)
FNDA:0,PlaceAllComponentsGradually(System.Single, SnapToPosition, System.Collections.Generic.List[ComponentData], System.Collections.Generic.List[Transform], ToolManager)
FNDA:0,CleanupPreviousClones()
FNDA:0,AutomaticPlacementManager()
FNDA:0,PlaceAllComponentsGraduallyCoroutine()
FNDA:0,SmoothMoveComponent()
FNF:6
FNH:0
BRF:0
BRH:0
DA:7,0
DA:10,0
DA:13,0
DA:14,0
DA:15,0
DA:17,0
DA:20,0
DA:21,0
DA:22,0
DA:24,0
DA:26,0
DA:27,0
DA:29,0
DA:30,0
DA:31,0
DA:32,0
DA:33,0
DA:36,0
DA:38,0
DA:41,0
DA:42,0
DA:43,0
DA:46,0
DA:47,0
DA:48,0
DA:49,0
DA:52,0
DA:53,0
DA:54,0
DA:55,0
DA:56,0
DA:59,0
DA:60,0
DA:61,0
DA:62,0
DA:63,0
DA:66,0
DA:67,0
DA:70,0
DA:71,0
DA:72,0
DA:74,0
DA:76,0
DA:77,0
DA:78,0
DA:79,0
DA:80,0
DA:83,0
DA:84,0
DA:85,0
DA:86,0
DA:88,0
DA:89,0
DA:90,0
DA:91,0
DA:93,0
DA:95,0
DA:96,0
DA:98,0
DA:100,0
DA:101,0
DA:102,0
DA:103,0
DA:104,0
DA:105,0
DA:107,0
DA:108,0
DA:109,0
DA:110,0
DA:112,0
DA:113,0
DA:114,0
DA:115,0
DA:116,0
DA:117,0
DA:118,0
DA:119,0
DA:121,0
DA:124,0
DA:126,0
DA:127,0
DA:130,0
DA:132,0
DA:133,0
DA:134,0
DA:135,0
DA:138,0
DA:139,0
DA:140,0
DA:141,0
DA:142,0
DA:143,0
DA:144,0
DA:147,0
DA:148,0
DA:151,0
DA:152,0
DA:153,0
DA:154,0
DA:156,0
DA:157,0
DA:159,0
DA:162,0
DA:163,0
DA:166,0
DA:169,0
DA:170,0
DA:173,0
DA:174,0
DA:175,0
LH:0
LF:110
end_of_record
SF:C:/Users/akmoi/Desktop/VRproject/VRAssemblyApp/Assets/Scripts/BaseHammer.cs
FN:13,GetImpactForce()
FN:5,BaseHammer()
FNDA:3,GetImpactForce()
FNDA:12,BaseHammer()
FNF:2
FNH:2
BRF:0
BRH:0
DA:5,12
DA:9,12
DA:10,12
DA:13,3
DA:14,3
DA:15,3
LH:6
LF:6
end_of_record
SF:C:/Users/akmoi/Desktop/VRproject/VRAssemblyApp/Assets/Scripts/BaseScrewDriver.cs
FN:9,SpeedMultiplier()
FN:9,SpeedMultiplier(System.Single)
FN:14,GetRotationSpeed()
FN:6,BaseScrewDriver()
FNDA:1,SpeedMultiplier()
FNDA:1,SpeedMultiplier(System.Single)
FNDA:1,GetRotationSpeed()
FNDA:1,BaseScrewDriver()
FNF:4
FNH:4
BRF:0
BRH:0
DA:6,1
DA:9,1
DA:14,1
DA:15,1
DA:16,1
LH:5
LF:5
end_of_record
SF:C:/Users/akmoi/Desktop/VRproject/VRAssemblyApp/Assets/Scripts/ComponentObject.cs
FN:31,IsReleased()
FN:31,IsReleased(System.Boolean)
FN:34,GetIsPlaced()
FN:39,SetIsPlaced(System.Boolean)
FN:44,GetComponentType()
FN:49,GetGroup()
FN:54,SetGroup(ComponentObject/Group)
FN:58,SetComponentType(ComponentObject/ComponentType)
FN:5,ComponentObject()
FNDA:5,IsReleased()
FNDA:5,IsReleased(System.Boolean)
FNDA:4,GetIsPlaced()
FNDA:2,SetIsPlaced(System.Boolean)
FNDA:13,GetComponentType()
FNDA:12,GetGroup()
FNDA:19,SetGroup(ComponentObject/Group)
FNDA:10,SetComponentType(ComponentObject/ComponentType)
FNDA:41,ComponentObject()
FNF:9
FNH:9
BRF:0
BRH:0
DA:5,41
DA:6,41
DA:26,41
DA:27,41
DA:31,5
DA:34,4
DA:35,4
DA:36,4
DA:39,2
DA:40,2
DA:41,2
DA:44,13
DA:45,13
DA:46,13
DA:49,12
DA:50,12
DA:51,12
DA:54,19
DA:55,19
DA:56,19
DA:58,10
DA:59,10
DA:60,10
LH:23
LF:23
end_of_record
SF:C:/Users/akmoi/Desktop/VRproject/VRAssemblyApp/Assets/Scripts/ComponentPositioner.cs
FN:38,ButtonRightPressed()
FN:38,ButtonRightPressed(System.Boolean)
FN:39,ButtonLeftPressed()
FN:39,ButtonLeftPressed(System.Boolean)
FN:40,Parent()
FN:40,Parent(UnityEngine.GameObject)
FN:41,TableRoll()
FN:41,TableRoll(UnityEngine.GameObject)
FN:42,AudioSource()
FN:42,AudioSource(UnityEngine.AudioSource)
FN:43,StartScrollClip()
FN:43,StartScrollClip(UnityEngine.AudioClip)
FN:44,LoopScrollClip()
FN:44,LoopScrollClip(UnityEngine.AudioClip)
FN:45,ScrollSpeed()
FN:45,ScrollSpeed(System.Single)
FN:46,IsScrolling()
FN:46,IsScrolling(System.Boolean)
FN:49,Start()
FN:68,Update()
FN:98,SpawnComponents()
FN:165,ScrollLeft()
FN:227,ScrollRight()
FN:289,StartScrolling()
FN:303,StopScrolling()
FN:312,StartLoopingSound()
FN:12,ComponentPositioner()
FNDA:6,ButtonRightPressed()
FNDA:6,ButtonRightPressed(System.Boolean)
FNDA:6,ButtonLeftPressed()
FNDA:6,ButtonLeftPressed(System.Boolean)
FNDA:2,Parent()
FNDA:2,Parent(UnityEngine.GameObject)
FNDA:21,TableRoll()
FNDA:21,TableRoll(UnityEngine.GameObject)
FNDA:20,AudioSource()
FNDA:20,AudioSource(UnityEngine.AudioSource)
FNDA:2,StartScrollClip()
FNDA:2,StartScrollClip(UnityEngine.AudioClip)
FNDA:3,LoopScrollClip()
FNDA:3,LoopScrollClip(UnityEngine.AudioClip)
FNDA:2,ScrollSpeed()
FNDA:2,ScrollSpeed(System.Single)
FNDA:7,IsScrolling()
FNDA:7,IsScrolling(System.Boolean)
FNDA:6,Start()
FNDA:6,Update()
FNDA:1,SpawnComponents()
FNDA:1,ScrollLeft()
FNDA:1,ScrollRight()
FNDA:3,StartScrolling()
FNDA:4,StopScrolling()
FNDA:1,StartLoopingSound()
FNDA:7,ComponentPositioner()
FNF:27
FNH:27
BRF:0
BRH:0
DA:12,7
DA:16,7
DA:21,7
DA:31,7
DA:32,7
DA:34,7
DA:35,7
DA:38,6
DA:39,6
DA:40,2
DA:41,21
DA:42,20
DA:43,2
DA:44,3
DA:45,2
DA:46,7
DA:49,6
DA:50,6
DA:51,6
DA:52,6
DA:54,6
DA:56,6
DA:57,5
DA:58,5
DA:59,5
DA:61,6
DA:62,6
DA:63,6
DA:64,6
DA:65,6
DA:68,6
DA:69,6
DA:70,1
DA:71,1
DA:72,1
DA:73,1
DA:74,5
DA:75,1
DA:76,1
DA:77,1
DA:78,1
DA:80,4
DA:81,4
DA:82,4
DA:84,6
DA:85,2
DA:86,2
DA:87,1
DA:88,1
DA:89,1
DA:91,1
DA:92,1
DA:93,1
DA:94,2
DA:95,6
DA:98,1
DA:99,1
DA:100,0
DA:101,0
DA:102,0
DA:105,1
DA:107,1
DA:108,1
DA:109,1
DA:113,1
DA:114,1
DA:115,1
DA:118,6
DA:119,2
DA:120,2
DA:121,2
DA:122,2
DA:123,2
DA:124,2
DA:125,2
DA:126,2
DA:128,2
DA:129,2
DA:130,2
DA:132,2
DA:134,2
DA:135,2
DA:137,2
DA:138,2
DA:139,2
DA:140,2
DA:143,2
DA:144,2
DA:145,2
DA:146,2
DA:148,0
DA:149,0
DA:150,0
DA:151,2
DA:152,2
DA:154,1
DA:156,6
DA:157,2
DA:158,2
DA:159,2
DA:160,1
DA:161,1
DA:162,1
DA:165,1
DA:166,1
DA:167,1
DA:170,3
DA:171,0
DA:172,0
DA:173,0
DA:174,0
DA:177,0
DA:178,0
DA:179,0
DA:180,0
DA:181,0
DA:182,0
DA:183,0
DA:186,1
DA:187,0
DA:188,0
DA:189,0
DA:190,0
DA:192,0
DA:193,0
DA:194,0
DA:195,0
DA:196,0
DA:197,0
DA:198,0
DA:199,0
DA:201,0
DA:202,0
DA:203,0
DA:205,0
DA:206,0
DA:207,0
DA:208,0
DA:209,0
DA:210,0
DA:213,3
DA:214,0
DA:215,0
DA:216,0
DA:217,0
DA:218,0
DA:220,0
DA:221,0
DA:222,0
DA:223,0
DA:224,1
DA:227,1
DA:228,1
DA:229,1
DA:232,3
DA:233,0
DA:234,0
DA:235,0
DA:236,0
DA:239,0
DA:240,0
DA:241,0
DA:242,0
DA:243,0
DA:244,0
DA:245,0
DA:248,1
DA:249,0
DA:250,0
DA:251,0
DA:252,0
DA:254,0
DA:255,0
DA:256,0
DA:257,0
DA:258,0
DA:259,0
DA:260,0
DA:261,0
DA:263,0
DA:264,0
DA:265,0
DA:267,0
DA:268,0
DA:269,0
DA:270,0
DA:271,0
DA:272,0
DA:275,3
DA:276,0
DA:277,0
DA:278,0
DA:279,0
DA:280,0
DA:282,0
DA:283,0
DA:284,0
DA:285,0
DA:286,1
DA:289,3
DA:290,3
DA:291,0
DA:292,0
DA:293,0
DA:296,0
DA:297,0
DA:299,3
DA:300,3
DA:303,4
DA:304,4
DA:305,4
DA:306,4
DA:307,4
DA:308,4
DA:309,4
DA:312,1
DA:313,1
DA:314,1
DA:315,1
DA:316,1
DA:317,1
DA:318,1
LH:129
LF:222
end_of_record
SF:C:/Users/akmoi/Desktop/VRproject/VRAssemblyApp/Assets/Scripts/ConveyerLights.cs
FN:13,BlinkInterval()
FN:13,BlinkInterval(System.Single)
FN:16,OnToggleLightsStarted()
FN:24,OnToggleLightsCanceled()
FN:50,ToggleEmission(UnityEngine.Material, System.Boolean)
FN:63,TurnOffEmission(UnityEngine.Material)
FN:9,ConveyerLights()
FN:35,BlinkMaterials()
FNDA:5,BlinkInterval()
FNDA:5,BlinkInterval(System.Single)
FNDA:2,OnToggleLightsStarted()
FNDA:1,OnToggleLightsCanceled()
FNDA:8,ToggleEmission(UnityEngine.Material, System.Boolean)
FNDA:2,TurnOffEmission(UnityEngine.Material)
FNDA:3,ConveyerLights()
FNDA:2,BlinkMaterials()
FNF:8
FNH:8
BRF:0
BRH:0
DA:9,3
DA:13,5
DA:16,2
DA:17,2
DA:18,2
DA:19,2
DA:20,2
DA:21,2
DA:24,1
DA:25,1
DA:26,1
DA:27,1
DA:28,1
DA:29,1
DA:30,1
DA:31,1
DA:32,1
DA:35,2
DA:36,3
DA:37,3
DA:38,3
DA:39,3
DA:41,2
DA:42,2
DA:44,2
DA:45,1
DA:46,1
DA:50,8
DA:51,8
DA:52,5
DA:53,5
DA:54,5
DA:55,5
DA:57,3
DA:58,3
DA:59,3
DA:60,8
DA:63,2
DA:64,2
DA:65,2
LH:40
LF:40
end_of_record
SF:C:/Users/akmoi/Desktop/VRproject/VRAssemblyApp/Assets/Scripts/DropDownManager.cs
FN:11,Start()
FN:18,LoadModelsIntoDropdown(System.Collections.Generic.List[String])
FN:30,OnDropdownValueChanged(System.Int32)
FNDA:0,Start()
FNDA:1,LoadModelsIntoDropdown(System.Collections.Generic.List[String])
FNDA:1,OnDropdownValueChanged(System.Int32)
FNF:3
FNH:2
BRF:0
BRH:0
DA:11,0
DA:12,0
DA:13,0
DA:14,0
DA:15,0
DA:18,1
DA:19,1
DA:20,9
DA:21,3
DA:22,3
DA:23,3
DA:24,1
DA:26,1
DA:27,1
DA:30,1
DA:31,1
DA:32,0
DA:33,0
DA:34,0
DA:37,1
DA:38,1
DA:39,1
LH:14
LF:22
end_of_record
SF:C:/Users/akmoi/Desktop/VRproject/VRAssemblyApp/Assets/Scripts/EletricScrewDriver.cs
FN:10,Start()
FN:21,ProcessInteractable(UnityEngine.XR.Interaction.Toolkit.XRInteractionUpdateOrder/UpdatePhase)
FN:65,RotateScrewDriver()
FN:75,StopScrewDriverSound()
FN:7,ElectricScrewDriver()
FNDA:0,Start()
FNDA:0,ProcessInteractable(UnityEngine.XR.Interaction.Toolkit.XRInteractionUpdateOrder/UpdatePhase)
FNDA:0,RotateScrewDriver()
FNDA:0,StopScrewDriverSound()
FNDA:0,ElectricScrewDriver()
FNF:5
FNH:0
BRF:0
BRH:0
DA:7,0
DA:10,0
DA:11,0
DA:12,0
DA:13,0
DA:14,0
DA:15,0
DA:16,0
DA:17,0
DA:18,0
DA:21,0
DA:22,0
DA:24,0
DA:25,0
DA:26,0
DA:27,0
DA:28,0
DA:30,0
DA:31,0
DA:32,0
DA:35,0
DA:36,0
DA:37,0
DA:38,0
DA:39,0
DA:40,0
DA:41,0
DA:42,0
DA:43,0
DA:45,0
DA:48,0
DA:49,0
DA:50,0
DA:51,0
DA:52,0
DA:53,0
DA:54,0
DA:55,0
DA:56,0
DA:58,0
DA:59,0
DA:60,0
DA:61,0
DA:62,0
DA:65,0
DA:66,0
DA:67,0
DA:68,0
DA:69,0
DA:70,0
DA:71,0
DA:72,0
DA:75,0
DA:76,0
DA:77,0
DA:78,0
DA:79,0
DA:80,0
DA:81,0
DA:82,0
DA:83,0
LH:0
LF:61
end_of_record
SF:C:/Users/akmoi/Desktop/VRproject/VRAssemblyApp/Assets/Scripts/Extensions.cs
FN:8,CopyPropertiesAndFields(System.Object, System.Object)
FNDA:4,CopyPropertiesAndFields(System.Object, System.Object)
FNF:1
FNH:1
BRF:0
BRH:0
DA:8,4
DA:9,4
DA:10,23
DA:11,7
DA:12,7
DA:13,7
DA:15,7
DA:16,7
DA:17,6
DA:18,1
DA:19,1
DA:20,1
DA:21,1
DA:22,7
DA:23,7
DA:25,3
DA:26,25
DA:27,8
DA:29,8
DA:30,8
DA:31,7
DA:32,1
DA:33,1
DA:34,1
DA:35,1
DA:36,8
DA:37,3
LH:27
LF:27
end_of_record
SF:C:/Users/akmoi/Desktop/VRproject/VRAssemblyApp/Assets/Scripts/Fastener.cs
FN:38,IsAligned()
FN:38,IsAligned(System.Boolean)
FN:39,IsStopped()
FN:39,IsStopped(System.Boolean)
FN:40,CanStop()
FN:40,CanStop(System.Boolean)
FN:41,CorrectToolName()
FN:41,CorrectToolName(System.String)
FN:42,Tool()
FN:42,Tool(UnityEngine.GameObject)
FN:45,getTool()
FN:50,Start()
FN:60,FixedUpdate()
FN:74,OnTriggerEnter(UnityEngine.Collider)
FN:94,OnTriggerExit(UnityEngine.Collider)
FN:114,PerformComponentRaycast()
FN:157,AlignWithComponent(UnityEngine.Vector3, UnityEngine.Vector3)
FN:197,SetSocketTransform(UnityEngine.Transform)
FN:5,Fastener()
FN:43,FastenerRenderer()
FN:43,FastenerRenderer(UnityEngine.Renderer)
FN:46,getTool()
FN:51,Start()
FN:61,FixedUpdate()
FN:75,OnTriggerEnter(UnityEngine.Collider)
FN:95,OnTriggerExit(UnityEngine.Collider)
FN:115,PerformComponentRaycast()
FN:158,AlignWithComponent(UnityEngine.Vector3, UnityEngine.Vector3)
FN:198,SetSocketTransform(UnityEngine.Transform)
FN:205,getSocketTransform()
FNDA:54,IsAligned()
FNDA:54,IsAligned(System.Boolean)
FNDA:1,IsStopped()
FNDA:1,IsStopped(System.Boolean)
FNDA:1,CanStop()
FNDA:1,CanStop(System.Boolean)
FNDA:3,CorrectToolName()
FNDA:3,CorrectToolName(System.String)
FNDA:7,Tool()
FNDA:7,Tool(UnityEngine.GameObject)
FNDA:0,getTool()
FNDA:0,Start()
FNDA:0,FixedUpdate()
FNDA:0,OnTriggerEnter(UnityEngine.Collider)
FNDA:0,OnTriggerExit(UnityEngine.Collider)
FNDA:0,PerformComponentRaycast()
FNDA:0,AlignWithComponent(UnityEngine.Vector3, UnityEngine.Vector3)
FNDA:0,SetSocketTransform(UnityEngine.Transform)
FNDA:16,Fastener()
FNDA:10,FastenerRenderer()
FNDA:10,FastenerRenderer(UnityEngine.Renderer)
FNDA:3,getTool()
FNDA:4,Start()
FNDA:52,FixedUpdate()
FNDA:2,OnTriggerEnter(UnityEngine.Collider)
FNDA:2,OnTriggerExit(UnityEngine.Collider)
FNDA:1,PerformComponentRaycast()
FNDA:1,AlignWithComponent(UnityEngine.Vector3, UnityEngine.Vector3)
FNDA:1,SetSocketTransform(UnityEngine.Transform)
FNDA:2,getSocketTransform()
FNF:30
FNH:30
BRF:0
BRH:0
DA:5,16
DA:6,16
DA:8,16
DA:9,16
DA:11,16
DA:12,16
DA:13,16
DA:14,16
DA:20,16
DA:21,16
DA:23,16
DA:30,16
DA:35,16
DA:38,54
DA:39,1
DA:40,1
DA:41,3
DA:42,7
DA:43,10
DA:45,0
DA:46,3
DA:47,3
DA:48,3
DA:50,0
DA:51,4
DA:52,4
DA:53,4
DA:55,0
DA:56,4
DA:57,4
DA:58,4
DA:60,0
DA:61,52
DA:62,52
DA:63,0
DA:64,0
DA:65,0
DA:66,0
DA:67,52
DA:68,0
DA:69,0
DA:70,52
DA:74,0
DA:75,2
DA:76,2
DA:77,2
DA:78,2
DA:79,2
DA:80,2
DA:81,2
DA:82,0
DA:83,2
DA:84,1
DA:85,1
DA:86,1
DA:87,1
DA:88,1
DA:89,1
DA:90,1
DA:91,2
DA:92,2
DA:94,0
DA:95,2
DA:96,2
DA:97,2
DA:98,2
DA:99,2
DA:100,0
DA:101,2
DA:102,1
DA:103,1
DA:104,1
DA:105,1
DA:106,1
DA:107,1
DA:108,2
DA:109,2
DA:114,0
DA:115,1
DA:116,1
DA:118,0
DA:119,1
DA:120,1
DA:121,0
DA:122,1
DA:123,0
DA:124,0
DA:125,0
DA:126,0
DA:128,0
DA:129,0
DA:130,0
DA:131,0
DA:132,0
DA:133,0
DA:134,0
DA:135,0
DA:136,0
DA:137,0
DA:138,0
DA:139,0
DA:140,0
DA:141,0
DA:142,0
DA:143,0
DA:144,0
DA:145,0
DA:146,0
DA:147,0
DA:148,0
DA:149,1
DA:150,1
DA:151,1
DA:152,1
DA:153,1
DA:154,1
DA:155,1
DA:156,1
DA:157,0
DA:158,1
DA:159,1
DA:160,1
DA:161,0
DA:162,1
DA:163,0
DA:164,1
DA:167,0
DA:168,1
DA:169,0
DA:170,1
DA:171,0
DA:172,1
DA:173,0
DA:174,0
DA:175,0
DA:176,1
DA:177,0
DA:178,0
DA:180,0
DA:181,0
DA:182,0
DA:183,1
DA:184,1
DA:185,1
DA:187,0
DA:188,1
DA:190,0
DA:191,1
DA:192,0
DA:193,1
DA:194,1
DA:197,0
DA:198,1
DA:199,1
DA:200,1
DA:201,1
DA:202,1
DA:205,2
DA:206,2
DA:207,2
LH:100
LF:160
end_of_record
SF:C:/Users/akmoi/Desktop/VRproject/VRAssemblyApp/Assets/Scripts/FileBrowserManager.cs
FN:10,Start()
FN:15,ShowDialog(System.String, System.String)
FN:35,OnFilesSelected(System.String[], System.String)
FNDA:2,Start()
FNDA:2,ShowDialog(System.String, System.String)
FNDA:3,OnFilesSelected(System.String[], System.String)
FNF:3
FNH:3
BRF:0
BRH:0
DA:10,2
DA:11,2
DA:12,2
DA:15,2
DA:16,2
DA:19,2
DA:22,2
DA:25,2
DA:28,2
DA:29,2
DA:30,2
DA:31,2
DA:35,3
DA:36,3
DA:39,3
DA:42,3
DA:43,2
DA:44,2
DA:45,2
DA:48,3
DA:51,3
DA:52,0
DA:54,0
DA:55,0
DA:58,3
DA:61,3
DA:62,1
DA:64,1
DA:65,1
DA:68,1
DA:69,0
DA:71,0
DA:72,0
DA:75,1
DA:77,1
DA:78,3
LH:30
LF:36
end_of_record
SF:C:/Users/akmoi/Desktop/VRproject/VRAssemblyApp/Assets/Scripts/FileChecker.cs
FN:8,DoesJsonFileExist(System.String, System.String)
FNDA:7,DoesJsonFileExist(System.String, System.String)
FNF:1
FNH:1
BRF:0
BRH:0
DA:8,7
DA:9,7
DA:10,2
DA:11,2
DA:12,2
DA:15,5
DA:17,5
DA:18,7
LH:8
LF:8
end_of_record
SF:C:/Users/akmoi/Desktop/VRproject/VRAssemblyApp/Assets/Scripts/FileMonitor.cs
FN:27,PersistentDataPath()
FN:27,PersistentDataPath(System.String)
FN:30,Awake()
FN:37,StartMonitoring()
FN:42,InitializePersistentDataPath()
FN:47,EnsureModelDirectoryExists()
FN:65,ForceCheckForFileChanges()
FN:20,FileMonitor()
FN:55,CheckForFileChanges()
FNDA:3,PersistentDataPath()
FNDA:3,PersistentDataPath(System.String)
FNDA:2,Awake()
FNDA:4,StartMonitoring()
FNDA:2,InitializePersistentDataPath()
FNDA:3,EnsureModelDirectoryExists()
FNDA:14,ForceCheckForFileChanges()
FNDA:2,FileMonitor()
FNDA:4,CheckForFileChanges()
FNF:9
FNH:9
BRF:0
BRH:0
DA:20,2
DA:22,2
DA:27,3
DA:30,2
DA:31,2
DA:32,2
DA:33,2
DA:34,2
DA:37,4
DA:38,4
DA:39,4
DA:42,2
DA:43,2
DA:44,2
DA:47,3
DA:48,3
DA:49,1
DA:50,1
DA:51,1
DA:52,3
DA:55,4
DA:56,14
DA:57,14
DA:58,14
DA:60,14
DA:61,10
DA:65,14
DA:66,14
DA:67,14
DA:68,0
DA:69,14
DA:70,0
DA:71,14
DA:72,0
DA:73,0
DA:74,0
DA:75,0
DA:76,14
LH:32
LF:38
end_of_record
SF:C:/Users/akmoi/Desktop/VRproject/VRAssemblyApp/Assets/Scripts/FinishManager.cs
FN:14,Awake()
FN:20,Update()
FN:25,OnDestroy()
FN:31,SetPanelActive(State)
FN:41,OnFinishClicked()
FNDA:0,Awake()
FNDA:0,Update()
FNDA:0,OnDestroy()
FNDA:0,SetPanelActive(State)
FNDA:0,OnFinishClicked()
FNF:5
FNH:0
BRF:0
BRH:0
DA:14,0
DA:15,0
DA:16,0
DA:17,0
DA:20,0
DA:21,0
DA:22,0
DA:23,0
DA:25,0
DA:26,0
DA:27,0
DA:28,0
DA:31,0
DA:32,0
DA:33,0
DA:34,0
DA:35,0
DA:36,0
DA:37,0
DA:38,0
DA:41,0
DA:42,0
DA:43,0
LH:0
LF:23
end_of_record
SF:C:/Users/akmoi/Desktop/VRproject/VRAssemblyApp/Assets/Scripts/HandMenuController.cs
FN:13,Awake()
FN:19,OnDestroy()
FN:24,Toggle(UnityEngine.InputSystem.InputAction/CallbackContext)
FNDA:0,Awake()
FNDA:0,OnDestroy()
FNDA:0,Toggle(UnityEngine.InputSystem.InputAction/CallbackContext)
FNF:3
FNH:0
BRF:0
BRH:0
DA:13,0
DA:14,0
DA:15,0
DA:16,0
DA:19,0
DA:20,0
DA:21,0
DA:24,0
DA:25,0
DA:26,0
DA:27,0
DA:28,0
DA:29,0
DA:31,0
LH:0
LF:14
end_of_record
SF:C:/Users/akmoi/Desktop/VRproject/VRAssemblyApp/Assets/Scripts/HandMenuManager.cs
FN:64,Start()
FN:113,Update()
FN:181,Modifying()
FN:186,NewStep()
FN:191,SetTransformsButtonsActive(System.Boolean)
FN:200,AddToPosition(UnityEngine.Vector3)
FN:208,AddToRotation(UnityEngine.Vector3)
FN:216,ModifyComponent()
FN:242,RemoveComponent()
FN:248,SaveComponent()
FN:299,GroupSelection()
FN:410,UpdateIncrement(System.Int32)
FN:10,HandMenuManager()
FN:407,HandMenuManager()
FNDA:0,Start()
FNDA:0,Update()
FNDA:0,Modifying()
FNDA:0,NewStep()
FNDA:0,SetTransformsButtonsActive(System.Boolean)
FNDA:0,AddToPosition(UnityEngine.Vector3)
FNDA:0,AddToRotation(UnityEngine.Vector3)
FNDA:0,ModifyComponent()
FNDA:0,RemoveComponent()
FNDA:0,SaveComponent()
FNDA:0,GroupSelection()
FNDA:0,UpdateIncrement(System.Int32)
FNDA:0,HandMenuManager()
FNDA:0,HandMenuManager()
FNF:14
FNH:0
BRF:0
BRH:0
DA:10,0
DA:50,0
DA:51,0
DA:52,0
DA:61,0
DA:64,0
DA:65,0
DA:66,0
DA:67,0
DA:69,0
DA:79,0
DA:80,0
DA:81,0
DA:82,0
DA:83,0
DA:84,0
DA:86,0
DA:87,0
DA:88,0
DA:89,0
DA:90,0
DA:91,0
DA:93,0
DA:94,0
DA:95,0
DA:96,0
DA:97,0
DA:99,0
DA:101,0
DA:103,0
DA:106,0
DA:107,0
DA:109,0
DA:110,0
DA:113,0
DA:114,0
DA:115,0
DA:116,0
DA:117,0
DA:118,0
DA:120,0
DA:121,0
DA:122,0
DA:123,0
DA:124,0
DA:125,0
DA:126,0
DA:128,0
DA:129,0
DA:131,0
DA:133,0
DA:134,0
DA:135,0
DA:136,0
DA:137,0
DA:138,0
DA:139,0
DA:141,0
DA:142,0
DA:144,0
DA:145,0
DA:146,0
DA:147,0
DA:149,0
DA:150,0
DA:151,0
DA:152,0
DA:154,0
DA:156,0
DA:157,0
DA:158,0
DA:159,0
DA:160,0
DA:161,0
DA:162,0
DA:164,0
DA:165,0
DA:166,0
DA:167,0
DA:168,0
DA:170,0
DA:171,0
DA:172,0
DA:173,0
DA:175,0
DA:176,0
DA:177,0
DA:178,0
DA:181,0
DA:182,0
DA:183,0
DA:186,0
DA:187,0
DA:188,0
DA:191,0
DA:192,0
DA:193,0
DA:194,0
DA:195,0
DA:196,0
DA:200,0
DA:201,0
DA:202,0
DA:203,0
DA:204,0
DA:205,0
DA:208,0
DA:209,0
DA:210,0
DA:211,0
DA:212,0
DA:213,0
DA:216,0
DA:217,0
DA:219,0
DA:220,0
DA:221,0
DA:222,0
DA:223,0
DA:225,0
DA:226,0
DA:227,0
DA:228,0
DA:230,0
DA:231,0
DA:232,0
DA:233,0
DA:235,0
DA:236,0
DA:237,0
DA:238,0
DA:239,0
DA:242,0
DA:243,0
DA:244,0
DA:245,0
DA:248,0
DA:249,0
DA:251,0
DA:252,0
DA:253,0
DA:254,0
DA:256,0
DA:257,0
DA:258,0
DA:259,0
DA:261,0
DA:262,0
DA:263,0
DA:264,0
DA:266,0
DA:268,0
DA:269,0
DA:270,0
DA:271,0
DA:272,0
DA:273,0
DA:276,0
DA:277,0
DA:278,0
DA:280,0
DA:281,0
DA:282,0
DA:283,0
DA:284,0
DA:285,0
DA:286,0
DA:287,0
DA:288,0
DA:289,0
DA:291,0
DA:292,0
DA:294,0
DA:295,0
DA:296,0
DA:299,0
DA:300,0
DA:301,0
DA:302,0
DA:304,0
DA:305,0
DA:307,0
DA:308,0
DA:311,0
DA:312,0
DA:313,0
DA:315,0
DA:316,0
DA:317,0
DA:318,0
DA:319,0
DA:321,0
DA:322,0
DA:323,0
DA:326,0
DA:327,0
DA:328,0
DA:329,0
DA:330,0
DA:331,0
DA:332,0
DA:333,0
DA:334,0
DA:338,0
DA:339,0
DA:340,0
DA:341,0
DA:342,0
DA:343,0
DA:346,0
DA:347,0
DA:348,0
DA:349,0
DA:350,0
DA:351,0
DA:352,0
DA:353,0
DA:354,0
DA:355,0
DA:356,0
DA:357,0
DA:360,0
DA:361,0
DA:364,0
DA:366,0
DA:368,0
DA:370,0
DA:371,0
DA:372,0
DA:373,0
DA:374,0
DA:375,0
DA:377,0
DA:378,0
DA:379,0
DA:380,0
DA:381,0
DA:384,0
DA:385,0
DA:386,0
DA:387,0
DA:388,0
DA:389,0
DA:390,0
DA:391,0
DA:393,0
DA:394,0
DA:395,0
DA:397,0
DA:398,0
DA:399,0
DA:400,0
DA:401,0
DA:402,0
DA:403,0
DA:404,0
DA:405,0
DA:407,0
DA:410,0
DA:411,0
DA:412,0
DA:413,0
DA:414,0
DA:416,0
DA:417,0
DA:418,0
DA:419,0
LH:0
LF:267
end_of_record
SF:C:/Users/akmoi/Desktop/VRproject/VRAssemblyApp/Assets/Scripts/HintManager.cs
FN:19,ShowHint(System.Collections.Generic.List[ComponentData], System.Int32, System.Collections.Generic.List[Transform], SnapToPosition)
FN:41,ShowSnapPoint(SnapToPosition, System.Int32)
FN:52,HighlightComponentToPlace(System.Collections.Generic.List[ComponentData], System.Int32, System.Collections.Generic.List[Transform])
FN:109,HintCount()
FN:109,HintCount(System.Int32)
FN:8,HintManager()
FN:83,ChangeColorTemporarily()
FN:70,HandleHintCooldown()
FNDA:0,ShowHint(System.Collections.Generic.List[ComponentData], System.Int32, System.Collections.Generic.List[Transform], SnapToPosition)
FNDA:0,ShowSnapPoint(SnapToPosition, System.Int32)
FNDA:0,HighlightComponentToPlace(System.Collections.Generic.List[ComponentData], System.Int32, System.Collections.Generic.List[Transform])
FNDA:0,HintCount()
FNDA:0,HintCount(System.Int32)
FNDA:0,HintManager()
FNDA:0,ChangeColorTemporarily()
FNDA:0,HandleHintCooldown()
FNF:8
FNH:0
BRF:0
BRH:0
DA:8,0
DA:12,0
DA:13,0
DA:14,0
DA:19,0
DA:20,0
DA:23,0
DA:24,0
DA:25,0
DA:29,0
DA:30,0
DA:31,0
DA:33,0
DA:34,0
DA:36,0
DA:37,0
DA:38,0
DA:41,0
DA:43,0
DA:45,0
DA:46,0
DA:47,0
DA:48,0
DA:49,0
DA:52,0
DA:53,0
DA:54,0
DA:56,0
DA:57,0
DA:59,0
DA:60,0
DA:61,0
DA:62,0
DA:63,0
DA:64,0
DA:65,0
DA:66,0
DA:67,0
DA:70,0
DA:71,0
DA:74,0
DA:76,0
DA:79,0
DA:80,0
DA:83,0
DA:84,0
DA:85,0
DA:86,0
DA:88,0
DA:91,0
DA:92,0
DA:93,0
DA:94,0
DA:95,0
DA:98,0
DA:100,0
DA:103,0
DA:106,0
DA:107,0
DA:109,0
LH:0
LF:60
end_of_record
SF:C:/Users/akmoi/Desktop/VRproject/VRAssemblyApp/Assets/Scripts/InitializeComponetManager.cs
FN:18,Awake()
FN:25,OpenFileBrowser()
FN:30,OnFinishedButtonClick()
FN:35,OnDestroy()
FN:43,SetPanelActive(State)
FN:48,Start()
FN:62,Update()
FN:72,PopulateComponentDropdown()
FN:88,PopulateGroupDropdown()
FN:104,OnComponentDropdownValueChanged(System.Int32)
FN:121,OnGroupDropdownValueChanged(System.Int32)
FN:138,UpdateDropdownsForSelectedComponent()
FNDA:0,Awake()
FNDA:0,OpenFileBrowser()
FNDA:0,OnFinishedButtonClick()
FNDA:0,OnDestroy()
FNDA:0,SetPanelActive(State)
FNDA:0,Start()
FNDA:0,Update()
FNDA:0,PopulateComponentDropdown()
FNDA:0,PopulateGroupDropdown()
FNDA:0,OnComponentDropdownValueChanged(System.Int32)
FNDA:0,OnGroupDropdownValueChanged(System.Int32)
FNDA:0,UpdateDropdownsForSelectedComponent()
FNF:12
FNH:0
BRF:0
BRH:0
DA:18,0
DA:19,0
DA:20,0
DA:21,0
DA:22,0
DA:25,0
DA:26,0
DA:27,0
DA:30,0
DA:31,0
DA:32,0
DA:35,0
DA:36,0
DA:37,0
DA:38,0
DA:40,0
DA:43,0
DA:44,0
DA:45,0
DA:48,0
DA:50,0
DA:51,0
DA:54,0
DA:55,0
DA:58,0
DA:59,0
DA:62,0
DA:63,0
DA:64,0
DA:65,0
DA:66,0
DA:67,0
DA:68,0
DA:69,0
DA:72,0
DA:74,0
DA:77,0
DA:78,0
DA:79,0
DA:80,0
DA:81,0
DA:84,0
DA:85,0
DA:88,0
DA:90,0
DA:93,0
DA:94,0
DA:95,0
DA:96,0
DA:97,0
DA:100,0
DA:101,0
DA:104,0
DA:106,0
DA:108,0
DA:109,0
DA:110,0
DA:111,0
DA:113,0
DA:114,0
DA:115,0
DA:116,0
DA:117,0
DA:118,0
DA:121,0
DA:123,0
DA:125,0
DA:126,0
DA:127,0
DA:128,0
DA:130,0
DA:131,0
DA:132,0
DA:133,0
DA:134,0
DA:135,0
DA:138,0
DA:139,0
DA:141,0
DA:142,0
DA:143,0
DA:145,0
DA:146,0
DA:148,0
DA:149,0
DA:150,0
DA:151,0
DA:152,0
LH:0
LF:88
end_of_record
SF:C:/Users/akmoi/Desktop/VRproject/VRAssemblyApp/Assets/Scripts/InitializedDataManager.cs
FN:28,Start()
FN:37,SaveComponentsData()
FN:70,LoadComponentsData()
FN:100,FindChildByName(System.Collections.Generic.List[Transform], System.String)
FN:24,InitializedDataManager()
FNDA:2,Start()
FNDA:3,SaveComponentsData()
FNDA:3,LoadComponentsData()
FNDA:5,FindChildByName(System.Collections.Generic.List[Transform], System.String)
FNDA:9,InitializedDataManager()
FNF:5
FNH:5
BRF:0
BRH:0
DA:24,9
DA:28,2
DA:29,2
DA:30,2
DA:31,0
DA:32,0
DA:33,0
DA:34,2
DA:37,3
DA:38,3
DA:39,4
DA:41,2
DA:42,2
DA:44,2
DA:46,2
DA:48,14
DA:49,4
DA:50,4
DA:52,4
DA:53,2
DA:54,2
DA:61,2
DA:62,2
DA:63,4
DA:65,2
DA:66,2
DA:67,3
DA:70,3
DA:71,3
DA:72,3
DA:74,3
DA:75,3
DA:77,3
DA:78,4
DA:80,2
DA:81,2
DA:83,10
DA:84,2
DA:85,2
DA:86,2
DA:87,2
DA:88,2
DA:89,2
DA:90,1
DA:91,1
DA:92,1
DA:93,2
DA:94,2
DA:95,2
DA:96,2
DA:97,3
DA:100,5
DA:101,26
DA:102,7
DA:103,7
DA:104,3
DA:105,3
DA:108,4
DA:109,2
DA:110,5
LH:57
LF:60
end_of_record
SF:C:/Users/akmoi/Desktop/VRproject/VRAssemblyApp/Assets/Scripts/InteractionManager.cs
FN:14,OnSelectEnter(UnityEngine.XR.Interaction.Toolkit.SelectEnterEventArgs)
FN:33,OnSelectExit(UnityEngine.XR.Interaction.Toolkit.SelectExitEventArgs)
FN:47,ResetParentIfNotGroup(UnityEngine.GameObject)
FN:56,SetComponentReleasedState(UnityEngine.GameObject, System.Boolean)
FN:66,ConfigureOutline(UnityEngine.GameObject, System.Boolean)
FN:78,OnHoverEnter(UnityEngine.XR.Interaction.Toolkit.HoverEnterEventArgs)
FN:84,OnHoverExit(UnityEngine.XR.Interaction.Toolkit.HoverExitEventArgs)
FN:91,GetCurrentSelectedComponent()
FN:96,SetCurrentSelectedComponent(UnityEngine.GameObject)
FN:7,InteractionManager()
FNDA:0,OnSelectEnter(UnityEngine.XR.Interaction.Toolkit.SelectEnterEventArgs)
FNDA:0,OnSelectExit(UnityEngine.XR.Interaction.Toolkit.SelectExitEventArgs)
FNDA:0,ResetParentIfNotGroup(UnityEngine.GameObject)
FNDA:0,SetComponentReleasedState(UnityEngine.GameObject, System.Boolean)
FNDA:0,ConfigureOutline(UnityEngine.GameObject, System.Boolean)
FNDA:0,OnHoverEnter(UnityEngine.XR.Interaction.Toolkit.HoverEnterEventArgs)
FNDA:0,OnHoverExit(UnityEngine.XR.Interaction.Toolkit.HoverExitEventArgs)
FNDA:0,GetCurrentSelectedComponent()
FNDA:0,SetCurrentSelectedComponent(UnityEngine.GameObject)
FNDA:0,InteractionManager()
FNF:10
FNH:0
BRF:0
BRH:0
DA:7,0
DA:9,0
DA:10,0
DA:14,0
DA:15,0
DA:16,0
DA:17,0
DA:18,0
DA:19,0
DA:20,0
DA:21,0
DA:23,0
DA:24,0
DA:25,0
DA:26,0
DA:27,0
DA:28,0
DA:29,0
DA:30,0
DA:33,0
DA:34,0
DA:35,0
DA:36,0
DA:37,0
DA:38,0
DA:39,0
DA:43,0
DA:44,0
DA:47,0
DA:48,0
DA:49,0
DA:50,0
DA:51,0
DA:52,0
DA:53,0
DA:56,0
DA:57,0
DA:58,0
DA:59,0
DA:60,0
DA:61,0
DA:62,0
DA:66,0
DA:67,0
DA:68,0
DA:69,0
DA:70,0
DA:71,0
DA:72,0
DA:73,0
DA:74,0
DA:75,0
DA:78,0
DA:79,0
DA:80,0
DA:81,0
DA:84,0
DA:85,0
DA:86,0
DA:91,0
DA:92,0
DA:93,0
DA:96,0
DA:97,0
DA:98,0
LH:0
LF:65
end_of_record
SF:C:/Users/akmoi/Desktop/VRproject/VRAssemblyApp/Assets/Scripts/InitializedDataManager.cs
FN:16,JsonData()
FNDA:4,JsonData()
FNF:1
FNH:1
BRF:0
BRH:0
DA:16,4
LH:1
LF:1
end_of_record
SF:C:/Users/akmoi/Desktop/VRproject/VRAssemblyApp/Assets/Scripts/MakeGrabbable.cs
FN:19,Awake()
FN:26,Start()
FN:30,ComponentInizialization()
FN:51,SaveOriginalCollidersAndInteractables()
FN:60,MakeObjectGrabbable()
FN:93,DestroyClonedColliders()
FN:106,GetClonedColliders()
FN:118,DestroyInteractables()
FN:128,MakeObjectNonGrabbable()
FN:160,OnSelectEnter(UnityEngine.XR.Interaction.Toolkit.SelectEnterEventArgs)
FN:165,OnSelectExit(UnityEngine.XR.Interaction.Toolkit.SelectExitEventArgs)
FN:170,OnHoverEnter(UnityEngine.XR.Interaction.Toolkit.HoverEnterEventArgs)
FN:175,OnHoverExit(UnityEngine.XR.Interaction.Toolkit.HoverExitEventArgs)
FN:7,MakeGrabbable()
FNDA:2,Awake()
FNDA:0,Start()
FNDA:2,ComponentInizialization()
FNDA:0,SaveOriginalCollidersAndInteractables()
FNDA:0,MakeObjectGrabbable()
FNDA:0,DestroyClonedColliders()
FNDA:0,GetClonedColliders()
FNDA:0,DestroyInteractables()
FNDA:0,MakeObjectNonGrabbable()
FNDA:0,OnSelectEnter(UnityEngine.XR.Interaction.Toolkit.SelectEnterEventArgs)
FNDA:0,OnSelectExit(UnityEngine.XR.Interaction.Toolkit.SelectExitEventArgs)
FNDA:0,OnHoverEnter(UnityEngine.XR.Interaction.Toolkit.HoverEnterEventArgs)
FNDA:0,OnHoverExit(UnityEngine.XR.Interaction.Toolkit.HoverExitEventArgs)
FNDA:2,MakeGrabbable()
FNF:14
FNH:3
BRF:0
BRH:0
DA:7,2
DA:8,2
DA:13,2
DA:14,2
DA:15,2
DA:16,2
DA:19,2
DA:20,2
DA:22,2
DA:23,2
DA:26,0
DA:27,0
DA:28,0
DA:30,2
DA:31,2
DA:32,2
DA:33,2
DA:34,2
DA:35,2
DA:36,2
DA:38,2
DA:39,0
DA:41,2
DA:42,0
DA:44,2
DA:45,2
DA:46,2
DA:47,2
DA:48,2
DA:49,2
DA:51,0
DA:53,0
DA:54,0
DA:56,0
DA:57,0
DA:58,0
DA:60,0
DA:61,0
DA:62,0
DA:63,0
DA:64,0
DA:66,0
DA:69,0
DA:71,0
DA:72,0
DA:75,0
DA:76,0
DA:77,0
DA:78,0
DA:79,0
DA:80,0
DA:81,0
DA:82,0
DA:85,0
DA:86,0
DA:89,0
DA:90,0
DA:93,0
DA:95,0
DA:96,0
DA:97,0
DA:98,0
DA:99,0
DA:100,0
DA:101,0
DA:102,0
DA:103,0
DA:106,0
DA:107,0
DA:108,0
DA:109,0
DA:110,0
DA:111,0
DA:112,0
DA:113,0
DA:114,0
DA:115,0
DA:116,0
DA:118,0
DA:121,0
DA:122,0
DA:123,0
DA:124,0
DA:125,0
DA:126,0
DA:128,0
DA:129,0
DA:130,0
DA:131,0
DA:132,0
DA:134,0
DA:138,0
DA:141,0
DA:142,0
DA:145,0
DA:146,0
DA:147,0
DA:148,0
DA:149,0
DA:152,0
DA:153,0
DA:156,0
DA:157,0
DA:160,0
DA:161,0
DA:162,0
DA:165,0
DA:166,0
DA:167,0
DA:170,0
DA:171,0
DA:172,0
DA:175,0
DA:176,0
DA:177,0
LH:25
LF:115
end_of_record
SF:C:/Users/akmoi/Desktop/VRproject/VRAssemblyApp/Assets/Scripts/Manager.cs
FN:27,Instance()
FN:27,Instance(Manager)
FN:30,Model()
FN:30,Model(UnityEngine.GameObject)
FN:31,Components()
FN:31,Components(System.Collections.Generic.List[Transform])
FN:33,AssemblySequence()
FN:33,AssemblySequence(System.Collections.Generic.List[ComponentData])
FN:34,CurrentStep()
FN:34,CurrentStep(System.Int32)
FN:35,FinishTime()
FN:35,FinishTime(System.String)
FN:36,HintCount()
FN:36,HintCount(System.Int32)
FN:38,ErrorCount()
FN:38,ErrorCount(System.Int32)
FN:39,CurrentSelectedComponent()
FN:39,CurrentSelectedComponent(UnityEngine.GameObject)
FN:42,Awake()
FN:59,OnDestroy()
FN:65,Start()
FN:72,Update()
FN:117,IncrementCurrentStep()
FN:122,IncrementCurrentError()
FN:128,OnSelectEnter(UnityEngine.XR.Interaction.Toolkit.SelectEnterEventArgs)
FN:135,OnSelectExit(UnityEngine.XR.Interaction.Toolkit.SelectExitEventArgs)
FN:142,OnHoverEnter(UnityEngine.XR.Interaction.Toolkit.HoverEnterEventArgs)
FN:147,OnHoverExit(UnityEngine.XR.Interaction.Toolkit.HoverExitEventArgs)
FN:152,InitializeSequence(System.Collections.Generic.List[ComponentData])
FN:158,SaveBuildingSequence()
FN:164,ModifyBuildingSequence()
FN:170,RemoveComponentFromSequence()
FN:176,HandleStateChange(State)
FN:208,LoadPDF()
FN:213,MakeComponentsGrabbable()
FN:223,MakeComponentsNonGrabbable()
FN:232,InitializeComponentsType()
FN:262,CopyComponentObjectToInteractor()
FN:300,RemoveExistingScripts[T](UnityEngine.GameObject)
FN:309,ValidateComponent(UnityEngine.GameObject)
FN:314,PlaceInitialComponent()
FN:320,PlaceAllComponentsGradually(System.Single)
FN:325,RemoveAllComponentsExceptTransform(UnityEngine.GameObject)
FN:340,ShowHint()
FN:345,CloseApp()
FN:20,Manager()
FN:124,IncrementCurrentError()
FN:131,OnSelectEnter(UnityEngine.XR.Interaction.Toolkit.SelectEnterEventArgs)
FN:138,OnSelectExit(UnityEngine.XR.Interaction.Toolkit.SelectExitEventArgs)
FN:145,OnHoverEnter(UnityEngine.XR.Interaction.Toolkit.HoverEnterEventArgs)
FN:150,OnHoverExit(UnityEngine.XR.Interaction.Toolkit.HoverExitEventArgs)
FN:155,InitializeSequence(System.Collections.Generic.List[ComponentData])
FN:161,SaveBuildingSequence()
FN:167,ModifyBuildingSequence()
FN:173,RemoveComponentFromSequence()
FN:179,HandleStateChange(State)
FN:211,LoadPDF()
FN:216,MakeComponentsGrabbable()
FN:226,MakeComponentsNonGrabbable()
FN:235,InitializeComponentsType()
FN:265,CopyComponentObjectToInteractor()
FN:303,RemoveExistingScripts[T](UnityEngine.GameObject)
FN:312,ValidateComponent(UnityEngine.GameObject)
FN:317,PlaceInitialComponent()
FN:323,PlaceAllComponentsGradually(System.Single)
FN:328,RemoveAllComponentsExceptTransform(UnityEngine.GameObject)
FN:343,ShowHint()
FN:348,CloseApp()
FNDA:109,Instance()
FNDA:109,Instance(Manager)
FNDA:33,Model()
FNDA:33,Model(UnityEngine.GameObject)
FNDA:24,Components()
FNDA:24,Components(System.Collections.Generic.List[Transform])
FNDA:0,AssemblySequence()
FNDA:0,AssemblySequence(System.Collections.Generic.List[ComponentData])
FNDA:0,CurrentStep()
FNDA:0,CurrentStep(System.Int32)
FNDA:0,FinishTime()
FNDA:0,FinishTime(System.String)
FNDA:0,HintCount()
FNDA:0,HintCount(System.Int32)
FNDA:0,ErrorCount()
FNDA:0,ErrorCount(System.Int32)
FNDA:0,CurrentSelectedComponent()
FNDA:0,CurrentSelectedComponent(UnityEngine.GameObject)
FNDA:32,Awake()
FNDA:32,OnDestroy()
FNDA:9,Start()
FNDA:26,Update()
FNDA:0,IncrementCurrentStep()
FNDA:0,IncrementCurrentError()
FNDA:0,OnSelectEnter(UnityEngine.XR.Interaction.Toolkit.SelectEnterEventArgs)
FNDA:0,OnSelectExit(UnityEngine.XR.Interaction.Toolkit.SelectExitEventArgs)
FNDA:0,OnHoverEnter(UnityEngine.XR.Interaction.Toolkit.HoverEnterEventArgs)
FNDA:0,OnHoverExit(UnityEngine.XR.Interaction.Toolkit.HoverExitEventArgs)
FNDA:0,InitializeSequence(System.Collections.Generic.List[ComponentData])
FNDA:1,SaveBuildingSequence()
FNDA:0,ModifyBuildingSequence()
FNDA:0,RemoveComponentFromSequence()
FNDA:0,HandleStateChange(State)
FNDA:9,LoadPDF()
FNDA:0,MakeComponentsGrabbable()
FNDA:0,MakeComponentsNonGrabbable()
FNDA:0,InitializeComponentsType()
FNDA:0,CopyComponentObjectToInteractor()
FNDA:0,RemoveExistingScripts[T](UnityEngine.GameObject)
FNDA:0,ValidateComponent(UnityEngine.GameObject)
FNDA:0,PlaceInitialComponent()
FNDA:0,PlaceAllComponentsGradually(System.Single)
FNDA:0,RemoveAllComponentsExceptTransform(UnityEngine.GameObject)
FNDA:0,ShowHint()
FNDA:0,CloseApp()
FNDA:32,Manager()
FNDA:1,IncrementCurrentError()
FNDA:0,OnSelectEnter(UnityEngine.XR.Interaction.Toolkit.SelectEnterEventArgs)
FNDA:0,OnSelectExit(UnityEngine.XR.Interaction.Toolkit.SelectExitEventArgs)
FNDA:0,OnHoverEnter(UnityEngine.XR.Interaction.Toolkit.HoverEnterEventArgs)
FNDA:0,OnHoverExit(UnityEngine.XR.Interaction.Toolkit.HoverExitEventArgs)
FNDA:1,InitializeSequence(System.Collections.Generic.List[ComponentData])
FNDA:0,SaveBuildingSequence()
FNDA:0,ModifyBuildingSequence()
FNDA:0,RemoveComponentFromSequence()
FNDA:9,HandleStateChange(State)
FNDA:0,LoadPDF()
FNDA:0,MakeComponentsGrabbable()
FNDA:0,MakeComponentsNonGrabbable()
FNDA:0,InitializeComponentsType()
FNDA:0,CopyComponentObjectToInteractor()
FNDA:0,RemoveExistingScripts[T](UnityEngine.GameObject)
FNDA:0,ValidateComponent(UnityEngine.GameObject)
FNDA:0,PlaceInitialComponent()
FNDA:0,PlaceAllComponentsGradually(System.Single)
FNDA:0,RemoveAllComponentsExceptTransform(UnityEngine.GameObject)
FNDA:0,ShowHint()
FNDA:0,CloseApp()
FNF:68
FNH:19
BRF:0
BRH:0
DA:20,32
DA:27,109
DA:30,33
DA:31,24
DA:33,0
DA:34,0
DA:35,0
DA:36,0
DA:38,0
DA:39,0
DA:42,32
DA:43,32
DA:44,0
DA:45,0
DA:46,0
DA:49,32
DA:50,32
DA:51,32
DA:54,32
DA:55,32
DA:56,32
DA:59,32
DA:60,32
DA:61,32
DA:63,32
DA:65,9
DA:66,9
DA:67,9
DA:68,9
DA:70,32
DA:72,26
DA:73,26
DA:74,0
DA:75,0
DA:77,0
DA:78,0
DA:79,0
DA:80,0
DA:81,0
DA:82,0
DA:83,0
DA:84,0
DA:85,0
DA:86,0
DA:87,0
DA:88,0
DA:89,0
DA:90,0
DA:91,0
DA:92,0
DA:93,0
DA:94,0
DA:95,0
DA:96,0
DA:98,0
DA:100,0
DA:101,0
DA:102,0
DA:103,0
DA:104,0
DA:105,0
DA:106,0
DA:107,0
DA:108,0
DA:109,0
DA:110,0
DA:111,0
DA:112,0
DA:113,26
DA:117,0
DA:118,0
DA:119,0
DA:120,0
DA:121,0
DA:122,0
DA:123,0
DA:124,1
DA:125,1
DA:126,0
DA:127,1
DA:128,0
DA:129,0
DA:130,0
DA:131,0
DA:132,0
DA:133,0
DA:134,0
DA:135,0
DA:136,0
DA:138,0
DA:139,0
DA:141,0
DA:142,0
DA:143,0
DA:144,0
DA:145,0
DA:146,0
DA:147,0
DA:148,0
DA:149,0
DA:150,0
DA:151,0
DA:152,0
DA:153,0
DA:154,0
DA:155,1
DA:156,1
DA:157,0
DA:158,1
DA:159,0
DA:160,0
DA:161,0
DA:162,0
DA:163,0
DA:164,0
DA:165,0
DA:166,0
DA:167,0
DA:168,0
DA:169,0
DA:170,0
DA:171,0
DA:172,0
DA:173,0
DA:174,0
DA:175,0
DA:176,0
DA:178,0
DA:179,9
DA:181,9
DA:183,0
DA:184,9
DA:186,0
DA:187,0
DA:188,0
DA:189,0
DA:190,0
DA:191,0
DA:192,0
DA:193,0
DA:194,0
DA:195,0
DA:196,0
DA:197,0
DA:198,0
DA:199,0
DA:200,0
DA:201,0
DA:202,0
DA:203,0
DA:204,0
DA:205,0
DA:206,0
DA:208,9
DA:209,0
DA:210,0
DA:211,0
DA:212,0
DA:213,0
DA:214,0
DA:215,0
DA:216,0
DA:217,0
DA:218,0
DA:219,0
DA:220,0
DA:221,0
DA:222,0
DA:223,0
DA:224,0
DA:225,0
DA:226,0
DA:227,0
DA:228,0
DA:229,0
DA:230,0
DA:231,0
DA:232,0
DA:233,0
DA:234,0
DA:235,0
DA:236,0
DA:237,0
DA:238,0
DA:239,0
DA:240,0
DA:241,0
DA:242,0
DA:243,0
DA:244,0
DA:246,0
DA:247,0
DA:249,0
DA:250,0
DA:252,0
DA:253,0
DA:255,0
DA:256,0
DA:258,0
DA:259,0
DA:261,0
DA:262,0
DA:263,0
DA:264,0
DA:265,0
DA:266,0
DA:267,0
DA:268,0
DA:269,0
DA:270,0
DA:272,0
DA:273,0
DA:274,0
DA:275,0
DA:276,0
DA:277,0
DA:278,0
DA:279,0
DA:280,0
DA:281,0
DA:282,0
DA:283,0
DA:284,0
DA:285,0
DA:286,0
DA:287,0
DA:288,0
DA:289,0
DA:290,0
DA:291,0
DA:292,0
DA:293,0
DA:294,0
DA:295,0
DA:296,0
DA:297,0
DA:299,0
DA:300,0
DA:301,0
DA:302,0
DA:303,0
DA:304,0
DA:305,0
DA:306,0
DA:307,0
DA:308,0
DA:309,0
DA:310,0
DA:311,0
DA:312,0
DA:313,0
DA:314,0
DA:315,0
DA:316,0
DA:317,0
DA:318,0
DA:319,0
DA:320,0
DA:321,0
DA:322,0
DA:323,0
DA:324,0
DA:325,0
DA:327,0
DA:328,0
DA:330,0
DA:331,0
DA:332,0
DA:333,0
DA:334,0
DA:335,0
DA:336,0
DA:337,0
DA:338,0
DA:339,0
DA:340,0
DA:341,0
DA:342,0
DA:343,0
DA:344,0
DA:345,0
DA:346,0
DA:347,0
DA:348,0
DA:349,0
DA:350,0
DA:351,0
LH:34
LF:287
end_of_record
SF:C:/Users/akmoi/Desktop/VRproject/VRAssemblyApp/Assets/Scripts/ManualScrewDriver.cs
FN:9,Start()
FN:15,ProcessInteractable(UnityEngine.XR.Interaction.Toolkit.XRInteractionUpdateOrder/UpdatePhase)
FN:28,CalculateRotationSpeed()
FN:56,RotateScrewDriver()
FNDA:0,Start()
FNDA:0,ProcessInteractable(UnityEngine.XR.Interaction.Toolkit.XRInteractionUpdateOrder/UpdatePhase)
FNDA:0,CalculateRotationSpeed()
FNDA:0,RotateScrewDriver()
FNF:4
FNH:0
BRF:0
BRH:0
DA:9,0
DA:10,0
DA:11,0
DA:15,0
DA:16,0
DA:18,0
DA:19,0
DA:20,0
DA:21,0
DA:22,0
DA:23,0
DA:24,0
DA:25,0
DA:28,0
DA:29,0
DA:30,0
DA:33,0
DA:35,0
DA:36,0
DA:39,0
DA:41,0
DA:42,0
DA:44,0
DA:45,0
DA:47,0
DA:49,0
DA:50,0
DA:52,0
DA:53,0
DA:56,0
DA:58,0
DA:59,0
LH:0
LF:32
end_of_record
SF:C:/Users/akmoi/Desktop/VRproject/VRAssemblyApp/Assets/Scripts/ModeChooserManager.cs
FN:16,Awake()
FN:26,OnDestroy()
FN:36,SetPanelActive(State)
FN:45,UpdateButtonStates()
FN:55,OnInitializeClicked()
FN:60,OnPlayBackButtonClicked()
FN:65,OnRecordButtonClicked()
FN:70,OnReturnBackClicked()
FNDA:0,Awake()
FNDA:0,OnDestroy()
FNDA:0,SetPanelActive(State)
FNDA:0,UpdateButtonStates()
FNDA:0,OnInitializeClicked()
FNDA:0,OnPlayBackButtonClicked()
FNDA:0,OnRecordButtonClicked()
FNDA:0,OnReturnBackClicked()
FNF:8
FNH:0
BRF:0
BRH:0
DA:16,0
DA:17,0
DA:18,0
DA:19,0
DA:20,0
DA:21,0
DA:23,0
DA:26,0
DA:27,0
DA:28,0
DA:29,0
DA:30,0
DA:31,0
DA:33,0
DA:36,0
DA:37,0
DA:38,0
DA:39,0
DA:40,0
DA:41,0
DA:42,0
DA:45,0
DA:46,0
DA:47,0
DA:48,0
DA:50,0
DA:51,0
DA:52,0
DA:55,0
DA:56,0
DA:57,0
DA:60,0
DA:61,0
DA:62,0
DA:65,0
DA:66,0
DA:67,0
DA:70,0
DA:72,0
DA:73,0
LH:0
LF:40
end_of_record
SF:C:/Users/akmoi/Desktop/VRproject/VRAssemblyApp/Assets/Scripts/ModelLoader.cs
FN:13,LoadFromFile()
FNDA:0,LoadFromFile()
FNF:1
FNH:0
BRF:0
BRH:0
DA:13,0
DA:14,0
DA:17,0
DA:19,0
DA:20,0
DA:21,0
DA:22,0
DA:23,0
DA:24,0
DA:25,0
DA:26,0
DA:27,0
DA:28,0
DA:30,0
DA:33,0
DA:34,0
DA:35,0
DA:37,0
LH:0
LF:18
end_of_record
SF:C:/Users/akmoi/Desktop/VRproject/VRAssemblyApp/Assets/Scripts/ModelSelectionManager.cs
FN:13,Awake()
FN:20,OnConfirmButtonClicked()
FN:25,OnDestroy()
FN:32,SetPanelActive(State)
FN:37,ShowFileBrowser()
FNDA:0,Awake()
FNDA:0,OnConfirmButtonClicked()
FNDA:0,OnDestroy()
FNDA:0,SetPanelActive(State)
FNDA:0,ShowFileBrowser()
FNF:5
FNH:0
BRF:0
BRH:0
DA:13,0
DA:14,0
DA:15,0
DA:16,0
DA:17,0
DA:20,0
DA:21,0
DA:22,0
DA:25,0
DA:26,0
DA:27,0
DA:28,0
DA:30,0
DA:32,0
DA:33,0
DA:34,0
DA:37,0
DA:38,0
DA:39,0
LH:0
LF:19
end_of_record
SF:C:/Users/akmoi/Desktop/VRproject/VRAssemblyApp/Assets/Scripts/Nail.cs
FN:14,HandleInteraction()
FN:31,HandleSocketTransformInteraction()
FN:68,HandleNormalInteraction()
FN:106,OnToolCollisionEnter(UnityEngine.Collider)
FN:112,OnToolCollisionExit(UnityEngine.Collider)
FN:6,Nail()
FNDA:0,HandleInteraction()
FNDA:0,HandleSocketTransformInteraction()
FNDA:0,HandleNormalInteraction()
FNDA:0,OnToolCollisionEnter(UnityEngine.Collider)
FNDA:0,OnToolCollisionExit(UnityEngine.Collider)
FNDA:1,Nail()
FNF:6
FNH:1
BRF:0
BRH:0
DA:6,1
DA:7,1
DA:9,1
DA:11,1
DA:14,0
DA:16,0
DA:17,0
DA:19,0
DA:20,0
DA:21,0
DA:22,0
DA:23,0
DA:24,0
DA:25,0
DA:26,0
DA:27,0
DA:28,0
DA:31,0
DA:32,0
DA:33,0
DA:35,0
DA:36,0
DA:38,0
DA:39,0
DA:40,0
DA:42,0
DA:45,0
DA:46,0
DA:47,0
DA:50,0
DA:52,0
DA:55,0
DA:56,0
DA:57,0
DA:58,0
DA:59,0
DA:61,0
DA:62,0
DA:64,0
DA:65,0
DA:68,0
DA:69,0
DA:70,0
DA:72,0
DA:73,0
DA:76,0
DA:77,0
DA:78,0
DA:80,0
DA:83,0
DA:84,0
DA:85,0
DA:88,0
DA:90,0
DA:93,0
DA:94,0
DA:95,0
DA:96,0
DA:97,0
DA:99,0
DA:100,0
DA:102,0
DA:103,0
DA:106,0
DA:107,0
DA:109,0
DA:112,0
DA:113,0
DA:114,0
LH:4
LF:69
end_of_record
SF:C:/Users/akmoi/Desktop/VRproject/VRAssemblyApp/Assets/Scripts/SaveSequence.cs
FN:22,ObjectData()
FNDA:12,ObjectData()
FNF:1
FNH:1
BRF:0
BRH:0
DA:22,12
LH:1
LF:1
end_of_record
SF:C:/Users/akmoi/Desktop/VRproject/VRAssemblyApp/Assets/Scripts/PdfLoader.cs
FN:24,Pages()
FN:24,Pages(System.Collections.Generic.List[Texture2D])
FN:28,Start()
FN:39,OnDestroy()
FN:47,HandleStateChanged(State)
FN:53,LoadPDF(System.String)
FN:84,RenderPdfToFile(System.String, System.String)
FN:106,LoadFileToTextures(System.String)
FN:124,ExtractPageNumber(System.String)
FN:136,ShowPage(System.Int32)
FN:148,NextPage()
FN:157,PreviousPage()
FN:166,IsPdfAlreadyConverted(System.String, System.String)
FN:13,PdfLoader()
FNDA:8,Pages()
FNDA:8,Pages(System.Collections.Generic.List[Texture2D])
FNDA:2,Start()
FNDA:7,OnDestroy()
FNDA:2,HandleStateChanged(State)
FNDA:2,LoadPDF(System.String)
FNDA:1,RenderPdfToFile(System.String, System.String)
FNDA:1,LoadFileToTextures(System.String)
FNDA:8,ExtractPageNumber(System.String)
FNDA:7,ShowPage(System.Int32)
FNDA:2,NextPage()
FNDA:2,PreviousPage()
FNDA:1,IsPdfAlreadyConverted(System.String, System.String)
FNDA:7,PdfLoader()
FNF:14
FNH:14
BRF:0
BRH:0
DA:13,7
DA:16,7
DA:18,7
DA:20,7
DA:21,7
DA:24,8
DA:28,2
DA:29,2
DA:30,2
DA:32,2
DA:34,2
DA:35,2
DA:39,7
DA:40,7
DA:41,7
DA:43,7
DA:44,7
DA:47,2
DA:48,2
DA:49,2
DA:50,2
DA:53,2
DA:55,2
DA:57,2
DA:58,2
DA:59,2
DA:62,2
DA:63,1
DA:64,1
DA:66,1
DA:68,1
DA:69,0
DA:70,0
DA:71,0
DA:72,0
DA:74,1
DA:78,1
DA:79,1
DA:80,1
DA:81,2
DA:84,1
DA:85,1
DA:86,1
DA:87,18
DA:88,8
DA:89,8
DA:90,8
DA:91,8
DA:92,8
DA:94,8
DA:95,8
DA:96,8
DA:97,8
DA:98,8
DA:99,8
DA:100,8
DA:101,8
DA:102,1
DA:103,1
DA:106,1
DA:107,1
DA:110,1
DA:111,8
DA:114,19
DA:115,8
DA:116,8
DA:117,8
DA:118,8
DA:119,8
DA:120,8
DA:121,1
DA:124,8
DA:126,8
DA:128,8
DA:129,8
DA:130,8
DA:132,0
DA:133,8
DA:136,7
DA:137,7
DA:138,3
DA:139,3
DA:140,3
DA:143,4
DA:144,1
DA:145,7
DA:148,2
DA:149,2
DA:150,1
DA:151,1
DA:152,1
DA:153,1
DA:154,2
DA:157,2
DA:158,2
DA:159,2
DA:160,2
DA:161,2
DA:162,2
DA:163,2
DA:166,1
DA:167,1
DA:168,1
DA:169,1
DA:172,1
DA:173,1
DA:174,1
DA:178,0
DA:179,1
LH:103
LF:109
end_of_record
SF:C:/Users/akmoi/Desktop/VRproject/VRAssemblyApp/Assets/Scripts/PlayBackManager.cs
FN:20,Awake()
FN:31,IncrementErrorCount(System.Int32)
FN:36,IncrementHintCount(System.Int32)
FN:40,IncrementStepCount(System.Int32)
FN:45,OnDestroy()
FN:56,Update()
FN:65,SetPanelActive(State)
FN:79,OnFinishClicked()
FN:84,UpdateTimerDisplay()
FN:92,OnShowSolutionClicked()
FN:16,PlayBackManager()
FNDA:0,Awake()
FNDA:0,IncrementErrorCount(System.Int32)
FNDA:0,IncrementHintCount(System.Int32)
FNDA:0,IncrementStepCount(System.Int32)
FNDA:0,OnDestroy()
FNDA:0,Update()
FNDA:0,SetPanelActive(State)
FNDA:0,OnFinishClicked()
FNDA:0,UpdateTimerDisplay()
FNDA:0,OnShowSolutionClicked()
FNDA:0,PlayBackManager()
FNF:11
FNH:0
BRF:0
BRH:0
DA:16,0
DA:17,0
DA:20,0
DA:21,0
DA:22,0
DA:23,0
DA:24,0
DA:26,0
DA:27,0
DA:28,0
DA:31,0
DA:32,0
DA:33,0
DA:36,0
DA:37,0
DA:38,0
DA:40,0
DA:41,0
DA:42,0
DA:43,0
DA:45,0
DA:46,0
DA:47,0
DA:48,0
DA:49,0
DA:51,0
DA:52,0
DA:53,0
DA:56,0
DA:57,0
DA:58,0
DA:59,0
DA:60,0
DA:61,0
DA:62,0
DA:65,0
DA:66,0
DA:67,0
DA:68,0
DA:69,0
DA:70,0
DA:71,0
DA:72,0
DA:73,0
DA:74,0
DA:75,0
DA:76,0
DA:79,0
DA:80,0
DA:81,0
DA:84,0
DA:86,0
DA:87,0
DA:88,0
DA:89,0
DA:92,0
DA:94,0
DA:95,0
LH:0
LF:58
end_of_record
SF:C:/Users/akmoi/Desktop/VRproject/VRAssemblyApp/Assets/Scripts/PrefabManager.cs
FN:16,Awake()
FN:22,Start()
FN:28,LoadModels()
FN:33,OnFilesChanged(System.Collections.Generic.HashSet[String])
FN:102,HideAllPrefabs()
FN:113,DestroyAllPrefabs()
FN:126,OnDestroy()
FN:12,PrefabManager()
FN:43,ShowModel()
FNDA:6,Awake()
FNDA:5,Start()
FNDA:1,LoadModels()
FNDA:1,OnFilesChanged(System.Collections.Generic.HashSet[String])
FNDA:4,HideAllPrefabs()
FNDA:6,DestroyAllPrefabs()
FNDA:5,OnDestroy()
FNDA:6,PrefabManager()
FNDA:3,ShowModel()
FNF:9
FNH:9
BRF:0
BRH:0
DA:12,6
DA:16,6
DA:17,6
DA:18,6
DA:19,6
DA:22,5
DA:23,5
DA:24,5
DA:25,5
DA:28,1
DA:29,1
DA:30,1
DA:33,1
DA:34,1
DA:35,7
DA:36,2
DA:37,2
DA:38,2
DA:39,1
DA:40,1
DA:43,3
DA:44,3
DA:46,3
DA:47,0
DA:48,0
DA:49,0
DA:52,3
DA:53,3
DA:54,3
DA:55,3
DA:56,2
DA:57,2
DA:58,2
DA:59,1
DA:60,1
DA:61,1
DA:62,1
DA:64,1
DA:65,1
DA:67,1
DA:68,0
DA:69,0
DA:70,0
DA:71,1
DA:72,1
DA:73,1
DA:75,1
DA:76,1
DA:77,1
DA:78,2
DA:80,1
DA:81,1
DA:82,1
DA:83,3
DA:85,3
DA:86,1
DA:87,1
DA:88,1
DA:89,1
DA:91,1
DA:92,1
DA:93,1
DA:94,1
DA:95,1
DA:96,1
DA:97,1
DA:98,3
DA:102,4
DA:103,16
DA:104,2
DA:105,2
DA:106,2
DA:107,2
DA:108,2
DA:109,2
DA:110,4
DA:113,6
DA:114,26
DA:115,4
DA:116,4
DA:117,2
DA:118,2
DA:119,2
DA:120,4
DA:121,6
DA:122,6
DA:126,5
DA:127,5
DA:128,5
LH:83
LF:89
end_of_record
SF:C:/Users/akmoi/Desktop/VRproject/VRAssemblyApp/Assets/Scripts/RecordManager.cs
FN:12,Awake()
FN:18,OnFinishClicked()
FN:23,OnDestroy()
FN:29,SetPanelActive(State)
FNDA:0,Awake()
FNDA:0,OnFinishClicked()
FNDA:0,OnDestroy()
FNDA:0,SetPanelActive(State)
FNF:4
FNH:0
BRF:0
BRH:0
DA:12,0
DA:13,0
DA:14,0
DA:15,0
DA:18,0
DA:19,0
DA:20,0
DA:23,0
DA:24,0
DA:25,0
DA:26,0
DA:29,0
DA:30,0
DA:31,0
LH:0
LF:14
end_of_record
SF:C:/Users/akmoi/Desktop/VRproject/VRAssemblyApp/Assets/Scripts/SaveSequence.cs
FN:32,ObjectData()
FN:32,ObjectData(ObjectData)
FN:35,Start()
FN:43,ModifyComponent(UnityEngine.GameObject)
FN:62,SaveComponent(UnityEngine.GameObject)
FN:90,RemoveComponent(UnityEngine.GameObject)
FN:102,SaveSequenceToJSON(System.String)
FN:27,SaveSequence()
FNDA:2,ObjectData()
FNDA:2,ObjectData(ObjectData)
FNDA:13,Start()
FNDA:1,ModifyComponent(UnityEngine.GameObject)
FNDA:5,SaveComponent(UnityEngine.GameObject)
FNDA:1,RemoveComponent(UnityEngine.GameObject)
FNDA:5,SaveSequenceToJSON(System.String)
FNDA:11,SaveSequence()
FNF:8
FNH:8
BRF:0
BRH:0
DA:27,11
DA:29,11
DA:32,2
DA:35,13
DA:36,13
DA:37,13
DA:38,1
DA:39,1
DA:40,1
DA:41,13
DA:43,1
DA:45,2
DA:47,1
DA:48,1
DA:50,1
DA:51,1
DA:52,1
DA:54,0
DA:56,0
DA:57,0
DA:58,1
DA:62,5
DA:63,5
DA:64,5
DA:65,5
DA:66,2
DA:67,2
DA:68,2
DA:69,1
DA:70,1
DA:71,1
DA:73,2
DA:75,5
DA:85,5
DA:86,5
DA:90,1
DA:92,2
DA:95,1
DA:96,1
DA:97,1
DA:98,1
DA:99,1
DA:102,5
DA:115,5
DA:116,5
DA:123,5
DA:126,5
LH:44
LF:47
end_of_record
SF:C:/Users/akmoi/Desktop/VRproject/VRAssemblyApp/Assets/Scripts/Screw.cs
FN:9,HandleInteraction()
FN:21,HandlePlayBackInteraction()
FN:63,HandleNormalInteraction()
FN:102,OnToolCollisionEnter(UnityEngine.Collider)
FN:107,OnToolCollisionExit(UnityEngine.Collider)
FN:113,StopScrewSound()
FN:6,Screw()
FNDA:0,HandleInteraction()
FNDA:0,HandlePlayBackInteraction()
FNDA:0,HandleNormalInteraction()
FNDA:0,OnToolCollisionEnter(UnityEngine.Collider)
FNDA:0,OnToolCollisionExit(UnityEngine.Collider)
FNDA:0,StopScrewSound()
FNDA:1,Screw()
FNF:7
FNH:1
BRF:0
BRH:0
DA:6,1
DA:7,1
DA:9,0
DA:10,0
DA:11,0
DA:12,0
DA:13,0
DA:14,0
DA:15,0
DA:16,0
DA:17,0
DA:18,0
DA:21,0
DA:22,0
DA:23,0
DA:24,0
DA:25,0
DA:26,0
DA:28,0
DA:29,0
DA:30,0
DA:31,0
DA:33,0
DA:34,0
DA:35,0
DA:36,0
DA:37,0
DA:39,0
DA:40,0
DA:41,0
DA:44,0
DA:45,0
DA:47,0
DA:48,0
DA:50,0
DA:52,0
DA:53,0
DA:54,0
DA:55,0
DA:56,0
DA:57,0
DA:58,0
DA:59,0
DA:60,0
DA:63,0
DA:64,0
DA:65,0
DA:66,0
DA:68,0
DA:69,0
DA:70,0
DA:71,0
DA:73,0
DA:74,0
DA:75,0
DA:76,0
DA:77,0
DA:79,0
DA:80,0
DA:81,0
DA:84,0
DA:85,0
DA:87,0
DA:88,0
DA:90,0
DA:92,0
DA:93,0
DA:94,0
DA:95,0
DA:96,0
DA:97,0
DA:98,0
DA:99,0
DA:102,0
DA:103,0
DA:104,0
DA:107,0
DA:108,0
DA:109,0
DA:110,0
DA:113,0
DA:114,0
DA:115,0
DA:116,0
LH:2
LF:84
end_of_record
SF:C:/Users/akmoi/Desktop/VRproject/VRAssemblyApp/Assets/Scripts/SequenceManager.cs
FN:20,InitializeSequence(System.Collections.Generic.List[ComponentData])
FN:28,IncrementCurrentStep()
FN:35,IncrementCurrentError()
FN:42,SaveBuildingSequence(UnityEngine.GameObject, System.String)
FN:56,ModifyBuildingSequence(UnityEngine.GameObject, System.String)
FN:70,RemoveComponentFromSequence(UnityEngine.GameObject, System.String)
FN:84,ValidateComponent(UnityEngine.GameObject)
FN:99,AssemblySequence()
FN:99,AssemblySequence(System.Collections.Generic.List[ComponentData])
FN:100,CurrentStep()
FN:100,CurrentStep(System.Int32)
FN:101,FinishTime()
FN:101,FinishTime(System.String)
FN:102,ErrorCount()
FN:102,ErrorCount(System.Int32)
FNDA:5,InitializeSequence(System.Collections.Generic.List[ComponentData])
FNDA:1,IncrementCurrentStep()
FNDA:2,IncrementCurrentError()
FNDA:1,SaveBuildingSequence(UnityEngine.GameObject, System.String)
FNDA:1,ModifyBuildingSequence(UnityEngine.GameObject, System.String)
FNDA:1,RemoveComponentFromSequence(UnityEngine.GameObject, System.String)
FNDA:2,ValidateComponent(UnityEngine.GameObject)
FNDA:1,AssemblySequence()
FNDA:1,AssemblySequence(System.Collections.Generic.List[ComponentData])
FNDA:2,CurrentStep()
FNDA:2,CurrentStep(System.Int32)
FNDA:2,FinishTime()
FNDA:2,FinishTime(System.String)
FNDA:4,ErrorCount()
FNDA:4,ErrorCount(System.Int32)
FNF:15
FNH:15
BRF:0
BRH:0
DA:20,5
DA:21,5
DA:22,5
DA:23,5
DA:24,5
DA:28,1
DA:29,1
DA:30,1
DA:31,1
DA:35,2
DA:36,2
DA:37,2
DA:38,2
DA:42,1
DA:43,1
DA:44,1
DA:45,1
DA:46,1
DA:47,1
DA:49,0
DA:50,0
DA:51,0
DA:52,1
DA:56,1
DA:57,1
DA:58,1
DA:59,1
DA:60,1
DA:61,1
DA:63,0
DA:64,0
DA:65,0
DA:66,1
DA:70,1
DA:71,1
DA:72,1
DA:73,1
DA:74,1
DA:75,1
DA:77,0
DA:78,0
DA:79,0
DA:80,1
DA:84,2
DA:85,2
DA:86,2
DA:87,1
DA:88,1
DA:89,1
DA:91,2
DA:92,2
DA:93,2
DA:94,2
DA:95,2
DA:96,0
DA:97,2
DA:99,1
DA:100,2
DA:101,2
DA:102,4
LH:50
LF:60
end_of_record
SF:C:/Users/akmoi/Desktop/VRproject/VRAssemblyApp/Assets/Scripts/SequenceReader.cs
FN:28,CreateSnapObjectFromJSON()
FN:67,ReadJson(System.String, System.String)
FN:73,DeserializeJson(System.String)
FN:78,CreateSnapParentObject(UnityEngine.GameObject, RootObject)
FN:117,CalculateCenter(System.Collections.Generic.List[Vector3])
FN:129,SetTransform(UnityEngine.GameObject, ComponentData)
FN:142,CopyMeshAndMaterial(UnityEngine.GameObject, UnityEngine.GameObject)
FN:164,InitializeSnapParent(UnityEngine.GameObject)
FNDA:2,CreateSnapObjectFromJSON()
FNDA:1,ReadJson(System.String, System.String)
FNDA:1,DeserializeJson(System.String)
FNDA:1,CreateSnapParentObject(UnityEngine.GameObject, RootObject)
FNDA:1,CalculateCenter(System.Collections.Generic.List[Vector3])
FNDA:1,SetTransform(UnityEngine.GameObject, ComponentData)
FNDA:1,CopyMeshAndMaterial(UnityEngine.GameObject, UnityEngine.GameObject)
FNDA:1,InitializeSnapParent(UnityEngine.GameObject)
FNF:8
FNH:8
BRF:0
BRH:0
DA:28,2
DA:29,2
DA:30,2
DA:31,0
DA:32,0
DA:33,0
DA:36,2
DA:37,2
DA:39,2
DA:40,1
DA:41,1
DA:42,1
DA:44,1
DA:45,0
DA:46,0
DA:47,0
DA:50,1
DA:51,1
DA:52,0
DA:53,0
DA:54,0
DA:57,1
DA:58,1
DA:59,1
DA:62,1
DA:63,1
DA:64,2
DA:67,1
DA:68,1
DA:69,1
DA:70,1
DA:73,1
DA:74,1
DA:75,1
DA:78,1
DA:79,1
DA:80,1
DA:83,1
DA:85,5
DA:86,1
DA:87,1
DA:88,0
DA:89,0
DA:90,0
DA:93,1
DA:94,1
DA:95,1
DA:97,1
DA:98,1
DA:101,1
DA:102,1
DA:105,1
DA:108,5
DA:109,1
DA:110,1
DA:111,1
DA:113,1
DA:114,1
DA:117,1
DA:118,1
DA:120,1
DA:121,5
DA:122,1
DA:123,1
DA:124,1
DA:125,1
DA:126,1
DA:129,1
DA:130,1
DA:131,1
DA:132,1
DA:133,1
DA:135,1
DA:136,1
DA:137,1
DA:138,1
DA:139,1
DA:142,1
DA:143,1
DA:144,1
DA:145,1
DA:146,1
DA:148,1
DA:149,1
DA:150,1
DA:151,1
DA:152,1
DA:154,1
DA:155,1
DA:156,1
DA:157,1
DA:158,1
DA:159,1
DA:160,1
DA:161,1
DA:164,1
DA:165,1
DA:166,1
DA:167,1
DA:168,1
DA:169,1
DA:170,1
DA:171,1
DA:172,1
LH:92
LF:104
end_of_record
SF:C:/Users/akmoi/Desktop/VRproject/VRAssemblyApp/Assets/Scripts/SimpleHammer.cs
FN:11,Start()
FN:17,ProcessInteractable(UnityEngine.XR.Interaction.Toolkit.XRInteractionUpdateOrder/UpdatePhase)
FN:30,CalculateImpactForce()
FN:51,GetImpactDirection()
FN:56,PlayHammerSound()
FNDA:9,Start()
FNDA:35,ProcessInteractable(UnityEngine.XR.Interaction.Toolkit.XRInteractionUpdateOrder/UpdatePhase)
FNDA:1,CalculateImpactForce()
FNDA:3,GetImpactDirection()
FNDA:4,PlayHammerSound()
FNF:5
FNH:5
BRF:0
BRH:0
DA:11,9
DA:12,9
DA:13,9
DA:14,9
DA:17,35
DA:18,35
DA:20,35
DA:21,10
DA:22,10
DA:23,0
DA:24,0
DA:25,0
DA:26,10
DA:27,35
DA:30,1
DA:31,1
DA:32,1
DA:35,1
DA:38,1
DA:41,1
DA:44,1
DA:46,1
DA:47,1
DA:51,3
DA:52,3
DA:53,3
DA:56,4
DA:57,4
DA:58,1
DA:59,1
DA:60,1
DA:61,4
LH:29
LF:32
end_of_record
SF:C:/Users/akmoi/Desktop/VRproject/VRAssemblyApp/Assets/Scripts/SnapToPosition.cs
FN:25,SnapDistance()
FN:25,SnapDistance(System.Single)
FN:26,SnapAngle()
FN:26,SnapAngle(System.Single)
FN:29,Awake()
FN:34,Start()
FN:62,OnTriggerStay(UnityEngine.Collider)
FN:75,CheckSnap(UnityEngine.Collider)
FN:135,AddGrabbable(UnityEngine.Collider)
FN:18,SnapToPosition()
FNDA:0,SnapDistance()
FNDA:0,SnapDistance(System.Single)
FNDA:0,SnapAngle()
FNDA:0,SnapAngle(System.Single)
FNDA:1,Awake()
FNDA:1,Start()
FNDA:9,OnTriggerStay(UnityEngine.Collider)
FNDA:0,CheckSnap(UnityEngine.Collider)
FNDA:0,AddGrabbable(UnityEngine.Collider)
FNDA:1,SnapToPosition()
FNF:10
FNH:4
BRF:0
BRH:0
DA:18,1
DA:19,1
DA:21,1
DA:25,0
DA:26,0
DA:29,1
DA:30,1
DA:32,1
DA:34,1
DA:35,1
DA:37,5
DA:38,1
DA:40,1
DA:41,1
DA:43,1
DA:44,1
DA:45,1
DA:46,1
DA:48,1
DA:56,1
DA:57,1
DA:59,1
DA:62,9
DA:65,9
DA:66,0
DA:68,9
DA:69,0
DA:70,0
DA:71,0
DA:72,9
DA:75,0
DA:76,0
DA:77,0
DA:78,0
DA:79,0
DA:80,0
DA:81,0
DA:82,0
DA:84,0
DA:85,0
DA:87,0
DA:88,0
DA:90,0
DA:92,0
DA:93,0
DA:94,0
DA:95,0
DA:97,0
DA:98,0
DA:99,0
DA:101,0
DA:103,0
DA:105,0
DA:106,0
DA:107,0
DA:108,0
DA:109,0
DA:110,0
DA:111,0
DA:114,0
DA:116,0
DA:118,0
DA:120,0
DA:122,0
DA:124,0
DA:127,0
DA:129,0
DA:130,0
DA:131,0
DA:132,0
DA:135,0
DA:136,0
DA:138,0
DA:139,0
DA:141,0
DA:144,0
DA:145,0
DA:146,0
DA:147,0
DA:148,0
DA:150,0
DA:151,0
DA:153,0
DA:155,0
DA:156,0
DA:157,0
DA:158,0
DA:159,0
DA:162,0
DA:163,0
DA:165,0
DA:166,0
LH:24
LF:92
end_of_record
SF:C:/Users/akmoi/Desktop/VRproject/VRAssemblyApp/Assets/Scripts/StateManager.cs
FN:8,Instance()
FN:8,Instance(StateManager)
FN:9,CurrentState()
FN:9,CurrentState(State)
FN:13,Awake()
FN:25,UpdateState(State)
FNDA:215,Instance()
FNDA:215,Instance(StateManager)
FNDA:111,CurrentState()
FNDA:111,CurrentState(State)
FNDA:66,Awake()
FNDA:12,UpdateState(State)
FNF:6
FNH:6
BRF:0
BRH:0
DA:8,215
DA:9,111
DA:13,66
DA:14,66
DA:15,64
DA:16,64
DA:17,64
DA:19,2
DA:20,2
DA:21,2
DA:22,66
DA:25,12
DA:26,12
DA:27,12
DA:28,12
LH:15
LF:15
end_of_record
SF:C:/Users/akmoi/Desktop/VRproject/VRAssemblyApp/Assets/Scripts/Tool.cs
FN:8,SetManager(Manager)
FN:12,OnHoverEntered(UnityEngine.XR.Interaction.Toolkit.HoverEnterEventArgs)
FN:21,OnHoverExited(UnityEngine.XR.Interaction.Toolkit.HoverExitEventArgs)
FN:5,Tool()
FNDA:2,SetManager(Manager)
FNDA:1,OnHoverEntered(UnityEngine.XR.Interaction.Toolkit.HoverEnterEventArgs)
FNDA:1,OnHoverExited(UnityEngine.XR.Interaction.Toolkit.HoverExitEventArgs)
FNDA:15,Tool()
FNF:4
FNH:4
BRF:0
BRH:0
DA:5,15
DA:8,2
DA:9,2
DA:10,2
DA:12,1
DA:13,1
DA:14,1
DA:15,1
DA:16,1
DA:17,1
DA:18,1
DA:21,1
DA:22,1
DA:23,1
DA:24,1
DA:25,1
DA:26,1
DA:27,1
LH:18
LF:18
end_of_record
SF:C:/Users/akmoi/Desktop/VRproject/VRAssemblyApp/Assets/Scripts/ToolManager.cs
FN:13,HammerPrefab()
FN:13,HammerPrefab(UnityEngine.GameObject)
FN:14,DrillPrefab()
FN:14,DrillPrefab(UnityEngine.GameObject)
FN:15,ScrewDriverPrefab()
FN:15,ScrewDriverPrefab(UnityEngine.GameObject)
FN:16,ToolInstances()
FN:16,ToolInstances(System.Collections.Generic.Dictionary[GameObject,GameObject])
FN:19,Start()
FN:30,AttachToolToComponent(UnityEngine.GameObject, System.String)
FN:52,HideToolOnComponent(UnityEngine.GameObject)
FN:61,HideAllTools()
FN:11,ToolManager()
FNDA:6,HammerPrefab()
FNDA:6,HammerPrefab(UnityEngine.GameObject)
FNDA:6,DrillPrefab()
FNDA:6,DrillPrefab(UnityEngine.GameObject)
FNDA:6,ScrewDriverPrefab()
FNDA:6,ScrewDriverPrefab(UnityEngine.GameObject)
FNDA:5,ToolInstances()
FNDA:5,ToolInstances(System.Collections.Generic.Dictionary[GameObject,GameObject])
FNDA:6,Start()
FNDA:8,AttachToolToComponent(UnityEngine.GameObject, System.String)
FNDA:9,HideToolOnComponent(UnityEngine.GameObject)
FNDA:1,HideAllTools()
FNDA:6,ToolManager()
FNF:13
FNH:13
BRF:0
BRH:0
DA:11,6
DA:13,6
DA:14,6
DA:15,6
DA:16,5
DA:19,6
DA:20,6
DA:27,6
DA:30,8
DA:32,8
DA:34,8
DA:35,7
DA:36,7
DA:37,7
DA:38,7
DA:39,7
DA:40,7
DA:41,7
DA:44,7
DA:45,7
DA:48,1
DA:49,8
DA:52,9
DA:53,9
DA:54,2
DA:55,2
DA:56,2
DA:57,2
DA:58,9
DA:61,1
DA:62,7
DA:63,2
DA:64,2
DA:65,2
DA:66,2
DA:67,2
DA:68,2
DA:69,1
DA:70,1
LH:39
LF:39
end_of_record
SF:C:/Users/akmoi/Desktop/VRproject/VRAssemblyApp/Assets/Scripts/WoodenPin.cs
FN:14,HandleInteraction()
FN:31,HandleSocketTransformInteraction()
FN:68,HandleNormalInteraction()
FN:106,OnToolCollisionEnter(UnityEngine.Collider)
FN:112,OnToolCollisionExit(UnityEngine.Collider)
FN:6,WoodenPin()
FNDA:3,HandleInteraction()
FNDA:1,HandleSocketTransformInteraction()
FNDA:1,HandleNormalInteraction()
FNDA:2,OnToolCollisionEnter(UnityEngine.Collider)
FNDA:1,OnToolCollisionExit(UnityEngine.Collider)
FNDA:5,WoodenPin()
FNF:6
FNH:6
BRF:0
BRH:0
DA:6,5
DA:7,5
DA:9,5
DA:11,5
DA:14,3
DA:16,3
DA:17,1
DA:19,2
DA:20,1
DA:21,1
DA:22,1
DA:23,1
DA:24,1
DA:25,1
DA:26,1
DA:27,1
DA:28,3
DA:31,1
DA:32,1
DA:33,1
DA:35,1
DA:36,1
DA:38,1
DA:39,1
DA:40,1
DA:42,1
DA:45,1
DA:46,1
DA:47,1
DA:50,1
DA:52,1
DA:55,1
DA:56,1
DA:57,1
DA:58,1
DA:59,1
DA:61,1
DA:62,1
DA:64,1
DA:65,1
DA:68,1
DA:69,1
DA:70,1
DA:72,1
DA:73,1
DA:76,1
DA:77,1
DA:78,1
DA:80,1
DA:83,1
DA:84,1
DA:85,1
DA:88,1
DA:90,1
DA:93,1
DA:94,1
DA:95,1
DA:96,1
DA:97,1
DA:99,1
DA:100,1
DA:102,1
DA:103,1
DA:106,2
DA:107,2
DA:109,2
DA:112,1
DA:113,1
DA:114,1
LH:69
LF:69
end_of_record
