<?xml version="1.0" encoding="utf-8"?>
<CoverageSession xmlns:xsd="http://www.w3.org/2001/XMLSchema" xmlns:xsi="http://www.w3.org/2001/XMLSchema-instance" Version="0.0.0.0">
  <Summary numSequencePoints="116" visitedSequencePoints="82" numBranchPoints="0" visitedBranchPoints="0" sequenceCoverage="70.69" branchCoverage="0.0" maxCyclomaticComplexity="7" minCyclomaticComplexity="1" maxCrapScore="23.81" minCrapScore="1" visitedClasses="5" numClasses="5" visitedMethods="19" numMethods="19" />
  <Modules>
    <Module>
      <Summary numSequencePoints="69" visitedSequencePoints="42" numBranchPoints="0" visitedBranchPoints="0" sequenceCoverage="60.87" branchCoverage="0.0" maxCyclomaticComplexity="7" minCyclomaticComplexity="1" maxCrapScore="23.81" minCrapScore="1" visitedClasses="4" numClasses="4" visitedMethods="15" numMethods="15" />
      <ModuleTime>0001-01-01T00:00:00</ModuleTime>
      <ModuleName>Scripts</ModuleName>
      <Files>
        <File uid="5" fullPath="C:/Users/akmoi/Desktop/VRproject/VRAssemblyApp/Assets/Scripts/ApplicationQuit.cs" />
        <File uid="6" fullPath="C:/Users/akmoi/Desktop/VRproject/VRAssemblyApp/Assets/Scripts/AudioManager.cs" />
        <File uid="7" fullPath="C:/Users/akmoi/Desktop/VRproject/VRAssemblyApp/Assets/Scripts/AutomaticPlacementManager.cs" />
        <File uid="8" fullPath="C:/Users/akmoi/Desktop/VRproject/VRAssemblyApp/Assets/Scripts/BaseHammer.cs" />
        <File uid="9" fullPath="C:/Users/akmoi/Desktop/VRproject/VRAssemblyApp/Assets/Scripts/BaseScrewDriver.cs" />
        <File uid="10" fullPath="C:/Users/akmoi/Desktop/VRproject/VRAssemblyApp/Assets/Scripts/ComponentObject.cs" />
        <File uid="11" fullPath="C:/Users/akmoi/Desktop/VRproject/VRAssemblyApp/Assets/Scripts/ComponentPositioner.cs" />
        <File uid="12" fullPath="C:/Users/akmoi/Desktop/VRproject/VRAssemblyApp/Assets/Scripts/ConveyerLights.cs" />
        <File uid="13" fullPath="C:/Users/akmoi/Desktop/VRproject/VRAssemblyApp/Assets/Scripts/DropDownManager.cs" />
        <File uid="14" fullPath="C:/Users/akmoi/Desktop/VRproject/VRAssemblyApp/Assets/Scripts/EletricScrewDriver.cs" />
        <File uid="15" fullPath="C:/Users/akmoi/Desktop/VRproject/VRAssemblyApp/Assets/Scripts/Extensions.cs" />
        <File uid="16" fullPath="C:/Users/akmoi/Desktop/VRproject/VRAssemblyApp/Assets/Scripts/Fastener.cs" />
        <File uid="17" fullPath="C:/Users/akmoi/Desktop/VRproject/VRAssemblyApp/Assets/Scripts/FileBrowserManager.cs" />
        <File uid="18" fullPath="C:/Users/akmoi/Desktop/VRproject/VRAssemblyApp/Assets/Scripts/FileChecker.cs" />
        <File uid="19" fullPath="C:/Users/akmoi/Desktop/VRproject/VRAssemblyApp/Assets/Scripts/FileMonitor.cs" />
        <File uid="20" fullPath="C:/Users/akmoi/Desktop/VRproject/VRAssemblyApp/Assets/Scripts/FinishManager.cs" />
        <File uid="21" fullPath="C:/Users/akmoi/Desktop/VRproject/VRAssemblyApp/Assets/Scripts/HandMenuController.cs" />
        <File uid="22" fullPath="C:/Users/akmoi/Desktop/VRproject/VRAssemblyApp/Assets/Scripts/HandMenuManager.cs" />
        <File uid="23" fullPath="C:/Users/akmoi/Desktop/VRproject/VRAssemblyApp/Assets/Scripts/HintManager.cs" />
        <File uid="24" fullPath="C:/Users/akmoi/Desktop/VRproject/VRAssemblyApp/Assets/Scripts/InitializeComponetManager.cs" />
        <File uid="25" fullPath="C:/Users/akmoi/Desktop/VRproject/VRAssemblyApp/Assets/Scripts/InitializedDataManager.cs" />
        <File uid="26" fullPath="C:/Users/akmoi/Desktop/VRproject/VRAssemblyApp/Assets/Scripts/InteractionManager.cs" />
        <File uid="27" fullPath="C:/Users/akmoi/Desktop/VRproject/VRAssemblyApp/Assets/Scripts/MakeGrabbable.cs" />
        <File uid="28" fullPath="C:/Users/akmoi/Desktop/VRproject/VRAssemblyApp/Assets/Scripts/Manager.cs" />
        <File uid="29" fullPath="C:/Users/akmoi/Desktop/VRproject/VRAssemblyApp/Assets/Scripts/ManualScrewDriver.cs" />
        <File uid="30" fullPath="C:/Users/akmoi/Desktop/VRproject/VRAssemblyApp/Assets/Scripts/ModeChooserManager.cs" />
        <File uid="31" fullPath="C:/Users/akmoi/Desktop/VRproject/VRAssemblyApp/Assets/Scripts/ModelSelectionManager.cs" />
        <File uid="32" fullPath="C:/Users/akmoi/Desktop/VRproject/VRAssemblyApp/Assets/Scripts/Nail.cs" />
        <File uid="33" fullPath="C:/Users/akmoi/Desktop/VRproject/VRAssemblyApp/Assets/Scripts/PdfLoader.cs" />
        <File uid="34" fullPath="C:/Users/akmoi/Desktop/VRproject/VRAssemblyApp/Assets/Scripts/PlayBackManager.cs" />
        <File uid="35" fullPath="C:/Users/akmoi/Desktop/VRproject/VRAssemblyApp/Assets/Scripts/PrefabManager.cs" />
        <File uid="36" fullPath="C:/Users/akmoi/Desktop/VRproject/VRAssemblyApp/Assets/Scripts/RecordManager.cs" />
        <File uid="37" fullPath="C:/Users/akmoi/Desktop/VRproject/VRAssemblyApp/Assets/Scripts/SaveSequence.cs" />
        <File uid="38" fullPath="C:/Users/akmoi/Desktop/VRproject/VRAssemblyApp/Assets/Scripts/Screw.cs" />
        <File uid="39" fullPath="C:/Users/akmoi/Desktop/VRproject/VRAssemblyApp/Assets/Scripts/SequenceManager.cs" />
        <File uid="40" fullPath="C:/Users/akmoi/Desktop/VRproject/VRAssemblyApp/Assets/Scripts/SequenceReader.cs" />
        <File uid="41" fullPath="C:/Users/akmoi/Desktop/VRproject/VRAssemblyApp/Assets/Scripts/SimpleHammer.cs" />
        <File uid="42" fullPath="C:/Users/akmoi/Desktop/VRproject/VRAssemblyApp/Assets/Scripts/SnapToPosition.cs" />
        <File uid="43" fullPath="C:/Users/akmoi/Desktop/VRproject/VRAssemblyApp/Assets/Scripts/StateManager.cs" />
        <File uid="44" fullPath="C:/Users/akmoi/Desktop/VRproject/VRAssemblyApp/Assets/Scripts/Tool.cs" />
        <File uid="45" fullPath="C:/Users/akmoi/Desktop/VRproject/VRAssemblyApp/Assets/Scripts/ToolManager.cs" />
        <File uid="46" fullPath="C:/Users/akmoi/Desktop/VRproject/VRAssemblyApp/Assets/Scripts/WoodenPin.cs" />
        <File uid="47" fullPath="C:/Users/akmoi/Desktop/VRproject/VRAssemblyApp/Assets/Scripts/ModelLoader.cs" />
      </Files>
      <Classes>
        <Class>
          <Summary numSequencePoints="4" visitedSequencePoints="4" numBranchPoints="0" visitedBranchPoints="0" sequenceCoverage="100.0" branchCoverage="0.0" maxCyclomaticComplexity="1" minCyclomaticComplexity="1" maxCrapScore="1" minCrapScore="1" visitedClasses="1" numClasses="1" visitedMethods="1" numMethods="1" />
          <FullName>ComponentObject</FullName>
          <Methods>
            <Method visited="true" cyclomaticComplexity="1" nPathComplexity="0" sequenceCoverage="100.0" branchCoverage="0" crapScore="1" isConstructor="true" isStatic="false" isGetter="false" isSetter="false">
              <Summary numSequencePoints="4" visitedSequencePoints="4" numBranchPoints="0" visitedBranchPoints="0" sequenceCoverage="100.0" branchCoverage="0" maxCyclomaticComplexity="1" minCyclomaticComplexity="1" maxCrapScore="1" minCrapScore="1" visitedClasses="0" numClasses="0" visitedMethods="1" numMethods="1" />
              <MetadataToken>100663328</MetadataToken>
              <Name>ComponentObject::ComponentObject()</Name>
              <FileRef uid="10" />
              <SequencePoints>
                <SequencePoint vc="1" uspid="179172" ordinal="0" offset="0" sl="5" sc="5" el="5" ec="5" bec="0" bev="0" fileid="10">
                  <TrackedMethodRefs>
                    <TrackedMethodRef uid="0" vc="1" />
                  </TrackedMethodRefs>
                </SequencePoint>
                <SequencePoint vc="1" uspid="179173" ordinal="0" offset="7" sl="6" sc="5" el="6" ec="5" bec="0" bev="0" fileid="10">
                  <TrackedMethodRefs>
                    <TrackedMethodRef uid="0" vc="1" />
                  </TrackedMethodRefs>
                </SequencePoint>
                <SequencePoint vc="1" uspid="179174" ordinal="0" offset="14" sl="26" sc="22" el="26" ec="22" bec="0" bev="0" fileid="10">
                  <TrackedMethodRefs>
                    <TrackedMethodRef uid="0" vc="1" />
                  </TrackedMethodRefs>
                </SequencePoint>
                <SequencePoint vc="1" uspid="179175" ordinal="0" offset="21" sl="27" sc="22" el="27" ec="22" bec="0" bev="0" fileid="10">
                  <TrackedMethodRefs>
                    <TrackedMethodRef uid="0" vc="1" />
                  </TrackedMethodRefs>
                </SequencePoint>
              </SequencePoints>
              <BranchPoints />
            </Method>
          </Methods>
        </Class>
        <Class>
          <Summary numSequencePoints="31" visitedSequencePoints="10" numBranchPoints="0" visitedBranchPoints="0" sequenceCoverage="32.26" branchCoverage="0.0" maxCyclomaticComplexity="7" minCyclomaticComplexity="1" maxCrapScore="23.81" minCrapScore="1" visitedClasses="1" numClasses="1" visitedMethods="2" numMethods="2" />
          <FullName>InitializedDataManager</FullName>
          <Methods>
            <Method visited="true" cyclomaticComplexity="7" nPathComplexity="0" sequenceCoverage="30.00" branchCoverage="0" crapScore="23.81" isConstructor="false" isStatic="false" isGetter="false" isSetter="false">
              <Summary numSequencePoints="30" visitedSequencePoints="9" numBranchPoints="0" visitedBranchPoints="0" sequenceCoverage="30.00" branchCoverage="0" maxCyclomaticComplexity="7" minCyclomaticComplexity="7" maxCrapScore="23.81" minCrapScore="23.81" visitedClasses="0" numClasses="0" visitedMethods="1" numMethods="1" />
              <MetadataToken>100663488</MetadataToken>
              <Name>System.Void InitializedDataManager::LoadComponentsData()</Name>
              <FileRef uid="25" />
              <SequencePoints>
                <SequencePoint vc="1" uspid="180294" ordinal="0" offset="0" sl="70" sc="5" el="70" ec="5" bec="0" bev="0" fileid="25">
                  <TrackedMethodRefs>
                    <TrackedMethodRef uid="0" vc="1" />
                  </TrackedMethodRefs>
                </SequencePoint>
                <SequencePoint vc="1" uspid="180295" ordinal="0" offset="1" sl="71" sc="9" el="71" ec="9" bec="0" bev="0" fileid="25">
                  <TrackedMethodRefs>
                    <TrackedMethodRef uid="0" vc="1" />
                  </TrackedMethodRefs>
                </SequencePoint>
                <SequencePoint vc="1" uspid="180296" ordinal="0" offset="17" sl="72" sc="9" el="72" ec="9" bec="0" bev="0" fileid="25">
                  <TrackedMethodRefs>
                    <TrackedMethodRef uid="0" vc="1" />
                  </TrackedMethodRefs>
                </SequencePoint>
                <SequencePoint vc="0" uspid="180297" ordinal="0" offset="32" sl="72" sc="33" el="72" ec="33" bec="0" bev="0" fileid="25">
                  <TrackedMethodRefs>
                    <TrackedMethodRef uid="0" vc="0" />
                  </TrackedMethodRefs>
                </SequencePoint>
                <SequencePoint vc="1" uspid="180298" ordinal="0" offset="37" sl="74" sc="9" el="74" ec="9" bec="0" bev="0" fileid="25">
                  <TrackedMethodRefs>
                    <TrackedMethodRef uid="0" vc="1" />
                  </TrackedMethodRefs>
                </SequencePoint>
                <SequencePoint vc="1" uspid="180299" ordinal="0" offset="63" sl="75" sc="9" el="75" ec="9" bec="0" bev="0" fileid="25">
                  <TrackedMethodRefs>
                    <TrackedMethodRef uid="0" vc="1" />
                  </TrackedMethodRefs>
                </SequencePoint>
                <SequencePoint vc="0" uspid="180300" ordinal="0" offset="75" sl="75" sc="45" el="75" ec="45" bec="0" bev="0" fileid="25">
                  <TrackedMethodRefs>
                    <TrackedMethodRef uid="0" vc="0" />
                  </TrackedMethodRefs>
                </SequencePoint>
                <SequencePoint vc="1" uspid="180301" ordinal="0" offset="80" sl="77" sc="9" el="77" ec="9" bec="0" bev="0" fileid="25">
                  <TrackedMethodRefs>
                    <TrackedMethodRef uid="0" vc="1" />
                  </TrackedMethodRefs>
                </SequencePoint>
                <SequencePoint vc="1" uspid="180302" ordinal="0" offset="93" sl="78" sc="9" el="78" ec="9" bec="0" bev="0" fileid="25">
                  <TrackedMethodRefs>
                    <TrackedMethodRef uid="0" vc="1" />
                  </TrackedMethodRefs>
                </SequencePoint>
                <SequencePoint vc="1" uspid="180303" ordinal="0" offset="108" sl="78" sc="37" el="78" ec="37" bec="0" bev="0" fileid="25">
                  <TrackedMethodRefs>
                    <TrackedMethodRef uid="0" vc="1" />
                  </TrackedMethodRefs>
                </SequencePoint>
                <SequencePoint vc="0" uspid="180304" ordinal="0" offset="113" sl="80" sc="9" el="80" ec="9" bec="0" bev="0" fileid="25">
                  <TrackedMethodRefs>
                    <TrackedMethodRef uid="0" vc="0" />
                  </TrackedMethodRefs>
                </SequencePoint>
                <SequencePoint vc="0" uspid="180305" ordinal="0" offset="120" sl="81" sc="9" el="81" ec="9" bec="0" bev="0" fileid="25">
                  <TrackedMethodRefs>
                    <TrackedMethodRef uid="0" vc="0" />
                  </TrackedMethodRefs>
                </SequencePoint>
                <SequencePoint vc="0" uspid="180306" ordinal="0" offset="127" sl="83" sc="9" el="83" ec="9" bec="0" bev="0" fileid="25">
                  <TrackedMethodRefs>
                    <TrackedMethodRef uid="0" vc="0" />
                  </TrackedMethodRefs>
                </SequencePoint>
                <SequencePoint vc="0" uspid="180307" ordinal="0" offset="128" sl="83" sc="53" el="83" ec="53" bec="0" bev="0" fileid="25">
                  <TrackedMethodRefs>
                    <TrackedMethodRef uid="0" vc="0" />
                  </TrackedMethodRefs>
                </SequencePoint>
                <SequencePoint vc="0" uspid="180308" ordinal="0" offset="143" sl="83" sc="18" el="83" ec="18" bec="0" bev="0" fileid="25">
                  <TrackedMethodRefs>
                    <TrackedMethodRef uid="0" vc="0" />
                  </TrackedMethodRefs>
                </SequencePoint>
                <SequencePoint vc="0" uspid="180309" ordinal="0" offset="152" sl="84" sc="9" el="84" ec="9" bec="0" bev="0" fileid="25">
                  <TrackedMethodRefs>
                    <TrackedMethodRef uid="0" vc="0" />
                  </TrackedMethodRefs>
                </SequencePoint>
                <SequencePoint vc="0" uspid="180310" ordinal="0" offset="153" sl="85" sc="13" el="85" ec="13" bec="0" bev="0" fileid="25">
                  <TrackedMethodRefs>
                    <TrackedMethodRef uid="0" vc="0" />
                  </TrackedMethodRefs>
                </SequencePoint>
                <SequencePoint vc="0" uspid="180311" ordinal="0" offset="174" sl="86" sc="13" el="86" ec="13" bec="0" bev="0" fileid="25">
                  <TrackedMethodRefs>
                    <TrackedMethodRef uid="0" vc="0" />
                  </TrackedMethodRefs>
                </SequencePoint>
                <SequencePoint vc="0" uspid="180312" ordinal="0" offset="188" sl="87" sc="13" el="87" ec="13" bec="0" bev="0" fileid="25">
                  <TrackedMethodRefs>
                    <TrackedMethodRef uid="0" vc="0" />
                  </TrackedMethodRefs>
                </SequencePoint>
                <SequencePoint vc="0" uspid="180313" ordinal="0" offset="189" sl="88" sc="17" el="88" ec="17" bec="0" bev="0" fileid="25">
                  <TrackedMethodRefs>
                    <TrackedMethodRef uid="0" vc="0" />
                  </TrackedMethodRefs>
                </SequencePoint>
                <SequencePoint vc="0" uspid="180314" ordinal="0" offset="198" sl="89" sc="17" el="89" ec="17" bec="0" bev="0" fileid="25">
                  <TrackedMethodRefs>
                    <TrackedMethodRef uid="0" vc="0" />
                  </TrackedMethodRefs>
                </SequencePoint>
                <SequencePoint vc="0" uspid="180315" ordinal="0" offset="212" sl="90" sc="17" el="90" ec="17" bec="0" bev="0" fileid="25">
                  <TrackedMethodRefs>
                    <TrackedMethodRef uid="0" vc="0" />
                  </TrackedMethodRefs>
                </SequencePoint>
                <SequencePoint vc="0" uspid="180316" ordinal="0" offset="213" sl="91" sc="21" el="91" ec="21" bec="0" bev="0" fileid="25">
                  <TrackedMethodRefs>
                    <TrackedMethodRef uid="0" vc="0" />
                  </TrackedMethodRefs>
                </SequencePoint>
                <SequencePoint vc="0" uspid="180317" ordinal="0" offset="227" sl="92" sc="17" el="92" ec="17" bec="0" bev="0" fileid="25">
                  <TrackedMethodRefs>
                    <TrackedMethodRef uid="0" vc="0" />
                  </TrackedMethodRefs>
                </SequencePoint>
                <SequencePoint vc="0" uspid="180318" ordinal="0" offset="228" sl="93" sc="17" el="93" ec="17" bec="0" bev="0" fileid="25">
                  <TrackedMethodRefs>
                    <TrackedMethodRef uid="0" vc="0" />
                  </TrackedMethodRefs>
                </SequencePoint>
                <SequencePoint vc="0" uspid="180319" ordinal="0" offset="243" sl="94" sc="17" el="94" ec="17" bec="0" bev="0" fileid="25">
                  <TrackedMethodRefs>
                    <TrackedMethodRef uid="0" vc="0" />
                  </TrackedMethodRefs>
                </SequencePoint>
                <SequencePoint vc="0" uspid="180320" ordinal="0" offset="258" sl="95" sc="13" el="95" ec="13" bec="0" bev="0" fileid="25">
                  <TrackedMethodRefs>
                    <TrackedMethodRef uid="0" vc="0" />
                  </TrackedMethodRefs>
                </SequencePoint>
                <SequencePoint vc="0" uspid="180321" ordinal="0" offset="259" sl="96" sc="9" el="96" ec="9" bec="0" bev="0" fileid="25">
                  <TrackedMethodRefs>
                    <TrackedMethodRef uid="0" vc="0" />
                  </TrackedMethodRefs>
                </SequencePoint>
                <SequencePoint vc="0" uspid="180322" ordinal="0" offset="260" sl="83" sc="50" el="83" ec="50" bec="0" bev="0" fileid="25">
                  <TrackedMethodRefs>
                    <TrackedMethodRef uid="0" vc="0" />
                  </TrackedMethodRefs>
                </SequencePoint>
                <SequencePoint vc="1" uspid="180323" ordinal="0" offset="286" sl="97" sc="5" el="97" ec="5" bec="0" bev="0" fileid="25">
                  <TrackedMethodRefs>
                    <TrackedMethodRef uid="0" vc="1" />
                  </TrackedMethodRefs>
                </SequencePoint>
              </SequencePoints>
              <BranchPoints />
            </Method>
            <Method visited="true" cyclomaticComplexity="1" nPathComplexity="0" sequenceCoverage="100.0" branchCoverage="0" crapScore="1" isConstructor="true" isStatic="false" isGetter="false" isSetter="false">
              <Summary numSequencePoints="1" visitedSequencePoints="1" numBranchPoints="0" visitedBranchPoints="0" sequenceCoverage="100.0" branchCoverage="0" maxCyclomaticComplexity="1" minCyclomaticComplexity="1" maxCrapScore="1" minCrapScore="1" visitedClasses="0" numClasses="0" visitedMethods="1" numMethods="1" />
              <MetadataToken>100663490</MetadataToken>
              <Name>InitializedDataManager::InitializedDataManager()</Name>
              <FileRef uid="25" />
              <SequencePoints>
                <SequencePoint vc="1" uspid="180336" ordinal="0" offset="0" sl="24" sc="5" el="24" ec="5" bec="0" bev="0" fileid="25">
                  <TrackedMethodRefs>
                    <TrackedMethodRef uid="0" vc="1" />
                  </TrackedMethodRefs>
                </SequencePoint>
              </SequencePoints>
              <BranchPoints />
            </Method>
          </Methods>
        </Class>
        <Class>
          <Summary numSequencePoints="23" visitedSequencePoints="20" numBranchPoints="0" visitedBranchPoints="0" sequenceCoverage="86.96" branchCoverage="0.0" maxCyclomaticComplexity="3" minCyclomaticComplexity="1" maxCrapScore="3.18" minCrapScore="1" visitedClasses="1" numClasses="1" visitedMethods="9" numMethods="9" />
          <FullName>Manager</FullName>
          <Methods>
            <Method visited="true" cyclomaticComplexity="1" nPathComplexity="0" sequenceCoverage="100.0" branchCoverage="0" crapScore="1" isConstructor="false" isStatic="true" isGetter="true" isSetter="false">
              <Summary numSequencePoints="1" visitedSequencePoints="1" numBranchPoints="0" visitedBranchPoints="0" sequenceCoverage="100.0" branchCoverage="0" maxCyclomaticComplexity="1" minCyclomaticComplexity="1" maxCrapScore="1" minCrapScore="1" visitedClasses="0" numClasses="0" visitedMethods="1" numMethods="1" />
              <MetadataToken>100663515</MetadataToken>
              <Name>static Manager Manager::get_Instance()</Name>
              <FileRef uid="28" />
              <SequencePoints>
                <SequencePoint vc="3" uspid="180526" ordinal="0" offset="0" sl="27" sc="38" el="27" ec="38" bec="0" bev="0" fileid="28">
                  <TrackedMethodRefs>
                    <TrackedMethodRef uid="0" vc="3" />
                  </TrackedMethodRefs>
                </SequencePoint>
              </SequencePoints>
              <BranchPoints />
            </Method>
            <Method visited="true" cyclomaticComplexity="1" nPathComplexity="0" sequenceCoverage="100.0" branchCoverage="0" crapScore="1" isConstructor="false" isStatic="true" isGetter="false" isSetter="true">
              <Summary numSequencePoints="1" visitedSequencePoints="1" numBranchPoints="0" visitedBranchPoints="0" sequenceCoverage="100.0" branchCoverage="0" maxCyclomaticComplexity="1" minCyclomaticComplexity="1" maxCrapScore="1" minCrapScore="1" visitedClasses="0" numClasses="0" visitedMethods="1" numMethods="1" />
              <MetadataToken>100663516</MetadataToken>
              <Name>static System.Void Manager::set_Instance(Manager)</Name>
              <FileRef uid="28" />
              <SequencePoints>
                <SequencePoint vc="1" uspid="180527" ordinal="0" offset="0" sl="27" sc="43" el="27" ec="43" bec="0" bev="0" fileid="28">
                  <TrackedMethodRefs>
                    <TrackedMethodRef uid="0" vc="1" />
                  </TrackedMethodRefs>
                </SequencePoint>
              </SequencePoints>
              <BranchPoints />
            </Method>
            <Method visited="true" cyclomaticComplexity="1" nPathComplexity="0" sequenceCoverage="100.0" branchCoverage="0" crapScore="1" isConstructor="false" isStatic="false" isGetter="true" isSetter="false">
              <Summary numSequencePoints="1" visitedSequencePoints="1" numBranchPoints="0" visitedBranchPoints="0" sequenceCoverage="100.0" branchCoverage="0" maxCyclomaticComplexity="1" minCyclomaticComplexity="1" maxCrapScore="1" minCrapScore="1" visitedClasses="0" numClasses="0" visitedMethods="1" numMethods="1" />
              <MetadataToken>100663517</MetadataToken>
              <Name>UnityEngine.GameObject Manager::get_Model()</Name>
              <FileRef uid="28" />
              <SequencePoints>
                <SequencePoint vc="2" uspid="180528" ordinal="0" offset="0" sl="30" sc="38" el="30" ec="38" bec="0" bev="0" fileid="28">
                  <TrackedMethodRefs>
                    <TrackedMethodRef uid="0" vc="2" />
                  </TrackedMethodRefs>
                </SequencePoint>
              </SequencePoints>
              <BranchPoints />
            </Method>
            <Method visited="true" cyclomaticComplexity="1" nPathComplexity="0" sequenceCoverage="100.0" branchCoverage="0" crapScore="1" isConstructor="false" isStatic="false" isGetter="false" isSetter="true">
              <Summary numSequencePoints="1" visitedSequencePoints="1" numBranchPoints="0" visitedBranchPoints="0" sequenceCoverage="100.0" branchCoverage="0" maxCyclomaticComplexity="1" minCyclomaticComplexity="1" maxCrapScore="1" minCrapScore="1" visitedClasses="0" numClasses="0" visitedMethods="1" numMethods="1" />
              <MetadataToken>100663518</MetadataToken>
              <Name>System.Void Manager::set_Model(UnityEngine.GameObject)</Name>
              <FileRef uid="28" />
              <SequencePoints>
                <SequencePoint vc="1" uspid="180529" ordinal="0" offset="0" sl="30" sc="52" el="30" ec="52" bec="0" bev="0" fileid="28">
                  <TrackedMethodRefs>
                    <TrackedMethodRef uid="0" vc="1" />
                  </TrackedMethodRefs>
                </SequencePoint>
              </SequencePoints>
              <BranchPoints />
            </Method>
            <Method visited="true" cyclomaticComplexity="1" nPathComplexity="0" sequenceCoverage="100.0" branchCoverage="0" crapScore="1" isConstructor="false" isStatic="false" isGetter="true" isSetter="false">
              <Summary numSequencePoints="1" visitedSequencePoints="1" numBranchPoints="0" visitedBranchPoints="0" sequenceCoverage="100.0" branchCoverage="0" maxCyclomaticComplexity="1" minCyclomaticComplexity="1" maxCrapScore="1" minCrapScore="1" visitedClasses="0" numClasses="0" visitedMethods="1" numMethods="1" />
              <MetadataToken>100663519</MetadataToken>
              <Name>System.Collections.Generic.List[Transform] Manager::get_Components()</Name>
              <FileRef uid="28" />
              <SequencePoints>
                <SequencePoint vc="1" uspid="180530" ordinal="0" offset="0" sl="31" sc="48" el="31" ec="48" bec="0" bev="0" fileid="28">
                  <TrackedMethodRefs>
                    <TrackedMethodRef uid="0" vc="1" />
                  </TrackedMethodRefs>
                </SequencePoint>
              </SequencePoints>
              <BranchPoints />
            </Method>
            <Method visited="true" cyclomaticComplexity="1" nPathComplexity="0" sequenceCoverage="100.0" branchCoverage="0" crapScore="1" isConstructor="false" isStatic="false" isGetter="false" isSetter="true">
              <Summary numSequencePoints="1" visitedSequencePoints="1" numBranchPoints="0" visitedBranchPoints="0" sequenceCoverage="100.0" branchCoverage="0" maxCyclomaticComplexity="1" minCyclomaticComplexity="1" maxCrapScore="1" minCrapScore="1" visitedClasses="0" numClasses="0" visitedMethods="1" numMethods="1" />
              <MetadataToken>100663520</MetadataToken>
              <Name>System.Void Manager::set_Components(System.Collections.Generic.List[Transform])</Name>
              <FileRef uid="28" />
              <SequencePoints>
                <SequencePoint vc="1" uspid="180531" ordinal="0" offset="0" sl="31" sc="67" el="31" ec="67" bec="0" bev="0" fileid="28">
                  <TrackedMethodRefs>
                    <TrackedMethodRef uid="0" vc="1" />
                  </TrackedMethodRefs>
                </SequencePoint>
              </SequencePoints>
              <BranchPoints />
            </Method>
            <Method visited="true" cyclomaticComplexity="3" nPathComplexity="0" sequenceCoverage="72.73" branchCoverage="0" crapScore="3.18" isConstructor="false" isStatic="false" isGetter="false" isSetter="false">
              <Summary numSequencePoints="11" visitedSequencePoints="8" numBranchPoints="0" visitedBranchPoints="0" sequenceCoverage="72.73" branchCoverage="0" maxCyclomaticComplexity="3" minCyclomaticComplexity="3" maxCrapScore="3.18" minCrapScore="3.18" visitedClasses="0" numClasses="0" visitedMethods="1" numMethods="1" />
              <MetadataToken>100663533</MetadataToken>
              <Name>System.Void Manager::Awake()</Name>
              <FileRef uid="28" />
              <SequencePoints>
                <SequencePoint vc="1" uspid="180544" ordinal="0" offset="0" sl="42" sc="5" el="42" ec="5" bec="0" bev="0" fileid="28">
                  <TrackedMethodRefs>
                    <TrackedMethodRef uid="0" vc="1" />
                  </TrackedMethodRefs>
                </SequencePoint>
                <SequencePoint vc="1" uspid="180545" ordinal="0" offset="1" sl="43" sc="9" el="43" ec="9" bec="0" bev="0" fileid="28">
                  <TrackedMethodRefs>
                    <TrackedMethodRef uid="0" vc="1" />
                  </TrackedMethodRefs>
                </SequencePoint>
                <SequencePoint vc="0" uspid="180546" ordinal="0" offset="32" sl="44" sc="9" el="44" ec="9" bec="0" bev="0" fileid="28">
                  <TrackedMethodRefs>
                    <TrackedMethodRef uid="0" vc="0" />
                  </TrackedMethodRefs>
                </SequencePoint>
                <SequencePoint vc="0" uspid="180547" ordinal="0" offset="33" sl="45" sc="13" el="45" ec="13" bec="0" bev="0" fileid="28">
                  <TrackedMethodRefs>
                    <TrackedMethodRef uid="0" vc="0" />
                  </TrackedMethodRefs>
                </SequencePoint>
                <SequencePoint vc="0" uspid="180548" ordinal="0" offset="40" sl="46" sc="13" el="46" ec="13" bec="0" bev="0" fileid="28">
                  <TrackedMethodRefs>
                    <TrackedMethodRef uid="0" vc="0" />
                  </TrackedMethodRefs>
                </SequencePoint>
                <SequencePoint vc="1" uspid="180549" ordinal="0" offset="42" sl="49" sc="9" el="49" ec="9" bec="0" bev="0" fileid="28">
                  <TrackedMethodRefs>
                    <TrackedMethodRef uid="0" vc="1" />
                  </TrackedMethodRefs>
                </SequencePoint>
                <SequencePoint vc="1" uspid="180550" ordinal="0" offset="43" sl="50" sc="13" el="50" ec="13" bec="0" bev="0" fileid="28">
                  <TrackedMethodRefs>
                    <TrackedMethodRef uid="0" vc="1" />
                  </TrackedMethodRefs>
                </SequencePoint>
                <SequencePoint vc="1" uspid="180551" ordinal="0" offset="50" sl="51" sc="9" el="51" ec="9" bec="0" bev="0" fileid="28">
                  <TrackedMethodRefs>
                    <TrackedMethodRef uid="0" vc="1" />
                  </TrackedMethodRefs>
                </SequencePoint>
                <SequencePoint vc="1" uspid="180552" ordinal="0" offset="51" sl="54" sc="9" el="54" ec="9" bec="0" bev="0" fileid="28">
                  <TrackedMethodRefs>
                    <TrackedMethodRef uid="0" vc="1" />
                  </TrackedMethodRefs>
                </SequencePoint>
                <SequencePoint vc="1" uspid="180553" ordinal="0" offset="69" sl="55" sc="9" el="55" ec="9" bec="0" bev="0" fileid="28">
                  <TrackedMethodRefs>
                    <TrackedMethodRef uid="0" vc="1" />
                  </TrackedMethodRefs>
                </SequencePoint>
                <SequencePoint vc="1" uspid="180554" ordinal="0" offset="87" sl="56" sc="5" el="56" ec="5" bec="0" bev="0" fileid="28">
                  <TrackedMethodRefs>
                    <TrackedMethodRef uid="0" vc="1" />
                  </TrackedMethodRefs>
                </SequencePoint>
              </SequencePoints>
              <BranchPoints />
            </Method>
            <Method visited="true" cyclomaticComplexity="1" nPathComplexity="0" sequenceCoverage="100.0" branchCoverage="0" crapScore="1" isConstructor="false" isStatic="false" isGetter="false" isSetter="false">
              <Summary numSequencePoints="4" visitedSequencePoints="4" numBranchPoints="0" visitedBranchPoints="0" sequenceCoverage="100.0" branchCoverage="0" maxCyclomaticComplexity="1" minCyclomaticComplexity="1" maxCrapScore="1" minCrapScore="1" visitedClasses="0" numClasses="0" visitedMethods="1" numMethods="1" />
              <MetadataToken>100663534</MetadataToken>
              <Name>System.Void Manager::OnDestroy()</Name>
              <FileRef uid="28" />
              <SequencePoints>
                <SequencePoint vc="1" uspid="180555" ordinal="0" offset="0" sl="59" sc="5" el="59" ec="5" bec="0" bev="0" fileid="28">
                  <TrackedMethodRefs>
                    <TrackedMethodRef uid="0" vc="1" />
                  </TrackedMethodRefs>
                </SequencePoint>
                <SequencePoint vc="1" uspid="180556" ordinal="0" offset="1" sl="60" sc="9" el="60" ec="9" bec="0" bev="0" fileid="28">
                  <TrackedMethodRefs>
                    <TrackedMethodRef uid="0" vc="1" />
                  </TrackedMethodRefs>
                </SequencePoint>
                <SequencePoint vc="1" uspid="180557" ordinal="0" offset="19" sl="61" sc="9" el="61" ec="9" bec="0" bev="0" fileid="28">
                  <TrackedMethodRefs>
                    <TrackedMethodRef uid="0" vc="1" />
                  </TrackedMethodRefs>
                </SequencePoint>
                <SequencePoint vc="1" uspid="180558" ordinal="0" offset="37" sl="63" sc="5" el="63" ec="5" bec="0" bev="0" fileid="28">
                  <TrackedMethodRefs>
                    <TrackedMethodRef uid="0" vc="1" />
                  </TrackedMethodRefs>
                </SequencePoint>
              </SequencePoints>
              <BranchPoints />
            </Method>
            <Method visited="true" cyclomaticComplexity="1" nPathComplexity="0" sequenceCoverage="100.0" branchCoverage="0" crapScore="1" isConstructor="true" isStatic="false" isGetter="false" isSetter="false">
              <Summary numSequencePoints="2" visitedSequencePoints="2" numBranchPoints="0" visitedBranchPoints="0" sequenceCoverage="100.0" branchCoverage="0" maxCyclomaticComplexity="1" minCyclomaticComplexity="1" maxCrapScore="1" minCrapScore="1" visitedClasses="0" numClasses="0" visitedMethods="1" numMethods="1" />
              <MetadataToken>100663560</MetadataToken>
              <Name>Manager::Manager()</Name>
              <FileRef uid="28" />
              <SequencePoints>
                <SequencePoint vc="1" uspid="180776" ordinal="0" offset="0" sl="20" sc="22" el="20" ec="22" bec="0" bev="0" fileid="28">
                  <TrackedMethodRefs>
                    <TrackedMethodRef uid="0" vc="1" />
                  </TrackedMethodRefs>
                </SequencePoint>
                <SequencePoint vc="1" uspid="180777" ordinal="0" offset="11" sl="70" sc="5" el="70" ec="5" bec="0" bev="0" fileid="28">
                  <TrackedMethodRefs>
                    <TrackedMethodRef uid="0" vc="1" />
                  </TrackedMethodRefs>
                </SequencePoint>
              </SequencePoints>
              <BranchPoints />
            </Method>
          </Methods>
        </Class>
        <Class>
          <Summary numSequencePoints="11" visitedSequencePoints="8" numBranchPoints="0" visitedBranchPoints="0" sequenceCoverage="72.73" branchCoverage="0.0" maxCyclomaticComplexity="2" minCyclomaticComplexity="1" maxCrapScore="2.15" minCrapScore="1" visitedClasses="1" numClasses="1" visitedMethods="3" numMethods="3" />
          <FullName>StateManager</FullName>
          <Methods>
            <Method visited="true" cyclomaticComplexity="1" nPathComplexity="0" sequenceCoverage="100.0" branchCoverage="0" crapScore="1" isConstructor="false" isStatic="true" isGetter="true" isSetter="false">
              <Summary numSequencePoints="1" visitedSequencePoints="1" numBranchPoints="0" visitedBranchPoints="0" sequenceCoverage="100.0" branchCoverage="0" maxCyclomaticComplexity="1" minCyclomaticComplexity="1" maxCrapScore="1" minCrapScore="1" visitedClasses="0" numClasses="0" visitedMethods="1" numMethods="1" />
              <MetadataToken>100663699</MetadataToken>
              <Name>static StateManager StateManager::get_Instance()</Name>
              <FileRef uid="43" />
              <SequencePoints>
                <SequencePoint vc="1" uspid="181618" ordinal="0" offset="0" sl="8" sc="43" el="8" ec="43" bec="0" bev="0" fileid="43">
                  <TrackedMethodRefs>
                    <TrackedMethodRef uid="0" vc="1" />
                  </TrackedMethodRefs>
                </SequencePoint>
              </SequencePoints>
              <BranchPoints />
            </Method>
            <Method visited="true" cyclomaticComplexity="1" nPathComplexity="0" sequenceCoverage="100.0" branchCoverage="0" crapScore="1" isConstructor="false" isStatic="true" isGetter="false" isSetter="true">
              <Summary numSequencePoints="1" visitedSequencePoints="1" numBranchPoints="0" visitedBranchPoints="0" sequenceCoverage="100.0" branchCoverage="0" maxCyclomaticComplexity="1" minCyclomaticComplexity="1" maxCrapScore="1" minCrapScore="1" visitedClasses="0" numClasses="0" visitedMethods="1" numMethods="1" />
              <MetadataToken>100663700</MetadataToken>
              <Name>static System.Void StateManager::set_Instance(StateManager)</Name>
              <FileRef uid="43" />
              <SequencePoints>
                <SequencePoint vc="1" uspid="181619" ordinal="0" offset="0" sl="8" sc="48" el="8" ec="48" bec="0" bev="0" fileid="43">
                  <TrackedMethodRefs>
                    <TrackedMethodRef uid="0" vc="1" />
                  </TrackedMethodRefs>
                </SequencePoint>
              </SequencePoints>
              <BranchPoints />
            </Method>
            <Method visited="true" cyclomaticComplexity="2" nPathComplexity="0" sequenceCoverage="66.67" branchCoverage="0" crapScore="2.15" isConstructor="false" isStatic="false" isGetter="false" isSetter="false">
              <Summary numSequencePoints="9" visitedSequencePoints="6" numBranchPoints="0" visitedBranchPoints="0" sequenceCoverage="66.67" branchCoverage="0" maxCyclomaticComplexity="2" minCyclomaticComplexity="2" maxCrapScore="2.15" minCrapScore="2.15" visitedClasses="0" numClasses="0" visitedMethods="1" numMethods="1" />
              <MetadataToken>100663705</MetadataToken>
              <Name>System.Void StateManager::Awake()</Name>
              <FileRef uid="43" />
              <SequencePoints>
                <SequencePoint vc="1" uspid="181622" ordinal="0" offset="0" sl="13" sc="5" el="13" ec="5" bec="0" bev="0" fileid="43">
                  <TrackedMethodRefs>
                    <TrackedMethodRef uid="0" vc="1" />
                  </TrackedMethodRefs>
                </SequencePoint>
                <SequencePoint vc="1" uspid="181623" ordinal="0" offset="1" sl="14" sc="9" el="14" ec="9" bec="0" bev="0" fileid="43">
                  <TrackedMethodRefs>
                    <TrackedMethodRef uid="0" vc="1" />
                  </TrackedMethodRefs>
                </SequencePoint>
                <SequencePoint vc="1" uspid="181624" ordinal="0" offset="16" sl="15" sc="9" el="15" ec="9" bec="0" bev="0" fileid="43">
                  <TrackedMethodRefs>
                    <TrackedMethodRef uid="0" vc="1" />
                  </TrackedMethodRefs>
                </SequencePoint>
                <SequencePoint vc="1" uspid="181625" ordinal="0" offset="17" sl="16" sc="13" el="16" ec="13" bec="0" bev="0" fileid="43">
                  <TrackedMethodRefs>
                    <TrackedMethodRef uid="0" vc="1" />
                  </TrackedMethodRefs>
                </SequencePoint>
                <SequencePoint vc="1" uspid="181626" ordinal="0" offset="24" sl="17" sc="9" el="17" ec="9" bec="0" bev="0" fileid="43">
                  <TrackedMethodRefs>
                    <TrackedMethodRef uid="0" vc="1" />
                  </TrackedMethodRefs>
                </SequencePoint>
                <SequencePoint vc="0" uspid="181627" ordinal="0" offset="27" sl="19" sc="9" el="19" ec="9" bec="0" bev="0" fileid="43">
                  <TrackedMethodRefs>
                    <TrackedMethodRef uid="0" vc="0" />
                  </TrackedMethodRefs>
                </SequencePoint>
                <SequencePoint vc="0" uspid="181628" ordinal="0" offset="28" sl="20" sc="13" el="20" ec="13" bec="0" bev="0" fileid="43">
                  <TrackedMethodRefs>
                    <TrackedMethodRef uid="0" vc="0" />
                  </TrackedMethodRefs>
                </SequencePoint>
                <SequencePoint vc="0" uspid="181629" ordinal="0" offset="40" sl="21" sc="9" el="21" ec="9" bec="0" bev="0" fileid="43">
                  <TrackedMethodRefs>
                    <TrackedMethodRef uid="0" vc="0" />
                  </TrackedMethodRefs>
                </SequencePoint>
                <SequencePoint vc="1" uspid="181630" ordinal="0" offset="41" sl="22" sc="5" el="22" ec="5" bec="0" bev="0" fileid="43">
                  <TrackedMethodRefs>
                    <TrackedMethodRef uid="0" vc="1" />
                  </TrackedMethodRefs>
                </SequencePoint>
              </SequencePoints>
              <BranchPoints />
            </Method>
          </Methods>
        </Class>
      </Classes>
      <TrackedMethods>
        <TrackedMethod uid="0" token="100663382" name="System.Void InitializedDataManagerTests::LoadComponentsData_NoFile_DoesNotThrowException()" strategy="Test" />
      </TrackedMethods>
    </Module>
    <Module>
      <Summary numSequencePoints="47" visitedSequencePoints="40" numBranchPoints="0" visitedBranchPoints="0" sequenceCoverage="85.11" branchCoverage="0.0" maxCyclomaticComplexity="3" minCyclomaticComplexity="1" maxCrapScore="3.12" minCrapScore="1" visitedClasses="1" numClasses="1" visitedMethods="4" numMethods="4" />
      <ModuleTime>0001-01-01T00:00:00</ModuleTime>
      <ModuleName>PlayModeTests</ModuleName>
      <Files>
        <File uid="48" fullPath="C:/Users/akmoi/Desktop/VRproject/VRAssemblyApp/Assets/Test/PlayModeTests/AudioManagerTests.cs" />
        <File uid="49" fullPath="C:/Users/akmoi/Desktop/VRproject/VRAssemblyApp/Assets/Test/PlayModeTests/AutomaticPlacementManagerTests.cs" />
        <File uid="50" fullPath="C:/Users/akmoi/Desktop/VRproject/VRAssemblyApp/Assets/Test/PlayModeTests/BaseHammerTests.cs" />
        <File uid="51" fullPath="C:/Users/akmoi/Desktop/VRproject/VRAssemblyApp/Assets/Test/PlayModeTests/BaseScrewDriverTests.cs" />
        <File uid="52" fullPath="C:/Users/akmoi/Desktop/VRproject/VRAssemblyApp/Assets/Test/PlayModeTests/ComponentObjectTests.cs" />
        <File uid="53" fullPath="C:/Users/akmoi/Desktop/VRproject/VRAssemblyApp/Assets/Test/PlayModeTests/ComponentPositionerTests.cs" />
        <File uid="54" fullPath="C:/Users/akmoi/Desktop/VRproject/VRAssemblyApp/Assets/Test/PlayModeTests/ConveyerLightsTests.cs" />
        <File uid="55" fullPath="C:/Users/akmoi/Desktop/VRproject/VRAssemblyApp/Assets/Test/PlayModeTests/DropDownManagerTests.cs" />
        <File uid="56" fullPath="C:/Users/akmoi/Desktop/VRproject/VRAssemblyApp/Assets/Test/PlayModeTests/EletricScrewDriverTests.cs" />
        <File uid="57" fullPath="C:/Users/akmoi/Desktop/VRproject/VRAssemblyApp/Assets/Test/PlayModeTests/FileBrowserTests.cs" />
        <File uid="58" fullPath="C:/Users/akmoi/Desktop/VRproject/VRAssemblyApp/Assets/Test/PlayModeTests/FileMonitorTests.cs" />
        <File uid="59" fullPath="C:/Users/akmoi/Desktop/VRproject/VRAssemblyApp/Assets/Test/PlayModeTests/InitializedDataManagerTests.cs" />
        <File uid="60" fullPath="C:/Users/akmoi/Desktop/VRproject/VRAssemblyApp/Assets/Test/PlayModeTests/ModelLoaderTests.cs" />
        <File uid="61" fullPath="C:/Users/akmoi/Desktop/VRproject/VRAssemblyApp/Assets/Test/PlayModeTests/PdfLoaderTests.cs" />
        <File uid="62" fullPath="C:/Users/akmoi/Desktop/VRproject/VRAssemblyApp/Assets/Test/PlayModeTests/PrefabManagerTests.cs" />
        <File uid="63" fullPath="C:/Users/akmoi/Desktop/VRproject/VRAssemblyApp/Assets/Test/PlayModeTests/SaveSequenceTests.cs" />
        <File uid="64" fullPath="C:/Users/akmoi/Desktop/VRproject/VRAssemblyApp/Assets/Test/PlayModeTests/SequenceReaderTests.cs" />
        <File uid="65" fullPath="C:/Users/akmoi/Desktop/VRproject/VRAssemblyApp/Assets/Test/PlayModeTests/SimpleHammerTest.cs" />
        <File uid="66" fullPath="C:/Users/akmoi/Desktop/VRproject/VRAssemblyApp/Assets/Test/PlayModeTests/StateManagerTests.cs" />
        <File uid="67" fullPath="C:/Users/akmoi/Desktop/VRproject/VRAssemblyApp/Assets/Test/PlayModeTests/ToolManagerTests.cs" />
        <File uid="68" fullPath="C:/Users/akmoi/Desktop/VRproject/VRAssemblyApp/Assets/Test/PlayModeTests/ToolTests.cs" />
      </Files>
      <Classes>
        <Class>
          <Summary numSequencePoints="47" visitedSequencePoints="40" numBranchPoints="0" visitedBranchPoints="0" sequenceCoverage="85.11" branchCoverage="0.0" maxCyclomaticComplexity="3" minCyclomaticComplexity="1" maxCrapScore="3.12" minCrapScore="1" visitedClasses="1" numClasses="1" visitedMethods="4" numMethods="4" />
          <FullName>InitializedDataManagerTests</FullName>
          <Methods>
            <Method visited="true" cyclomaticComplexity="2" nPathComplexity="0" sequenceCoverage="100.0" branchCoverage="0" crapScore="2" isConstructor="false" isStatic="false" isGetter="false" isSetter="false">
              <Summary numSequencePoints="20" visitedSequencePoints="20" numBranchPoints="0" visitedBranchPoints="0" sequenceCoverage="100.0" branchCoverage="0" maxCyclomaticComplexity="2" minCyclomaticComplexity="2" maxCrapScore="2" minCrapScore="2" visitedClasses="0" numClasses="0" visitedMethods="1" numMethods="1" />
              <MetadataToken>100663375</MetadataToken>
              <Name>System.Void InitializedDataManagerTests::Setup()</Name>
              <FileRef uid="59" />
              <SequencePoints>
                <SequencePoint vc="1" uspid="182294" ordinal="0" offset="0" sl="20" sc="5" el="20" ec="5" bec="0" bev="0" fileid="59">
                  <TrackedMethodRefs>
                    <TrackedMethodRef uid="1" vc="1" />
                  </TrackedMethodRefs>
                </SequencePoint>
                <SequencePoint vc="1" uspid="182295" ordinal="0" offset="1" sl="21" sc="9" el="21" ec="9" bec="0" bev="0" fileid="59">
                  <TrackedMethodRefs>
                    <TrackedMethodRef uid="1" vc="1" />
                  </TrackedMethodRefs>
                </SequencePoint>
                <SequencePoint vc="1" uspid="182296" ordinal="0" offset="17" sl="22" sc="9" el="22" ec="9" bec="0" bev="0" fileid="59">
                  <TrackedMethodRefs>
                    <TrackedMethodRef uid="1" vc="1" />
                  </TrackedMethodRefs>
                </SequencePoint>
                <SequencePoint vc="1" uspid="182297" ordinal="0" offset="33" sl="25" sc="9" el="25" ec="9" bec="0" bev="0" fileid="59">
                  <TrackedMethodRefs>
                    <TrackedMethodRef uid="1" vc="1" />
                  </TrackedMethodRefs>
                </SequencePoint>
                <SequencePoint vc="1" uspid="182298" ordinal="0" offset="44" sl="26" sc="9" el="26" ec="9" bec="0" bev="0" fileid="59">
                  <TrackedMethodRefs>
                    <TrackedMethodRef uid="1" vc="1" />
                  </TrackedMethodRefs>
                </SequencePoint>
                <SequencePoint vc="1" uspid="182299" ordinal="0" offset="61" sl="28" sc="9" el="28" ec="9" bec="0" bev="0" fileid="59">
                  <TrackedMethodRefs>
                    <TrackedMethodRef uid="1" vc="1" />
                  </TrackedMethodRefs>
                </SequencePoint>
                <SequencePoint vc="1" uspid="182300" ordinal="0" offset="84" sl="29" sc="9" el="29" ec="9" bec="0" bev="0" fileid="59">
                  <TrackedMethodRefs>
                    <TrackedMethodRef uid="1" vc="1" />
                  </TrackedMethodRefs>
                </SequencePoint>
                <SequencePoint vc="1" uspid="182301" ordinal="0" offset="90" sl="30" sc="9" el="30" ec="9" bec="0" bev="0" fileid="59">
                  <TrackedMethodRefs>
                    <TrackedMethodRef uid="1" vc="1" />
                  </TrackedMethodRefs>
                </SequencePoint>
                <SequencePoint vc="1" uspid="182302" ordinal="0" offset="104" sl="32" sc="9" el="32" ec="9" bec="0" bev="0" fileid="59">
                  <TrackedMethodRefs>
                    <TrackedMethodRef uid="1" vc="1" />
                  </TrackedMethodRefs>
                </SequencePoint>
                <SequencePoint vc="1" uspid="182303" ordinal="0" offset="121" sl="35" sc="9" el="35" ec="9" bec="0" bev="0" fileid="59">
                  <TrackedMethodRefs>
                    <TrackedMethodRef uid="1" vc="1" />
                  </TrackedMethodRefs>
                </SequencePoint>
                <SequencePoint vc="1" uspid="182304" ordinal="0" offset="144" sl="36" sc="9" el="36" ec="9" bec="0" bev="0" fileid="59">
                  <TrackedMethodRefs>
                    <TrackedMethodRef uid="1" vc="1" />
                  </TrackedMethodRefs>
                </SequencePoint>
                <SequencePoint vc="1" uspid="182305" ordinal="0" offset="163" sl="39" sc="9" el="39" ec="9" bec="0" bev="0" fileid="59">
                  <TrackedMethodRefs>
                    <TrackedMethodRef uid="1" vc="1" />
                  </TrackedMethodRefs>
                </SequencePoint>
                <SequencePoint vc="1" uspid="182306" ordinal="0" offset="183" sl="40" sc="9" el="40" ec="9" bec="0" bev="0" fileid="59">
                  <TrackedMethodRefs>
                    <TrackedMethodRef uid="1" vc="1" />
                  </TrackedMethodRefs>
                </SequencePoint>
                <SequencePoint vc="1" uspid="182307" ordinal="0" offset="184" sl="41" sc="13" el="41" ec="13" bec="0" bev="0" fileid="59">
                  <TrackedMethodRefs>
                    <TrackedMethodRef uid="1" vc="1" />
                  </TrackedMethodRefs>
                </SequencePoint>
                <SequencePoint vc="1" uspid="182308" ordinal="0" offset="196" sl="42" sc="9" el="42" ec="9" bec="0" bev="0" fileid="59">
                  <TrackedMethodRefs>
                    <TrackedMethodRef uid="1" vc="1" />
                  </TrackedMethodRefs>
                </SequencePoint>
                <SequencePoint vc="1" uspid="182309" ordinal="0" offset="197" sl="45" sc="9" el="45" ec="9" bec="0" bev="0" fileid="59">
                  <TrackedMethodRefs>
                    <TrackedMethodRef uid="1" vc="1" />
                  </TrackedMethodRefs>
                </SequencePoint>
                <SequencePoint vc="1" uspid="182310" ordinal="0" offset="213" sl="46" sc="9" el="46" ec="9" bec="0" bev="0" fileid="59">
                  <TrackedMethodRefs>
                    <TrackedMethodRef uid="1" vc="1" />
                  </TrackedMethodRefs>
                </SequencePoint>
                <SequencePoint vc="1" uspid="182311" ordinal="0" offset="230" sl="47" sc="9" el="47" ec="9" bec="0" bev="0" fileid="59">
                  <TrackedMethodRefs>
                    <TrackedMethodRef uid="1" vc="1" />
                  </TrackedMethodRefs>
                </SequencePoint>
                <SequencePoint vc="1" uspid="182312" ordinal="0" offset="242" sl="49" sc="9" el="49" ec="9" bec="0" bev="0" fileid="59">
                  <TrackedMethodRefs>
                    <TrackedMethodRef uid="1" vc="1" />
                  </TrackedMethodRefs>
                </SequencePoint>
                <SequencePoint vc="1" uspid="182313" ordinal="0" offset="276" sl="50" sc="5" el="50" ec="5" bec="0" bev="0" fileid="59">
                  <TrackedMethodRefs>
                    <TrackedMethodRef uid="1" vc="1" />
                  </TrackedMethodRefs>
                </SequencePoint>
              </SequencePoints>
              <BranchPoints />
            </Method>
            <Method visited="true" cyclomaticComplexity="3" nPathComplexity="0" sequenceCoverage="76.47" branchCoverage="0" crapScore="3.12" isConstructor="false" isStatic="false" isGetter="false" isSetter="false">
              <Summary numSequencePoints="17" visitedSequencePoints="13" numBranchPoints="0" visitedBranchPoints="0" sequenceCoverage="76.47" branchCoverage="0" maxCyclomaticComplexity="3" minCyclomaticComplexity="3" maxCrapScore="3.12" minCrapScore="3.12" visitedClasses="0" numClasses="0" visitedMethods="1" numMethods="1" />
              <MetadataToken>100663376</MetadataToken>
              <Name>System.Void InitializedDataManagerTests::Teardown()</Name>
              <FileRef uid="59" />
              <SequencePoints>
                <SequencePoint vc="1" uspid="182314" ordinal="0" offset="0" sl="55" sc="5" el="55" ec="5" bec="0" bev="0" fileid="59">
                  <TrackedMethodRefs>
                    <TrackedMethodRef uid="1" vc="1" />
                  </TrackedMethodRefs>
                </SequencePoint>
                <SequencePoint vc="1" uspid="182315" ordinal="0" offset="1" sl="57" sc="9" el="57" ec="9" bec="0" bev="0" fileid="59">
                  <TrackedMethodRefs>
                    <TrackedMethodRef uid="1" vc="1" />
                  </TrackedMethodRefs>
                </SequencePoint>
                <SequencePoint vc="1" uspid="182316" ordinal="0" offset="16" sl="58" sc="9" el="58" ec="9" bec="0" bev="0" fileid="59">
                  <TrackedMethodRefs>
                    <TrackedMethodRef uid="1" vc="1" />
                  </TrackedMethodRefs>
                </SequencePoint>
                <SequencePoint vc="1" uspid="182317" ordinal="0" offset="17" sl="59" sc="13" el="59" ec="13" bec="0" bev="0" fileid="59">
                  <TrackedMethodRefs>
                    <TrackedMethodRef uid="1" vc="1" />
                  </TrackedMethodRefs>
                </SequencePoint>
                <SequencePoint vc="1" uspid="182318" ordinal="0" offset="29" sl="60" sc="13" el="60" ec="13" bec="0" bev="0" fileid="59">
                  <TrackedMethodRefs>
                    <TrackedMethodRef uid="1" vc="1" />
                  </TrackedMethodRefs>
                </SequencePoint>
                <SequencePoint vc="1" uspid="182319" ordinal="0" offset="30" sl="60" sc="34" el="60" ec="34" bec="0" bev="0" fileid="59">
                  <TrackedMethodRefs>
                    <TrackedMethodRef uid="1" vc="1" />
                  </TrackedMethodRefs>
                </SequencePoint>
                <SequencePoint vc="0" uspid="182320" ordinal="0" offset="36" sl="60" sc="22" el="60" ec="22" bec="0" bev="0" fileid="59">
                  <TrackedMethodRefs>
                    <TrackedMethodRef uid="1" vc="0" />
                  </TrackedMethodRefs>
                </SequencePoint>
                <SequencePoint vc="0" uspid="182321" ordinal="0" offset="41" sl="61" sc="13" el="61" ec="13" bec="0" bev="0" fileid="59">
                  <TrackedMethodRefs>
                    <TrackedMethodRef uid="1" vc="0" />
                  </TrackedMethodRefs>
                </SequencePoint>
                <SequencePoint vc="0" uspid="182322" ordinal="0" offset="42" sl="62" sc="17" el="62" ec="17" bec="0" bev="0" fileid="59">
                  <TrackedMethodRefs>
                    <TrackedMethodRef uid="1" vc="0" />
                  </TrackedMethodRefs>
                </SequencePoint>
                <SequencePoint vc="0" uspid="182323" ordinal="0" offset="50" sl="63" sc="13" el="63" ec="13" bec="0" bev="0" fileid="59">
                  <TrackedMethodRefs>
                    <TrackedMethodRef uid="1" vc="0" />
                  </TrackedMethodRefs>
                </SequencePoint>
                <SequencePoint vc="1" uspid="182324" ordinal="0" offset="55" sl="60" sc="31" el="60" ec="31" bec="0" bev="0" fileid="59">
                  <TrackedMethodRefs>
                    <TrackedMethodRef uid="1" vc="1" />
                  </TrackedMethodRefs>
                </SequencePoint>
                <SequencePoint vc="1" uspid="182325" ordinal="0" offset="61" sl="66" sc="13" el="66" ec="13" bec="0" bev="0" fileid="59">
                  <TrackedMethodRefs>
                    <TrackedMethodRef uid="1" vc="1" />
                  </TrackedMethodRefs>
                </SequencePoint>
                <SequencePoint vc="1" uspid="182326" ordinal="0" offset="73" sl="67" sc="9" el="67" ec="9" bec="0" bev="0" fileid="59">
                  <TrackedMethodRefs>
                    <TrackedMethodRef uid="1" vc="1" />
                  </TrackedMethodRefs>
                </SequencePoint>
                <SequencePoint vc="1" uspid="182327" ordinal="0" offset="74" sl="70" sc="9" el="70" ec="9" bec="0" bev="0" fileid="59">
                  <TrackedMethodRefs>
                    <TrackedMethodRef uid="1" vc="1" />
                  </TrackedMethodRefs>
                </SequencePoint>
                <SequencePoint vc="1" uspid="182328" ordinal="0" offset="86" sl="71" sc="9" el="71" ec="9" bec="0" bev="0" fileid="59">
                  <TrackedMethodRefs>
                    <TrackedMethodRef uid="1" vc="1" />
                  </TrackedMethodRefs>
                </SequencePoint>
                <SequencePoint vc="1" uspid="182329" ordinal="0" offset="103" sl="72" sc="9" el="72" ec="9" bec="0" bev="0" fileid="59">
                  <TrackedMethodRefs>
                    <TrackedMethodRef uid="1" vc="1" />
                  </TrackedMethodRefs>
                </SequencePoint>
                <SequencePoint vc="1" uspid="182330" ordinal="0" offset="120" sl="73" sc="5" el="73" ec="5" bec="0" bev="0" fileid="59">
                  <TrackedMethodRefs>
                    <TrackedMethodRef uid="1" vc="1" />
                  </TrackedMethodRefs>
                </SequencePoint>
              </SequencePoints>
              <BranchPoints />
            </Method>
            <Method visited="true" cyclomaticComplexity="2" nPathComplexity="0" sequenceCoverage="66.67" branchCoverage="0" crapScore="2.15" isConstructor="false" isStatic="false" isGetter="false" isSetter="false">
              <Summary numSequencePoints="9" visitedSequencePoints="6" numBranchPoints="0" visitedBranchPoints="0" sequenceCoverage="66.67" branchCoverage="0" maxCyclomaticComplexity="2" minCyclomaticComplexity="2" maxCrapScore="2.15" minCrapScore="2.15" visitedClasses="0" numClasses="0" visitedMethods="1" numMethods="1" />
              <MetadataToken>100663382</MetadataToken>
              <Name>System.Void InitializedDataManagerTests::LoadComponentsData_NoFile_DoesNotThrowException()</Name>
              <FileRef uid="59" />
              <SequencePoints>
                <SequencePoint vc="1" uspid="182363" ordinal="0" offset="0" sl="171" sc="5" el="171" ec="5" bec="0" bev="0" fileid="59">
                  <TrackedMethodRefs>
                    <TrackedMethodRef uid="1" vc="1" />
                  </TrackedMethodRefs>
                </SequencePoint>
                <SequencePoint vc="1" uspid="182364" ordinal="0" offset="1" sl="173" sc="9" el="173" ec="9" bec="0" bev="0" fileid="59">
                  <TrackedMethodRefs>
                    <TrackedMethodRef uid="1" vc="1" />
                  </TrackedMethodRefs>
                </SequencePoint>
                <SequencePoint vc="1" uspid="182365" ordinal="0" offset="23" sl="175" sc="9" el="175" ec="9" bec="0" bev="0" fileid="59">
                  <TrackedMethodRefs>
                    <TrackedMethodRef uid="1" vc="1" />
                  </TrackedMethodRefs>
                </SequencePoint>
                <SequencePoint vc="1" uspid="182366" ordinal="0" offset="66" sl="176" sc="9" el="176" ec="9" bec="0" bev="0" fileid="59">
                  <TrackedMethodRefs>
                    <TrackedMethodRef uid="1" vc="1" />
                  </TrackedMethodRefs>
                </SequencePoint>
                <SequencePoint vc="0" uspid="182367" ordinal="0" offset="81" sl="177" sc="9" el="177" ec="9" bec="0" bev="0" fileid="59">
                  <TrackedMethodRefs>
                    <TrackedMethodRef uid="1" vc="0" />
                  </TrackedMethodRefs>
                </SequencePoint>
                <SequencePoint vc="0" uspid="182368" ordinal="0" offset="82" sl="178" sc="13" el="178" ec="13" bec="0" bev="0" fileid="59">
                  <TrackedMethodRefs>
                    <TrackedMethodRef uid="1" vc="0" />
                  </TrackedMethodRefs>
                </SequencePoint>
                <SequencePoint vc="0" uspid="182369" ordinal="0" offset="94" sl="179" sc="9" el="179" ec="9" bec="0" bev="0" fileid="59">
                  <TrackedMethodRefs>
                    <TrackedMethodRef uid="1" vc="0" />
                  </TrackedMethodRefs>
                </SequencePoint>
                <SequencePoint vc="1" uspid="182370" ordinal="0" offset="95" sl="182" sc="9" el="182" ec="9" bec="0" bev="0" fileid="59">
                  <TrackedMethodRefs>
                    <TrackedMethodRef uid="1" vc="1" />
                  </TrackedMethodRefs>
                </SequencePoint>
                <SequencePoint vc="1" uspid="182371" ordinal="0" offset="123" sl="183" sc="5" el="183" ec="5" bec="0" bev="0" fileid="59">
                  <TrackedMethodRefs>
                    <TrackedMethodRef uid="1" vc="1" />
                  </TrackedMethodRefs>
                </SequencePoint>
              </SequencePoints>
              <BranchPoints />
            </Method>
            <Method visited="true" cyclomaticComplexity="1" nPathComplexity="0" sequenceCoverage="100.0" branchCoverage="0" crapScore="1" isConstructor="false" isStatic="false" isGetter="false" isSetter="false">
              <Summary numSequencePoints="1" visitedSequencePoints="1" numBranchPoints="0" visitedBranchPoints="0" sequenceCoverage="100.0" branchCoverage="0" maxCyclomaticComplexity="1" minCyclomaticComplexity="1" maxCrapScore="1" minCrapScore="1" visitedClasses="0" numClasses="0" visitedMethods="1" numMethods="1" />
              <MetadataToken>100663388</MetadataToken>
              <Name>System.Void InitializedDataManagerTests::&lt;LoadComponentsData_NoFile_DoesNotThrowException&gt;b__13_0()</Name>
              <FileRef uid="59" />
              <SequencePoints>
                <SequencePoint vc="1" uspid="182386" ordinal="0" offset="0" sl="182" sc="35" el="182" ec="35" bec="0" bev="0" fileid="59">
                  <TrackedMethodRefs>
                    <TrackedMethodRef uid="1" vc="1" />
                  </TrackedMethodRefs>
                </SequencePoint>
              </SequencePoints>
              <BranchPoints />
            </Method>
          </Methods>
        </Class>
      </Classes>
      <TrackedMethods>
        <TrackedMethod uid="1" token="100663382" name="System.Void InitializedDataManagerTests::LoadComponentsData_NoFile_DoesNotThrowException()" strategy="Test" />
      </TrackedMethods>
    </Module>
  </Modules>
</CoverageSession>