<?xml version="1.0" encoding="utf-8"?>
<CoverageSession xmlns:xsd="http://www.w3.org/2001/XMLSchema" xmlns:xsi="http://www.w3.org/2001/XMLSchema-instance" Version="0.0.0.0">
  <Summary numSequencePoints="101" visitedSequencePoints="89" numBranchPoints="0" visitedBranchPoints="0" sequenceCoverage="88.12" branchCoverage="0.0" maxCyclomaticComplexity="5" minCyclomaticComplexity="0" maxCrapScore="8.12" minCrapScore="0" visitedClasses="6" numClasses="7" visitedMethods="17" numMethods="17" />
  <Modules>
    <Module>
      <Summary numSequencePoints="64" visitedSequencePoints="52" numBranchPoints="0" visitedBranchPoints="0" sequenceCoverage="81.25" branchCoverage="0.0" maxCyclomaticComplexity="5" minCyclomaticComplexity="0" maxCrapScore="8.12" minCrapScore="0" visitedClasses="4" numClasses="5" visitedMethods="14" numMethods="14" />
      <ModuleTime>0001-01-01T00:00:00</ModuleTime>
      <ModuleName>Scripts</ModuleName>
      <Files>
        <File uid="5" fullPath="C:/Users/akmoi/Desktop/VRproject/VRAssemblyApp/Assets/Scripts/ApplicationQuit.cs" />
        <File uid="6" fullPath="C:/Users/akmoi/Desktop/VRproject/VRAssemblyApp/Assets/Scripts/AudioManager.cs" />
        <File uid="7" fullPath="C:/Users/akmoi/Desktop/VRproject/VRAssemblyApp/Assets/Scripts/AutomaticPlacementManager.cs" />
        <File uid="8" fullPath="C:/Users/akmoi/Desktop/VRproject/VRAssemblyApp/Assets/Scripts/BaseHammer.cs" />
        <File uid="9" fullPath="C:/Users/akmoi/Desktop/VRproject/VRAssemblyApp/Assets/Scripts/BaseScrewDriver.cs" />
        <File uid="10" fullPath="C:/Users/akmoi/Desktop/VRproject/VRAssemblyApp/Assets/Scripts/ComponentObject.cs" />
        <File uid="11" fullPath="C:/Users/akmoi/Desktop/VRproject/VRAssemblyApp/Assets/Scripts/ComponentPositioner.cs" />
        <File uid="12" fullPath="C:/Users/akmoi/Desktop/VRproject/VRAssemblyApp/Assets/Scripts/ConveyerLights.cs" />
        <File uid="13" fullPath="C:/Users/akmoi/Desktop/VRproject/VRAssemblyApp/Assets/Scripts/DropDownManager.cs" />
        <File uid="14" fullPath="C:/Users/akmoi/Desktop/VRproject/VRAssemblyApp/Assets/Scripts/EletricScrewDriver.cs" />
        <File uid="15" fullPath="C:/Users/akmoi/Desktop/VRproject/VRAssemblyApp/Assets/Scripts/Extensions.cs" />
        <File uid="16" fullPath="C:/Users/akmoi/Desktop/VRproject/VRAssemblyApp/Assets/Scripts/Fastener.cs" />
        <File uid="17" fullPath="C:/Users/akmoi/Desktop/VRproject/VRAssemblyApp/Assets/Scripts/FileBrowserManager.cs" />
        <File uid="18" fullPath="C:/Users/akmoi/Desktop/VRproject/VRAssemblyApp/Assets/Scripts/FileChecker.cs" />
        <File uid="19" fullPath="C:/Users/akmoi/Desktop/VRproject/VRAssemblyApp/Assets/Scripts/FileMonitor.cs" />
        <File uid="20" fullPath="C:/Users/akmoi/Desktop/VRproject/VRAssemblyApp/Assets/Scripts/FinishManager.cs" />
        <File uid="21" fullPath="C:/Users/akmoi/Desktop/VRproject/VRAssemblyApp/Assets/Scripts/HandMenuController.cs" />
        <File uid="22" fullPath="C:/Users/akmoi/Desktop/VRproject/VRAssemblyApp/Assets/Scripts/HandMenuManager.cs" />
        <File uid="23" fullPath="C:/Users/akmoi/Desktop/VRproject/VRAssemblyApp/Assets/Scripts/HintManager.cs" />
        <File uid="24" fullPath="C:/Users/akmoi/Desktop/VRproject/VRAssemblyApp/Assets/Scripts/InitializeComponetManager.cs" />
        <File uid="25" fullPath="C:/Users/akmoi/Desktop/VRproject/VRAssemblyApp/Assets/Scripts/InitializedDataManager.cs" />
        <File uid="26" fullPath="C:/Users/akmoi/Desktop/VRproject/VRAssemblyApp/Assets/Scripts/InteractionManager.cs" />
        <File uid="27" fullPath="C:/Users/akmoi/Desktop/VRproject/VRAssemblyApp/Assets/Scripts/MakeGrabbable.cs" />
        <File uid="28" fullPath="C:/Users/akmoi/Desktop/VRproject/VRAssemblyApp/Assets/Scripts/Manager.cs" />
        <File uid="29" fullPath="C:/Users/akmoi/Desktop/VRproject/VRAssemblyApp/Assets/Scripts/ManualScrewDriver.cs" />
        <File uid="30" fullPath="C:/Users/akmoi/Desktop/VRproject/VRAssemblyApp/Assets/Scripts/ModeChooserManager.cs" />
        <File uid="31" fullPath="C:/Users/akmoi/Desktop/VRproject/VRAssemblyApp/Assets/Scripts/ModelSelectionManager.cs" />
        <File uid="32" fullPath="C:/Users/akmoi/Desktop/VRproject/VRAssemblyApp/Assets/Scripts/Nail.cs" />
        <File uid="33" fullPath="C:/Users/akmoi/Desktop/VRproject/VRAssemblyApp/Assets/Scripts/PdfLoader.cs" />
        <File uid="34" fullPath="C:/Users/akmoi/Desktop/VRproject/VRAssemblyApp/Assets/Scripts/PlayBackManager.cs" />
        <File uid="35" fullPath="C:/Users/akmoi/Desktop/VRproject/VRAssemblyApp/Assets/Scripts/PrefabManager.cs" />
        <File uid="36" fullPath="C:/Users/akmoi/Desktop/VRproject/VRAssemblyApp/Assets/Scripts/RecordManager.cs" />
        <File uid="37" fullPath="C:/Users/akmoi/Desktop/VRproject/VRAssemblyApp/Assets/Scripts/SaveSequence.cs" />
        <File uid="38" fullPath="C:/Users/akmoi/Desktop/VRproject/VRAssemblyApp/Assets/Scripts/Screw.cs" />
        <File uid="39" fullPath="C:/Users/akmoi/Desktop/VRproject/VRAssemblyApp/Assets/Scripts/SequenceManager.cs" />
        <File uid="40" fullPath="C:/Users/akmoi/Desktop/VRproject/VRAssemblyApp/Assets/Scripts/SequenceReader.cs" />
        <File uid="41" fullPath="C:/Users/akmoi/Desktop/VRproject/VRAssemblyApp/Assets/Scripts/SimpleHammer.cs" />
        <File uid="42" fullPath="C:/Users/akmoi/Desktop/VRproject/VRAssemblyApp/Assets/Scripts/SnapToPosition.cs" />
        <File uid="43" fullPath="C:/Users/akmoi/Desktop/VRproject/VRAssemblyApp/Assets/Scripts/StateManager.cs" />
        <File uid="44" fullPath="C:/Users/akmoi/Desktop/VRproject/VRAssemblyApp/Assets/Scripts/Tool.cs" />
        <File uid="45" fullPath="C:/Users/akmoi/Desktop/VRproject/VRAssemblyApp/Assets/Scripts/ToolManager.cs" />
        <File uid="46" fullPath="C:/Users/akmoi/Desktop/VRproject/VRAssemblyApp/Assets/Scripts/WoodenPin.cs" />
        <File uid="47" fullPath="C:/Users/akmoi/Desktop/VRproject/VRAssemblyApp/Assets/Scripts/ModelLoader.cs" />
      </Files>
      <Classes>
        <Class>
          <Summary numSequencePoints="9" visitedSequencePoints="5" numBranchPoints="0" visitedBranchPoints="0" sequenceCoverage="55.56" branchCoverage="0.0" maxCyclomaticComplexity="3" minCyclomaticComplexity="3" maxCrapScore="3.79" minCrapScore="3.79" visitedClasses="1" numClasses="1" visitedMethods="1" numMethods="1" />
          <FullName>FileMonitor</FullName>
          <Methods>
            <Method visited="true" cyclomaticComplexity="3" nPathComplexity="0" sequenceCoverage="55.56" branchCoverage="0" crapScore="3.79" isConstructor="false" isStatic="false" isGetter="false" isSetter="false">
              <Summary numSequencePoints="9" visitedSequencePoints="5" numBranchPoints="0" visitedBranchPoints="0" sequenceCoverage="55.56" branchCoverage="0" maxCyclomaticComplexity="3" minCyclomaticComplexity="3" maxCrapScore="3.79" minCrapScore="3.79" visitedClasses="0" numClasses="0" visitedMethods="1" numMethods="1" />
              <MetadataToken>100663415</MetadataToken>
              <Name>System.Void FileMonitor::ForceCheckForFileChanges()</Name>
              <FileRef uid="19" />
              <SequencePoints>
                <SequencePoint vc="2" uspid="213074" ordinal="0" offset="0" sl="65" sc="5" el="65" ec="5" bec="0" bev="0" fileid="19">
                  <TrackedMethodRefs>
                    <TrackedMethodRef uid="0" vc="2" />
                  </TrackedMethodRefs>
                </SequencePoint>
                <SequencePoint vc="2" uspid="213075" ordinal="0" offset="1" sl="66" sc="9" el="66" ec="9" bec="0" bev="0" fileid="19">
                  <TrackedMethodRefs>
                    <TrackedMethodRef uid="0" vc="2" />
                  </TrackedMethodRefs>
                </SequencePoint>
                <SequencePoint vc="2" uspid="213076" ordinal="0" offset="18" sl="67" sc="9" el="67" ec="9" bec="0" bev="0" fileid="19">
                  <TrackedMethodRefs>
                    <TrackedMethodRef uid="0" vc="2" />
                  </TrackedMethodRefs>
                </SequencePoint>
                <SequencePoint vc="2" uspid="213077" ordinal="0" offset="25" sl="69" sc="9" el="69" ec="9" bec="0" bev="0" fileid="19">
                  <TrackedMethodRefs>
                    <TrackedMethodRef uid="0" vc="2" />
                  </TrackedMethodRefs>
                </SequencePoint>
                <SequencePoint vc="0" uspid="213078" ordinal="0" offset="44" sl="70" sc="9" el="70" ec="9" bec="0" bev="0" fileid="19">
                  <TrackedMethodRefs>
                    <TrackedMethodRef uid="0" vc="0" />
                  </TrackedMethodRefs>
                </SequencePoint>
                <SequencePoint vc="0" uspid="213079" ordinal="0" offset="45" sl="71" sc="13" el="71" ec="13" bec="0" bev="0" fileid="19">
                  <TrackedMethodRefs>
                    <TrackedMethodRef uid="0" vc="0" />
                  </TrackedMethodRefs>
                </SequencePoint>
                <SequencePoint vc="0" uspid="213080" ordinal="0" offset="52" sl="72" sc="13" el="72" ec="13" bec="0" bev="0" fileid="19">
                  <TrackedMethodRefs>
                    <TrackedMethodRef uid="0" vc="0" />
                  </TrackedMethodRefs>
                </SequencePoint>
                <SequencePoint vc="0" uspid="213081" ordinal="0" offset="71" sl="73" sc="9" el="73" ec="9" bec="0" bev="0" fileid="19">
                  <TrackedMethodRefs>
                    <TrackedMethodRef uid="0" vc="0" />
                  </TrackedMethodRefs>
                </SequencePoint>
                <SequencePoint vc="2" uspid="213082" ordinal="0" offset="72" sl="74" sc="5" el="74" ec="5" bec="0" bev="0" fileid="19">
                  <TrackedMethodRefs>
                    <TrackedMethodRef uid="0" vc="2" />
                  </TrackedMethodRefs>
                </SequencePoint>
              </SequencePoints>
              <BranchPoints />
            </Method>
          </Methods>
        </Class>
        <Class>
          <Summary numSequencePoints="0" visitedSequencePoints="0" numBranchPoints="0" visitedBranchPoints="0" sequenceCoverage="0" branchCoverage="0" maxCyclomaticComplexity="0" minCyclomaticComplexity="0" maxCrapScore="0" minCrapScore="0" visitedClasses="0" numClasses="1" visitedMethods="0" numMethods="0" />
          <FullName>Manager</FullName>
          <Methods />
        </Class>
        <Class>
          <Summary numSequencePoints="37" visitedSequencePoints="33" numBranchPoints="0" visitedBranchPoints="0" sequenceCoverage="89.19" branchCoverage="0.0" maxCyclomaticComplexity="5" minCyclomaticComplexity="1" maxCrapScore="8.12" minCrapScore="1" visitedClasses="1" numClasses="1" visitedMethods="8" numMethods="8" />
          <FullName>PdfLoader</FullName>
          <Methods>
            <Method visited="true" cyclomaticComplexity="1" nPathComplexity="0" sequenceCoverage="100.0" branchCoverage="0" crapScore="1" isConstructor="false" isStatic="false" isGetter="true" isSetter="false">
              <Summary numSequencePoints="1" visitedSequencePoints="1" numBranchPoints="0" visitedBranchPoints="0" sequenceCoverage="100.0" branchCoverage="0" maxCyclomaticComplexity="1" minCyclomaticComplexity="1" maxCrapScore="1" minCrapScore="1" visitedClasses="0" numClasses="0" visitedMethods="1" numMethods="1" />
              <MetadataToken>100663590</MetadataToken>
              <Name>System.Collections.Generic.List[Texture2D] PdfLoader::get_Pages()</Name>
              <FileRef uid="33" />
              <SequencePoints>
                <SequencePoint vc="1" uspid="214240" ordinal="0" offset="0" sl="24" sc="43" el="24" ec="43" bec="0" bev="0" fileid="33">
                  <TrackedMethodRefs>
                    <TrackedMethodRef uid="0" vc="1" />
                  </TrackedMethodRefs>
                </SequencePoint>
              </SequencePoints>
              <BranchPoints />
            </Method>
            <Method visited="true" cyclomaticComplexity="1" nPathComplexity="0" sequenceCoverage="100.0" branchCoverage="0" crapScore="1" isConstructor="false" isStatic="false" isGetter="false" isSetter="true">
              <Summary numSequencePoints="1" visitedSequencePoints="1" numBranchPoints="0" visitedBranchPoints="0" sequenceCoverage="100.0" branchCoverage="0" maxCyclomaticComplexity="1" minCyclomaticComplexity="1" maxCrapScore="1" minCrapScore="1" visitedClasses="0" numClasses="0" visitedMethods="1" numMethods="1" />
              <MetadataToken>100663591</MetadataToken>
              <Name>System.Void PdfLoader::set_Pages(System.Collections.Generic.List[Texture2D])</Name>
              <FileRef uid="33" />
              <SequencePoints>
                <SequencePoint vc="1" uspid="214241" ordinal="0" offset="0" sl="24" sc="57" el="24" ec="57" bec="0" bev="0" fileid="33">
                  <TrackedMethodRefs>
                    <TrackedMethodRef uid="0" vc="1" />
                  </TrackedMethodRefs>
                </SequencePoint>
              </SequencePoints>
              <BranchPoints />
            </Method>
            <Method visited="true" cyclomaticComplexity="1" nPathComplexity="0" sequenceCoverage="100.0" branchCoverage="0" crapScore="1" isConstructor="false" isStatic="false" isGetter="false" isSetter="false">
              <Summary numSequencePoints="6" visitedSequencePoints="6" numBranchPoints="0" visitedBranchPoints="0" sequenceCoverage="100.0" branchCoverage="0" maxCyclomaticComplexity="1" minCyclomaticComplexity="1" maxCrapScore="1" minCrapScore="1" visitedClasses="0" numClasses="0" visitedMethods="1" numMethods="1" />
              <MetadataToken>100663592</MetadataToken>
              <Name>System.Void PdfLoader::Start()</Name>
              <FileRef uid="33" />
              <SequencePoints>
                <SequencePoint vc="1" uspid="214242" ordinal="0" offset="0" sl="28" sc="5" el="28" ec="5" bec="0" bev="0" fileid="33">
                  <TrackedMethodRefs>
                    <TrackedMethodRef uid="0" vc="1" />
                  </TrackedMethodRefs>
                </SequencePoint>
                <SequencePoint vc="1" uspid="214243" ordinal="0" offset="1" sl="29" sc="9" el="29" ec="9" bec="0" bev="0" fileid="33">
                  <TrackedMethodRefs>
                    <TrackedMethodRef uid="0" vc="1" />
                  </TrackedMethodRefs>
                </SequencePoint>
                <SequencePoint vc="1" uspid="214244" ordinal="0" offset="30" sl="30" sc="9" el="30" ec="9" bec="0" bev="0" fileid="33">
                  <TrackedMethodRefs>
                    <TrackedMethodRef uid="0" vc="1" />
                  </TrackedMethodRefs>
                </SequencePoint>
                <SequencePoint vc="1" uspid="214245" ordinal="0" offset="59" sl="32" sc="9" el="32" ec="9" bec="0" bev="0" fileid="33">
                  <TrackedMethodRefs>
                    <TrackedMethodRef uid="0" vc="1" />
                  </TrackedMethodRefs>
                </SequencePoint>
                <SequencePoint vc="1" uspid="214246" ordinal="0" offset="77" sl="34" sc="9" el="34" ec="9" bec="0" bev="0" fileid="33">
                  <TrackedMethodRefs>
                    <TrackedMethodRef uid="0" vc="1" />
                  </TrackedMethodRefs>
                </SequencePoint>
                <SequencePoint vc="1" uspid="214247" ordinal="0" offset="94" sl="35" sc="5" el="35" ec="5" bec="0" bev="0" fileid="33">
                  <TrackedMethodRefs>
                    <TrackedMethodRef uid="0" vc="1" />
                  </TrackedMethodRefs>
                </SequencePoint>
              </SequencePoints>
              <BranchPoints />
            </Method>
            <Method visited="true" cyclomaticComplexity="1" nPathComplexity="0" sequenceCoverage="100.0" branchCoverage="0" crapScore="1" isConstructor="false" isStatic="false" isGetter="false" isSetter="false">
              <Summary numSequencePoints="5" visitedSequencePoints="5" numBranchPoints="0" visitedBranchPoints="0" sequenceCoverage="100.0" branchCoverage="0" maxCyclomaticComplexity="1" minCyclomaticComplexity="1" maxCrapScore="1" minCrapScore="1" visitedClasses="0" numClasses="0" visitedMethods="1" numMethods="1" />
              <MetadataToken>100663593</MetadataToken>
              <Name>System.Void PdfLoader::OnDestroy()</Name>
              <FileRef uid="33" />
              <SequencePoints>
                <SequencePoint vc="1" uspid="214248" ordinal="0" offset="0" sl="39" sc="5" el="39" ec="5" bec="0" bev="0" fileid="33">
                  <TrackedMethodRefs>
                    <TrackedMethodRef uid="0" vc="1" />
                  </TrackedMethodRefs>
                </SequencePoint>
                <SequencePoint vc="1" uspid="214249" ordinal="0" offset="1" sl="40" sc="9" el="40" ec="9" bec="0" bev="0" fileid="33">
                  <TrackedMethodRefs>
                    <TrackedMethodRef uid="0" vc="1" />
                  </TrackedMethodRefs>
                </SequencePoint>
                <SequencePoint vc="1" uspid="214250" ordinal="0" offset="30" sl="41" sc="9" el="41" ec="9" bec="0" bev="0" fileid="33">
                  <TrackedMethodRefs>
                    <TrackedMethodRef uid="0" vc="1" />
                  </TrackedMethodRefs>
                </SequencePoint>
                <SequencePoint vc="1" uspid="214251" ordinal="0" offset="59" sl="43" sc="9" el="43" ec="9" bec="0" bev="0" fileid="33">
                  <TrackedMethodRefs>
                    <TrackedMethodRef uid="0" vc="1" />
                  </TrackedMethodRefs>
                </SequencePoint>
                <SequencePoint vc="1" uspid="214252" ordinal="0" offset="77" sl="44" sc="5" el="44" ec="5" bec="0" bev="0" fileid="33">
                  <TrackedMethodRefs>
                    <TrackedMethodRef uid="0" vc="1" />
                  </TrackedMethodRefs>
                </SequencePoint>
              </SequencePoints>
              <BranchPoints />
            </Method>
            <Method visited="true" cyclomaticComplexity="4" nPathComplexity="0" sequenceCoverage="100.0" branchCoverage="0" crapScore="4" isConstructor="false" isStatic="false" isGetter="false" isSetter="false">
              <Summary numSequencePoints="4" visitedSequencePoints="4" numBranchPoints="0" visitedBranchPoints="0" sequenceCoverage="100.0" branchCoverage="0" maxCyclomaticComplexity="4" minCyclomaticComplexity="4" maxCrapScore="4" minCrapScore="4" visitedClasses="0" numClasses="0" visitedMethods="1" numMethods="1" />
              <MetadataToken>100663594</MetadataToken>
              <Name>System.Void PdfLoader::HandleStateChanged(State)</Name>
              <FileRef uid="33" />
              <SequencePoints>
                <SequencePoint vc="1" uspid="214253" ordinal="0" offset="0" sl="47" sc="5" el="47" ec="5" bec="0" bev="0" fileid="33">
                  <TrackedMethodRefs>
                    <TrackedMethodRef uid="0" vc="1" />
                  </TrackedMethodRefs>
                </SequencePoint>
                <SequencePoint vc="1" uspid="214254" ordinal="0" offset="1" sl="48" sc="9" el="48" ec="9" bec="0" bev="0" fileid="33">
                  <TrackedMethodRefs>
                    <TrackedMethodRef uid="0" vc="1" />
                  </TrackedMethodRefs>
                </SequencePoint>
                <SequencePoint vc="1" uspid="214255" ordinal="0" offset="19" sl="49" sc="9" el="49" ec="9" bec="0" bev="0" fileid="33">
                  <TrackedMethodRefs>
                    <TrackedMethodRef uid="0" vc="1" />
                  </TrackedMethodRefs>
                </SequencePoint>
                <SequencePoint vc="1" uspid="214256" ordinal="0" offset="32" sl="50" sc="5" el="50" ec="5" bec="0" bev="0" fileid="33">
                  <TrackedMethodRefs>
                    <TrackedMethodRef uid="0" vc="1" />
                  </TrackedMethodRefs>
                </SequencePoint>
              </SequencePoints>
              <BranchPoints />
            </Method>
            <Method visited="true" cyclomaticComplexity="5" nPathComplexity="0" sequenceCoverage="50.00" branchCoverage="0" crapScore="8.12" isConstructor="false" isStatic="false" isGetter="false" isSetter="false">
              <Summary numSequencePoints="8" visitedSequencePoints="4" numBranchPoints="0" visitedBranchPoints="0" sequenceCoverage="50.00" branchCoverage="0" maxCyclomaticComplexity="5" minCyclomaticComplexity="5" maxCrapScore="8.12" minCrapScore="8.12" visitedClasses="0" numClasses="0" visitedMethods="1" numMethods="1" />
              <MetadataToken>100663599</MetadataToken>
              <Name>System.Void PdfLoader::ShowPage(System.Int32)</Name>
              <FileRef uid="33" />
              <SequencePoints>
                <SequencePoint vc="1" uspid="214318" ordinal="0" offset="0" sl="136" sc="5" el="136" ec="5" bec="0" bev="0" fileid="33">
                  <TrackedMethodRefs>
                    <TrackedMethodRef uid="0" vc="1" />
                  </TrackedMethodRefs>
                </SequencePoint>
                <SequencePoint vc="1" uspid="214319" ordinal="0" offset="1" sl="137" sc="9" el="137" ec="9" bec="0" bev="0" fileid="33">
                  <TrackedMethodRefs>
                    <TrackedMethodRef uid="0" vc="1" />
                  </TrackedMethodRefs>
                </SequencePoint>
                <SequencePoint vc="0" uspid="214320" ordinal="0" offset="42" sl="138" sc="9" el="138" ec="9" bec="0" bev="0" fileid="33">
                  <TrackedMethodRefs>
                    <TrackedMethodRef uid="0" vc="0" />
                  </TrackedMethodRefs>
                </SequencePoint>
                <SequencePoint vc="0" uspid="214321" ordinal="0" offset="43" sl="139" sc="13" el="139" ec="13" bec="0" bev="0" fileid="33">
                  <TrackedMethodRefs>
                    <TrackedMethodRef uid="0" vc="0" />
                  </TrackedMethodRefs>
                </SequencePoint>
                <SequencePoint vc="0" uspid="214322" ordinal="0" offset="54" sl="140" sc="13" el="140" ec="13" bec="0" bev="0" fileid="33">
                  <TrackedMethodRefs>
                    <TrackedMethodRef uid="0" vc="0" />
                  </TrackedMethodRefs>
                </SequencePoint>
                <SequencePoint vc="1" uspid="214323" ordinal="0" offset="56" sl="143" sc="9" el="143" ec="9" bec="0" bev="0" fileid="33">
                  <TrackedMethodRefs>
                    <TrackedMethodRef uid="0" vc="1" />
                  </TrackedMethodRefs>
                </SequencePoint>
                <SequencePoint vc="0" uspid="214324" ordinal="0" offset="71" sl="144" sc="13" el="144" ec="13" bec="0" bev="0" fileid="33">
                  <TrackedMethodRefs>
                    <TrackedMethodRef uid="0" vc="0" />
                  </TrackedMethodRefs>
                </SequencePoint>
                <SequencePoint vc="1" uspid="214325" ordinal="0" offset="95" sl="145" sc="5" el="145" ec="5" bec="0" bev="0" fileid="33">
                  <TrackedMethodRefs>
                    <TrackedMethodRef uid="0" vc="1" />
                  </TrackedMethodRefs>
                </SequencePoint>
              </SequencePoints>
              <BranchPoints />
            </Method>
            <Method visited="true" cyclomaticComplexity="2" nPathComplexity="0" sequenceCoverage="100.0" branchCoverage="0" crapScore="2" isConstructor="false" isStatic="false" isGetter="false" isSetter="false">
              <Summary numSequencePoints="7" visitedSequencePoints="7" numBranchPoints="0" visitedBranchPoints="0" sequenceCoverage="100.0" branchCoverage="0" maxCyclomaticComplexity="2" minCyclomaticComplexity="2" maxCrapScore="2" minCrapScore="2" visitedClasses="0" numClasses="0" visitedMethods="1" numMethods="1" />
              <MetadataToken>100663600</MetadataToken>
              <Name>System.Void PdfLoader::NextPage()</Name>
              <FileRef uid="33" />
              <SequencePoints>
                <SequencePoint vc="1" uspid="214326" ordinal="0" offset="0" sl="148" sc="5" el="148" ec="5" bec="0" bev="0" fileid="33">
                  <TrackedMethodRefs>
                    <TrackedMethodRef uid="0" vc="1" />
                  </TrackedMethodRefs>
                </SequencePoint>
                <SequencePoint vc="1" uspid="214327" ordinal="0" offset="1" sl="149" sc="9" el="149" ec="9" bec="0" bev="0" fileid="33">
                  <TrackedMethodRefs>
                    <TrackedMethodRef uid="0" vc="1" />
                  </TrackedMethodRefs>
                </SequencePoint>
                <SequencePoint vc="1" uspid="214328" ordinal="0" offset="26" sl="150" sc="9" el="150" ec="9" bec="0" bev="0" fileid="33">
                  <TrackedMethodRefs>
                    <TrackedMethodRef uid="0" vc="1" />
                  </TrackedMethodRefs>
                </SequencePoint>
                <SequencePoint vc="1" uspid="214329" ordinal="0" offset="27" sl="151" sc="13" el="151" ec="13" bec="0" bev="0" fileid="33">
                  <TrackedMethodRefs>
                    <TrackedMethodRef uid="0" vc="1" />
                  </TrackedMethodRefs>
                </SequencePoint>
                <SequencePoint vc="1" uspid="214330" ordinal="0" offset="41" sl="152" sc="13" el="152" ec="13" bec="0" bev="0" fileid="33">
                  <TrackedMethodRefs>
                    <TrackedMethodRef uid="0" vc="1" />
                  </TrackedMethodRefs>
                </SequencePoint>
                <SequencePoint vc="1" uspid="214331" ordinal="0" offset="54" sl="153" sc="9" el="153" ec="9" bec="0" bev="0" fileid="33">
                  <TrackedMethodRefs>
                    <TrackedMethodRef uid="0" vc="1" />
                  </TrackedMethodRefs>
                </SequencePoint>
                <SequencePoint vc="1" uspid="214332" ordinal="0" offset="55" sl="154" sc="5" el="154" ec="5" bec="0" bev="0" fileid="33">
                  <TrackedMethodRefs>
                    <TrackedMethodRef uid="0" vc="1" />
                  </TrackedMethodRefs>
                </SequencePoint>
              </SequencePoints>
              <BranchPoints />
            </Method>
            <Method visited="true" cyclomaticComplexity="1" nPathComplexity="0" sequenceCoverage="100.0" branchCoverage="0" crapScore="1" isConstructor="true" isStatic="false" isGetter="false" isSetter="false">
              <Summary numSequencePoints="5" visitedSequencePoints="5" numBranchPoints="0" visitedBranchPoints="0" sequenceCoverage="100.0" branchCoverage="0" maxCyclomaticComplexity="1" minCyclomaticComplexity="1" maxCrapScore="1" minCrapScore="1" visitedClasses="0" numClasses="0" visitedMethods="1" numMethods="1" />
              <MetadataToken>100663603</MetadataToken>
              <Name>PdfLoader::PdfLoader()</Name>
              <FileRef uid="33" />
              <SequencePoints>
                <SequencePoint vc="1" uspid="214350" ordinal="0" offset="0" sl="13" sc="22" el="13" ec="22" bec="0" bev="0" fileid="33">
                  <TrackedMethodRefs>
                    <TrackedMethodRef uid="0" vc="1" />
                  </TrackedMethodRefs>
                </SequencePoint>
                <SequencePoint vc="1" uspid="214351" ordinal="0" offset="7" sl="16" sc="22" el="16" ec="22" bec="0" bev="0" fileid="33">
                  <TrackedMethodRefs>
                    <TrackedMethodRef uid="0" vc="1" />
                  </TrackedMethodRefs>
                </SequencePoint>
                <SequencePoint vc="1" uspid="214352" ordinal="0" offset="18" sl="18" sc="5" el="18" ec="5" bec="0" bev="0" fileid="33">
                  <TrackedMethodRefs>
                    <TrackedMethodRef uid="0" vc="1" />
                  </TrackedMethodRefs>
                </SequencePoint>
                <SequencePoint vc="1" uspid="214353" ordinal="0" offset="25" sl="20" sc="5" el="20" ec="5" bec="0" bev="0" fileid="33">
                  <TrackedMethodRefs>
                    <TrackedMethodRef uid="0" vc="1" />
                  </TrackedMethodRefs>
                </SequencePoint>
                <SequencePoint vc="1" uspid="214354" ordinal="0" offset="36" sl="21" sc="5" el="21" ec="5" bec="0" bev="0" fileid="33">
                  <TrackedMethodRefs>
                    <TrackedMethodRef uid="0" vc="1" />
                  </TrackedMethodRefs>
                </SequencePoint>
              </SequencePoints>
              <BranchPoints />
            </Method>
          </Methods>
        </Class>
        <Class>
          <Summary numSequencePoints="12" visitedSequencePoints="9" numBranchPoints="0" visitedBranchPoints="0" sequenceCoverage="75.00" branchCoverage="0.0" maxCyclomaticComplexity="2" minCyclomaticComplexity="1" maxCrapScore="2.15" minCrapScore="1" visitedClasses="1" numClasses="1" visitedMethods="4" numMethods="4" />
          <FullName>StateManager</FullName>
          <Methods>
            <Method visited="true" cyclomaticComplexity="1" nPathComplexity="0" sequenceCoverage="100.0" branchCoverage="0" crapScore="1" isConstructor="false" isStatic="true" isGetter="true" isSetter="false">
              <Summary numSequencePoints="1" visitedSequencePoints="1" numBranchPoints="0" visitedBranchPoints="0" sequenceCoverage="100.0" branchCoverage="0" maxCyclomaticComplexity="1" minCyclomaticComplexity="1" maxCrapScore="1" minCrapScore="1" visitedClasses="0" numClasses="0" visitedMethods="1" numMethods="1" />
              <MetadataToken>100663699</MetadataToken>
              <Name>static StateManager StateManager::get_Instance()</Name>
              <FileRef uid="43" />
              <SequencePoints>
                <SequencePoint vc="2" uspid="214920" ordinal="0" offset="0" sl="8" sc="43" el="8" ec="43" bec="0" bev="0" fileid="43">
                  <TrackedMethodRefs>
                    <TrackedMethodRef uid="0" vc="2" />
                  </TrackedMethodRefs>
                </SequencePoint>
              </SequencePoints>
              <BranchPoints />
            </Method>
            <Method visited="true" cyclomaticComplexity="1" nPathComplexity="0" sequenceCoverage="100.0" branchCoverage="0" crapScore="1" isConstructor="false" isStatic="true" isGetter="false" isSetter="true">
              <Summary numSequencePoints="1" visitedSequencePoints="1" numBranchPoints="0" visitedBranchPoints="0" sequenceCoverage="100.0" branchCoverage="0" maxCyclomaticComplexity="1" minCyclomaticComplexity="1" maxCrapScore="1" minCrapScore="1" visitedClasses="0" numClasses="0" visitedMethods="1" numMethods="1" />
              <MetadataToken>100663700</MetadataToken>
              <Name>static System.Void StateManager::set_Instance(StateManager)</Name>
              <FileRef uid="43" />
              <SequencePoints>
                <SequencePoint vc="1" uspid="214921" ordinal="0" offset="0" sl="8" sc="48" el="8" ec="48" bec="0" bev="0" fileid="43">
                  <TrackedMethodRefs>
                    <TrackedMethodRef uid="0" vc="1" />
                  </TrackedMethodRefs>
                </SequencePoint>
              </SequencePoints>
              <BranchPoints />
            </Method>
            <Method visited="true" cyclomaticComplexity="1" nPathComplexity="0" sequenceCoverage="100.0" branchCoverage="0" crapScore="1" isConstructor="false" isStatic="false" isGetter="true" isSetter="false">
              <Summary numSequencePoints="1" visitedSequencePoints="1" numBranchPoints="0" visitedBranchPoints="0" sequenceCoverage="100.0" branchCoverage="0" maxCyclomaticComplexity="1" minCyclomaticComplexity="1" maxCrapScore="1" minCrapScore="1" visitedClasses="0" numClasses="0" visitedMethods="1" numMethods="1" />
              <MetadataToken>100663701</MetadataToken>
              <Name>State StateManager::get_CurrentState()</Name>
              <FileRef uid="43" />
              <SequencePoints>
                <SequencePoint vc="1" uspid="214922" ordinal="0" offset="0" sl="9" sc="33" el="9" ec="33" bec="0" bev="0" fileid="43">
                  <TrackedMethodRefs>
                    <TrackedMethodRef uid="0" vc="1" />
                  </TrackedMethodRefs>
                </SequencePoint>
              </SequencePoints>
              <BranchPoints />
            </Method>
            <Method visited="true" cyclomaticComplexity="2" nPathComplexity="0" sequenceCoverage="66.67" branchCoverage="0" crapScore="2.15" isConstructor="false" isStatic="false" isGetter="false" isSetter="false">
              <Summary numSequencePoints="9" visitedSequencePoints="6" numBranchPoints="0" visitedBranchPoints="0" sequenceCoverage="66.67" branchCoverage="0" maxCyclomaticComplexity="2" minCyclomaticComplexity="2" maxCrapScore="2.15" minCrapScore="2.15" visitedClasses="0" numClasses="0" visitedMethods="1" numMethods="1" />
              <MetadataToken>100663705</MetadataToken>
              <Name>System.Void StateManager::Awake()</Name>
              <FileRef uid="43" />
              <SequencePoints>
                <SequencePoint vc="1" uspid="214924" ordinal="0" offset="0" sl="13" sc="5" el="13" ec="5" bec="0" bev="0" fileid="43">
                  <TrackedMethodRefs>
                    <TrackedMethodRef uid="0" vc="1" />
                  </TrackedMethodRefs>
                </SequencePoint>
                <SequencePoint vc="1" uspid="214925" ordinal="0" offset="1" sl="14" sc="9" el="14" ec="9" bec="0" bev="0" fileid="43">
                  <TrackedMethodRefs>
                    <TrackedMethodRef uid="0" vc="1" />
                  </TrackedMethodRefs>
                </SequencePoint>
                <SequencePoint vc="1" uspid="214926" ordinal="0" offset="16" sl="15" sc="9" el="15" ec="9" bec="0" bev="0" fileid="43">
                  <TrackedMethodRefs>
                    <TrackedMethodRef uid="0" vc="1" />
                  </TrackedMethodRefs>
                </SequencePoint>
                <SequencePoint vc="1" uspid="214927" ordinal="0" offset="17" sl="16" sc="13" el="16" ec="13" bec="0" bev="0" fileid="43">
                  <TrackedMethodRefs>
                    <TrackedMethodRef uid="0" vc="1" />
                  </TrackedMethodRefs>
                </SequencePoint>
                <SequencePoint vc="1" uspid="214928" ordinal="0" offset="24" sl="17" sc="9" el="17" ec="9" bec="0" bev="0" fileid="43">
                  <TrackedMethodRefs>
                    <TrackedMethodRef uid="0" vc="1" />
                  </TrackedMethodRefs>
                </SequencePoint>
                <SequencePoint vc="0" uspid="214929" ordinal="0" offset="27" sl="19" sc="9" el="19" ec="9" bec="0" bev="0" fileid="43">
                  <TrackedMethodRefs>
                    <TrackedMethodRef uid="0" vc="0" />
                  </TrackedMethodRefs>
                </SequencePoint>
                <SequencePoint vc="0" uspid="214930" ordinal="0" offset="28" sl="20" sc="13" el="20" ec="13" bec="0" bev="0" fileid="43">
                  <TrackedMethodRefs>
                    <TrackedMethodRef uid="0" vc="0" />
                  </TrackedMethodRefs>
                </SequencePoint>
                <SequencePoint vc="0" uspid="214931" ordinal="0" offset="40" sl="21" sc="9" el="21" ec="9" bec="0" bev="0" fileid="43">
                  <TrackedMethodRefs>
                    <TrackedMethodRef uid="0" vc="0" />
                  </TrackedMethodRefs>
                </SequencePoint>
                <SequencePoint vc="1" uspid="214932" ordinal="0" offset="41" sl="22" sc="5" el="22" ec="5" bec="0" bev="0" fileid="43">
                  <TrackedMethodRefs>
                    <TrackedMethodRef uid="0" vc="1" />
                  </TrackedMethodRefs>
                </SequencePoint>
              </SequencePoints>
              <BranchPoints />
            </Method>
          </Methods>
        </Class>
        <Class>
          <Summary numSequencePoints="6" visitedSequencePoints="5" numBranchPoints="0" visitedBranchPoints="0" sequenceCoverage="83.33" branchCoverage="0.0" maxCyclomaticComplexity="3" minCyclomaticComplexity="3" maxCrapScore="3.04" minCrapScore="3.04" visitedClasses="1" numClasses="1" visitedMethods="1" numMethods="1" />
          <FullName>FileMonitor/&lt;CheckForFileChanges&gt;d__15</FullName>
          <Methods>
            <Method visited="true" cyclomaticComplexity="3" nPathComplexity="0" sequenceCoverage="83.33" branchCoverage="0" crapScore="3.04" isConstructor="false" isStatic="false" isGetter="false" isSetter="false">
              <Summary numSequencePoints="6" visitedSequencePoints="5" numBranchPoints="0" visitedBranchPoints="0" sequenceCoverage="83.33" branchCoverage="0" maxCyclomaticComplexity="3" minCyclomaticComplexity="3" maxCrapScore="3.04" minCrapScore="3.04" visitedClasses="0" numClasses="0" visitedMethods="1" numMethods="1" />
              <MetadataToken>100663763</MetadataToken>
              <Name>System.Boolean FileMonitor/&lt;CheckForFileChanges&gt;d__15::MoveNext()</Name>
              <FileRef uid="19" />
              <SequencePoints>
                <SequencePoint vc="0" uspid="215148" ordinal="0" offset="31" sl="55" sc="5" el="55" ec="5" bec="0" bev="0" fileid="19">
                  <TrackedMethodRefs>
                    <TrackedMethodRef uid="0" vc="0" />
                  </TrackedMethodRefs>
                </SequencePoint>
                <SequencePoint vc="2" uspid="215149" ordinal="0" offset="34" sl="57" sc="9" el="57" ec="9" bec="0" bev="0" fileid="19">
                  <TrackedMethodRefs>
                    <TrackedMethodRef uid="0" vc="2" />
                  </TrackedMethodRefs>
                </SequencePoint>
                <SequencePoint vc="2" uspid="215150" ordinal="0" offset="35" sl="58" sc="13" el="58" ec="13" bec="0" bev="0" fileid="19">
                  <TrackedMethodRefs>
                    <TrackedMethodRef uid="0" vc="2" />
                  </TrackedMethodRefs>
                </SequencePoint>
                <SequencePoint vc="2" uspid="215151" ordinal="0" offset="47" sl="60" sc="13" el="60" ec="13" bec="0" bev="0" fileid="19">
                  <TrackedMethodRefs>
                    <TrackedMethodRef uid="0" vc="2" />
                  </TrackedMethodRefs>
                </SequencePoint>
                <SequencePoint vc="2" uspid="215152" ordinal="0" offset="79" sl="61" sc="9" el="61" ec="9" bec="0" bev="0" fileid="19">
                  <TrackedMethodRefs>
                    <TrackedMethodRef uid="0" vc="2" />
                  </TrackedMethodRefs>
                </SequencePoint>
                <SequencePoint vc="2" uspid="215153" ordinal="0" offset="80" sl="56" sc="9" el="56" ec="9" bec="0" bev="0" fileid="19">
                  <TrackedMethodRefs>
                    <TrackedMethodRef uid="0" vc="2" />
                  </TrackedMethodRefs>
                </SequencePoint>
              </SequencePoints>
              <BranchPoints />
            </Method>
          </Methods>
        </Class>
      </Classes>
      <TrackedMethods>
        <TrackedMethod uid="0" token="100663396" name="System.Collections.IEnumerator PdfLoaderTests::NextPage_UpdatesCurrentPageIndex_CreatesCorrectNumberOfImages()" strategy="Test" />
      </TrackedMethods>
    </Module>
    <Module>
      <Summary numSequencePoints="37" visitedSequencePoints="37" numBranchPoints="0" visitedBranchPoints="0" sequenceCoverage="100.0" branchCoverage="0.0" maxCyclomaticComplexity="3" minCyclomaticComplexity="1" maxCrapScore="3" minCrapScore="1" visitedClasses="2" numClasses="2" visitedMethods="3" numMethods="3" />
      <ModuleTime>0001-01-01T00:00:00</ModuleTime>
      <ModuleName>PlayModeTests</ModuleName>
      <Files>
        <File uid="48" fullPath="C:/Users/akmoi/Desktop/VRproject/VRAssemblyApp/Assets/Test/PlayModeTests/AudioManagerTests.cs" />
        <File uid="49" fullPath="C:/Users/akmoi/Desktop/VRproject/VRAssemblyApp/Assets/Test/PlayModeTests/AutomaticPlacementManagerTests.cs" />
        <File uid="50" fullPath="C:/Users/akmoi/Desktop/VRproject/VRAssemblyApp/Assets/Test/PlayModeTests/BaseHammerTests.cs" />
        <File uid="51" fullPath="C:/Users/akmoi/Desktop/VRproject/VRAssemblyApp/Assets/Test/PlayModeTests/BaseScrewDriverTests.cs" />
        <File uid="52" fullPath="C:/Users/akmoi/Desktop/VRproject/VRAssemblyApp/Assets/Test/PlayModeTests/ComponentObjectTests.cs" />
        <File uid="53" fullPath="C:/Users/akmoi/Desktop/VRproject/VRAssemblyApp/Assets/Test/PlayModeTests/ComponentPositionerTests.cs" />
        <File uid="54" fullPath="C:/Users/akmoi/Desktop/VRproject/VRAssemblyApp/Assets/Test/PlayModeTests/ConveyerLightsTests.cs" />
        <File uid="55" fullPath="C:/Users/akmoi/Desktop/VRproject/VRAssemblyApp/Assets/Test/PlayModeTests/DropDownManagerTests.cs" />
        <File uid="56" fullPath="C:/Users/akmoi/Desktop/VRproject/VRAssemblyApp/Assets/Test/PlayModeTests/EletricScrewDriverTests.cs" />
        <File uid="57" fullPath="C:/Users/akmoi/Desktop/VRproject/VRAssemblyApp/Assets/Test/PlayModeTests/FileBrowserTests.cs" />
        <File uid="58" fullPath="C:/Users/akmoi/Desktop/VRproject/VRAssemblyApp/Assets/Test/PlayModeTests/FileMonitorTests.cs" />
        <File uid="59" fullPath="C:/Users/akmoi/Desktop/VRproject/VRAssemblyApp/Assets/Test/PlayModeTests/InitializedDataManagerTests.cs" />
        <File uid="60" fullPath="C:/Users/akmoi/Desktop/VRproject/VRAssemblyApp/Assets/Test/PlayModeTests/ModelLoaderTests.cs" />
        <File uid="61" fullPath="C:/Users/akmoi/Desktop/VRproject/VRAssemblyApp/Assets/Test/PlayModeTests/PdfLoaderTests.cs" />
        <File uid="62" fullPath="C:/Users/akmoi/Desktop/VRproject/VRAssemblyApp/Assets/Test/PlayModeTests/PrefabManagerTests.cs" />
        <File uid="63" fullPath="C:/Users/akmoi/Desktop/VRproject/VRAssemblyApp/Assets/Test/PlayModeTests/SaveSequenceTests.cs" />
        <File uid="64" fullPath="C:/Users/akmoi/Desktop/VRproject/VRAssemblyApp/Assets/Test/PlayModeTests/SequenceReaderTests.cs" />
        <File uid="65" fullPath="C:/Users/akmoi/Desktop/VRproject/VRAssemblyApp/Assets/Test/PlayModeTests/SimpleHammerTest.cs" />
        <File uid="66" fullPath="C:/Users/akmoi/Desktop/VRproject/VRAssemblyApp/Assets/Test/PlayModeTests/StateManagerTests.cs" />
        <File uid="67" fullPath="C:/Users/akmoi/Desktop/VRproject/VRAssemblyApp/Assets/Test/PlayModeTests/ToolManagerTests.cs" />
        <File uid="68" fullPath="C:/Users/akmoi/Desktop/VRproject/VRAssemblyApp/Assets/Test/PlayModeTests/ToolTests.cs" />
      </Files>
      <Classes>
        <Class>
          <Summary numSequencePoints="25" visitedSequencePoints="25" numBranchPoints="0" visitedBranchPoints="0" sequenceCoverage="100.0" branchCoverage="0.0" maxCyclomaticComplexity="1" minCyclomaticComplexity="1" maxCrapScore="1" minCrapScore="1" visitedClasses="1" numClasses="1" visitedMethods="2" numMethods="2" />
          <FullName>PdfLoaderTests</FullName>
          <Methods>
            <Method visited="true" cyclomaticComplexity="1" nPathComplexity="0" sequenceCoverage="100.0" branchCoverage="0" crapScore="1" isConstructor="false" isStatic="false" isGetter="false" isSetter="false">
              <Summary numSequencePoints="16" visitedSequencePoints="16" numBranchPoints="0" visitedBranchPoints="0" sequenceCoverage="100.0" branchCoverage="0" maxCyclomaticComplexity="1" minCyclomaticComplexity="1" maxCrapScore="1" minCrapScore="1" visitedClasses="0" numClasses="0" visitedMethods="1" numMethods="1" />
              <MetadataToken>100663392</MetadataToken>
              <Name>System.Void PdfLoaderTests::SetUp()</Name>
              <FileRef uid="61" />
              <SequencePoints>
                <SequencePoint vc="1" uspid="215692" ordinal="0" offset="0" sl="24" sc="5" el="24" ec="5" bec="0" bev="0" fileid="61">
                  <TrackedMethodRefs>
                    <TrackedMethodRef uid="1" vc="1" />
                  </TrackedMethodRefs>
                </SequencePoint>
                <SequencePoint vc="1" uspid="215693" ordinal="0" offset="1" sl="25" sc="9" el="25" ec="9" bec="0" bev="0" fileid="61">
                  <TrackedMethodRefs>
                    <TrackedMethodRef uid="1" vc="1" />
                  </TrackedMethodRefs>
                </SequencePoint>
                <SequencePoint vc="1" uspid="215694" ordinal="0" offset="7" sl="26" sc="9" el="26" ec="9" bec="0" bev="0" fileid="61">
                  <TrackedMethodRefs>
                    <TrackedMethodRef uid="1" vc="1" />
                  </TrackedMethodRefs>
                </SequencePoint>
                <SequencePoint vc="1" uspid="215695" ordinal="0" offset="19" sl="28" sc="9" el="28" ec="9" bec="0" bev="0" fileid="61">
                  <TrackedMethodRefs>
                    <TrackedMethodRef uid="1" vc="1" />
                  </TrackedMethodRefs>
                </SequencePoint>
                <SequencePoint vc="1" uspid="215696" ordinal="0" offset="35" sl="29" sc="9" el="29" ec="9" bec="0" bev="0" fileid="61">
                  <TrackedMethodRefs>
                    <TrackedMethodRef uid="1" vc="1" />
                  </TrackedMethodRefs>
                </SequencePoint>
                <SequencePoint vc="1" uspid="215697" ordinal="0" offset="51" sl="30" sc="9" el="30" ec="9" bec="0" bev="0" fileid="61">
                  <TrackedMethodRefs>
                    <TrackedMethodRef uid="1" vc="1" />
                  </TrackedMethodRefs>
                </SequencePoint>
                <SequencePoint vc="1" uspid="215698" ordinal="0" offset="63" sl="31" sc="9" el="31" ec="9" bec="0" bev="0" fileid="61">
                  <TrackedMethodRefs>
                    <TrackedMethodRef uid="1" vc="1" />
                  </TrackedMethodRefs>
                </SequencePoint>
                <SequencePoint vc="1" uspid="215699" ordinal="0" offset="84" sl="32" sc="9" el="32" ec="9" bec="0" bev="0" fileid="61">
                  <TrackedMethodRefs>
                    <TrackedMethodRef uid="1" vc="1" />
                  </TrackedMethodRefs>
                </SequencePoint>
                <SequencePoint vc="1" uspid="215700" ordinal="0" offset="105" sl="33" sc="9" el="33" ec="9" bec="0" bev="0" fileid="61">
                  <TrackedMethodRefs>
                    <TrackedMethodRef uid="1" vc="1" />
                  </TrackedMethodRefs>
                </SequencePoint>
                <SequencePoint vc="1" uspid="215701" ordinal="0" offset="126" sl="35" sc="9" el="35" ec="9" bec="0" bev="0" fileid="61">
                  <TrackedMethodRefs>
                    <TrackedMethodRef uid="1" vc="1" />
                  </TrackedMethodRefs>
                </SequencePoint>
                <SequencePoint vc="1" uspid="215702" ordinal="0" offset="167" sl="36" sc="9" el="36" ec="9" bec="0" bev="0" fileid="61">
                  <TrackedMethodRefs>
                    <TrackedMethodRef uid="1" vc="1" />
                  </TrackedMethodRefs>
                </SequencePoint>
                <SequencePoint vc="1" uspid="215703" ordinal="0" offset="208" sl="37" sc="9" el="37" ec="9" bec="0" bev="0" fileid="61">
                  <TrackedMethodRefs>
                    <TrackedMethodRef uid="1" vc="1" />
                  </TrackedMethodRefs>
                </SequencePoint>
                <SequencePoint vc="1" uspid="215704" ordinal="0" offset="249" sl="38" sc="9" el="38" ec="9" bec="0" bev="0" fileid="61">
                  <TrackedMethodRefs>
                    <TrackedMethodRef uid="1" vc="1" />
                  </TrackedMethodRefs>
                </SequencePoint>
                <SequencePoint vc="1" uspid="215705" ordinal="0" offset="290" sl="39" sc="9" el="39" ec="9" bec="0" bev="0" fileid="61">
                  <TrackedMethodRefs>
                    <TrackedMethodRef uid="1" vc="1" />
                  </TrackedMethodRefs>
                </SequencePoint>
                <SequencePoint vc="1" uspid="215706" ordinal="0" offset="331" sl="41" sc="9" el="41" ec="9" bec="0" bev="0" fileid="61">
                  <TrackedMethodRefs>
                    <TrackedMethodRef uid="1" vc="1" />
                  </TrackedMethodRefs>
                </SequencePoint>
                <SequencePoint vc="1" uspid="215707" ordinal="0" offset="347" sl="42" sc="5" el="42" ec="5" bec="0" bev="0" fileid="61">
                  <TrackedMethodRefs>
                    <TrackedMethodRef uid="1" vc="1" />
                  </TrackedMethodRefs>
                </SequencePoint>
              </SequencePoints>
              <BranchPoints />
            </Method>
            <Method visited="true" cyclomaticComplexity="1" nPathComplexity="0" sequenceCoverage="100.0" branchCoverage="0" crapScore="1" isConstructor="false" isStatic="false" isGetter="false" isSetter="false">
              <Summary numSequencePoints="9" visitedSequencePoints="9" numBranchPoints="0" visitedBranchPoints="0" sequenceCoverage="100.0" branchCoverage="0" maxCyclomaticComplexity="1" minCyclomaticComplexity="1" maxCrapScore="1" minCrapScore="1" visitedClasses="0" numClasses="0" visitedMethods="1" numMethods="1" />
              <MetadataToken>100663393</MetadataToken>
              <Name>System.Void PdfLoaderTests::TearDown()</Name>
              <FileRef uid="61" />
              <SequencePoints>
                <SequencePoint vc="1" uspid="215708" ordinal="0" offset="0" sl="46" sc="5" el="46" ec="5" bec="0" bev="0" fileid="61">
                  <TrackedMethodRefs>
                    <TrackedMethodRef uid="1" vc="1" />
                  </TrackedMethodRefs>
                </SequencePoint>
                <SequencePoint vc="1" uspid="215709" ordinal="0" offset="1" sl="48" sc="9" el="48" ec="9" bec="0" bev="0" fileid="61">
                  <TrackedMethodRefs>
                    <TrackedMethodRef uid="1" vc="1" />
                  </TrackedMethodRefs>
                </SequencePoint>
                <SequencePoint vc="1" uspid="215710" ordinal="0" offset="18" sl="49" sc="9" el="49" ec="9" bec="0" bev="0" fileid="61">
                  <TrackedMethodRefs>
                    <TrackedMethodRef uid="1" vc="1" />
                  </TrackedMethodRefs>
                </SequencePoint>
                <SequencePoint vc="1" uspid="215711" ordinal="0" offset="30" sl="50" sc="9" el="50" ec="9" bec="0" bev="0" fileid="61">
                  <TrackedMethodRefs>
                    <TrackedMethodRef uid="1" vc="1" />
                  </TrackedMethodRefs>
                </SequencePoint>
                <SequencePoint vc="1" uspid="215712" ordinal="0" offset="42" sl="51" sc="9" el="51" ec="9" bec="0" bev="0" fileid="61">
                  <TrackedMethodRefs>
                    <TrackedMethodRef uid="1" vc="1" />
                  </TrackedMethodRefs>
                </SequencePoint>
                <SequencePoint vc="1" uspid="215713" ordinal="0" offset="59" sl="52" sc="9" el="52" ec="9" bec="0" bev="0" fileid="61">
                  <TrackedMethodRefs>
                    <TrackedMethodRef uid="1" vc="1" />
                  </TrackedMethodRefs>
                </SequencePoint>
                <SequencePoint vc="1" uspid="215714" ordinal="0" offset="76" sl="53" sc="9" el="53" ec="9" bec="0" bev="0" fileid="61">
                  <TrackedMethodRefs>
                    <TrackedMethodRef uid="1" vc="1" />
                  </TrackedMethodRefs>
                </SequencePoint>
                <SequencePoint vc="1" uspid="215715" ordinal="0" offset="93" sl="54" sc="9" el="54" ec="9" bec="0" bev="0" fileid="61">
                  <TrackedMethodRefs>
                    <TrackedMethodRef uid="1" vc="1" />
                  </TrackedMethodRefs>
                </SequencePoint>
                <SequencePoint vc="1" uspid="215716" ordinal="0" offset="110" sl="55" sc="5" el="55" ec="5" bec="0" bev="0" fileid="61">
                  <TrackedMethodRefs>
                    <TrackedMethodRef uid="1" vc="1" />
                  </TrackedMethodRefs>
                </SequencePoint>
              </SequencePoints>
              <BranchPoints />
            </Method>
          </Methods>
        </Class>
        <Class>
          <Summary numSequencePoints="12" visitedSequencePoints="12" numBranchPoints="0" visitedBranchPoints="0" sequenceCoverage="100.0" branchCoverage="0.0" maxCyclomaticComplexity="3" minCyclomaticComplexity="3" maxCrapScore="3" minCrapScore="3" visitedClasses="1" numClasses="1" visitedMethods="1" numMethods="1" />
          <FullName>PdfLoaderTests/&lt;NextPage_UpdatesCurrentPageIndex_CreatesCorrectNumberOfImages&gt;d__11</FullName>
          <Methods>
            <Method visited="true" cyclomaticComplexity="3" nPathComplexity="0" sequenceCoverage="100.0" branchCoverage="0" crapScore="3" isConstructor="false" isStatic="false" isGetter="false" isSetter="false">
              <Summary numSequencePoints="12" visitedSequencePoints="12" numBranchPoints="0" visitedBranchPoints="0" sequenceCoverage="100.0" branchCoverage="0" maxCyclomaticComplexity="3" minCyclomaticComplexity="3" maxCrapScore="3" minCrapScore="3" visitedClasses="0" numClasses="0" visitedMethods="1" numMethods="1" />
              <MetadataToken>100663563</MetadataToken>
              <Name>System.Boolean PdfLoaderTests/&lt;NextPage_UpdatesCurrentPageIndex_CreatesCorrectNumberOfImages&gt;d__11::MoveNext()</Name>
              <FileRef uid="61" />
              <SequencePoints>
                <SequencePoint vc="1" uspid="216174" ordinal="0" offset="34" sl="98" sc="5" el="98" ec="5" bec="0" bev="0" fileid="61">
                  <TrackedMethodRefs>
                    <TrackedMethodRef uid="1" vc="1" />
                  </TrackedMethodRefs>
                </SequencePoint>
                <SequencePoint vc="1" uspid="216175" ordinal="0" offset="35" sl="99" sc="9" el="99" ec="9" bec="0" bev="0" fileid="61">
                  <TrackedMethodRefs>
                    <TrackedMethodRef uid="1" vc="1" />
                  </TrackedMethodRefs>
                </SequencePoint>
                <SequencePoint vc="1" uspid="216176" ordinal="0" offset="48" sl="100" sc="9" el="100" ec="9" bec="0" bev="0" fileid="61">
                  <TrackedMethodRefs>
                    <TrackedMethodRef uid="1" vc="1" />
                  </TrackedMethodRefs>
                </SequencePoint>
                <SequencePoint vc="1" uspid="216177" ordinal="0" offset="61" sl="101" sc="9" el="101" ec="9" bec="0" bev="0" fileid="61">
                  <TrackedMethodRefs>
                    <TrackedMethodRef uid="1" vc="1" />
                  </TrackedMethodRefs>
                </SequencePoint>
                <SequencePoint vc="1" uspid="216178" ordinal="0" offset="98" sl="103" sc="9" el="103" ec="9" bec="0" bev="0" fileid="61">
                  <TrackedMethodRefs>
                    <TrackedMethodRef uid="1" vc="1" />
                  </TrackedMethodRefs>
                </SequencePoint>
                <SequencePoint vc="1" uspid="216179" ordinal="0" offset="121" sl="105" sc="9" el="105" ec="9" bec="0" bev="0" fileid="61">
                  <TrackedMethodRefs>
                    <TrackedMethodRef uid="1" vc="1" />
                  </TrackedMethodRefs>
                </SequencePoint>
                <SequencePoint vc="1" uspid="216180" ordinal="0" offset="172" sl="107" sc="9" el="107" ec="9" bec="0" bev="0" fileid="61">
                  <TrackedMethodRefs>
                    <TrackedMethodRef uid="1" vc="1" />
                  </TrackedMethodRefs>
                </SequencePoint>
                <SequencePoint vc="1" uspid="216181" ordinal="0" offset="200" sl="109" sc="9" el="109" ec="9" bec="0" bev="0" fileid="61">
                  <TrackedMethodRefs>
                    <TrackedMethodRef uid="1" vc="1" />
                  </TrackedMethodRefs>
                </SequencePoint>
                <SequencePoint vc="1" uspid="216182" ordinal="0" offset="222" sl="111" sc="9" el="111" ec="9" bec="0" bev="0" fileid="61">
                  <TrackedMethodRefs>
                    <TrackedMethodRef uid="1" vc="1" />
                  </TrackedMethodRefs>
                </SequencePoint>
                <SequencePoint vc="1" uspid="216183" ordinal="0" offset="245" sl="113" sc="9" el="113" ec="9" bec="0" bev="0" fileid="61">
                  <TrackedMethodRefs>
                    <TrackedMethodRef uid="1" vc="1" />
                  </TrackedMethodRefs>
                </SequencePoint>
                <SequencePoint vc="1" uspid="216184" ordinal="0" offset="300" sl="115" sc="9" el="115" ec="9" bec="0" bev="0" fileid="61">
                  <TrackedMethodRefs>
                    <TrackedMethodRef uid="1" vc="1" />
                  </TrackedMethodRefs>
                </SequencePoint>
                <SequencePoint vc="1" uspid="216185" ordinal="0" offset="323" sl="116" sc="5" el="116" ec="5" bec="0" bev="0" fileid="61">
                  <TrackedMethodRefs>
                    <TrackedMethodRef uid="1" vc="1" />
                  </TrackedMethodRefs>
                </SequencePoint>
              </SequencePoints>
              <BranchPoints />
            </Method>
          </Methods>
        </Class>
      </Classes>
      <TrackedMethods>
        <TrackedMethod uid="1" token="100663396" name="System.Collections.IEnumerator PdfLoaderTests::NextPage_UpdatesCurrentPageIndex_CreatesCorrectNumberOfImages()" strategy="Test" />
      </TrackedMethods>
    </Module>
  </Modules>
</CoverageSession>