<?xml version="1.0" encoding="utf-8"?>
<CoverageSession xmlns:xsd="http://www.w3.org/2001/XMLSchema" xmlns:xsi="http://www.w3.org/2001/XMLSchema-instance" Version="0.0.0.0">
  <Summary numSequencePoints="39" visitedSequencePoints="21" numBranchPoints="0" visitedBranchPoints="0" sequenceCoverage="53.85" branchCoverage="0.0" maxCyclomaticComplexity="7" minCyclomaticComplexity="1" maxCrapScore="13.12" minCrapScore="1" visitedClasses="3" numClasses="4" visitedMethods="7" numMethods="8" />
  <Modules>
    <Module>
      <Summary numSequencePoints="39" visitedSequencePoints="21" numBranchPoints="0" visitedBranchPoints="0" sequenceCoverage="53.85" branchCoverage="0.0" maxCyclomaticComplexity="7" minCyclomaticComplexity="1" maxCrapScore="13.12" minCrapScore="1" visitedClasses="3" numClasses="4" visitedMethods="7" numMethods="8" />
      <ModuleTime>0001-01-01T00:00:00</ModuleTime>
      <ModuleName>Scripts</ModuleName>
      <Files>
        <File uid="1" fullPath="C:/Users/akmoi/Desktop/VRproject/VRAssemblyApp/Assets/Scripts/ApplicationQuit.cs" />
        <File uid="2" fullPath="C:/Users/akmoi/Desktop/VRproject/VRAssemblyApp/Assets/Scripts/AudioManager.cs" />
        <File uid="3" fullPath="C:/Users/akmoi/Desktop/VRproject/VRAssemblyApp/Assets/Scripts/AutomaticPlacementManager.cs" />
        <File uid="4" fullPath="C:/Users/akmoi/Desktop/VRproject/VRAssemblyApp/Assets/Scripts/BaseHammer.cs" />
        <File uid="5" fullPath="C:/Users/akmoi/Desktop/VRproject/VRAssemblyApp/Assets/Scripts/BaseScrewDriver.cs" />
        <File uid="6" fullPath="C:/Users/akmoi/Desktop/VRproject/VRAssemblyApp/Assets/Scripts/ComponentObject.cs" />
        <File uid="7" fullPath="C:/Users/akmoi/Desktop/VRproject/VRAssemblyApp/Assets/Scripts/ComponentPositioner.cs" />
        <File uid="8" fullPath="C:/Users/akmoi/Desktop/VRproject/VRAssemblyApp/Assets/Scripts/ConveyerLights.cs" />
        <File uid="9" fullPath="C:/Users/akmoi/Desktop/VRproject/VRAssemblyApp/Assets/Scripts/DropDownManager.cs" />
        <File uid="10" fullPath="C:/Users/akmoi/Desktop/VRproject/VRAssemblyApp/Assets/Scripts/EletricScrewDriver.cs" />
        <File uid="11" fullPath="C:/Users/akmoi/Desktop/VRproject/VRAssemblyApp/Assets/Scripts/Extensions.cs" />
        <File uid="12" fullPath="C:/Users/akmoi/Desktop/VRproject/VRAssemblyApp/Assets/Scripts/Fastener.cs" />
        <File uid="13" fullPath="C:/Users/akmoi/Desktop/VRproject/VRAssemblyApp/Assets/Scripts/FileBrowserManager.cs" />
        <File uid="14" fullPath="C:/Users/akmoi/Desktop/VRproject/VRAssemblyApp/Assets/Scripts/FileChecker.cs" />
        <File uid="15" fullPath="C:/Users/akmoi/Desktop/VRproject/VRAssemblyApp/Assets/Scripts/FileMonitor.cs" />
        <File uid="16" fullPath="C:/Users/akmoi/Desktop/VRproject/VRAssemblyApp/Assets/Scripts/FinishManager.cs" />
        <File uid="17" fullPath="C:/Users/akmoi/Desktop/VRproject/VRAssemblyApp/Assets/Scripts/HandMenuController.cs" />
        <File uid="18" fullPath="C:/Users/akmoi/Desktop/VRproject/VRAssemblyApp/Assets/Scripts/HandMenuManager.cs" />
        <File uid="19" fullPath="C:/Users/akmoi/Desktop/VRproject/VRAssemblyApp/Assets/Scripts/HintManager.cs" />
        <File uid="20" fullPath="C:/Users/akmoi/Desktop/VRproject/VRAssemblyApp/Assets/Scripts/InitializeComponetManager.cs" />
        <File uid="21" fullPath="C:/Users/akmoi/Desktop/VRproject/VRAssemblyApp/Assets/Scripts/InitializedDataManager.cs" />
        <File uid="22" fullPath="C:/Users/akmoi/Desktop/VRproject/VRAssemblyApp/Assets/Scripts/InteractionManager.cs" />
        <File uid="23" fullPath="C:/Users/akmoi/Desktop/VRproject/VRAssemblyApp/Assets/Scripts/MakeGrabbable.cs" />
        <File uid="24" fullPath="C:/Users/akmoi/Desktop/VRproject/VRAssemblyApp/Assets/Scripts/Manager.cs" />
        <File uid="25" fullPath="C:/Users/akmoi/Desktop/VRproject/VRAssemblyApp/Assets/Scripts/ManualScrewDriver.cs" />
        <File uid="26" fullPath="C:/Users/akmoi/Desktop/VRproject/VRAssemblyApp/Assets/Scripts/ModeChooserManager.cs" />
        <File uid="27" fullPath="C:/Users/akmoi/Desktop/VRproject/VRAssemblyApp/Assets/Scripts/ModelSelectionManager.cs" />
        <File uid="28" fullPath="C:/Users/akmoi/Desktop/VRproject/VRAssemblyApp/Assets/Scripts/Nail.cs" />
        <File uid="29" fullPath="C:/Users/akmoi/Desktop/VRproject/VRAssemblyApp/Assets/Scripts/PdfLoader.cs" />
        <File uid="30" fullPath="C:/Users/akmoi/Desktop/VRproject/VRAssemblyApp/Assets/Scripts/PlayBackManager.cs" />
        <File uid="31" fullPath="C:/Users/akmoi/Desktop/VRproject/VRAssemblyApp/Assets/Scripts/PrefabManager.cs" />
        <File uid="32" fullPath="C:/Users/akmoi/Desktop/VRproject/VRAssemblyApp/Assets/Scripts/RecordManager.cs" />
        <File uid="33" fullPath="C:/Users/akmoi/Desktop/VRproject/VRAssemblyApp/Assets/Scripts/SaveSequence.cs" />
        <File uid="34" fullPath="C:/Users/akmoi/Desktop/VRproject/VRAssemblyApp/Assets/Scripts/Screw.cs" />
        <File uid="35" fullPath="C:/Users/akmoi/Desktop/VRproject/VRAssemblyApp/Assets/Scripts/SequenceManager.cs" />
        <File uid="36" fullPath="C:/Users/akmoi/Desktop/VRproject/VRAssemblyApp/Assets/Scripts/SequenceReader.cs" />
        <File uid="37" fullPath="C:/Users/akmoi/Desktop/VRproject/VRAssemblyApp/Assets/Scripts/SimpleHammer.cs" />
        <File uid="38" fullPath="C:/Users/akmoi/Desktop/VRproject/VRAssemblyApp/Assets/Scripts/SnapToPosition.cs" />
        <File uid="39" fullPath="C:/Users/akmoi/Desktop/VRproject/VRAssemblyApp/Assets/Scripts/StateManager.cs" />
        <File uid="40" fullPath="C:/Users/akmoi/Desktop/VRproject/VRAssemblyApp/Assets/Scripts/Tool.cs" />
        <File uid="41" fullPath="C:/Users/akmoi/Desktop/VRproject/VRAssemblyApp/Assets/Scripts/ToolManager.cs" />
        <File uid="42" fullPath="C:/Users/akmoi/Desktop/VRproject/VRAssemblyApp/Assets/Scripts/WoodenPin.cs" />
        <File uid="43" fullPath="C:/Users/akmoi/Desktop/VRproject/VRAssemblyApp/Assets/Scripts/ModelLoader.cs" />
      </Files>
      <Classes>
        <Class>
          <Summary numSequencePoints="9" visitedSequencePoints="5" numBranchPoints="0" visitedBranchPoints="0" sequenceCoverage="55.56" branchCoverage="0.0" maxCyclomaticComplexity="7" minCyclomaticComplexity="1" maxCrapScore="13.12" minCrapScore="1" visitedClasses="1" numClasses="1" visitedMethods="2" numMethods="2" />
          <FullName>Fastener</FullName>
          <Methods>
            <Method visited="true" cyclomaticComplexity="1" nPathComplexity="0" sequenceCoverage="100.0" branchCoverage="0" crapScore="1" isConstructor="false" isStatic="false" isGetter="true" isSetter="false">
              <Summary numSequencePoints="1" visitedSequencePoints="1" numBranchPoints="0" visitedBranchPoints="0" sequenceCoverage="100.0" branchCoverage="0" maxCyclomaticComplexity="1" minCyclomaticComplexity="1" maxCrapScore="1" minCrapScore="1" visitedClasses="0" numClasses="0" visitedMethods="1" numMethods="1" />
              <MetadataToken>100663389</MetadataToken>
              <Name>System.Boolean Fastener::get_IsAligned()</Name>
              <FileRef uid="12" />
              <SequencePoints>
                <SequencePoint vc="2" uspid="690918" ordinal="0" offset="0" sl="38" sc="36" el="38" ec="36" bec="0" bev="0" fileid="12">
                  <TrackedMethodRefs>
                    <TrackedMethodRef uid="0" vc="2" />
                  </TrackedMethodRefs>
                </SequencePoint>
              </SequencePoints>
              <BranchPoints />
            </Method>
            <Method visited="true" cyclomaticComplexity="7" nPathComplexity="0" sequenceCoverage="50.00" branchCoverage="0" crapScore="13.12" isConstructor="false" isStatic="false" isGetter="false" isSetter="false">
              <Summary numSequencePoints="8" visitedSequencePoints="4" numBranchPoints="0" visitedBranchPoints="0" sequenceCoverage="50.00" branchCoverage="0" maxCyclomaticComplexity="7" minCyclomaticComplexity="7" maxCrapScore="13.12" minCrapScore="13.12" visitedClasses="0" numClasses="0" visitedMethods="1" numMethods="1" />
              <MetadataToken>100663403</MetadataToken>
              <Name>System.Void Fastener::FixedUpdate()</Name>
              <FileRef uid="12" />
              <SequencePoints>
                <SequencePoint vc="3" uspid="690939" ordinal="0" offset="0" sl="61" sc="5" el="61" ec="5" bec="0" bev="0" fileid="12">
                  <TrackedMethodRefs>
                    <TrackedMethodRef uid="0" vc="3" />
                  </TrackedMethodRefs>
                </SequencePoint>
                <SequencePoint vc="3" uspid="690940" ordinal="0" offset="1" sl="62" sc="9" el="62" ec="9" bec="0" bev="0" fileid="12">
                  <TrackedMethodRefs>
                    <TrackedMethodRef uid="0" vc="3" />
                  </TrackedMethodRefs>
                </SequencePoint>
                <SequencePoint vc="0" uspid="690941" ordinal="0" offset="25" sl="63" sc="9" el="63" ec="9" bec="0" bev="0" fileid="12">
                  <TrackedMethodRefs>
                    <TrackedMethodRef uid="0" vc="0" />
                  </TrackedMethodRefs>
                </SequencePoint>
                <SequencePoint vc="0" uspid="690942" ordinal="0" offset="26" sl="64" sc="13" el="64" ec="13" bec="0" bev="0" fileid="12">
                  <TrackedMethodRefs>
                    <TrackedMethodRef uid="0" vc="0" />
                  </TrackedMethodRefs>
                </SequencePoint>
                <SequencePoint vc="0" uspid="690943" ordinal="0" offset="33" sl="65" sc="9" el="65" ec="9" bec="0" bev="0" fileid="12">
                  <TrackedMethodRefs>
                    <TrackedMethodRef uid="0" vc="0" />
                  </TrackedMethodRefs>
                </SequencePoint>
                <SequencePoint vc="3" uspid="690944" ordinal="0" offset="34" sl="67" sc="9" el="67" ec="9" bec="0" bev="0" fileid="12">
                  <TrackedMethodRefs>
                    <TrackedMethodRef uid="0" vc="3" />
                  </TrackedMethodRefs>
                </SequencePoint>
                <SequencePoint vc="0" uspid="690945" ordinal="0" offset="78" sl="68" sc="13" el="68" ec="13" bec="0" bev="0" fileid="12">
                  <TrackedMethodRefs>
                    <TrackedMethodRef uid="0" vc="0" />
                  </TrackedMethodRefs>
                </SequencePoint>
                <SequencePoint vc="3" uspid="690946" ordinal="0" offset="85" sl="70" sc="5" el="70" ec="5" bec="0" bev="0" fileid="12">
                  <TrackedMethodRefs>
                    <TrackedMethodRef uid="0" vc="3" />
                  </TrackedMethodRefs>
                </SequencePoint>
              </SequencePoints>
              <BranchPoints />
            </Method>
          </Methods>
        </Class>
        <Class>
          <Summary numSequencePoints="10" visitedSequencePoints="0" numBranchPoints="0" visitedBranchPoints="0" sequenceCoverage="0.0" branchCoverage="0.0" maxCyclomaticComplexity="2" minCyclomaticComplexity="2" maxCrapScore="6" minCrapScore="6" visitedClasses="0" numClasses="1" visitedMethods="0" numMethods="1" />
          <FullName>Manager</FullName>
          <Methods>
            <Method visited="false" cyclomaticComplexity="2" nPathComplexity="0" sequenceCoverage="0.0" branchCoverage="0" crapScore="6" isConstructor="false" isStatic="false" isGetter="false" isSetter="false">
              <Summary numSequencePoints="10" visitedSequencePoints="0" numBranchPoints="0" visitedBranchPoints="0" sequenceCoverage="0.0" branchCoverage="0" maxCyclomaticComplexity="2" minCyclomaticComplexity="2" maxCrapScore="6" minCrapScore="6" visitedClasses="0" numClasses="0" visitedMethods="0" numMethods="1" />
              <MetadataToken>100663609</MetadataToken>
              <Name>System.Void Manager::RemoveExistingScripts[T](UnityEngine.GameObject)</Name>
              <FileRef uid="24" />
              <SequencePoints>
                <SequencePoint vc="0" uspid="692166" ordinal="0" offset="0" sl="352" sc="0" el="352" ec="0" bec="0" bev="0" fileid="24">
                  <TrackedMethodRefs>
                    <TrackedMethodRef uid="0" vc="0" />
                  </TrackedMethodRefs>
                </SequencePoint>
                <SequencePoint vc="0" uspid="692167" ordinal="0" offset="1" sl="353" sc="0" el="353" ec="0" bec="0" bev="0" fileid="24">
                  <TrackedMethodRefs>
                    <TrackedMethodRef uid="0" vc="0" />
                  </TrackedMethodRefs>
                </SequencePoint>
                <SequencePoint vc="0" uspid="692168" ordinal="0" offset="8" sl="354" sc="0" el="354" ec="0" bec="0" bev="0" fileid="24">
                  <TrackedMethodRefs>
                    <TrackedMethodRef uid="0" vc="0" />
                  </TrackedMethodRefs>
                </SequencePoint>
                <SequencePoint vc="0" uspid="692169" ordinal="0" offset="9" sl="354" sc="0" el="354" ec="0" bec="0" bev="0" fileid="24">
                  <TrackedMethodRefs>
                    <TrackedMethodRef uid="0" vc="0" />
                  </TrackedMethodRefs>
                </SequencePoint>
                <SequencePoint vc="0" uspid="692170" ordinal="0" offset="15" sl="354" sc="0" el="354" ec="0" bec="0" bev="0" fileid="24">
                  <TrackedMethodRefs>
                    <TrackedMethodRef uid="0" vc="0" />
                  </TrackedMethodRefs>
                </SequencePoint>
                <SequencePoint vc="0" uspid="692171" ordinal="0" offset="23" sl="355" sc="0" el="355" ec="0" bec="0" bev="0" fileid="24">
                  <TrackedMethodRefs>
                    <TrackedMethodRef uid="0" vc="0" />
                  </TrackedMethodRefs>
                </SequencePoint>
                <SequencePoint vc="0" uspid="692172" ordinal="0" offset="24" sl="356" sc="0" el="356" ec="0" bec="0" bev="0" fileid="24">
                  <TrackedMethodRefs>
                    <TrackedMethodRef uid="0" vc="0" />
                  </TrackedMethodRefs>
                </SequencePoint>
                <SequencePoint vc="0" uspid="692173" ordinal="0" offset="36" sl="357" sc="0" el="357" ec="0" bec="0" bev="0" fileid="24">
                  <TrackedMethodRefs>
                    <TrackedMethodRef uid="0" vc="0" />
                  </TrackedMethodRefs>
                </SequencePoint>
                <SequencePoint vc="0" uspid="692174" ordinal="0" offset="41" sl="354" sc="0" el="354" ec="0" bec="0" bev="0" fileid="24">
                  <TrackedMethodRefs>
                    <TrackedMethodRef uid="0" vc="0" />
                  </TrackedMethodRefs>
                </SequencePoint>
                <SequencePoint vc="0" uspid="692175" ordinal="0" offset="47" sl="358" sc="0" el="358" ec="0" bec="0" bev="0" fileid="24">
                  <TrackedMethodRefs>
                    <TrackedMethodRef uid="0" vc="0" />
                  </TrackedMethodRefs>
                </SequencePoint>
              </SequencePoints>
              <BranchPoints />
            </Method>
          </Methods>
        </Class>
        <Class>
          <Summary numSequencePoints="8" visitedSequencePoints="4" numBranchPoints="0" visitedBranchPoints="0" sequenceCoverage="50.00" branchCoverage="0.0" maxCyclomaticComplexity="3" minCyclomaticComplexity="3" maxCrapScore="4.12" minCrapScore="4.12" visitedClasses="1" numClasses="1" visitedMethods="1" numMethods="1" />
          <FullName>SnapToPosition</FullName>
          <Methods>
            <Method visited="true" cyclomaticComplexity="3" nPathComplexity="0" sequenceCoverage="50.00" branchCoverage="0" crapScore="4.12" isConstructor="false" isStatic="false" isGetter="false" isSetter="false">
              <Summary numSequencePoints="8" visitedSequencePoints="4" numBranchPoints="0" visitedBranchPoints="0" sequenceCoverage="50.00" branchCoverage="0" maxCyclomaticComplexity="3" minCyclomaticComplexity="3" maxCrapScore="4.12" minCrapScore="4.12" visitedClasses="0" numClasses="0" visitedMethods="1" numMethods="1" />
              <MetadataToken>100663754</MetadataToken>
              <Name>System.Void SnapToPosition::OnTriggerStay(UnityEngine.Collider)</Name>
              <FileRef uid="38" />
              <SequencePoints>
                <SequencePoint vc="1" uspid="692978" ordinal="0" offset="0" sl="62" sc="5" el="62" ec="5" bec="0" bev="0" fileid="38">
                  <TrackedMethodRefs>
                    <TrackedMethodRef uid="0" vc="1" />
                  </TrackedMethodRefs>
                </SequencePoint>
                <SequencePoint vc="1" uspid="692979" ordinal="0" offset="1" sl="65" sc="9" el="65" ec="9" bec="0" bev="0" fileid="38">
                  <TrackedMethodRefs>
                    <TrackedMethodRef uid="0" vc="1" />
                  </TrackedMethodRefs>
                </SequencePoint>
                <SequencePoint vc="0" uspid="692980" ordinal="0" offset="22" sl="66" sc="13" el="66" ec="13" bec="0" bev="0" fileid="38">
                  <TrackedMethodRefs>
                    <TrackedMethodRef uid="0" vc="0" />
                  </TrackedMethodRefs>
                </SequencePoint>
                <SequencePoint vc="1" uspid="692981" ordinal="0" offset="24" sl="68" sc="9" el="68" ec="9" bec="0" bev="0" fileid="38">
                  <TrackedMethodRefs>
                    <TrackedMethodRef uid="0" vc="1" />
                  </TrackedMethodRefs>
                </SequencePoint>
                <SequencePoint vc="0" uspid="692982" ordinal="0" offset="41" sl="69" sc="9" el="69" ec="9" bec="0" bev="0" fileid="38">
                  <TrackedMethodRefs>
                    <TrackedMethodRef uid="0" vc="0" />
                  </TrackedMethodRefs>
                </SequencePoint>
                <SequencePoint vc="0" uspid="692983" ordinal="0" offset="42" sl="70" sc="13" el="70" ec="13" bec="0" bev="0" fileid="38">
                  <TrackedMethodRefs>
                    <TrackedMethodRef uid="0" vc="0" />
                  </TrackedMethodRefs>
                </SequencePoint>
                <SequencePoint vc="0" uspid="692984" ordinal="0" offset="50" sl="71" sc="9" el="71" ec="9" bec="0" bev="0" fileid="38">
                  <TrackedMethodRefs>
                    <TrackedMethodRef uid="0" vc="0" />
                  </TrackedMethodRefs>
                </SequencePoint>
                <SequencePoint vc="1" uspid="692985" ordinal="0" offset="51" sl="72" sc="5" el="72" ec="5" bec="0" bev="0" fileid="38">
                  <TrackedMethodRefs>
                    <TrackedMethodRef uid="0" vc="1" />
                  </TrackedMethodRefs>
                </SequencePoint>
              </SequencePoints>
              <BranchPoints />
            </Method>
          </Methods>
        </Class>
        <Class>
          <Summary numSequencePoints="12" visitedSequencePoints="12" numBranchPoints="0" visitedBranchPoints="0" sequenceCoverage="100.0" branchCoverage="0.0" maxCyclomaticComplexity="2" minCyclomaticComplexity="1" maxCrapScore="2" minCrapScore="1" visitedClasses="1" numClasses="1" visitedMethods="4" numMethods="4" />
          <FullName>StateManager</FullName>
          <Methods>
            <Method visited="true" cyclomaticComplexity="1" nPathComplexity="0" sequenceCoverage="100.0" branchCoverage="0" crapScore="1" isConstructor="false" isStatic="true" isGetter="true" isSetter="false">
              <Summary numSequencePoints="1" visitedSequencePoints="1" numBranchPoints="0" visitedBranchPoints="0" sequenceCoverage="100.0" branchCoverage="0" maxCyclomaticComplexity="1" minCyclomaticComplexity="1" maxCrapScore="1" minCrapScore="1" visitedClasses="0" numClasses="0" visitedMethods="1" numMethods="1" />
              <MetadataToken>100663758</MetadataToken>
              <Name>static StateManager StateManager::get_Instance()</Name>
              <FileRef uid="39" />
              <SequencePoints>
                <SequencePoint vc="7" uspid="693054" ordinal="0" offset="0" sl="8" sc="43" el="8" ec="43" bec="0" bev="0" fileid="39">
                  <TrackedMethodRefs>
                    <TrackedMethodRef uid="0" vc="7" />
                  </TrackedMethodRefs>
                </SequencePoint>
              </SequencePoints>
              <BranchPoints />
            </Method>
            <Method visited="true" cyclomaticComplexity="1" nPathComplexity="0" sequenceCoverage="100.0" branchCoverage="0" crapScore="1" isConstructor="false" isStatic="true" isGetter="false" isSetter="true">
              <Summary numSequencePoints="1" visitedSequencePoints="1" numBranchPoints="0" visitedBranchPoints="0" sequenceCoverage="100.0" branchCoverage="0" maxCyclomaticComplexity="1" minCyclomaticComplexity="1" maxCrapScore="1" minCrapScore="1" visitedClasses="0" numClasses="0" visitedMethods="1" numMethods="1" />
              <MetadataToken>100663759</MetadataToken>
              <Name>static System.Void StateManager::set_Instance(StateManager)</Name>
              <FileRef uid="39" />
              <SequencePoints>
                <SequencePoint vc="1" uspid="693055" ordinal="0" offset="0" sl="8" sc="48" el="8" ec="48" bec="0" bev="0" fileid="39">
                  <TrackedMethodRefs>
                    <TrackedMethodRef uid="0" vc="1" />
                  </TrackedMethodRefs>
                </SequencePoint>
              </SequencePoints>
              <BranchPoints />
            </Method>
            <Method visited="true" cyclomaticComplexity="1" nPathComplexity="0" sequenceCoverage="100.0" branchCoverage="0" crapScore="1" isConstructor="false" isStatic="false" isGetter="true" isSetter="false">
              <Summary numSequencePoints="1" visitedSequencePoints="1" numBranchPoints="0" visitedBranchPoints="0" sequenceCoverage="100.0" branchCoverage="0" maxCyclomaticComplexity="1" minCyclomaticComplexity="1" maxCrapScore="1" minCrapScore="1" visitedClasses="0" numClasses="0" visitedMethods="1" numMethods="1" />
              <MetadataToken>100663760</MetadataToken>
              <Name>State StateManager::get_CurrentState()</Name>
              <FileRef uid="39" />
              <SequencePoints>
                <SequencePoint vc="3" uspid="693056" ordinal="0" offset="0" sl="9" sc="33" el="9" ec="33" bec="0" bev="0" fileid="39">
                  <TrackedMethodRefs>
                    <TrackedMethodRef uid="0" vc="3" />
                  </TrackedMethodRefs>
                </SequencePoint>
              </SequencePoints>
              <BranchPoints />
            </Method>
            <Method visited="true" cyclomaticComplexity="2" nPathComplexity="0" sequenceCoverage="100.0" branchCoverage="0" crapScore="2" isConstructor="false" isStatic="false" isGetter="false" isSetter="false">
              <Summary numSequencePoints="9" visitedSequencePoints="9" numBranchPoints="0" visitedBranchPoints="0" sequenceCoverage="100.0" branchCoverage="0" maxCyclomaticComplexity="2" minCyclomaticComplexity="2" maxCrapScore="2" minCrapScore="2" visitedClasses="0" numClasses="0" visitedMethods="1" numMethods="1" />
              <MetadataToken>100663764</MetadataToken>
              <Name>System.Void StateManager::Awake()</Name>
              <FileRef uid="39" />
              <SequencePoints>
                <SequencePoint vc="2" uspid="693058" ordinal="0" offset="0" sl="13" sc="5" el="13" ec="5" bec="0" bev="0" fileid="39">
                  <TrackedMethodRefs>
                    <TrackedMethodRef uid="0" vc="2" />
                  </TrackedMethodRefs>
                </SequencePoint>
                <SequencePoint vc="2" uspid="693059" ordinal="0" offset="1" sl="14" sc="9" el="14" ec="9" bec="0" bev="0" fileid="39">
                  <TrackedMethodRefs>
                    <TrackedMethodRef uid="0" vc="2" />
                  </TrackedMethodRefs>
                </SequencePoint>
                <SequencePoint vc="1" uspid="693060" ordinal="0" offset="16" sl="15" sc="9" el="15" ec="9" bec="0" bev="0" fileid="39">
                  <TrackedMethodRefs>
                    <TrackedMethodRef uid="0" vc="1" />
                  </TrackedMethodRefs>
                </SequencePoint>
                <SequencePoint vc="1" uspid="693061" ordinal="0" offset="17" sl="16" sc="13" el="16" ec="13" bec="0" bev="0" fileid="39">
                  <TrackedMethodRefs>
                    <TrackedMethodRef uid="0" vc="1" />
                  </TrackedMethodRefs>
                </SequencePoint>
                <SequencePoint vc="1" uspid="693062" ordinal="0" offset="24" sl="17" sc="9" el="17" ec="9" bec="0" bev="0" fileid="39">
                  <TrackedMethodRefs>
                    <TrackedMethodRef uid="0" vc="1" />
                  </TrackedMethodRefs>
                </SequencePoint>
                <SequencePoint vc="1" uspid="693063" ordinal="0" offset="27" sl="19" sc="9" el="19" ec="9" bec="0" bev="0" fileid="39">
                  <TrackedMethodRefs>
                    <TrackedMethodRef uid="0" vc="1" />
                  </TrackedMethodRefs>
                </SequencePoint>
                <SequencePoint vc="1" uspid="693064" ordinal="0" offset="28" sl="20" sc="13" el="20" ec="13" bec="0" bev="0" fileid="39">
                  <TrackedMethodRefs>
                    <TrackedMethodRef uid="0" vc="1" />
                  </TrackedMethodRefs>
                </SequencePoint>
                <SequencePoint vc="1" uspid="693065" ordinal="0" offset="40" sl="21" sc="9" el="21" ec="9" bec="0" bev="0" fileid="39">
                  <TrackedMethodRefs>
                    <TrackedMethodRef uid="0" vc="1" />
                  </TrackedMethodRefs>
                </SequencePoint>
                <SequencePoint vc="2" uspid="693066" ordinal="0" offset="41" sl="22" sc="5" el="22" ec="5" bec="0" bev="0" fileid="39">
                  <TrackedMethodRefs>
                    <TrackedMethodRef uid="0" vc="2" />
                  </TrackedMethodRefs>
                </SequencePoint>
              </SequencePoints>
              <BranchPoints />
            </Method>
          </Methods>
        </Class>
      </Classes>
      <TrackedMethods>
        <TrackedMethod uid="0" token="100663772" name="System.Collections.IEnumerator StateManagerTests::TestAwakeDestroysDuplicateInstances()" strategy="Test" />
      </TrackedMethods>
    </Module>
  </Modules>
</CoverageSession>