<?xml version="1.0" encoding="utf-8"?>
<CoverageSession xmlns:xsd="http://www.w3.org/2001/XMLSchema" xmlns:xsi="http://www.w3.org/2001/XMLSchema-instance" Version="0.0.0.0">
  <Summary numSequencePoints="56" visitedSequencePoints="35" numBranchPoints="0" visitedBranchPoints="0" sequenceCoverage="62.50" branchCoverage="0.0" maxCyclomaticComplexity="7" minCyclomaticComplexity="1" maxCrapScore="13.12" minCrapScore="1" visitedClasses="5" numClasses="5" visitedMethods="11" numMethods="12" />
  <Modules>
    <Module>
      <Summary numSequencePoints="56" visitedSequencePoints="35" numBranchPoints="0" visitedBranchPoints="0" sequenceCoverage="62.50" branchCoverage="0.0" maxCyclomaticComplexity="7" minCyclomaticComplexity="1" maxCrapScore="13.12" minCrapScore="1" visitedClasses="5" numClasses="5" visitedMethods="11" numMethods="12" />
      <ModuleTime>0001-01-01T00:00:00</ModuleTime>
      <ModuleName>Scripts</ModuleName>
      <Files>
        <File uid="1" fullPath="C:/Users/akmoi/Desktop/VRproject/VRAssemblyApp/Assets/Scripts/ApplicationQuit.cs" />
        <File uid="2" fullPath="C:/Users/akmoi/Desktop/VRproject/VRAssemblyApp/Assets/Scripts/AudioManager.cs" />
        <File uid="3" fullPath="C:/Users/akmoi/Desktop/VRproject/VRAssemblyApp/Assets/Scripts/AutomaticPlacementManager.cs" />
        <File uid="4" fullPath="C:/Users/akmoi/Desktop/VRproject/VRAssemblyApp/Assets/Scripts/BaseHammer.cs" />
        <File uid="5" fullPath="C:/Users/akmoi/Desktop/VRproject/VRAssemblyApp/Assets/Scripts/BaseScrewDriver.cs" />
        <File uid="6" fullPath="C:/Users/akmoi/Desktop/VRproject/VRAssemblyApp/Assets/Scripts/ComponentObject.cs" />
        <File uid="7" fullPath="C:/Users/akmoi/Desktop/VRproject/VRAssemblyApp/Assets/Scripts/ComponentPositioner.cs" />
        <File uid="8" fullPath="C:/Users/akmoi/Desktop/VRproject/VRAssemblyApp/Assets/Scripts/ConveyerLights.cs" />
        <File uid="9" fullPath="C:/Users/akmoi/Desktop/VRproject/VRAssemblyApp/Assets/Scripts/DropDownManager.cs" />
        <File uid="10" fullPath="C:/Users/akmoi/Desktop/VRproject/VRAssemblyApp/Assets/Scripts/EletricScrewDriver.cs" />
        <File uid="11" fullPath="C:/Users/akmoi/Desktop/VRproject/VRAssemblyApp/Assets/Scripts/Extensions.cs" />
        <File uid="12" fullPath="C:/Users/akmoi/Desktop/VRproject/VRAssemblyApp/Assets/Scripts/Fastener.cs" />
        <File uid="13" fullPath="C:/Users/akmoi/Desktop/VRproject/VRAssemblyApp/Assets/Scripts/FileBrowserManager.cs" />
        <File uid="14" fullPath="C:/Users/akmoi/Desktop/VRproject/VRAssemblyApp/Assets/Scripts/FileChecker.cs" />
        <File uid="15" fullPath="C:/Users/akmoi/Desktop/VRproject/VRAssemblyApp/Assets/Scripts/FileMonitor.cs" />
        <File uid="16" fullPath="C:/Users/akmoi/Desktop/VRproject/VRAssemblyApp/Assets/Scripts/FinishManager.cs" />
        <File uid="17" fullPath="C:/Users/akmoi/Desktop/VRproject/VRAssemblyApp/Assets/Scripts/HandMenuController.cs" />
        <File uid="18" fullPath="C:/Users/akmoi/Desktop/VRproject/VRAssemblyApp/Assets/Scripts/HandMenuManager.cs" />
        <File uid="19" fullPath="C:/Users/akmoi/Desktop/VRproject/VRAssemblyApp/Assets/Scripts/HintManager.cs" />
        <File uid="20" fullPath="C:/Users/akmoi/Desktop/VRproject/VRAssemblyApp/Assets/Scripts/InitializeComponetManager.cs" />
        <File uid="21" fullPath="C:/Users/akmoi/Desktop/VRproject/VRAssemblyApp/Assets/Scripts/InitializedDataManager.cs" />
        <File uid="22" fullPath="C:/Users/akmoi/Desktop/VRproject/VRAssemblyApp/Assets/Scripts/InteractionManager.cs" />
        <File uid="23" fullPath="C:/Users/akmoi/Desktop/VRproject/VRAssemblyApp/Assets/Scripts/MakeGrabbable.cs" />
        <File uid="24" fullPath="C:/Users/akmoi/Desktop/VRproject/VRAssemblyApp/Assets/Scripts/Manager.cs" />
        <File uid="25" fullPath="C:/Users/akmoi/Desktop/VRproject/VRAssemblyApp/Assets/Scripts/ManualScrewDriver.cs" />
        <File uid="26" fullPath="C:/Users/akmoi/Desktop/VRproject/VRAssemblyApp/Assets/Scripts/ModeChooserManager.cs" />
        <File uid="27" fullPath="C:/Users/akmoi/Desktop/VRproject/VRAssemblyApp/Assets/Scripts/ModelSelectionManager.cs" />
        <File uid="28" fullPath="C:/Users/akmoi/Desktop/VRproject/VRAssemblyApp/Assets/Scripts/Nail.cs" />
        <File uid="29" fullPath="C:/Users/akmoi/Desktop/VRproject/VRAssemblyApp/Assets/Scripts/OpenMenu.cs" />
        <File uid="30" fullPath="C:/Users/akmoi/Desktop/VRproject/VRAssemblyApp/Assets/Scripts/PdfLoader.cs" />
        <File uid="31" fullPath="C:/Users/akmoi/Desktop/VRproject/VRAssemblyApp/Assets/Scripts/PlayBackManager.cs" />
        <File uid="32" fullPath="C:/Users/akmoi/Desktop/VRproject/VRAssemblyApp/Assets/Scripts/PrefabManager.cs" />
        <File uid="33" fullPath="C:/Users/akmoi/Desktop/VRproject/VRAssemblyApp/Assets/Scripts/RecordManager.cs" />
        <File uid="34" fullPath="C:/Users/akmoi/Desktop/VRproject/VRAssemblyApp/Assets/Scripts/SaveSequence.cs" />
        <File uid="35" fullPath="C:/Users/akmoi/Desktop/VRproject/VRAssemblyApp/Assets/Scripts/Screw.cs" />
        <File uid="36" fullPath="C:/Users/akmoi/Desktop/VRproject/VRAssemblyApp/Assets/Scripts/SequenceManager.cs" />
        <File uid="37" fullPath="C:/Users/akmoi/Desktop/VRproject/VRAssemblyApp/Assets/Scripts/SequenceReader.cs" />
        <File uid="38" fullPath="C:/Users/akmoi/Desktop/VRproject/VRAssemblyApp/Assets/Scripts/SimpleHammer.cs" />
        <File uid="39" fullPath="C:/Users/akmoi/Desktop/VRproject/VRAssemblyApp/Assets/Scripts/SnapToPosition.cs" />
        <File uid="40" fullPath="C:/Users/akmoi/Desktop/VRproject/VRAssemblyApp/Assets/Scripts/StateManager.cs" />
        <File uid="41" fullPath="C:/Users/akmoi/Desktop/VRproject/VRAssemblyApp/Assets/Scripts/Tool.cs" />
        <File uid="42" fullPath="C:/Users/akmoi/Desktop/VRproject/VRAssemblyApp/Assets/Scripts/ToolManager.cs" />
        <File uid="43" fullPath="C:/Users/akmoi/Desktop/VRproject/VRAssemblyApp/Assets/Scripts/WoodenPin.cs" />
        <File uid="44" fullPath="C:/Users/akmoi/Desktop/VRproject/VRAssemblyApp/Assets/Scripts/ModelLoader.cs" />
      </Files>
      <Classes>
        <Class>
          <Summary numSequencePoints="7" visitedSequencePoints="7" numBranchPoints="0" visitedBranchPoints="0" sequenceCoverage="100.0" branchCoverage="0.0" maxCyclomaticComplexity="1" minCyclomaticComplexity="1" maxCrapScore="1" minCrapScore="1" visitedClasses="1" numClasses="1" visitedMethods="5" numMethods="5" />
          <FullName>BaseScrewDriver</FullName>
          <Methods>
            <Method visited="true" cyclomaticComplexity="1" nPathComplexity="0" sequenceCoverage="100.0" branchCoverage="0" crapScore="1" isConstructor="false" isStatic="false" isGetter="true" isSetter="false">
              <Summary numSequencePoints="1" visitedSequencePoints="1" numBranchPoints="0" visitedBranchPoints="0" sequenceCoverage="100.0" branchCoverage="0" maxCyclomaticComplexity="1" minCyclomaticComplexity="1" maxCrapScore="1" minCrapScore="1" visitedClasses="0" numClasses="0" visitedMethods="1" numMethods="1" />
              <MetadataToken>100663319</MetadataToken>
              <Name>System.Single BaseScrewDriver::get_SpeedMultiplier()</Name>
              <FileRef uid="5" />
              <SequencePoints>
                <SequencePoint vc="5" uspid="470176" ordinal="0" offset="0" sl="9" sc="43" el="9" ec="43" bec="0" bev="0" fileid="5">
                  <TrackedMethodRefs>
                    <TrackedMethodRef uid="0" vc="5" />
                  </TrackedMethodRefs>
                </SequencePoint>
              </SequencePoints>
              <BranchPoints />
            </Method>
            <Method visited="true" cyclomaticComplexity="1" nPathComplexity="0" sequenceCoverage="100.0" branchCoverage="0" crapScore="1" isConstructor="false" isStatic="false" isGetter="false" isSetter="true">
              <Summary numSequencePoints="1" visitedSequencePoints="1" numBranchPoints="0" visitedBranchPoints="0" sequenceCoverage="100.0" branchCoverage="0" maxCyclomaticComplexity="1" minCyclomaticComplexity="1" maxCrapScore="1" minCrapScore="1" visitedClasses="0" numClasses="0" visitedMethods="1" numMethods="1" />
              <MetadataToken>100663320</MetadataToken>
              <Name>System.Void BaseScrewDriver::set_SpeedMultiplier(System.Single)</Name>
              <FileRef uid="5" />
              <SequencePoints>
                <SequencePoint vc="1" uspid="470177" ordinal="0" offset="0" sl="9" sc="67" el="9" ec="67" bec="0" bev="0" fileid="5">
                  <TrackedMethodRefs>
                    <TrackedMethodRef uid="0" vc="1" />
                  </TrackedMethodRefs>
                </SequencePoint>
              </SequencePoints>
              <BranchPoints />
            </Method>
            <Method visited="true" cyclomaticComplexity="1" nPathComplexity="0" sequenceCoverage="100.0" branchCoverage="0" crapScore="1" isConstructor="false" isStatic="false" isGetter="false" isSetter="true">
              <Summary numSequencePoints="1" visitedSequencePoints="1" numBranchPoints="0" visitedBranchPoints="0" sequenceCoverage="100.0" branchCoverage="0" maxCyclomaticComplexity="1" minCyclomaticComplexity="1" maxCrapScore="1" minCrapScore="1" visitedClasses="0" numClasses="0" visitedMethods="1" numMethods="1" />
              <MetadataToken>100663322</MetadataToken>
              <Name>System.Void BaseScrewDriver::set_ScrewDriver(UnityEngine.Transform)</Name>
              <FileRef uid="5" />
              <SequencePoints>
                <SequencePoint vc="1" uspid="470179" ordinal="0" offset="0" sl="10" sc="63" el="10" ec="63" bec="0" bev="0" fileid="5">
                  <TrackedMethodRefs>
                    <TrackedMethodRef uid="0" vc="1" />
                  </TrackedMethodRefs>
                </SequencePoint>
              </SequencePoints>
              <BranchPoints />
            </Method>
            <Method visited="true" cyclomaticComplexity="1" nPathComplexity="0" sequenceCoverage="100.0" branchCoverage="0" crapScore="1" isConstructor="false" isStatic="false" isGetter="false" isSetter="false">
              <Summary numSequencePoints="3" visitedSequencePoints="3" numBranchPoints="0" visitedBranchPoints="0" sequenceCoverage="100.0" branchCoverage="0" maxCyclomaticComplexity="1" minCyclomaticComplexity="1" maxCrapScore="1" minCrapScore="1" visitedClasses="0" numClasses="0" visitedMethods="1" numMethods="1" />
              <MetadataToken>100663324</MetadataToken>
              <Name>System.Single BaseScrewDriver::GetRotationSpeed()</Name>
              <FileRef uid="5" />
              <SequencePoints>
                <SequencePoint vc="2" uspid="470180" ordinal="0" offset="0" sl="15" sc="5" el="15" ec="5" bec="0" bev="0" fileid="5">
                  <TrackedMethodRefs>
                    <TrackedMethodRef uid="0" vc="2" />
                  </TrackedMethodRefs>
                </SequencePoint>
                <SequencePoint vc="2" uspid="470181" ordinal="0" offset="1" sl="16" sc="9" el="16" ec="9" bec="0" bev="0" fileid="5">
                  <TrackedMethodRefs>
                    <TrackedMethodRef uid="0" vc="2" />
                  </TrackedMethodRefs>
                </SequencePoint>
                <SequencePoint vc="2" uspid="470182" ordinal="0" offset="10" sl="17" sc="5" el="17" ec="5" bec="0" bev="0" fileid="5">
                  <TrackedMethodRefs>
                    <TrackedMethodRef uid="0" vc="2" />
                  </TrackedMethodRefs>
                </SequencePoint>
              </SequencePoints>
              <BranchPoints />
            </Method>
            <Method visited="true" cyclomaticComplexity="1" nPathComplexity="0" sequenceCoverage="100.0" branchCoverage="0" crapScore="1" isConstructor="true" isStatic="false" isGetter="false" isSetter="false">
              <Summary numSequencePoints="1" visitedSequencePoints="1" numBranchPoints="0" visitedBranchPoints="0" sequenceCoverage="100.0" branchCoverage="0" maxCyclomaticComplexity="1" minCyclomaticComplexity="1" maxCrapScore="1" minCrapScore="1" visitedClasses="0" numClasses="0" visitedMethods="1" numMethods="1" />
              <MetadataToken>100663325</MetadataToken>
              <Name>BaseScrewDriver::BaseScrewDriver()</Name>
              <FileRef uid="5" />
              <SequencePoints>
                <SequencePoint vc="1" uspid="470183" ordinal="0" offset="0" sl="6" sc="22" el="6" ec="22" bec="0" bev="0" fileid="5">
                  <TrackedMethodRefs>
                    <TrackedMethodRef uid="0" vc="1" />
                  </TrackedMethodRefs>
                </SequencePoint>
              </SequencePoints>
              <BranchPoints />
            </Method>
          </Methods>
        </Class>
        <Class>
          <Summary numSequencePoints="8" visitedSequencePoints="4" numBranchPoints="0" visitedBranchPoints="0" sequenceCoverage="50.00" branchCoverage="0.0" maxCyclomaticComplexity="7" minCyclomaticComplexity="7" maxCrapScore="13.12" minCrapScore="13.12" visitedClasses="1" numClasses="1" visitedMethods="1" numMethods="1" />
          <FullName>Fastener</FullName>
          <Methods>
            <Method visited="true" cyclomaticComplexity="7" nPathComplexity="0" sequenceCoverage="50.00" branchCoverage="0" crapScore="13.12" isConstructor="false" isStatic="false" isGetter="false" isSetter="false">
              <Summary numSequencePoints="8" visitedSequencePoints="4" numBranchPoints="0" visitedBranchPoints="0" sequenceCoverage="50.00" branchCoverage="0" maxCyclomaticComplexity="7" minCyclomaticComplexity="7" maxCrapScore="13.12" minCrapScore="13.12" visitedClasses="0" numClasses="0" visitedMethods="1" numMethods="1" />
              <MetadataToken>100663403</MetadataToken>
              <Name>System.Void Fastener::FixedUpdate()</Name>
              <FileRef uid="12" />
              <SequencePoints>
                <SequencePoint vc="1" uspid="470638" ordinal="0" offset="0" sl="61" sc="5" el="61" ec="5" bec="0" bev="0" fileid="12">
                  <TrackedMethodRefs>
                    <TrackedMethodRef uid="0" vc="1" />
                  </TrackedMethodRefs>
                </SequencePoint>
                <SequencePoint vc="1" uspid="470639" ordinal="0" offset="1" sl="62" sc="9" el="62" ec="9" bec="0" bev="0" fileid="12">
                  <TrackedMethodRefs>
                    <TrackedMethodRef uid="0" vc="1" />
                  </TrackedMethodRefs>
                </SequencePoint>
                <SequencePoint vc="0" uspid="470640" ordinal="0" offset="25" sl="63" sc="9" el="63" ec="9" bec="0" bev="0" fileid="12">
                  <TrackedMethodRefs>
                    <TrackedMethodRef uid="0" vc="0" />
                  </TrackedMethodRefs>
                </SequencePoint>
                <SequencePoint vc="0" uspid="470641" ordinal="0" offset="26" sl="64" sc="13" el="64" ec="13" bec="0" bev="0" fileid="12">
                  <TrackedMethodRefs>
                    <TrackedMethodRef uid="0" vc="0" />
                  </TrackedMethodRefs>
                </SequencePoint>
                <SequencePoint vc="0" uspid="470642" ordinal="0" offset="33" sl="65" sc="9" el="65" ec="9" bec="0" bev="0" fileid="12">
                  <TrackedMethodRefs>
                    <TrackedMethodRef uid="0" vc="0" />
                  </TrackedMethodRefs>
                </SequencePoint>
                <SequencePoint vc="1" uspid="470643" ordinal="0" offset="34" sl="67" sc="9" el="67" ec="9" bec="0" bev="0" fileid="12">
                  <TrackedMethodRefs>
                    <TrackedMethodRef uid="0" vc="1" />
                  </TrackedMethodRefs>
                </SequencePoint>
                <SequencePoint vc="0" uspid="470644" ordinal="0" offset="78" sl="68" sc="13" el="68" ec="13" bec="0" bev="0" fileid="12">
                  <TrackedMethodRefs>
                    <TrackedMethodRef uid="0" vc="0" />
                  </TrackedMethodRefs>
                </SequencePoint>
                <SequencePoint vc="1" uspid="470645" ordinal="0" offset="85" sl="70" sc="5" el="70" ec="5" bec="0" bev="0" fileid="12">
                  <TrackedMethodRefs>
                    <TrackedMethodRef uid="0" vc="1" />
                  </TrackedMethodRefs>
                </SequencePoint>
              </SequencePoints>
              <BranchPoints />
            </Method>
          </Methods>
        </Class>
        <Class>
          <Summary numSequencePoints="11" visitedSequencePoints="1" numBranchPoints="0" visitedBranchPoints="0" sequenceCoverage="9.09" branchCoverage="0.0" maxCyclomaticComplexity="2" minCyclomaticComplexity="1" maxCrapScore="6" minCrapScore="1" visitedClasses="1" numClasses="1" visitedMethods="1" numMethods="2" />
          <FullName>Manager</FullName>
          <Methods>
            <Method visited="true" cyclomaticComplexity="1" nPathComplexity="0" sequenceCoverage="100.0" branchCoverage="0" crapScore="1" isConstructor="false" isStatic="true" isGetter="true" isSetter="false">
              <Summary numSequencePoints="1" visitedSequencePoints="1" numBranchPoints="0" visitedBranchPoints="0" sequenceCoverage="100.0" branchCoverage="0" maxCyclomaticComplexity="1" minCyclomaticComplexity="1" maxCrapScore="1" minCrapScore="1" visitedClasses="0" numClasses="0" visitedMethods="1" numMethods="1" />
              <MetadataToken>100663564</MetadataToken>
              <Name>static Manager Manager::get_Instance()</Name>
              <FileRef uid="24" />
              <SequencePoints>
                <SequencePoint vc="1" uspid="471620" ordinal="0" offset="0" sl="27" sc="38" el="27" ec="38" bec="0" bev="0" fileid="24">
                  <TrackedMethodRefs>
                    <TrackedMethodRef uid="0" vc="1" />
                  </TrackedMethodRefs>
                </SequencePoint>
              </SequencePoints>
              <BranchPoints />
            </Method>
            <Method visited="false" cyclomaticComplexity="2" nPathComplexity="0" sequenceCoverage="0.0" branchCoverage="0" crapScore="6" isConstructor="false" isStatic="false" isGetter="false" isSetter="false">
              <Summary numSequencePoints="10" visitedSequencePoints="0" numBranchPoints="0" visitedBranchPoints="0" sequenceCoverage="0.0" branchCoverage="0" maxCyclomaticComplexity="2" minCyclomaticComplexity="2" maxCrapScore="6" minCrapScore="6" visitedClasses="0" numClasses="0" visitedMethods="0" numMethods="1" />
              <MetadataToken>100663609</MetadataToken>
              <Name>System.Void Manager::RemoveExistingScripts[T](UnityEngine.GameObject)</Name>
              <FileRef uid="24" />
              <SequencePoints>
                <SequencePoint vc="0" uspid="471865" ordinal="0" offset="0" sl="352" sc="0" el="352" ec="0" bec="0" bev="0" fileid="24">
                  <TrackedMethodRefs>
                    <TrackedMethodRef uid="0" vc="0" />
                  </TrackedMethodRefs>
                </SequencePoint>
                <SequencePoint vc="0" uspid="471866" ordinal="0" offset="1" sl="353" sc="0" el="353" ec="0" bec="0" bev="0" fileid="24">
                  <TrackedMethodRefs>
                    <TrackedMethodRef uid="0" vc="0" />
                  </TrackedMethodRefs>
                </SequencePoint>
                <SequencePoint vc="0" uspid="471867" ordinal="0" offset="8" sl="354" sc="0" el="354" ec="0" bec="0" bev="0" fileid="24">
                  <TrackedMethodRefs>
                    <TrackedMethodRef uid="0" vc="0" />
                  </TrackedMethodRefs>
                </SequencePoint>
                <SequencePoint vc="0" uspid="471868" ordinal="0" offset="9" sl="354" sc="0" el="354" ec="0" bec="0" bev="0" fileid="24">
                  <TrackedMethodRefs>
                    <TrackedMethodRef uid="0" vc="0" />
                  </TrackedMethodRefs>
                </SequencePoint>
                <SequencePoint vc="0" uspid="471869" ordinal="0" offset="15" sl="354" sc="0" el="354" ec="0" bec="0" bev="0" fileid="24">
                  <TrackedMethodRefs>
                    <TrackedMethodRef uid="0" vc="0" />
                  </TrackedMethodRefs>
                </SequencePoint>
                <SequencePoint vc="0" uspid="471870" ordinal="0" offset="23" sl="355" sc="0" el="355" ec="0" bec="0" bev="0" fileid="24">
                  <TrackedMethodRefs>
                    <TrackedMethodRef uid="0" vc="0" />
                  </TrackedMethodRefs>
                </SequencePoint>
                <SequencePoint vc="0" uspid="471871" ordinal="0" offset="24" sl="356" sc="0" el="356" ec="0" bec="0" bev="0" fileid="24">
                  <TrackedMethodRefs>
                    <TrackedMethodRef uid="0" vc="0" />
                  </TrackedMethodRefs>
                </SequencePoint>
                <SequencePoint vc="0" uspid="471872" ordinal="0" offset="36" sl="357" sc="0" el="357" ec="0" bec="0" bev="0" fileid="24">
                  <TrackedMethodRefs>
                    <TrackedMethodRef uid="0" vc="0" />
                  </TrackedMethodRefs>
                </SequencePoint>
                <SequencePoint vc="0" uspid="471873" ordinal="0" offset="41" sl="354" sc="0" el="354" ec="0" bec="0" bev="0" fileid="24">
                  <TrackedMethodRefs>
                    <TrackedMethodRef uid="0" vc="0" />
                  </TrackedMethodRefs>
                </SequencePoint>
                <SequencePoint vc="0" uspid="471874" ordinal="0" offset="47" sl="358" sc="0" el="358" ec="0" bec="0" bev="0" fileid="24">
                  <TrackedMethodRefs>
                    <TrackedMethodRef uid="0" vc="0" />
                  </TrackedMethodRefs>
                </SequencePoint>
              </SequencePoints>
              <BranchPoints />
            </Method>
          </Methods>
        </Class>
        <Class>
          <Summary numSequencePoints="29" visitedSequencePoints="22" numBranchPoints="0" visitedBranchPoints="0" sequenceCoverage="75.86" branchCoverage="0.0" maxCyclomaticComplexity="3" minCyclomaticComplexity="1" maxCrapScore="3.24" minCrapScore="1" visitedClasses="1" numClasses="1" visitedMethods="3" numMethods="3" />
          <FullName>ManualScrewDriver</FullName>
          <Methods>
            <Method visited="true" cyclomaticComplexity="1" nPathComplexity="0" sequenceCoverage="100.0" branchCoverage="0" crapScore="1" isConstructor="false" isStatic="false" isGetter="false" isSetter="false">
              <Summary numSequencePoints="3" visitedSequencePoints="3" numBranchPoints="0" visitedBranchPoints="0" sequenceCoverage="100.0" branchCoverage="0" maxCyclomaticComplexity="1" minCyclomaticComplexity="1" maxCrapScore="1" minCrapScore="1" visitedClasses="0" numClasses="0" visitedMethods="1" numMethods="1" />
              <MetadataToken>100663616</MetadataToken>
              <Name>System.Void ManualScrewDriver::Start()</Name>
              <FileRef uid="25" />
              <SequencePoints>
                <SequencePoint vc="2" uspid="471895" ordinal="0" offset="0" sl="9" sc="5" el="9" ec="5" bec="0" bev="0" fileid="25">
                  <TrackedMethodRefs>
                    <TrackedMethodRef uid="0" vc="2" />
                  </TrackedMethodRefs>
                </SequencePoint>
                <SequencePoint vc="2" uspid="471896" ordinal="0" offset="1" sl="10" sc="9" el="10" ec="9" bec="0" bev="0" fileid="25">
                  <TrackedMethodRefs>
                    <TrackedMethodRef uid="0" vc="2" />
                  </TrackedMethodRefs>
                </SequencePoint>
                <SequencePoint vc="2" uspid="471897" ordinal="0" offset="18" sl="11" sc="5" el="11" ec="5" bec="0" bev="0" fileid="25">
                  <TrackedMethodRefs>
                    <TrackedMethodRef uid="0" vc="2" />
                  </TrackedMethodRefs>
                </SequencePoint>
              </SequencePoints>
              <BranchPoints />
            </Method>
            <Method visited="true" cyclomaticComplexity="3" nPathComplexity="0" sequenceCoverage="70.00" branchCoverage="0" crapScore="3.24" isConstructor="false" isStatic="false" isGetter="false" isSetter="false">
              <Summary numSequencePoints="10" visitedSequencePoints="7" numBranchPoints="0" visitedBranchPoints="0" sequenceCoverage="70.00" branchCoverage="0" maxCyclomaticComplexity="3" minCyclomaticComplexity="3" maxCrapScore="3.24" minCrapScore="3.24" visitedClasses="0" numClasses="0" visitedMethods="1" numMethods="1" />
              <MetadataToken>100663617</MetadataToken>
              <Name>System.Void ManualScrewDriver::ProcessInteractable(UnityEngine.XR.Interaction.Toolkit.XRInteractionUpdateOrder/UpdatePhase)</Name>
              <FileRef uid="25" />
              <SequencePoints>
                <SequencePoint vc="27" uspid="471898" ordinal="0" offset="0" sl="15" sc="5" el="15" ec="5" bec="0" bev="0" fileid="25">
                  <TrackedMethodRefs>
                    <TrackedMethodRef uid="0" vc="27" />
                  </TrackedMethodRefs>
                </SequencePoint>
                <SequencePoint vc="27" uspid="471899" ordinal="0" offset="1" sl="16" sc="9" el="16" ec="9" bec="0" bev="0" fileid="25">
                  <TrackedMethodRefs>
                    <TrackedMethodRef uid="0" vc="27" />
                  </TrackedMethodRefs>
                </SequencePoint>
                <SequencePoint vc="27" uspid="471900" ordinal="0" offset="9" sl="18" sc="9" el="18" ec="9" bec="0" bev="0" fileid="25">
                  <TrackedMethodRefs>
                    <TrackedMethodRef uid="0" vc="27" />
                  </TrackedMethodRefs>
                </SequencePoint>
                <SequencePoint vc="12" uspid="471901" ordinal="0" offset="17" sl="19" sc="9" el="19" ec="9" bec="0" bev="0" fileid="25">
                  <TrackedMethodRefs>
                    <TrackedMethodRef uid="0" vc="12" />
                  </TrackedMethodRefs>
                </SequencePoint>
                <SequencePoint vc="12" uspid="471902" ordinal="0" offset="18" sl="20" sc="13" el="20" ec="13" bec="0" bev="0" fileid="25">
                  <TrackedMethodRefs>
                    <TrackedMethodRef uid="0" vc="12" />
                  </TrackedMethodRefs>
                </SequencePoint>
                <SequencePoint vc="0" uspid="471903" ordinal="0" offset="28" sl="21" sc="13" el="21" ec="13" bec="0" bev="0" fileid="25">
                  <TrackedMethodRefs>
                    <TrackedMethodRef uid="0" vc="0" />
                  </TrackedMethodRefs>
                </SequencePoint>
                <SequencePoint vc="0" uspid="471904" ordinal="0" offset="29" sl="22" sc="17" el="22" ec="17" bec="0" bev="0" fileid="25">
                  <TrackedMethodRefs>
                    <TrackedMethodRef uid="0" vc="0" />
                  </TrackedMethodRefs>
                </SequencePoint>
                <SequencePoint vc="0" uspid="471905" ordinal="0" offset="36" sl="23" sc="13" el="23" ec="13" bec="0" bev="0" fileid="25">
                  <TrackedMethodRefs>
                    <TrackedMethodRef uid="0" vc="0" />
                  </TrackedMethodRefs>
                </SequencePoint>
                <SequencePoint vc="12" uspid="471906" ordinal="0" offset="37" sl="24" sc="9" el="24" ec="9" bec="0" bev="0" fileid="25">
                  <TrackedMethodRefs>
                    <TrackedMethodRef uid="0" vc="12" />
                  </TrackedMethodRefs>
                </SequencePoint>
                <SequencePoint vc="27" uspid="471907" ordinal="0" offset="38" sl="25" sc="5" el="25" ec="5" bec="0" bev="0" fileid="25">
                  <TrackedMethodRefs>
                    <TrackedMethodRef uid="0" vc="27" />
                  </TrackedMethodRefs>
                </SequencePoint>
              </SequencePoints>
              <BranchPoints />
            </Method>
            <Method visited="true" cyclomaticComplexity="3" nPathComplexity="0" sequenceCoverage="75.00" branchCoverage="0" crapScore="3.14" isConstructor="false" isStatic="false" isGetter="false" isSetter="false">
              <Summary numSequencePoints="16" visitedSequencePoints="12" numBranchPoints="0" visitedBranchPoints="0" sequenceCoverage="75.00" branchCoverage="0" maxCyclomaticComplexity="3" minCyclomaticComplexity="3" maxCrapScore="3.14" minCrapScore="3.14" visitedClasses="0" numClasses="0" visitedMethods="1" numMethods="1" />
              <MetadataToken>100663618</MetadataToken>
              <Name>System.Void ManualScrewDriver::CalculateRotationSpeed()</Name>
              <FileRef uid="25" />
              <SequencePoints>
                <SequencePoint vc="5" uspid="471908" ordinal="0" offset="0" sl="28" sc="5" el="28" ec="5" bec="0" bev="0" fileid="25">
                  <TrackedMethodRefs>
                    <TrackedMethodRef uid="0" vc="5" />
                  </TrackedMethodRefs>
                </SequencePoint>
                <SequencePoint vc="5" uspid="471909" ordinal="0" offset="1" sl="29" sc="9" el="29" ec="9" bec="0" bev="0" fileid="25">
                  <TrackedMethodRefs>
                    <TrackedMethodRef uid="0" vc="5" />
                  </TrackedMethodRefs>
                </SequencePoint>
                <SequencePoint vc="5" uspid="471910" ordinal="0" offset="13" sl="30" sc="9" el="30" ec="9" bec="0" bev="0" fileid="25">
                  <TrackedMethodRefs>
                    <TrackedMethodRef uid="0" vc="5" />
                  </TrackedMethodRefs>
                </SequencePoint>
                <SequencePoint vc="5" uspid="471911" ordinal="0" offset="31" sl="33" sc="9" el="33" ec="9" bec="0" bev="0" fileid="25">
                  <TrackedMethodRefs>
                    <TrackedMethodRef uid="0" vc="5" />
                  </TrackedMethodRefs>
                </SequencePoint>
                <SequencePoint vc="5" uspid="471912" ordinal="0" offset="43" sl="35" sc="9" el="35" ec="9" bec="0" bev="0" fileid="25">
                  <TrackedMethodRefs>
                    <TrackedMethodRef uid="0" vc="5" />
                  </TrackedMethodRefs>
                </SequencePoint>
                <SequencePoint vc="0" uspid="471913" ordinal="0" offset="57" sl="36" sc="13" el="36" ec="13" bec="0" bev="0" fileid="25">
                  <TrackedMethodRefs>
                    <TrackedMethodRef uid="0" vc="0" />
                  </TrackedMethodRefs>
                </SequencePoint>
                <SequencePoint vc="5" uspid="471914" ordinal="0" offset="65" sl="39" sc="9" el="39" ec="9" bec="0" bev="0" fileid="25">
                  <TrackedMethodRefs>
                    <TrackedMethodRef uid="0" vc="5" />
                  </TrackedMethodRefs>
                </SequencePoint>
                <SequencePoint vc="5" uspid="471915" ordinal="0" offset="84" sl="41" sc="9" el="41" ec="9" bec="0" bev="0" fileid="25">
                  <TrackedMethodRefs>
                    <TrackedMethodRef uid="0" vc="5" />
                  </TrackedMethodRefs>
                </SequencePoint>
                <SequencePoint vc="0" uspid="471916" ordinal="0" offset="99" sl="42" sc="9" el="42" ec="9" bec="0" bev="0" fileid="25">
                  <TrackedMethodRefs>
                    <TrackedMethodRef uid="0" vc="0" />
                  </TrackedMethodRefs>
                </SequencePoint>
                <SequencePoint vc="0" uspid="471917" ordinal="0" offset="100" sl="44" sc="13" el="44" ec="13" bec="0" bev="0" fileid="25">
                  <TrackedMethodRefs>
                    <TrackedMethodRef uid="0" vc="0" />
                  </TrackedMethodRefs>
                </SequencePoint>
                <SequencePoint vc="0" uspid="471918" ordinal="0" offset="126" sl="45" sc="9" el="45" ec="9" bec="0" bev="0" fileid="25">
                  <TrackedMethodRefs>
                    <TrackedMethodRef uid="0" vc="0" />
                  </TrackedMethodRefs>
                </SequencePoint>
                <SequencePoint vc="5" uspid="471919" ordinal="0" offset="129" sl="47" sc="9" el="47" ec="9" bec="0" bev="0" fileid="25">
                  <TrackedMethodRefs>
                    <TrackedMethodRef uid="0" vc="5" />
                  </TrackedMethodRefs>
                </SequencePoint>
                <SequencePoint vc="5" uspid="471920" ordinal="0" offset="130" sl="49" sc="13" el="49" ec="13" bec="0" bev="0" fileid="25">
                  <TrackedMethodRefs>
                    <TrackedMethodRef uid="0" vc="5" />
                  </TrackedMethodRefs>
                </SequencePoint>
                <SequencePoint vc="5" uspid="471921" ordinal="0" offset="150" sl="50" sc="9" el="50" ec="9" bec="0" bev="0" fileid="25">
                  <TrackedMethodRefs>
                    <TrackedMethodRef uid="0" vc="5" />
                  </TrackedMethodRefs>
                </SequencePoint>
                <SequencePoint vc="5" uspid="471922" ordinal="0" offset="151" sl="52" sc="9" el="52" ec="9" bec="0" bev="0" fileid="25">
                  <TrackedMethodRefs>
                    <TrackedMethodRef uid="0" vc="5" />
                  </TrackedMethodRefs>
                </SequencePoint>
                <SequencePoint vc="5" uspid="471923" ordinal="0" offset="158" sl="53" sc="5" el="53" ec="5" bec="0" bev="0" fileid="25">
                  <TrackedMethodRefs>
                    <TrackedMethodRef uid="0" vc="5" />
                  </TrackedMethodRefs>
                </SequencePoint>
              </SequencePoints>
              <BranchPoints />
            </Method>
          </Methods>
        </Class>
        <Class>
          <Summary numSequencePoints="1" visitedSequencePoints="1" numBranchPoints="0" visitedBranchPoints="0" sequenceCoverage="100.0" branchCoverage="0.0" maxCyclomaticComplexity="1" minCyclomaticComplexity="1" maxCrapScore="1" minCrapScore="1" visitedClasses="1" numClasses="1" visitedMethods="1" numMethods="1" />
          <FullName>Tool</FullName>
          <Methods>
            <Method visited="true" cyclomaticComplexity="1" nPathComplexity="0" sequenceCoverage="100.0" branchCoverage="0" crapScore="1" isConstructor="true" isStatic="false" isGetter="false" isSetter="false">
              <Summary numSequencePoints="1" visitedSequencePoints="1" numBranchPoints="0" visitedBranchPoints="0" sequenceCoverage="100.0" branchCoverage="0" maxCyclomaticComplexity="1" minCyclomaticComplexity="1" maxCrapScore="1" minCrapScore="1" visitedClasses="0" numClasses="0" visitedMethods="1" numMethods="1" />
              <MetadataToken>100663772</MetadataToken>
              <Name>Tool::Tool()</Name>
              <FileRef uid="41" />
              <SequencePoints>
                <SequencePoint vc="1" uspid="472793" ordinal="0" offset="0" sl="5" sc="5" el="5" ec="5" bec="0" bev="0" fileid="41">
                  <TrackedMethodRefs>
                    <TrackedMethodRef uid="0" vc="1" />
                  </TrackedMethodRefs>
                </SequencePoint>
              </SequencePoints>
              <BranchPoints />
            </Method>
          </Methods>
        </Class>
      </Classes>
      <TrackedMethods>
        <TrackedMethod uid="0" token="100663624" name="System.Collections.IEnumerator ManualScrewDriverTests::CalculateRotationSpeed_ClockwiseRotation_SetsPositiveSpeed()" strategy="Test" />
      </TrackedMethods>
    </Module>
  </Modules>
</CoverageSession>